[6.351s] Invoking command in '/home/tcr3/ros2_personal/src/src/examples/rclpy/actions/minimal_action_client': PYTHONPATH=/home/tcr3/ros2_personal/install/examples_rclpy_minimal_action_client/lib/python3.10/site-packages: /usr/bin/python3 setup.py egg_info --egg-base ../../../../../../build/examples_rclpy_minimal_action_client build --build-base /home/tcr3/ros2_personal/build/examples_rclpy_minimal_action_client/build install --prefix /home/tcr3/ros2_personal/install/examples_rclpy_minimal_action_client --record /home/tcr3/ros2_personal/build/examples_rclpy_minimal_action_client/install.log --single-version-externally-managed
[7.817s] running egg_info
[7.822s] writing ../../../../../../build/examples_rclpy_minimal_action_client/examples_rclpy_minimal_action_client.egg-info/PKG-INFO
[7.826s] writing dependency_links to ../../../../../../build/examples_rclpy_minimal_action_client/examples_rclpy_minimal_action_client.egg-info/dependency_links.txt
[7.831s] writing entry points to ../../../../../../build/examples_rclpy_minimal_action_client/examples_rclpy_minimal_action_client.egg-info/entry_points.txt
[7.835s] writing requirements to ../../../../../../build/examples_rclpy_minimal_action_client/examples_rclpy_minimal_action_client.egg-info/requires.txt
[7.839s] writing top-level names to ../../../../../../build/examples_rclpy_minimal_action_client/examples_rclpy_minimal_action_client.egg-info/top_level.txt
[7.853s] reading manifest file '../../../../../../build/examples_rclpy_minimal_action_client/examples_rclpy_minimal_action_client.egg-info/SOURCES.txt'
[7.868s] writing manifest file '../../../../../../build/examples_rclpy_minimal_action_client/examples_rclpy_minimal_action_client.egg-info/SOURCES.txt'
[7.870s] running build
[7.871s] running build_py
[7.884s] running install
[7.886s] /usr/lib/python3/dist-packages/setuptools/command/install.py:34: SetuptoolsDeprecationWarning: setup.py install is deprecated. Use build and pip and other standards-based tools.
[7.887s]   warnings.warn(
[7.889s] running install_lib
[7.894s] running install_data
[7.912s] running install_egg_info
[7.929s] removing '/home/tcr3/ros2_personal/install/examples_rclpy_minimal_action_client/lib/python3.10/site-packages/examples_rclpy_minimal_action_client-0.15.0-py3.10.egg-info' (and everything under it)
[7.930s] Copying ../../../../../../build/examples_rclpy_minimal_action_client/examples_rclpy_minimal_action_client.egg-info to /home/tcr3/ros2_personal/install/examples_rclpy_minimal_action_client/lib/python3.10/site-packages/examples_rclpy_minimal_action_client-0.15.0-py3.10.egg-info
[7.933s] running install_scripts
[8.052s] Installing client script to /home/tcr3/ros2_personal/install/examples_rclpy_minimal_action_client/lib/examples_rclpy_minimal_action_client
[8.055s] Installing client_asyncio script to /home/tcr3/ros2_personal/install/examples_rclpy_minimal_action_client/lib/examples_rclpy_minimal_action_client
[8.082s] Installing client_cancel script to /home/tcr3/ros2_personal/install/examples_rclpy_minimal_action_client/lib/examples_rclpy_minimal_action_client
[8.094s] Installing client_not_composable script to /home/tcr3/ros2_personal/install/examples_rclpy_minimal_action_client/lib/examples_rclpy_minimal_action_client
[8.102s] writing list of installed files to '/home/tcr3/ros2_personal/build/examples_rclpy_minimal_action_client/install.log'
[8.388s] Invoked command in '/home/tcr3/ros2_personal/src/src/examples/rclpy/actions/minimal_action_client' returned '0': PYTHONPATH=/home/tcr3/ros2_personal/install/examples_rclpy_minimal_action_client/lib/python3.10/site-packages: /usr/bin/python3 setup.py egg_info --egg-base ../../../../../../build/examples_rclpy_minimal_action_client build --build-base /home/tcr3/ros2_personal/build/examples_rclpy_minimal_action_client/build install --prefix /home/tcr3/ros2_personal/install/examples_rclpy_minimal_action_client --record /home/tcr3/ros2_personal/build/examples_rclpy_minimal_action_client/install.log --single-version-externally-managed
