[12.011s] Invoking command in '/home/tcr3/ros2_personal/src/src/examples/rclpy/executors': PYTHONPATH=/home/tcr3/ros2_personal/install/examples_rclpy_executors/lib/python3.10/site-packages:${PYTHONPATH} /usr/bin/python3 setup.py egg_info --egg-base ../../../../../build/examples_rclpy_executors build --build-base /home/tcr3/ros2_personal/build/examples_rclpy_executors/build install --prefix /home/tcr3/ros2_personal/install/examples_rclpy_executors --record /home/tcr3/ros2_personal/build/examples_rclpy_executors/install.log --single-version-externally-managed
[16.049s] running egg_info
[16.064s] writing ../../../../../build/examples_rclpy_executors/examples_rclpy_executors.egg-info/PKG-INFO
[16.067s] writing dependency_links to ../../../../../build/examples_rclpy_executors/examples_rclpy_executors.egg-info/dependency_links.txt
[16.069s] writing entry points to ../../../../../build/examples_rclpy_executors/examples_rclpy_executors.egg-info/entry_points.txt
[16.071s] writing requirements to ../../../../../build/examples_rclpy_executors/examples_rclpy_executors.egg-info/requires.txt
[16.073s] writing top-level names to ../../../../../build/examples_rclpy_executors/examples_rclpy_executors.egg-info/top_level.txt
[16.090s] reading manifest file '../../../../../build/examples_rclpy_executors/examples_rclpy_executors.egg-info/SOURCES.txt'
[16.099s] writing manifest file '../../../../../build/examples_rclpy_executors/examples_rclpy_executors.egg-info/SOURCES.txt'
[16.100s] running build
[16.100s] running build_py
[16.105s] running install
[16.107s] /usr/lib/python3/dist-packages/setuptools/command/install.py:34: SetuptoolsDeprecationWarning: setup.py install is deprecated. Use build and pip and other standards-based tools.
[16.107s]   warnings.warn(
[16.109s] running install_lib
[16.123s] running install_data
[16.127s] running install_egg_info
[16.141s] removing '/home/tcr3/ros2_personal/install/examples_rclpy_executors/lib/python3.10/site-packages/examples_rclpy_executors-0.15.0-py3.10.egg-info' (and everything under it)
[16.145s] Copying ../../../../../build/examples_rclpy_executors/examples_rclpy_executors.egg-info to /home/tcr3/ros2_personal/install/examples_rclpy_executors/lib/python3.10/site-packages/examples_rclpy_executors-0.15.0-py3.10.egg-info
[16.157s] running install_scripts
[16.311s] Installing callback_group script to /home/tcr3/ros2_personal/install/examples_rclpy_executors/lib/examples_rclpy_executors
[16.312s] Installing composed script to /home/tcr3/ros2_personal/install/examples_rclpy_executors/lib/examples_rclpy_executors
[16.313s] Installing custom_callback_group script to /home/tcr3/ros2_personal/install/examples_rclpy_executors/lib/examples_rclpy_executors
[16.316s] Installing custom_executor script to /home/tcr3/ros2_personal/install/examples_rclpy_executors/lib/examples_rclpy_executors
[16.322s] Installing listener script to /home/tcr3/ros2_personal/install/examples_rclpy_executors/lib/examples_rclpy_executors
[16.324s] Installing talker script to /home/tcr3/ros2_personal/install/examples_rclpy_executors/lib/examples_rclpy_executors
[16.328s] writing list of installed files to '/home/tcr3/ros2_personal/build/examples_rclpy_executors/install.log'
[20.851s] Invoked command in '/home/tcr3/ros2_personal/src/src/examples/rclpy/executors' returned '0': PYTHONPATH=/home/tcr3/ros2_personal/install/examples_rclpy_executors/lib/python3.10/site-packages:${PYTHONPATH} /usr/bin/python3 setup.py egg_info --egg-base ../../../../../build/examples_rclpy_executors build --build-base /home/tcr3/ros2_personal/build/examples_rclpy_executors/build install --prefix /home/tcr3/ros2_personal/install/examples_rclpy_executors --record /home/tcr3/ros2_personal/build/examples_rclpy_executors/install.log --single-version-externally-managed
