[7.076s] Invoking command in '/home/tcr3/ros2_personal/src/src/examples/rclpy/topics/pointcloud_publisher': PYTHONPATH=/home/tcr3/ros2_personal/install/examples_rclpy_pointcloud_publisher/lib/python3.10/site-packages:${PYTHONPATH} /usr/bin/python3 setup.py egg_info --egg-base ../../../../../../build/examples_rclpy_pointcloud_publisher build --build-base /home/tcr3/ros2_personal/build/examples_rclpy_pointcloud_publisher/build install --prefix /home/tcr3/ros2_personal/install/examples_rclpy_pointcloud_publisher --record /home/tcr3/ros2_personal/build/examples_rclpy_pointcloud_publisher/install.log --single-version-externally-managed
[8.666s] running egg_info
[8.670s] writing ../../../../../../build/examples_rclpy_pointcloud_publisher/examples_rclpy_pointcloud_publisher.egg-info/PKG-INFO
[8.672s] writing dependency_links to ../../../../../../build/examples_rclpy_pointcloud_publisher/examples_rclpy_pointcloud_publisher.egg-info/dependency_links.txt
[8.690s] writing entry points to ../../../../../../build/examples_rclpy_pointcloud_publisher/examples_rclpy_pointcloud_publisher.egg-info/entry_points.txt
[8.692s] writing requirements to ../../../../../../build/examples_rclpy_pointcloud_publisher/examples_rclpy_pointcloud_publisher.egg-info/requires.txt
[8.695s] writing top-level names to ../../../../../../build/examples_rclpy_pointcloud_publisher/examples_rclpy_pointcloud_publisher.egg-info/top_level.txt
[8.697s] reading manifest file '../../../../../../build/examples_rclpy_pointcloud_publisher/examples_rclpy_pointcloud_publisher.egg-info/SOURCES.txt'
[8.705s] writing manifest file '../../../../../../build/examples_rclpy_pointcloud_publisher/examples_rclpy_pointcloud_publisher.egg-info/SOURCES.txt'
[8.710s] running build
[8.712s] running build_py
[8.715s] running install
[8.719s] /usr/lib/python3/dist-packages/setuptools/command/install.py:34: SetuptoolsDeprecationWarning: setup.py install is deprecated. Use build and pip and other standards-based tools.
[8.732s]   warnings.warn(
[8.733s] running install_lib
[8.734s] running install_data
[8.735s] running install_egg_info
[8.747s] removing '/home/tcr3/ros2_personal/install/examples_rclpy_pointcloud_publisher/lib/python3.10/site-packages/examples_rclpy_pointcloud_publisher-0.15.0-py3.10.egg-info' (and everything under it)
[8.752s] Copying ../../../../../../build/examples_rclpy_pointcloud_publisher/examples_rclpy_pointcloud_publisher.egg-info to /home/tcr3/ros2_personal/install/examples_rclpy_pointcloud_publisher/lib/python3.10/site-packages/examples_rclpy_pointcloud_publisher-0.15.0-py3.10.egg-info
[8.773s] running install_scripts
[8.886s] Installing pointcloud_publisher script to /home/tcr3/ros2_personal/install/examples_rclpy_pointcloud_publisher/lib/examples_rclpy_pointcloud_publisher
[8.890s] writing list of installed files to '/home/tcr3/ros2_personal/build/examples_rclpy_pointcloud_publisher/install.log'
[9.060s] Invoked command in '/home/tcr3/ros2_personal/src/src/examples/rclpy/topics/pointcloud_publisher' returned '0': PYTHONPATH=/home/tcr3/ros2_personal/install/examples_rclpy_pointcloud_publisher/lib/python3.10/site-packages:${PYTHONPATH} /usr/bin/python3 setup.py egg_info --egg-base ../../../../../../build/examples_rclpy_pointcloud_publisher build --build-base /home/tcr3/ros2_personal/build/examples_rclpy_pointcloud_publisher/build install --prefix /home/tcr3/ros2_personal/install/examples_rclpy_pointcloud_publisher --record /home/tcr3/ros2_personal/build/examples_rclpy_pointcloud_publisher/install.log --single-version-externally-managed
