[0.197s] Invoking command in '/home/tcr3/ros2_personal/build/action_tutorials': CMAKE_PREFIX_PATH=${CMAKE_PREFIX_PATH}:/opt/ros/humble:/home/tcr3/ros2_personal/install/my_package:/home/tcr3/ros2_personal/install/launch_testing_examples:/home/tcr3/ros2_personal/install/examples_rclpy_pointcloud_publisher:/home/tcr3/ros2_personal/install/examples_rclpy_minimal_subscriber:/home/tcr3/ros2_personal/install/examples_rclpy_minimal_service:/home/tcr3/ros2_personal/install/examples_rclpy_minimal_publisher:/home/tcr3/ros2_personal/install/examples_rclpy_minimal_client:/home/tcr3/ros2_personal/install/examples_rclpy_minimal_action_server:/home/tcr3/ros2_personal/install/examples_rclpy_minimal_action_client:/home/tcr3/ros2_personal/install/examples_rclpy_guard_conditions:/home/tcr3/ros2_personal/install/examples_rclpy_executors /usr/bin/cmake /home/tcr3/ros2_personal/src/action_tutorials -DCMAKE_INSTALL_PREFIX=/home/tcr3/ros2_personal/install/action_tutorials
[0.748s] -- The C compiler identification is GNU 11.2.0
[1.145s] -- The CXX compiler identification is GNU 11.2.0
[1.188s] -- Detecting C compiler ABI info
[1.640s] -- Detecting C compiler ABI info - done
[1.671s] -- Check for working C compiler: /usr/bin/cc - skipped
[1.673s] -- Detecting C compile features
[1.678s] -- Detecting C compile features - done
[1.704s] -- Detecting CXX compiler ABI info
[2.204s] -- Detecting CXX compiler ABI info - done
[2.235s] -- Check for working CXX compiler: /usr/bin/c++ - skipped
[2.236s] -- Detecting CXX compile features
[2.240s] -- Detecting CXX compile features - done
[2.290s] -- Found ament_cmake: 1.3.2 (/opt/ros/humble/share/ament_cmake/cmake)
[3.828s] -- Found Python3: /usr/bin/python3.10 (found version "3.10.6") found components: Interpreter 
[4.997s] -- Found ament_lint_auto: 0.12.4 (/opt/ros/humble/share/ament_lint_auto/cmake)
[5.887s] -- Found rosidl_default_generators: 1.2.0 (/opt/ros/humble/share/rosidl_default_generators/cmake)
[5.936s] -- Using all available rosidl_typesupport_c: rosidl_typesupport_fastrtps_c;rosidl_typesupport_introspection_c
[6.051s] -- Found rosidl_adapter: 3.1.3 (/opt/ros/humble/share/rosidl_adapter/cmake)
[6.587s] -- Using all available rosidl_typesupport_cpp: rosidl_typesupport_fastrtps_cpp;rosidl_typesupport_introspection_cpp
[8.141s] [31mCMake Error at /opt/ros/humble/share/rosidl_adapter/cmake/rosidl_adapt_interfaces.cmake:59 (message):
[8.141s]   execute_process(/usr/bin/python3.10 -m rosidl_adapter --package-name
[8.142s]   action_tutorials --arguments-file
[8.142s]   /home/tcr3/ros2_personal/build/action_tutorials/rosidl_adapter__arguments__action_tutorials.json
[8.143s]   --output-dir
[8.144s]   /home/tcr3/ros2_personal/build/action_tutorials/rosidl_adapter/action_tutorials
[8.144s]   --output-file
[8.145s]   /home/tcr3/ros2_personal/build/action_tutorials/rosidl_adapter/action_tutorials.idls)
[8.145s]   returned error code 1:
[8.146s] 
[8.147s]   Traceback (most recent call last):
[8.147s] 
[8.148s]     File "/usr/lib/python3.10/runpy.py", line 196, in _run_module_as_main
[8.149s]       return _run_code(code, main_globals, None,
[8.150s]     File "/usr/lib/python3.10/runpy.py", line 86, in _run_code
[8.151s]       exec(code, run_globals)
[8.152s]     File "/opt/ros/humble/local/lib/python3.10/dist-packages/rosidl_adapter/__main__.py", line 19, in <module>
[8.153s]       sys.exit(main())
[8.155s]     File "/opt/ros/humble/local/lib/python3.10/dist-packages/rosidl_adapter/main.py", line 53, in main
[8.156s]       abs_idl_file = convert_to_idl(
[8.158s]     File "/opt/ros/humble/local/lib/python3.10/dist-packages/rosidl_adapter/__init__.py", line 29, in convert_to_idl
[8.160s]       return convert_action_to_idl(
[8.161s]     File "/opt/ros/humble/local/lib/python3.10/dist-packages/rosidl_adapter/action/__init__.py", line 28, in convert_action_to_idl
[8.163s]       action = parse_action_string(package_name, input_file.stem, content)
[8.164s]     File "/opt/ros/humble/local/lib/python3.10/dist-packages/rosidl_adapter/parser.py", line 894, in parse_action_string
[8.165s]       raise InvalidActionSpecification(
[8.166s] 
[8.167s]   rosidl_adapter.parser.InvalidActionSpecification: Number of '---'
[8.167s]   separators nonconformant with action definition
[8.168s] 
[8.168s] Call Stack (most recent call first):
[8.169s]   /opt/ros/humble/share/rosidl_cmake/cmake/rosidl_generate_interfaces.cmake:130 (rosidl_adapt_interfaces)
[8.170s]   CMakeLists.txt:27 (rosidl_generate_interfaces)
[8.170s] 
[8.171s] [0m
[8.172s] -- Configuring incomplete, errors occurred!
[8.172s] See also "/home/tcr3/ros2_personal/build/action_tutorials/CMakeFiles/CMakeOutput.log".
[8.537s] Invoked command in '/home/tcr3/ros2_personal/build/action_tutorials' returned '1': CMAKE_PREFIX_PATH=${CMAKE_PREFIX_PATH}:/opt/ros/humble:/home/tcr3/ros2_personal/install/my_package:/home/tcr3/ros2_personal/install/launch_testing_examples:/home/tcr3/ros2_personal/install/examples_rclpy_pointcloud_publisher:/home/tcr3/ros2_personal/install/examples_rclpy_minimal_subscriber:/home/tcr3/ros2_personal/install/examples_rclpy_minimal_service:/home/tcr3/ros2_personal/install/examples_rclpy_minimal_publisher:/home/tcr3/ros2_personal/install/examples_rclpy_minimal_client:/home/tcr3/ros2_personal/install/examples_rclpy_minimal_action_server:/home/tcr3/ros2_personal/install/examples_rclpy_minimal_action_client:/home/tcr3/ros2_personal/install/examples_rclpy_guard_conditions:/home/tcr3/ros2_personal/install/examples_rclpy_executors /usr/bin/cmake /home/tcr3/ros2_personal/src/action_tutorials -DCMAKE_INSTALL_PREFIX=/home/tcr3/ros2_personal/install/action_tutorials
