[0.205s] Invoking command in '/home/tcr3/ros2_personal/build/examples_rclcpp_multithreaded_executor': CMAKE_PREFIX_PATH=/opt/ros/humble /usr/bin/cmake --build /home/tcr3/ros2_personal/build/examples_rclcpp_multithreaded_executor -- -j4 -l4
[0.845s] [100%] Built target multithreaded_executor
[1.038s] Invoked command in '/home/tcr3/ros2_personal/build/examples_rclcpp_multithreaded_executor' returned '0': CMAKE_PREFIX_PATH=/opt/ros/humble /usr/bin/cmake --build /home/tcr3/ros2_personal/build/examples_rclcpp_multithreaded_executor -- -j4 -l4
[1.501s] Invoking command in '/home/tcr3/ros2_personal/build/examples_rclcpp_multithreaded_executor': CMAKE_PREFIX_PATH=/opt/ros/humble /usr/bin/cmake --install /home/tcr3/ros2_personal/build/examples_rclcpp_multithreaded_executor
[1.552s] -- Install configuration: ""
[1.557s] -- Up-to-date: /home/tcr3/ros2_personal/install/examples_rclcpp_multithreaded_executor/lib/examples_rclcpp_multithreaded_executor/multithreaded_executor
[1.560s] -- Up-to-date: /home/tcr3/ros2_personal/install/examples_rclcpp_multithreaded_executor/share/ament_index/resource_index/package_run_dependencies/examples_rclcpp_multithreaded_executor
[1.563s] -- Up-to-date: /home/tcr3/ros2_personal/install/examples_rclcpp_multithreaded_executor/share/ament_index/resource_index/parent_prefix_path/examples_rclcpp_multithreaded_executor
[1.564s] -- Up-to-date: /home/tcr3/ros2_personal/install/examples_rclcpp_multithreaded_executor/share/examples_rclcpp_multithreaded_executor/environment/ament_prefix_path.sh
[1.565s] -- Up-to-date: /home/tcr3/ros2_personal/install/examples_rclcpp_multithreaded_executor/share/examples_rclcpp_multithreaded_executor/environment/ament_prefix_path.dsv
[1.581s] -- Up-to-date: /home/tcr3/ros2_personal/install/examples_rclcpp_multithreaded_executor/share/examples_rclcpp_multithreaded_executor/environment/path.sh
[1.582s] -- Up-to-date: /home/tcr3/ros2_personal/install/examples_rclcpp_multithreaded_executor/share/examples_rclcpp_multithreaded_executor/environment/path.dsv
[1.586s] -- Up-to-date: /home/tcr3/ros2_personal/install/examples_rclcpp_multithreaded_executor/share/examples_rclcpp_multithreaded_executor/local_setup.bash
[1.591s] -- Up-to-date: /home/tcr3/ros2_personal/install/examples_rclcpp_multithreaded_executor/share/examples_rclcpp_multithreaded_executor/local_setup.sh
[1.594s] -- Up-to-date: /home/tcr3/ros2_personal/install/examples_rclcpp_multithreaded_executor/share/examples_rclcpp_multithreaded_executor/local_setup.zsh
[1.598s] -- Up-to-date: /home/tcr3/ros2_personal/install/examples_rclcpp_multithreaded_executor/share/examples_rclcpp_multithreaded_executor/local_setup.dsv
[1.601s] -- Installing: /home/tcr3/ros2_personal/install/examples_rclcpp_multithreaded_executor/share/examples_rclcpp_multithreaded_executor/package.dsv
[1.603s] -- Up-to-date: /home/tcr3/ros2_personal/install/examples_rclcpp_multithreaded_executor/share/ament_index/resource_index/packages/examples_rclcpp_multithreaded_executor
[1.624s] -- Up-to-date: /home/tcr3/ros2_personal/install/examples_rclcpp_multithreaded_executor/share/examples_rclcpp_multithreaded_executor/cmake/examples_rclcpp_multithreaded_executorConfig.cmake
[1.625s] -- Up-to-date: /home/tcr3/ros2_personal/install/examples_rclcpp_multithreaded_executor/share/examples_rclcpp_multithreaded_executor/cmake/examples_rclcpp_multithreaded_executorConfig-version.cmake
[1.626s] -- Up-to-date: /home/tcr3/ros2_personal/install/examples_rclcpp_multithreaded_executor/share/examples_rclcpp_multithreaded_executor/package.xml
[1.627s] Invoked command in '/home/tcr3/ros2_personal/build/examples_rclcpp_multithreaded_executor' returned '0': CMAKE_PREFIX_PATH=/opt/ros/humble /usr/bin/cmake --install /home/tcr3/ros2_personal/build/examples_rclcpp_multithreaded_executor
