[0.146s] Invoking command in '/home/tcr3/ros2_personal/build/examples_rclcpp_cbg_executor': /usr/bin/cmake --build /home/tcr3/ros2_personal/build/examples_rclcpp_cbg_executor -- -j4 -l4
[1.197s] [ 40%] Built target ping
[1.200s] [ 70%] Built target ping_pong
[1.259s] [100%] Built target pong
[1.386s] Invoked command in '/home/tcr3/ros2_personal/build/examples_rclcpp_cbg_executor' returned '0': /usr/bin/cmake --build /home/tcr3/ros2_personal/build/examples_rclcpp_cbg_executor -- -j4 -l4
[1.993s] Invoking command in '/home/tcr3/ros2_personal/build/examples_rclcpp_cbg_executor': /usr/bin/cmake --install /home/tcr3/ros2_personal/build/examples_rclcpp_cbg_executor
[2.047s] -- Install configuration: ""
[2.054s] -- Execute custom install script
[2.079s] -- Up-to-date symlink: /home/tcr3/ros2_personal/install/examples_rclcpp_cbg_executor/lib/examples_rclcpp_cbg_executor/ping
[2.084s] -- Up-to-date symlink: /home/tcr3/ros2_personal/install/examples_rclcpp_cbg_executor/lib/examples_rclcpp_cbg_executor/pong
[2.088s] -- Up-to-date symlink: /home/tcr3/ros2_personal/install/examples_rclcpp_cbg_executor/lib/examples_rclcpp_cbg_executor/ping_pong
[2.092s] -- Up-to-date symlink: /home/tcr3/ros2_personal/install/examples_rclcpp_cbg_executor/include/examples_rclcpp_cbg_executor/ping_node.hpp
[2.096s] -- Up-to-date symlink: /home/tcr3/ros2_personal/install/examples_rclcpp_cbg_executor/include/examples_rclcpp_cbg_executor/pong_node.hpp
[2.106s] -- Up-to-date symlink: /home/tcr3/ros2_personal/install/examples_rclcpp_cbg_executor/share/ament_index/resource_index/package_run_dependencies/examples_rclcpp_cbg_executor
[2.118s] -- Up-to-date symlink: /home/tcr3/ros2_personal/install/examples_rclcpp_cbg_executor/share/ament_index/resource_index/parent_prefix_path/examples_rclcpp_cbg_executor
[2.121s] -- Up-to-date symlink: /home/tcr3/ros2_personal/install/examples_rclcpp_cbg_executor/share/examples_rclcpp_cbg_executor/environment/ament_prefix_path.sh
[2.124s] -- Up-to-date symlink: /home/tcr3/ros2_personal/install/examples_rclcpp_cbg_executor/share/examples_rclcpp_cbg_executor/environment/ament_prefix_path.dsv
[2.126s] -- Up-to-date symlink: /home/tcr3/ros2_personal/install/examples_rclcpp_cbg_executor/share/examples_rclcpp_cbg_executor/environment/path.sh
[2.130s] -- Up-to-date symlink: /home/tcr3/ros2_personal/install/examples_rclcpp_cbg_executor/share/examples_rclcpp_cbg_executor/environment/path.dsv
[2.132s] -- Up-to-date symlink: /home/tcr3/ros2_personal/install/examples_rclcpp_cbg_executor/share/examples_rclcpp_cbg_executor/local_setup.bash
[2.137s] -- Up-to-date symlink: /home/tcr3/ros2_personal/install/examples_rclcpp_cbg_executor/share/examples_rclcpp_cbg_executor/local_setup.sh
[2.143s] -- Up-to-date symlink: /home/tcr3/ros2_personal/install/examples_rclcpp_cbg_executor/share/examples_rclcpp_cbg_executor/local_setup.zsh
[2.148s] -- Up-to-date symlink: /home/tcr3/ros2_personal/install/examples_rclcpp_cbg_executor/share/examples_rclcpp_cbg_executor/local_setup.dsv
[2.165s] -- Symlinking: /home/tcr3/ros2_personal/install/examples_rclcpp_cbg_executor/share/examples_rclcpp_cbg_executor/package.dsv
[2.223s] -- Up-to-date symlink: /home/tcr3/ros2_personal/install/examples_rclcpp_cbg_executor/share/ament_index/resource_index/packages/examples_rclcpp_cbg_executor
[2.224s] -- Up-to-date symlink: /home/tcr3/ros2_personal/install/examples_rclcpp_cbg_executor/share/examples_rclcpp_cbg_executor/cmake/ament_cmake_export_dependencies-extras.cmake
[2.225s] -- Up-to-date symlink: /home/tcr3/ros2_personal/install/examples_rclcpp_cbg_executor/share/examples_rclcpp_cbg_executor/cmake/examples_rclcpp_cbg_executorConfig.cmake
[2.227s] -- Up-to-date symlink: /home/tcr3/ros2_personal/install/examples_rclcpp_cbg_executor/share/examples_rclcpp_cbg_executor/cmake/examples_rclcpp_cbg_executorConfig-version.cmake
[2.228s] -- Up-to-date symlink: /home/tcr3/ros2_personal/install/examples_rclcpp_cbg_executor/share/examples_rclcpp_cbg_executor/package.xml
[2.336s] Invoked command in '/home/tcr3/ros2_personal/build/examples_rclcpp_cbg_executor' returned '0': /usr/bin/cmake --install /home/tcr3/ros2_personal/build/examples_rclcpp_cbg_executor
