[0.053s] Invoking command in '/home/tcr3/ros2_personal/build/examples_rclcpp_minimal_publisher': /usr/bin/cmake --build /home/tcr3/ros2_personal/build/examples_rclcpp_minimal_publisher -- -j4 -l4
[0.449s] [ 33%] Built target publisher_lambda
[0.454s] [ 33%] Built target publisher_member_function_with_unique_network_flow_endpoints
[0.503s] [ 50%] Built target publisher_member_function
[0.553s] [ 66%] Built target publisher_member_function_with_type_adapter
[0.730s] [ 83%] Built target publisher_wait_for_all_acked
[0.732s] [100%] Built target publisher_not_composable
[0.827s] Invoked command in '/home/tcr3/ros2_personal/build/examples_rclcpp_minimal_publisher' returned '0': /usr/bin/cmake --build /home/tcr3/ros2_personal/build/examples_rclcpp_minimal_publisher -- -j4 -l4
[1.267s] Invoking command in '/home/tcr3/ros2_personal/build/examples_rclcpp_minimal_publisher': /usr/bin/cmake --install /home/tcr3/ros2_personal/build/examples_rclcpp_minimal_publisher
[1.326s] -- Install configuration: ""
[1.328s] -- Up-to-date: /home/tcr3/ros2_personal/install/examples_rclcpp_minimal_publisher/lib/examples_rclcpp_minimal_publisher/publisher_lambda
[1.331s] -- Up-to-date: /home/tcr3/ros2_personal/install/examples_rclcpp_minimal_publisher/lib/examples_rclcpp_minimal_publisher/publisher_member_function
[1.334s] -- Up-to-date: /home/tcr3/ros2_personal/install/examples_rclcpp_minimal_publisher/lib/examples_rclcpp_minimal_publisher/publisher_member_function_with_type_adapter
[1.337s] -- Up-to-date: /home/tcr3/ros2_personal/install/examples_rclcpp_minimal_publisher/lib/examples_rclcpp_minimal_publisher/publisher_member_function_with_unique_network_flow_endpoints
[1.341s] -- Up-to-date: /home/tcr3/ros2_personal/install/examples_rclcpp_minimal_publisher/lib/examples_rclcpp_minimal_publisher/publisher_wait_for_all_acked
[1.343s] -- Up-to-date: /home/tcr3/ros2_personal/install/examples_rclcpp_minimal_publisher/lib/examples_rclcpp_minimal_publisher/publisher_not_composable
[1.345s] -- Up-to-date: /home/tcr3/ros2_personal/install/examples_rclcpp_minimal_publisher/share/ament_index/resource_index/package_run_dependencies/examples_rclcpp_minimal_publisher
[1.346s] -- Up-to-date: /home/tcr3/ros2_personal/install/examples_rclcpp_minimal_publisher/share/ament_index/resource_index/parent_prefix_path/examples_rclcpp_minimal_publisher
[1.346s] -- Up-to-date: /home/tcr3/ros2_personal/install/examples_rclcpp_minimal_publisher/share/examples_rclcpp_minimal_publisher/environment/ament_prefix_path.sh
[1.347s] -- Up-to-date: /home/tcr3/ros2_personal/install/examples_rclcpp_minimal_publisher/share/examples_rclcpp_minimal_publisher/environment/ament_prefix_path.dsv
[1.347s] -- Up-to-date: /home/tcr3/ros2_personal/install/examples_rclcpp_minimal_publisher/share/examples_rclcpp_minimal_publisher/environment/path.sh
[1.348s] -- Up-to-date: /home/tcr3/ros2_personal/install/examples_rclcpp_minimal_publisher/share/examples_rclcpp_minimal_publisher/environment/path.dsv
[1.349s] -- Up-to-date: /home/tcr3/ros2_personal/install/examples_rclcpp_minimal_publisher/share/examples_rclcpp_minimal_publisher/local_setup.bash
[1.350s] -- Up-to-date: /home/tcr3/ros2_personal/install/examples_rclcpp_minimal_publisher/share/examples_rclcpp_minimal_publisher/local_setup.sh
[1.350s] -- Up-to-date: /home/tcr3/ros2_personal/install/examples_rclcpp_minimal_publisher/share/examples_rclcpp_minimal_publisher/local_setup.zsh
[1.351s] -- Up-to-date: /home/tcr3/ros2_personal/install/examples_rclcpp_minimal_publisher/share/examples_rclcpp_minimal_publisher/local_setup.dsv
[1.352s] -- Installing: /home/tcr3/ros2_personal/install/examples_rclcpp_minimal_publisher/share/examples_rclcpp_minimal_publisher/package.dsv
[1.356s] -- Up-to-date: /home/tcr3/ros2_personal/install/examples_rclcpp_minimal_publisher/share/ament_index/resource_index/packages/examples_rclcpp_minimal_publisher
[1.357s] -- Up-to-date: /home/tcr3/ros2_personal/install/examples_rclcpp_minimal_publisher/share/examples_rclcpp_minimal_publisher/cmake/examples_rclcpp_minimal_publisherConfig.cmake
[1.358s] -- Up-to-date: /home/tcr3/ros2_personal/install/examples_rclcpp_minimal_publisher/share/examples_rclcpp_minimal_publisher/cmake/examples_rclcpp_minimal_publisherConfig-version.cmake
[1.359s] -- Up-to-date: /home/tcr3/ros2_personal/install/examples_rclcpp_minimal_publisher/share/examples_rclcpp_minimal_publisher/package.xml
[1.367s] Invoked command in '/home/tcr3/ros2_personal/build/examples_rclcpp_minimal_publisher' returned '0': /usr/bin/cmake --install /home/tcr3/ros2_personal/build/examples_rclcpp_minimal_publisher
