[6.186s] Invoking command in '/home/tcr3/ros2_personal/src/src/examples/rclpy/topics/minimal_publisher': PYTHONPATH=/home/tcr3/ros2_personal/install/examples_rclpy_minimal_publisher/lib/python3.10/site-packages: /usr/bin/python3 setup.py egg_info --egg-base ../../../../../../build/examples_rclpy_minimal_publisher build --build-base /home/tcr3/ros2_personal/build/examples_rclpy_minimal_publisher/build install --prefix /home/tcr3/ros2_personal/install/examples_rclpy_minimal_publisher --record /home/tcr3/ros2_personal/build/examples_rclpy_minimal_publisher/install.log --single-version-externally-managed
[7.701s] running egg_info
[7.706s] writing ../../../../../../build/examples_rclpy_minimal_publisher/examples_rclpy_minimal_publisher.egg-info/PKG-INFO
[7.710s] writing dependency_links to ../../../../../../build/examples_rclpy_minimal_publisher/examples_rclpy_minimal_publisher.egg-info/dependency_links.txt
[7.723s] writing entry points to ../../../../../../build/examples_rclpy_minimal_publisher/examples_rclpy_minimal_publisher.egg-info/entry_points.txt
[7.726s] writing requirements to ../../../../../../build/examples_rclpy_minimal_publisher/examples_rclpy_minimal_publisher.egg-info/requires.txt
[7.731s] writing top-level names to ../../../../../../build/examples_rclpy_minimal_publisher/examples_rclpy_minimal_publisher.egg-info/top_level.txt
[7.749s] reading manifest file '../../../../../../build/examples_rclpy_minimal_publisher/examples_rclpy_minimal_publisher.egg-info/SOURCES.txt'
[7.758s] writing manifest file '../../../../../../build/examples_rclpy_minimal_publisher/examples_rclpy_minimal_publisher.egg-info/SOURCES.txt'
[7.761s] running build
[7.762s] running build_py
[7.768s] running install
[7.771s] /usr/lib/python3/dist-packages/setuptools/command/install.py:34: SetuptoolsDeprecationWarning: setup.py install is deprecated. Use build and pip and other standards-based tools.
[7.772s]   warnings.warn(
[7.776s] running install_lib
[7.793s] running install_data
[7.797s] running install_egg_info
[7.811s] removing '/home/tcr3/ros2_personal/install/examples_rclpy_minimal_publisher/lib/python3.10/site-packages/examples_rclpy_minimal_publisher-0.15.0-py3.10.egg-info' (and everything under it)
[7.823s] Copying ../../../../../../build/examples_rclpy_minimal_publisher/examples_rclpy_minimal_publisher.egg-info to /home/tcr3/ros2_personal/install/examples_rclpy_minimal_publisher/lib/python3.10/site-packages/examples_rclpy_minimal_publisher-0.15.0-py3.10.egg-info
[7.851s] running install_scripts
[8.022s] Installing publisher_local_function script to /home/tcr3/ros2_personal/install/examples_rclpy_minimal_publisher/lib/examples_rclpy_minimal_publisher
[8.028s] Installing publisher_member_function script to /home/tcr3/ros2_personal/install/examples_rclpy_minimal_publisher/lib/examples_rclpy_minimal_publisher
[8.031s] Installing publisher_old_school script to /home/tcr3/ros2_personal/install/examples_rclpy_minimal_publisher/lib/examples_rclpy_minimal_publisher
[8.038s] writing list of installed files to '/home/tcr3/ros2_personal/build/examples_rclpy_minimal_publisher/install.log'
[8.398s] Invoked command in '/home/tcr3/ros2_personal/src/src/examples/rclpy/topics/minimal_publisher' returned '0': PYTHONPATH=/home/tcr3/ros2_personal/install/examples_rclpy_minimal_publisher/lib/python3.10/site-packages: /usr/bin/python3 setup.py egg_info --egg-base ../../../../../../build/examples_rclpy_minimal_publisher build --build-base /home/tcr3/ros2_personal/build/examples_rclpy_minimal_publisher/build install --prefix /home/tcr3/ros2_personal/install/examples_rclpy_minimal_publisher --record /home/tcr3/ros2_personal/build/examples_rclpy_minimal_publisher/install.log --single-version-externally-managed
