[5.337s] Invoking command in '/home/tcr3/ros2_personal/src/src/examples/rclpy/actions/minimal_action_server': PYTHONPATH=/home/tcr3/ros2_personal/install/examples_rclpy_minimal_action_server/lib/python3.10/site-packages:${PYTHONPATH} /usr/bin/python3 setup.py egg_info --egg-base ../../../../../../build/examples_rclpy_minimal_action_server build --build-base /home/tcr3/ros2_personal/build/examples_rclpy_minimal_action_server/build install --prefix /home/tcr3/ros2_personal/install/examples_rclpy_minimal_action_server --record /home/tcr3/ros2_personal/build/examples_rclpy_minimal_action_server/install.log --single-version-externally-managed
[6.960s] running egg_info
[6.962s] writing ../../../../../../build/examples_rclpy_minimal_action_server/examples_rclpy_minimal_action_server.egg-info/PKG-INFO
[6.965s] writing dependency_links to ../../../../../../build/examples_rclpy_minimal_action_server/examples_rclpy_minimal_action_server.egg-info/dependency_links.txt
[6.966s] writing entry points to ../../../../../../build/examples_rclpy_minimal_action_server/examples_rclpy_minimal_action_server.egg-info/entry_points.txt
[6.966s] writing requirements to ../../../../../../build/examples_rclpy_minimal_action_server/examples_rclpy_minimal_action_server.egg-info/requires.txt
[6.967s] writing top-level names to ../../../../../../build/examples_rclpy_minimal_action_server/examples_rclpy_minimal_action_server.egg-info/top_level.txt
[6.967s] reading manifest file '../../../../../../build/examples_rclpy_minimal_action_server/examples_rclpy_minimal_action_server.egg-info/SOURCES.txt'
[6.968s] writing manifest file '../../../../../../build/examples_rclpy_minimal_action_server/examples_rclpy_minimal_action_server.egg-info/SOURCES.txt'
[6.968s] running build
[6.969s] running build_py
[6.970s] running install
[6.971s] running install_lib
[6.972s] running install_data
[6.972s] running install_egg_info
[6.973s] removing '/home/tcr3/ros2_personal/install/examples_rclpy_minimal_action_server/lib/python3.10/site-packages/examples_rclpy_minimal_action_server-0.15.0-py3.10.egg-info' (and everything under it)
[6.974s] Copying ../../../../../../build/examples_rclpy_minimal_action_server/examples_rclpy_minimal_action_server.egg-info to /home/tcr3/ros2_personal/install/examples_rclpy_minimal_action_server/lib/python3.10/site-packages/examples_rclpy_minimal_action_server-0.15.0-py3.10.egg-info
[6.974s] running install_scripts
[6.988s] /usr/lib/python3/dist-packages/setuptools/command/install.py:34: SetuptoolsDeprecationWarning: setup.py install is deprecated. Use build and pip and other standards-based tools.
[6.988s]   warnings.warn(
[7.004s] Installing server script to /home/tcr3/ros2_personal/install/examples_rclpy_minimal_action_server/lib/examples_rclpy_minimal_action_server
[7.005s] Installing server_defer script to /home/tcr3/ros2_personal/install/examples_rclpy_minimal_action_server/lib/examples_rclpy_minimal_action_server
[7.006s] Installing server_not_composable script to /home/tcr3/ros2_personal/install/examples_rclpy_minimal_action_server/lib/examples_rclpy_minimal_action_server
[7.007s] Installing server_queue_goals script to /home/tcr3/ros2_personal/install/examples_rclpy_minimal_action_server/lib/examples_rclpy_minimal_action_server
[7.008s] Installing server_single_goal script to /home/tcr3/ros2_personal/install/examples_rclpy_minimal_action_server/lib/examples_rclpy_minimal_action_server
[7.011s] writing list of installed files to '/home/tcr3/ros2_personal/build/examples_rclpy_minimal_action_server/install.log'
[8.309s] Invoked command in '/home/tcr3/ros2_personal/src/src/examples/rclpy/actions/minimal_action_server' returned '0': PYTHONPATH=/home/tcr3/ros2_personal/install/examples_rclpy_minimal_action_server/lib/python3.10/site-packages:${PYTHONPATH} /usr/bin/python3 setup.py egg_info --egg-base ../../../../../../build/examples_rclpy_minimal_action_server build --build-base /home/tcr3/ros2_personal/build/examples_rclpy_minimal_action_server/build install --prefix /home/tcr3/ros2_personal/install/examples_rclpy_minimal_action_server --record /home/tcr3/ros2_personal/build/examples_rclpy_minimal_action_server/install.log --single-version-externally-managed
