[35m[1mConsolidate compiler generated dependencies of target action_2_tutorials__rosidl_generator_c[0m
[  3%] Built target action_2_tutorials__cpp
[ 12%] Built target action_2_tutorials__rosidl_generator_c
[35m[1mConsolidate compiler generated dependencies of target action_2_tutorials__rosidl_typesupport_introspection_cpp[0m
[35m[1mConsolidate compiler generated dependencies of target action_2_tutorials__rosidl_typesupport_fastrtps_cpp[0m
[ 12%] Built target ament_cmake_python_copy_action_2_tutorials
[35m[1mConsolidate compiler generated dependencies of target action_2_tutorials__rosidl_typesupport_cpp[0m
[35m[1mConsolidate compiler generated dependencies of target action_2_tutorials__rosidl_typesupport_fastrtps_c[0m
[ 25%] Built target action_2_tutorials__rosidl_typesupport_introspection_cpp
[ 32%] Built target action_2_tutorials__rosidl_typesupport_fastrtps_c
[ 41%] Built target action_2_tutorials__rosidl_typesupport_cpp
[ 51%] Built target action_2_tutorials__rosidl_typesupport_fastrtps_cpp
[35m[1mConsolidate compiler generated dependencies of target action_2_tutorials__rosidl_typesupport_introspection_c[0m
[35m[1mConsolidate compiler generated dependencies of target action_2_tutorials__rosidl_typesupport_c[0m
[ 61%] Built target action_2_tutorials__rosidl_typesupport_introspection_c
[ 70%] Built target action_2_tutorials__rosidl_typesupport_c
[ 70%] Built target action_2_tutorials
[ 74%] Built target action_2_tutorials__py
[35m[1mConsolidate compiler generated dependencies of target action_2_tutorials__rosidl_generator_py[0m
[ 80%] Built target action_2_tutorials__rosidl_generator_py
[35m[1mConsolidate compiler generated dependencies of target action_2_tutorials__rosidl_typesupport_c__pyext[0m
[35m[1mConsolidate compiler generated dependencies of target action_2_tutorials__rosidl_typesupport_fastrtps_c__pyext[0m
[35m[1mConsolidate compiler generated dependencies of target action_2_tutorials__rosidl_typesupport_introspection_c__pyext[0m
[ 87%] Built target action_2_tutorials__rosidl_typesupport_c__pyext
[ 93%] Built target action_2_tutorials__rosidl_typesupport_introspection_c__pyext
[100%] Built target action_2_tutorials__rosidl_typesupport_fastrtps_c__pyext
running egg_info
writing action_2_tutorials.egg-info/PKG-INFO
writing dependency_links to action_2_tutorials.egg-info/dependency_links.txt
writing top-level names to action_2_tutorials.egg-info/top_level.txt
reading manifest file 'action_2_tutorials.egg-info/SOURCES.txt'
writing manifest file 'action_2_tutorials.egg-info/SOURCES.txt'
[100%] Built target ament_cmake_python_build_action_2_tutorials_egg
-- Install configuration: ""
-- Up-to-date: /home/tcr3/ros2_personal/install/action_2_tutorials/share/ament_index/resource_index/rosidl_interfaces/action_2_tutorials
-- Up-to-date: /home/tcr3/ros2_personal/install/action_2_tutorials/include/action_2_tutorials/action_2_tutorials
-- Up-to-date: /home/tcr3/ros2_personal/install/action_2_tutorials/include/action_2_tutorials/action_2_tutorials/msg
-- Up-to-date: /home/tcr3/ros2_personal/install/action_2_tutorials/include/action_2_tutorials/action_2_tutorials/msg/rosidl_generator_c__visibility_control.h
-- Up-to-date: /home/tcr3/ros2_personal/install/action_2_tutorials/include/action_2_tutorials/action_2_tutorials/action
-- Up-to-date: /home/tcr3/ros2_personal/install/action_2_tutorials/include/action_2_tutorials/action_2_tutorials/action/count_until.h
-- Up-to-date: /home/tcr3/ros2_personal/install/action_2_tutorials/include/action_2_tutorials/action_2_tutorials/action/detail
-- Up-to-date: /home/tcr3/ros2_personal/install/action_2_tutorials/include/action_2_tutorials/action_2_tutorials/action/detail/count_until__functions.c
-- Up-to-date: /home/tcr3/ros2_personal/install/action_2_tutorials/include/action_2_tutorials/action_2_tutorials/action/detail/count_until__struct.h
-- Up-to-date: /home/tcr3/ros2_personal/install/action_2_tutorials/include/action_2_tutorials/action_2_tutorials/action/detail/count_until__functions.h
-- Up-to-date: /home/tcr3/ros2_personal/install/action_2_tutorials/include/action_2_tutorials/action_2_tutorials/action/detail/count_until__type_support.h
-- Up-to-date: /home/tcr3/ros2_personal/install/action_2_tutorials/share/action_2_tutorials/environment/library_path.sh
-- Up-to-date: /home/tcr3/ros2_personal/install/action_2_tutorials/share/action_2_tutorials/environment/library_path.dsv
-- Up-to-date: /home/tcr3/ros2_personal/install/action_2_tutorials/lib/libaction_2_tutorials__rosidl_generator_c.so
-- Up-to-date: /home/tcr3/ros2_personal/install/action_2_tutorials/include/action_2_tutorials/action_2_tutorials
-- Up-to-date: /home/tcr3/ros2_personal/install/action_2_tutorials/include/action_2_tutorials/action_2_tutorials/msg
-- Up-to-date: /home/tcr3/ros2_personal/install/action_2_tutorials/include/action_2_tutorials/action_2_tutorials/msg/rosidl_typesupport_fastrtps_c__visibility_control.h
-- Up-to-date: /home/tcr3/ros2_personal/install/action_2_tutorials/include/action_2_tutorials/action_2_tutorials/action
-- Up-to-date: /home/tcr3/ros2_personal/install/action_2_tutorials/include/action_2_tutorials/action_2_tutorials/action/detail
-- Up-to-date: /home/tcr3/ros2_personal/install/action_2_tutorials/include/action_2_tutorials/action_2_tutorials/action/detail/count_until__rosidl_typesupport_fastrtps_c.h
-- Up-to-date: /home/tcr3/ros2_personal/install/action_2_tutorials/lib/libaction_2_tutorials__rosidl_typesupport_fastrtps_c.so
-- Up-to-date: /home/tcr3/ros2_personal/install/action_2_tutorials/include/action_2_tutorials/action_2_tutorials
-- Up-to-date: /home/tcr3/ros2_personal/install/action_2_tutorials/include/action_2_tutorials/action_2_tutorials/msg
-- Up-to-date: /home/tcr3/ros2_personal/install/action_2_tutorials/include/action_2_tutorials/action_2_tutorials/msg/rosidl_typesupport_introspection_c__visibility_control.h
-- Up-to-date: /home/tcr3/ros2_personal/install/action_2_tutorials/include/action_2_tutorials/action_2_tutorials/action
-- Up-to-date: /home/tcr3/ros2_personal/install/action_2_tutorials/include/action_2_tutorials/action_2_tutorials/action/detail
-- Up-to-date: /home/tcr3/ros2_personal/install/action_2_tutorials/include/action_2_tutorials/action_2_tutorials/action/detail/count_until__rosidl_typesupport_introspection_c.h
-- Up-to-date: /home/tcr3/ros2_personal/install/action_2_tutorials/include/action_2_tutorials/action_2_tutorials/action/detail/count_until__type_support.c
-- Up-to-date: /home/tcr3/ros2_personal/install/action_2_tutorials/lib/libaction_2_tutorials__rosidl_typesupport_introspection_c.so
-- Up-to-date: /home/tcr3/ros2_personal/install/action_2_tutorials/lib/libaction_2_tutorials__rosidl_typesupport_c.so
-- Up-to-date: /home/tcr3/ros2_personal/install/action_2_tutorials/include/action_2_tutorials/action_2_tutorials
-- Up-to-date: /home/tcr3/ros2_personal/install/action_2_tutorials/include/action_2_tutorials/action_2_tutorials/action
-- Up-to-date: /home/tcr3/ros2_personal/install/action_2_tutorials/include/action_2_tutorials/action_2_tutorials/action/count_until.hpp
-- Up-to-date: /home/tcr3/ros2_personal/install/action_2_tutorials/include/action_2_tutorials/action_2_tutorials/action/detail
-- Up-to-date: /home/tcr3/ros2_personal/install/action_2_tutorials/include/action_2_tutorials/action_2_tutorials/action/detail/count_until__struct.hpp
-- Up-to-date: /home/tcr3/ros2_personal/install/action_2_tutorials/include/action_2_tutorials/action_2_tutorials/action/detail/count_until__traits.hpp
-- Up-to-date: /home/tcr3/ros2_personal/install/action_2_tutorials/include/action_2_tutorials/action_2_tutorials/action/detail/count_until__builder.hpp
-- Up-to-date: /home/tcr3/ros2_personal/install/action_2_tutorials/include/action_2_tutorials/action_2_tutorials
-- Up-to-date: /home/tcr3/ros2_personal/install/action_2_tutorials/include/action_2_tutorials/action_2_tutorials/msg
-- Up-to-date: /home/tcr3/ros2_personal/install/action_2_tutorials/include/action_2_tutorials/action_2_tutorials/msg/rosidl_typesupport_fastrtps_cpp__visibility_control.h
-- Up-to-date: /home/tcr3/ros2_personal/install/action_2_tutorials/include/action_2_tutorials/action_2_tutorials/action
-- Up-to-date: /home/tcr3/ros2_personal/install/action_2_tutorials/include/action_2_tutorials/action_2_tutorials/action/detail
-- Up-to-date: /home/tcr3/ros2_personal/install/action_2_tutorials/include/action_2_tutorials/action_2_tutorials/action/detail/count_until__rosidl_typesupport_fastrtps_cpp.hpp
-- Up-to-date: /home/tcr3/ros2_personal/install/action_2_tutorials/include/action_2_tutorials/action_2_tutorials/action/detail/dds_fastrtps
-- Up-to-date: /home/tcr3/ros2_personal/install/action_2_tutorials/lib/libaction_2_tutorials__rosidl_typesupport_fastrtps_cpp.so
-- Up-to-date: /home/tcr3/ros2_personal/install/action_2_tutorials/include/action_2_tutorials/action_2_tutorials
-- Up-to-date: /home/tcr3/ros2_personal/install/action_2_tutorials/include/action_2_tutorials/action_2_tutorials/action
-- Up-to-date: /home/tcr3/ros2_personal/install/action_2_tutorials/include/action_2_tutorials/action_2_tutorials/action/detail
-- Up-to-date: /home/tcr3/ros2_personal/install/action_2_tutorials/include/action_2_tutorials/action_2_tutorials/action/detail/count_until__type_support.cpp
-- Up-to-date: /home/tcr3/ros2_personal/install/action_2_tutorials/include/action_2_tutorials/action_2_tutorials/action/detail/count_until__rosidl_typesupport_introspection_cpp.hpp
-- Up-to-date: /home/tcr3/ros2_personal/install/action_2_tutorials/lib/libaction_2_tutorials__rosidl_typesupport_introspection_cpp.so
-- Up-to-date: /home/tcr3/ros2_personal/install/action_2_tutorials/lib/libaction_2_tutorials__rosidl_typesupport_cpp.so
-- Up-to-date: /home/tcr3/ros2_personal/install/action_2_tutorials/share/action_2_tutorials/environment/pythonpath.sh
-- Up-to-date: /home/tcr3/ros2_personal/install/action_2_tutorials/share/action_2_tutorials/environment/pythonpath.dsv
-- Up-to-date: /home/tcr3/ros2_personal/install/action_2_tutorials/local/lib/python3.10/dist-packages/action_2_tutorials-0.0.0-py3.10.egg-info
-- Installing: /home/tcr3/ros2_personal/install/action_2_tutorials/local/lib/python3.10/dist-packages/action_2_tutorials-0.0.0-py3.10.egg-info/PKG-INFO
-- Installing: /home/tcr3/ros2_personal/install/action_2_tutorials/local/lib/python3.10/dist-packages/action_2_tutorials-0.0.0-py3.10.egg-info/SOURCES.txt
-- Installing: /home/tcr3/ros2_personal/install/action_2_tutorials/local/lib/python3.10/dist-packages/action_2_tutorials-0.0.0-py3.10.egg-info/dependency_links.txt
-- Installing: /home/tcr3/ros2_personal/install/action_2_tutorials/local/lib/python3.10/dist-packages/action_2_tutorials-0.0.0-py3.10.egg-info/top_level.txt
-- Up-to-date: /home/tcr3/ros2_personal/install/action_2_tutorials/local/lib/python3.10/dist-packages/action_2_tutorials
-- Up-to-date: /home/tcr3/ros2_personal/install/action_2_tutorials/local/lib/python3.10/dist-packages/action_2_tutorials/_action_2_tutorials_s.ep.rosidl_typesupport_introspection_c.c
-- Up-to-date: /home/tcr3/ros2_personal/install/action_2_tutorials/local/lib/python3.10/dist-packages/action_2_tutorials/_action_2_tutorials_s.ep.rosidl_typesupport_fastrtps_c.c
-- Up-to-date: /home/tcr3/ros2_personal/install/action_2_tutorials/local/lib/python3.10/dist-packages/action_2_tutorials/action_2_tutorials_s__rosidl_typesupport_c.cpython-310-aarch64-linux-gnu.so
-- Up-to-date: /home/tcr3/ros2_personal/install/action_2_tutorials/local/lib/python3.10/dist-packages/action_2_tutorials/action_2_tutorials_s__rosidl_typesupport_introspection_c.cpython-310-aarch64-linux-gnu.so
-- Up-to-date: /home/tcr3/ros2_personal/install/action_2_tutorials/local/lib/python3.10/dist-packages/action_2_tutorials/action_2_tutorials_s__rosidl_typesupport_fastrtps_c.cpython-310-aarch64-linux-gnu.so
-- Up-to-date: /home/tcr3/ros2_personal/install/action_2_tutorials/local/lib/python3.10/dist-packages/action_2_tutorials/libaction_2_tutorials__rosidl_generator_py.so
-- Up-to-date: /home/tcr3/ros2_personal/install/action_2_tutorials/local/lib/python3.10/dist-packages/action_2_tutorials/_action_2_tutorials_s.ep.rosidl_typesupport_c.c
-- Up-to-date: /home/tcr3/ros2_personal/install/action_2_tutorials/local/lib/python3.10/dist-packages/action_2_tutorials/action
-- Up-to-date: /home/tcr3/ros2_personal/install/action_2_tutorials/local/lib/python3.10/dist-packages/action_2_tutorials/action/_count_until.py
-- Up-to-date: /home/tcr3/ros2_personal/install/action_2_tutorials/local/lib/python3.10/dist-packages/action_2_tutorials/action/_count_until_s.c
-- Up-to-date: /home/tcr3/ros2_personal/install/action_2_tutorials/local/lib/python3.10/dist-packages/action_2_tutorials/action/__init__.py
-- Up-to-date: /home/tcr3/ros2_personal/install/action_2_tutorials/local/lib/python3.10/dist-packages/action_2_tutorials/__init__.py
Listing '/home/tcr3/ros2_personal/install/action_2_tutorials/local/lib/python3.10/dist-packages/action_2_tutorials'...
Listing '/home/tcr3/ros2_personal/install/action_2_tutorials/local/lib/python3.10/dist-packages/action_2_tutorials/action'...
-- Up-to-date: /home/tcr3/ros2_personal/install/action_2_tutorials/local/lib/python3.10/dist-packages/action_2_tutorials/action_2_tutorials_s__rosidl_typesupport_fastrtps_c.cpython-310-aarch64-linux-gnu.so
-- Up-to-date: /home/tcr3/ros2_personal/install/action_2_tutorials/local/lib/python3.10/dist-packages/action_2_tutorials/action_2_tutorials_s__rosidl_typesupport_introspection_c.cpython-310-aarch64-linux-gnu.so
-- Up-to-date: /home/tcr3/ros2_personal/install/action_2_tutorials/local/lib/python3.10/dist-packages/action_2_tutorials/action_2_tutorials_s__rosidl_typesupport_c.cpython-310-aarch64-linux-gnu.so
-- Up-to-date: /home/tcr3/ros2_personal/install/action_2_tutorials/lib/libaction_2_tutorials__rosidl_generator_py.so
-- Up-to-date: /home/tcr3/ros2_personal/install/action_2_tutorials/share/action_2_tutorials/action/CountUntil.idl
-- Up-to-date: /home/tcr3/ros2_personal/install/action_2_tutorials/share/action_2_tutorials/action/CountUntil.action
-- Up-to-date: /home/tcr3/ros2_personal/install/action_2_tutorials/share/ament_index/resource_index/package_run_dependencies/action_2_tutorials
-- Up-to-date: /home/tcr3/ros2_personal/install/action_2_tutorials/share/ament_index/resource_index/parent_prefix_path/action_2_tutorials
-- Up-to-date: /home/tcr3/ros2_personal/install/action_2_tutorials/share/action_2_tutorials/environment/ament_prefix_path.sh
-- Up-to-date: /home/tcr3/ros2_personal/install/action_2_tutorials/share/action_2_tutorials/environment/ament_prefix_path.dsv
-- Up-to-date: /home/tcr3/ros2_personal/install/action_2_tutorials/share/action_2_tutorials/environment/path.sh
-- Up-to-date: /home/tcr3/ros2_personal/install/action_2_tutorials/share/action_2_tutorials/environment/path.dsv
-- Up-to-date: /home/tcr3/ros2_personal/install/action_2_tutorials/share/action_2_tutorials/local_setup.bash
-- Up-to-date: /home/tcr3/ros2_personal/install/action_2_tutorials/share/action_2_tutorials/local_setup.sh
-- Up-to-date: /home/tcr3/ros2_personal/install/action_2_tutorials/share/action_2_tutorials/local_setup.zsh
-- Up-to-date: /home/tcr3/ros2_personal/install/action_2_tutorials/share/action_2_tutorials/local_setup.dsv
-- Installing: /home/tcr3/ros2_personal/install/action_2_tutorials/share/action_2_tutorials/package.dsv
-- Up-to-date: /home/tcr3/ros2_personal/install/action_2_tutorials/share/ament_index/resource_index/packages/action_2_tutorials
-- Up-to-date: /home/tcr3/ros2_personal/install/action_2_tutorials/share/action_2_tutorials/cmake/export_action_2_tutorials__rosidl_generator_cExport.cmake
-- Up-to-date: /home/tcr3/ros2_personal/install/action_2_tutorials/share/action_2_tutorials/cmake/export_action_2_tutorials__rosidl_generator_cExport-noconfig.cmake
-- Up-to-date: /home/tcr3/ros2_personal/install/action_2_tutorials/share/action_2_tutorials/cmake/export_action_2_tutorials__rosidl_typesupport_fastrtps_cExport.cmake
-- Up-to-date: /home/tcr3/ros2_personal/install/action_2_tutorials/share/action_2_tutorials/cmake/export_action_2_tutorials__rosidl_typesupport_fastrtps_cExport-noconfig.cmake
-- Up-to-date: /home/tcr3/ros2_personal/install/action_2_tutorials/share/action_2_tutorials/cmake/action_2_tutorials__rosidl_typesupport_introspection_cExport.cmake
-- Up-to-date: /home/tcr3/ros2_personal/install/action_2_tutorials/share/action_2_tutorials/cmake/action_2_tutorials__rosidl_typesupport_introspection_cExport-noconfig.cmake
-- Up-to-date: /home/tcr3/ros2_personal/install/action_2_tutorials/share/action_2_tutorials/cmake/action_2_tutorials__rosidl_typesupport_cExport.cmake
-- Up-to-date: /home/tcr3/ros2_personal/install/action_2_tutorials/share/action_2_tutorials/cmake/action_2_tutorials__rosidl_typesupport_cExport-noconfig.cmake
-- Up-to-date: /home/tcr3/ros2_personal/install/action_2_tutorials/share/action_2_tutorials/cmake/export_action_2_tutorials__rosidl_generator_cppExport.cmake
-- Up-to-date: /home/tcr3/ros2_personal/install/action_2_tutorials/share/action_2_tutorials/cmake/export_action_2_tutorials__rosidl_typesupport_fastrtps_cppExport.cmake
-- Up-to-date: /home/tcr3/ros2_personal/install/action_2_tutorials/share/action_2_tutorials/cmake/export_action_2_tutorials__rosidl_typesupport_fastrtps_cppExport-noconfig.cmake
-- Up-to-date: /home/tcr3/ros2_personal/install/action_2_tutorials/share/action_2_tutorials/cmake/action_2_tutorials__rosidl_typesupport_introspection_cppExport.cmake
-- Up-to-date: /home/tcr3/ros2_personal/install/action_2_tutorials/share/action_2_tutorials/cmake/action_2_tutorials__rosidl_typesupport_introspection_cppExport-noconfig.cmake
-- Up-to-date: /home/tcr3/ros2_personal/install/action_2_tutorials/share/action_2_tutorials/cmake/action_2_tutorials__rosidl_typesupport_cppExport.cmake
-- Up-to-date: /home/tcr3/ros2_personal/install/action_2_tutorials/share/action_2_tutorials/cmake/action_2_tutorials__rosidl_typesupport_cppExport-noconfig.cmake
-- Up-to-date: /home/tcr3/ros2_personal/install/action_2_tutorials/share/action_2_tutorials/cmake/export_action_2_tutorials__rosidl_generator_pyExport.cmake
-- Up-to-date: /home/tcr3/ros2_personal/install/action_2_tutorials/share/action_2_tutorials/cmake/export_action_2_tutorials__rosidl_generator_pyExport-noconfig.cmake
-- Up-to-date: /home/tcr3/ros2_personal/install/action_2_tutorials/share/action_2_tutorials/cmake/rosidl_cmake-extras.cmake
-- Up-to-date: /home/tcr3/ros2_personal/install/action_2_tutorials/share/action_2_tutorials/cmake/ament_cmake_export_dependencies-extras.cmake
-- Up-to-date: /home/tcr3/ros2_personal/install/action_2_tutorials/share/action_2_tutorials/cmake/ament_cmake_export_include_directories-extras.cmake
-- Up-to-date: /home/tcr3/ros2_personal/install/action_2_tutorials/share/action_2_tutorials/cmake/ament_cmake_export_libraries-extras.cmake
-- Up-to-date: /home/tcr3/ros2_personal/install/action_2_tutorials/share/action_2_tutorials/cmake/ament_cmake_export_targets-extras.cmake
-- Up-to-date: /home/tcr3/ros2_personal/install/action_2_tutorials/share/action_2_tutorials/cmake/rosidl_cmake_export_typesupport_targets-extras.cmake
-- Up-to-date: /home/tcr3/ros2_personal/install/action_2_tutorials/share/action_2_tutorials/cmake/rosidl_cmake_export_typesupport_libraries-extras.cmake
-- Up-to-date: /home/tcr3/ros2_personal/install/action_2_tutorials/share/action_2_tutorials/cmake/action_2_tutorialsConfig.cmake
-- Up-to-date: /home/tcr3/ros2_personal/install/action_2_tutorials/share/action_2_tutorials/cmake/action_2_tutorialsConfig-version.cmake
-- Up-to-date: /home/tcr3/ros2_personal/install/action_2_tutorials/share/action_2_tutorials/package.xml
