[0.115s] Invoking command in '/home/tcr3/ros2_personal/build/action_2_tutorials': /usr/bin/cmake --build /home/tcr3/ros2_personal/build/action_2_tutorials -- -j4 -l4
[0.846s] [35m[1mConsolidate compiler generated dependencies of target action_2_tutorials__rosidl_generator_c[0m
[0.912s] [  3%] Built target action_2_tutorials__cpp
[1.026s] [ 12%] Built target action_2_tutorials__rosidl_generator_c
[1.057s] [35m[1mConsolidate compiler generated dependencies of target action_2_tutorials__rosidl_typesupport_introspection_cpp[0m
[1.202s] [35m[1mConsolidate compiler generated dependencies of target action_2_tutorials__rosidl_typesupport_fastrtps_cpp[0m
[1.208s] [ 12%] Built target ament_cmake_python_copy_action_2_tutorials
[1.264s] [35m[1mConsolidate compiler generated dependencies of target action_2_tutorials__rosidl_typesupport_cpp[0m
[1.336s] [35m[1mConsolidate compiler generated dependencies of target action_2_tutorials__rosidl_typesupport_fastrtps_c[0m
[1.508s] [ 25%] Built target action_2_tutorials__rosidl_typesupport_introspection_cpp
[1.512s] [ 32%] Built target action_2_tutorials__rosidl_typesupport_fastrtps_c
[1.522s] [ 41%] Built target action_2_tutorials__rosidl_typesupport_cpp
[1.554s] [ 51%] Built target action_2_tutorials__rosidl_typesupport_fastrtps_cpp
[1.672s] [35m[1mConsolidate compiler generated dependencies of target action_2_tutorials__rosidl_typesupport_introspection_c[0m
[1.683s] [35m[1mConsolidate compiler generated dependencies of target action_2_tutorials__rosidl_typesupport_c[0m
[1.800s] [ 61%] Built target action_2_tutorials__rosidl_typesupport_introspection_c
[1.814s] [ 70%] Built target action_2_tutorials__rosidl_typesupport_c
[1.981s] [ 70%] Built target action_2_tutorials
[2.155s] [ 74%] Built target action_2_tutorials__py
[2.274s] [35m[1mConsolidate compiler generated dependencies of target action_2_tutorials__rosidl_generator_py[0m
[2.439s] [ 80%] Built target action_2_tutorials__rosidl_generator_py
[2.570s] [35m[1mConsolidate compiler generated dependencies of target action_2_tutorials__rosidl_typesupport_c__pyext[0m
[2.640s] [35m[1mConsolidate compiler generated dependencies of target action_2_tutorials__rosidl_typesupport_fastrtps_c__pyext[0m
[2.651s] [35m[1mConsolidate compiler generated dependencies of target action_2_tutorials__rosidl_typesupport_introspection_c__pyext[0m
[2.832s] [ 87%] Built target action_2_tutorials__rosidl_typesupport_c__pyext
[2.834s] [ 93%] Built target action_2_tutorials__rosidl_typesupport_introspection_c__pyext
[2.837s] [100%] Built target action_2_tutorials__rosidl_typesupport_fastrtps_c__pyext
[3.541s] running egg_info
[3.547s] writing action_2_tutorials.egg-info/PKG-INFO
[3.551s] writing dependency_links to action_2_tutorials.egg-info/dependency_links.txt
[3.551s] writing top-level names to action_2_tutorials.egg-info/top_level.txt
[3.583s] reading manifest file 'action_2_tutorials.egg-info/SOURCES.txt'
[3.592s] writing manifest file 'action_2_tutorials.egg-info/SOURCES.txt'
[3.749s] [100%] Built target ament_cmake_python_build_action_2_tutorials_egg
[3.809s] Invoked command in '/home/tcr3/ros2_personal/build/action_2_tutorials' returned '0': /usr/bin/cmake --build /home/tcr3/ros2_personal/build/action_2_tutorials -- -j4 -l4
[4.321s] Invoking command in '/home/tcr3/ros2_personal/build/action_2_tutorials': /usr/bin/cmake --install /home/tcr3/ros2_personal/build/action_2_tutorials
[4.356s] -- Install configuration: ""
[4.356s] -- Up-to-date: /home/tcr3/ros2_personal/install/action_2_tutorials/share/ament_index/resource_index/rosidl_interfaces/action_2_tutorials
[4.357s] -- Up-to-date: /home/tcr3/ros2_personal/install/action_2_tutorials/include/action_2_tutorials/action_2_tutorials
[4.358s] -- Up-to-date: /home/tcr3/ros2_personal/install/action_2_tutorials/include/action_2_tutorials/action_2_tutorials/msg
[4.359s] -- Up-to-date: /home/tcr3/ros2_personal/install/action_2_tutorials/include/action_2_tutorials/action_2_tutorials/msg/rosidl_generator_c__visibility_control.h
[4.360s] -- Up-to-date: /home/tcr3/ros2_personal/install/action_2_tutorials/include/action_2_tutorials/action_2_tutorials/action
[4.361s] -- Up-to-date: /home/tcr3/ros2_personal/install/action_2_tutorials/include/action_2_tutorials/action_2_tutorials/action/count_until.h
[4.361s] -- Up-to-date: /home/tcr3/ros2_personal/install/action_2_tutorials/include/action_2_tutorials/action_2_tutorials/action/detail
[4.362s] -- Up-to-date: /home/tcr3/ros2_personal/install/action_2_tutorials/include/action_2_tutorials/action_2_tutorials/action/detail/count_until__functions.c
[4.363s] -- Up-to-date: /home/tcr3/ros2_personal/install/action_2_tutorials/include/action_2_tutorials/action_2_tutorials/action/detail/count_until__struct.h
[4.364s] -- Up-to-date: /home/tcr3/ros2_personal/install/action_2_tutorials/include/action_2_tutorials/action_2_tutorials/action/detail/count_until__functions.h
[4.366s] -- Up-to-date: /home/tcr3/ros2_personal/install/action_2_tutorials/include/action_2_tutorials/action_2_tutorials/action/detail/count_until__type_support.h
[4.384s] -- Up-to-date: /home/tcr3/ros2_personal/install/action_2_tutorials/share/action_2_tutorials/environment/library_path.sh
[4.386s] -- Up-to-date: /home/tcr3/ros2_personal/install/action_2_tutorials/share/action_2_tutorials/environment/library_path.dsv
[4.388s] -- Up-to-date: /home/tcr3/ros2_personal/install/action_2_tutorials/lib/libaction_2_tutorials__rosidl_generator_c.so
[4.389s] -- Up-to-date: /home/tcr3/ros2_personal/install/action_2_tutorials/include/action_2_tutorials/action_2_tutorials
[4.390s] -- Up-to-date: /home/tcr3/ros2_personal/install/action_2_tutorials/include/action_2_tutorials/action_2_tutorials/msg
[4.391s] -- Up-to-date: /home/tcr3/ros2_personal/install/action_2_tutorials/include/action_2_tutorials/action_2_tutorials/msg/rosidl_typesupport_fastrtps_c__visibility_control.h
[4.393s] -- Up-to-date: /home/tcr3/ros2_personal/install/action_2_tutorials/include/action_2_tutorials/action_2_tutorials/action
[4.395s] -- Up-to-date: /home/tcr3/ros2_personal/install/action_2_tutorials/include/action_2_tutorials/action_2_tutorials/action/detail
[4.396s] -- Up-to-date: /home/tcr3/ros2_personal/install/action_2_tutorials/include/action_2_tutorials/action_2_tutorials/action/detail/count_until__rosidl_typesupport_fastrtps_c.h
[4.397s] -- Up-to-date: /home/tcr3/ros2_personal/install/action_2_tutorials/lib/libaction_2_tutorials__rosidl_typesupport_fastrtps_c.so
[4.399s] -- Up-to-date: /home/tcr3/ros2_personal/install/action_2_tutorials/include/action_2_tutorials/action_2_tutorials
[4.399s] -- Up-to-date: /home/tcr3/ros2_personal/install/action_2_tutorials/include/action_2_tutorials/action_2_tutorials/msg
[4.400s] -- Up-to-date: /home/tcr3/ros2_personal/install/action_2_tutorials/include/action_2_tutorials/action_2_tutorials/msg/rosidl_typesupport_introspection_c__visibility_control.h
[4.407s] -- Up-to-date: /home/tcr3/ros2_personal/install/action_2_tutorials/include/action_2_tutorials/action_2_tutorials/action
[4.410s] -- Up-to-date: /home/tcr3/ros2_personal/install/action_2_tutorials/include/action_2_tutorials/action_2_tutorials/action/detail
[4.411s] -- Up-to-date: /home/tcr3/ros2_personal/install/action_2_tutorials/include/action_2_tutorials/action_2_tutorials/action/detail/count_until__rosidl_typesupport_introspection_c.h
[4.412s] -- Up-to-date: /home/tcr3/ros2_personal/install/action_2_tutorials/include/action_2_tutorials/action_2_tutorials/action/detail/count_until__type_support.c
[4.414s] -- Up-to-date: /home/tcr3/ros2_personal/install/action_2_tutorials/lib/libaction_2_tutorials__rosidl_typesupport_introspection_c.so
[4.415s] -- Up-to-date: /home/tcr3/ros2_personal/install/action_2_tutorials/lib/libaction_2_tutorials__rosidl_typesupport_c.so
[4.416s] -- Up-to-date: /home/tcr3/ros2_personal/install/action_2_tutorials/include/action_2_tutorials/action_2_tutorials
[4.418s] -- Up-to-date: /home/tcr3/ros2_personal/install/action_2_tutorials/include/action_2_tutorials/action_2_tutorials/action
[4.419s] -- Up-to-date: /home/tcr3/ros2_personal/install/action_2_tutorials/include/action_2_tutorials/action_2_tutorials/action/count_until.hpp
[4.420s] -- Up-to-date: /home/tcr3/ros2_personal/install/action_2_tutorials/include/action_2_tutorials/action_2_tutorials/action/detail
[4.420s] -- Up-to-date: /home/tcr3/ros2_personal/install/action_2_tutorials/include/action_2_tutorials/action_2_tutorials/action/detail/count_until__struct.hpp
[4.422s] -- Up-to-date: /home/tcr3/ros2_personal/install/action_2_tutorials/include/action_2_tutorials/action_2_tutorials/action/detail/count_until__traits.hpp
[4.423s] -- Up-to-date: /home/tcr3/ros2_personal/install/action_2_tutorials/include/action_2_tutorials/action_2_tutorials/action/detail/count_until__builder.hpp
[4.423s] -- Up-to-date: /home/tcr3/ros2_personal/install/action_2_tutorials/include/action_2_tutorials/action_2_tutorials
[4.424s] -- Up-to-date: /home/tcr3/ros2_personal/install/action_2_tutorials/include/action_2_tutorials/action_2_tutorials/msg
[4.424s] -- Up-to-date: /home/tcr3/ros2_personal/install/action_2_tutorials/include/action_2_tutorials/action_2_tutorials/msg/rosidl_typesupport_fastrtps_cpp__visibility_control.h
[4.425s] -- Up-to-date: /home/tcr3/ros2_personal/install/action_2_tutorials/include/action_2_tutorials/action_2_tutorials/action
[4.426s] -- Up-to-date: /home/tcr3/ros2_personal/install/action_2_tutorials/include/action_2_tutorials/action_2_tutorials/action/detail
[4.426s] -- Up-to-date: /home/tcr3/ros2_personal/install/action_2_tutorials/include/action_2_tutorials/action_2_tutorials/action/detail/count_until__rosidl_typesupport_fastrtps_cpp.hpp
[4.428s] -- Up-to-date: /home/tcr3/ros2_personal/install/action_2_tutorials/include/action_2_tutorials/action_2_tutorials/action/detail/dds_fastrtps
[4.432s] -- Up-to-date: /home/tcr3/ros2_personal/install/action_2_tutorials/lib/libaction_2_tutorials__rosidl_typesupport_fastrtps_cpp.so
[4.433s] -- Up-to-date: /home/tcr3/ros2_personal/install/action_2_tutorials/include/action_2_tutorials/action_2_tutorials
[4.434s] -- Up-to-date: /home/tcr3/ros2_personal/install/action_2_tutorials/include/action_2_tutorials/action_2_tutorials/action
[4.435s] -- Up-to-date: /home/tcr3/ros2_personal/install/action_2_tutorials/include/action_2_tutorials/action_2_tutorials/action/detail
[4.435s] -- Up-to-date: /home/tcr3/ros2_personal/install/action_2_tutorials/include/action_2_tutorials/action_2_tutorials/action/detail/count_until__type_support.cpp
[4.438s] -- Up-to-date: /home/tcr3/ros2_personal/install/action_2_tutorials/include/action_2_tutorials/action_2_tutorials/action/detail/count_until__rosidl_typesupport_introspection_cpp.hpp
[4.444s] -- Up-to-date: /home/tcr3/ros2_personal/install/action_2_tutorials/lib/libaction_2_tutorials__rosidl_typesupport_introspection_cpp.so
[4.447s] -- Up-to-date: /home/tcr3/ros2_personal/install/action_2_tutorials/lib/libaction_2_tutorials__rosidl_typesupport_cpp.so
[4.449s] -- Up-to-date: /home/tcr3/ros2_personal/install/action_2_tutorials/share/action_2_tutorials/environment/pythonpath.sh
[4.450s] -- Up-to-date: /home/tcr3/ros2_personal/install/action_2_tutorials/share/action_2_tutorials/environment/pythonpath.dsv
[4.451s] -- Up-to-date: /home/tcr3/ros2_personal/install/action_2_tutorials/local/lib/python3.10/dist-packages/action_2_tutorials-0.0.0-py3.10.egg-info
[4.452s] -- Installing: /home/tcr3/ros2_personal/install/action_2_tutorials/local/lib/python3.10/dist-packages/action_2_tutorials-0.0.0-py3.10.egg-info/PKG-INFO
[4.454s] -- Installing: /home/tcr3/ros2_personal/install/action_2_tutorials/local/lib/python3.10/dist-packages/action_2_tutorials-0.0.0-py3.10.egg-info/SOURCES.txt
[4.455s] -- Installing: /home/tcr3/ros2_personal/install/action_2_tutorials/local/lib/python3.10/dist-packages/action_2_tutorials-0.0.0-py3.10.egg-info/dependency_links.txt
[4.455s] -- Installing: /home/tcr3/ros2_personal/install/action_2_tutorials/local/lib/python3.10/dist-packages/action_2_tutorials-0.0.0-py3.10.egg-info/top_level.txt
[4.455s] -- Up-to-date: /home/tcr3/ros2_personal/install/action_2_tutorials/local/lib/python3.10/dist-packages/action_2_tutorials
[4.456s] -- Up-to-date: /home/tcr3/ros2_personal/install/action_2_tutorials/local/lib/python3.10/dist-packages/action_2_tutorials/_action_2_tutorials_s.ep.rosidl_typesupport_introspection_c.c
[4.456s] -- Up-to-date: /home/tcr3/ros2_personal/install/action_2_tutorials/local/lib/python3.10/dist-packages/action_2_tutorials/_action_2_tutorials_s.ep.rosidl_typesupport_fastrtps_c.c
[4.457s] -- Up-to-date: /home/tcr3/ros2_personal/install/action_2_tutorials/local/lib/python3.10/dist-packages/action_2_tutorials/action_2_tutorials_s__rosidl_typesupport_c.cpython-310-aarch64-linux-gnu.so
[4.457s] -- Up-to-date: /home/tcr3/ros2_personal/install/action_2_tutorials/local/lib/python3.10/dist-packages/action_2_tutorials/action_2_tutorials_s__rosidl_typesupport_introspection_c.cpython-310-aarch64-linux-gnu.so
[4.458s] -- Up-to-date: /home/tcr3/ros2_personal/install/action_2_tutorials/local/lib/python3.10/dist-packages/action_2_tutorials/action_2_tutorials_s__rosidl_typesupport_fastrtps_c.cpython-310-aarch64-linux-gnu.so
[4.458s] -- Up-to-date: /home/tcr3/ros2_personal/install/action_2_tutorials/local/lib/python3.10/dist-packages/action_2_tutorials/libaction_2_tutorials__rosidl_generator_py.so
[4.459s] -- Up-to-date: /home/tcr3/ros2_personal/install/action_2_tutorials/local/lib/python3.10/dist-packages/action_2_tutorials/_action_2_tutorials_s.ep.rosidl_typesupport_c.c
[4.459s] -- Up-to-date: /home/tcr3/ros2_personal/install/action_2_tutorials/local/lib/python3.10/dist-packages/action_2_tutorials/action
[4.460s] -- Up-to-date: /home/tcr3/ros2_personal/install/action_2_tutorials/local/lib/python3.10/dist-packages/action_2_tutorials/action/_count_until.py
[4.461s] -- Up-to-date: /home/tcr3/ros2_personal/install/action_2_tutorials/local/lib/python3.10/dist-packages/action_2_tutorials/action/_count_until_s.c
[4.462s] -- Up-to-date: /home/tcr3/ros2_personal/install/action_2_tutorials/local/lib/python3.10/dist-packages/action_2_tutorials/action/__init__.py
[4.464s] -- Up-to-date: /home/tcr3/ros2_personal/install/action_2_tutorials/local/lib/python3.10/dist-packages/action_2_tutorials/__init__.py
[4.602s] Listing '/home/tcr3/ros2_personal/install/action_2_tutorials/local/lib/python3.10/dist-packages/action_2_tutorials'...
[4.605s] Listing '/home/tcr3/ros2_personal/install/action_2_tutorials/local/lib/python3.10/dist-packages/action_2_tutorials/action'...
[4.646s] -- Up-to-date: /home/tcr3/ros2_personal/install/action_2_tutorials/local/lib/python3.10/dist-packages/action_2_tutorials/action_2_tutorials_s__rosidl_typesupport_fastrtps_c.cpython-310-aarch64-linux-gnu.so
[4.651s] -- Up-to-date: /home/tcr3/ros2_personal/install/action_2_tutorials/local/lib/python3.10/dist-packages/action_2_tutorials/action_2_tutorials_s__rosidl_typesupport_introspection_c.cpython-310-aarch64-linux-gnu.so
[4.651s] -- Up-to-date: /home/tcr3/ros2_personal/install/action_2_tutorials/local/lib/python3.10/dist-packages/action_2_tutorials/action_2_tutorials_s__rosidl_typesupport_c.cpython-310-aarch64-linux-gnu.so
[4.654s] -- Up-to-date: /home/tcr3/ros2_personal/install/action_2_tutorials/lib/libaction_2_tutorials__rosidl_generator_py.so
[4.655s] -- Up-to-date: /home/tcr3/ros2_personal/install/action_2_tutorials/share/action_2_tutorials/action/CountUntil.idl
[4.657s] -- Up-to-date: /home/tcr3/ros2_personal/install/action_2_tutorials/share/action_2_tutorials/action/CountUntil.action
[4.658s] -- Up-to-date: /home/tcr3/ros2_personal/install/action_2_tutorials/share/ament_index/resource_index/package_run_dependencies/action_2_tutorials
[4.659s] -- Up-to-date: /home/tcr3/ros2_personal/install/action_2_tutorials/share/ament_index/resource_index/parent_prefix_path/action_2_tutorials
[4.660s] -- Up-to-date: /home/tcr3/ros2_personal/install/action_2_tutorials/share/action_2_tutorials/environment/ament_prefix_path.sh
[4.661s] -- Up-to-date: /home/tcr3/ros2_personal/install/action_2_tutorials/share/action_2_tutorials/environment/ament_prefix_path.dsv
[4.662s] -- Up-to-date: /home/tcr3/ros2_personal/install/action_2_tutorials/share/action_2_tutorials/environment/path.sh
[4.662s] -- Up-to-date: /home/tcr3/ros2_personal/install/action_2_tutorials/share/action_2_tutorials/environment/path.dsv
[4.663s] -- Up-to-date: /home/tcr3/ros2_personal/install/action_2_tutorials/share/action_2_tutorials/local_setup.bash
[4.664s] -- Up-to-date: /home/tcr3/ros2_personal/install/action_2_tutorials/share/action_2_tutorials/local_setup.sh
[4.665s] -- Up-to-date: /home/tcr3/ros2_personal/install/action_2_tutorials/share/action_2_tutorials/local_setup.zsh
[4.666s] -- Up-to-date: /home/tcr3/ros2_personal/install/action_2_tutorials/share/action_2_tutorials/local_setup.dsv
[4.667s] -- Installing: /home/tcr3/ros2_personal/install/action_2_tutorials/share/action_2_tutorials/package.dsv
[4.669s] -- Up-to-date: /home/tcr3/ros2_personal/install/action_2_tutorials/share/ament_index/resource_index/packages/action_2_tutorials
[4.671s] -- Up-to-date: /home/tcr3/ros2_personal/install/action_2_tutorials/share/action_2_tutorials/cmake/export_action_2_tutorials__rosidl_generator_cExport.cmake
[4.671s] -- Up-to-date: /home/tcr3/ros2_personal/install/action_2_tutorials/share/action_2_tutorials/cmake/export_action_2_tutorials__rosidl_generator_cExport-noconfig.cmake
[4.687s] -- Up-to-date: /home/tcr3/ros2_personal/install/action_2_tutorials/share/action_2_tutorials/cmake/export_action_2_tutorials__rosidl_typesupport_fastrtps_cExport.cmake
[4.688s] -- Up-to-date: /home/tcr3/ros2_personal/install/action_2_tutorials/share/action_2_tutorials/cmake/export_action_2_tutorials__rosidl_typesupport_fastrtps_cExport-noconfig.cmake
[4.689s] -- Up-to-date: /home/tcr3/ros2_personal/install/action_2_tutorials/share/action_2_tutorials/cmake/action_2_tutorials__rosidl_typesupport_introspection_cExport.cmake
[4.690s] -- Up-to-date: /home/tcr3/ros2_personal/install/action_2_tutorials/share/action_2_tutorials/cmake/action_2_tutorials__rosidl_typesupport_introspection_cExport-noconfig.cmake
[4.696s] -- Up-to-date: /home/tcr3/ros2_personal/install/action_2_tutorials/share/action_2_tutorials/cmake/action_2_tutorials__rosidl_typesupport_cExport.cmake
[4.698s] -- Up-to-date: /home/tcr3/ros2_personal/install/action_2_tutorials/share/action_2_tutorials/cmake/action_2_tutorials__rosidl_typesupport_cExport-noconfig.cmake
[4.699s] -- Up-to-date: /home/tcr3/ros2_personal/install/action_2_tutorials/share/action_2_tutorials/cmake/export_action_2_tutorials__rosidl_generator_cppExport.cmake
[4.701s] -- Up-to-date: /home/tcr3/ros2_personal/install/action_2_tutorials/share/action_2_tutorials/cmake/export_action_2_tutorials__rosidl_typesupport_fastrtps_cppExport.cmake
[4.702s] -- Up-to-date: /home/tcr3/ros2_personal/install/action_2_tutorials/share/action_2_tutorials/cmake/export_action_2_tutorials__rosidl_typesupport_fastrtps_cppExport-noconfig.cmake
[4.707s] -- Up-to-date: /home/tcr3/ros2_personal/install/action_2_tutorials/share/action_2_tutorials/cmake/action_2_tutorials__rosidl_typesupport_introspection_cppExport.cmake
[4.716s] -- Up-to-date: /home/tcr3/ros2_personal/install/action_2_tutorials/share/action_2_tutorials/cmake/action_2_tutorials__rosidl_typesupport_introspection_cppExport-noconfig.cmake
[4.717s] -- Up-to-date: /home/tcr3/ros2_personal/install/action_2_tutorials/share/action_2_tutorials/cmake/action_2_tutorials__rosidl_typesupport_cppExport.cmake
[4.718s] -- Up-to-date: /home/tcr3/ros2_personal/install/action_2_tutorials/share/action_2_tutorials/cmake/action_2_tutorials__rosidl_typesupport_cppExport-noconfig.cmake
[4.719s] -- Up-to-date: /home/tcr3/ros2_personal/install/action_2_tutorials/share/action_2_tutorials/cmake/export_action_2_tutorials__rosidl_generator_pyExport.cmake
[4.720s] -- Up-to-date: /home/tcr3/ros2_personal/install/action_2_tutorials/share/action_2_tutorials/cmake/export_action_2_tutorials__rosidl_generator_pyExport-noconfig.cmake
[4.722s] -- Up-to-date: /home/tcr3/ros2_personal/install/action_2_tutorials/share/action_2_tutorials/cmake/rosidl_cmake-extras.cmake
[4.724s] -- Up-to-date: /home/tcr3/ros2_personal/install/action_2_tutorials/share/action_2_tutorials/cmake/ament_cmake_export_dependencies-extras.cmake
[4.725s] -- Up-to-date: /home/tcr3/ros2_personal/install/action_2_tutorials/share/action_2_tutorials/cmake/ament_cmake_export_include_directories-extras.cmake
[4.726s] -- Up-to-date: /home/tcr3/ros2_personal/install/action_2_tutorials/share/action_2_tutorials/cmake/ament_cmake_export_libraries-extras.cmake
[4.727s] -- Up-to-date: /home/tcr3/ros2_personal/install/action_2_tutorials/share/action_2_tutorials/cmake/ament_cmake_export_targets-extras.cmake
[4.727s] -- Up-to-date: /home/tcr3/ros2_personal/install/action_2_tutorials/share/action_2_tutorials/cmake/rosidl_cmake_export_typesupport_targets-extras.cmake
[4.727s] -- Up-to-date: /home/tcr3/ros2_personal/install/action_2_tutorials/share/action_2_tutorials/cmake/rosidl_cmake_export_typesupport_libraries-extras.cmake
[4.728s] -- Up-to-date: /home/tcr3/ros2_personal/install/action_2_tutorials/share/action_2_tutorials/cmake/action_2_tutorialsConfig.cmake
[4.729s] -- Up-to-date: /home/tcr3/ros2_personal/install/action_2_tutorials/share/action_2_tutorials/cmake/action_2_tutorialsConfig-version.cmake
[4.729s] -- Up-to-date: /home/tcr3/ros2_personal/install/action_2_tutorials/share/action_2_tutorials/package.xml
[4.768s] Invoked command in '/home/tcr3/ros2_personal/build/action_2_tutorials' returned '0': /usr/bin/cmake --install /home/tcr3/ros2_personal/build/action_2_tutorials
