[0.394s] Invoking command in '/home/tcr3/ros2_personal/build/examples_rclcpp_wait_set': CMAKE_PREFIX_PATH=/opt/ros/humble /usr/bin/cmake --build /home/tcr3/ros2_personal/build/examples_rclcpp_wait_set -- -j4 -l4
[0.962s] [  8%] Built target talker
[0.981s] [ 25%] Built target wait_set_listener
[0.983s] [ 33%] Built target listener
[0.986s] [ 33%] Built target wait_set_talker
[1.239s] [ 41%] Built target static_wait_set
[1.260s] [ 50%] Built target wait_set
[1.285s] [ 58%] Built target wait_set_topics_and_timer
[1.354s] [ 66%] Built target thread_safe_wait_set
[1.531s] [ 75%] Built target executor_random_order
[1.551s] [ 83%] Built target wait_set_random_order
[1.649s] [ 91%] Built target wait_set_topics_with_different_rates
[1.712s] [100%] Built target wait_set_composed
[5.066s] Invoked command in '/home/tcr3/ros2_personal/build/examples_rclcpp_wait_set' returned '0': CMAKE_PREFIX_PATH=/opt/ros/humble /usr/bin/cmake --build /home/tcr3/ros2_personal/build/examples_rclcpp_wait_set -- -j4 -l4
[6.216s] Invoking command in '/home/tcr3/ros2_personal/build/examples_rclcpp_wait_set': CMAKE_PREFIX_PATH=/opt/ros/humble /usr/bin/cmake --install /home/tcr3/ros2_personal/build/examples_rclcpp_wait_set
[6.326s] -- Install configuration: ""
[6.342s] -- Up-to-date: /home/tcr3/ros2_personal/install/examples_rclcpp_wait_set/lib/examples_rclcpp_wait_set/wait_set_talker
[6.357s] -- Up-to-date: /home/tcr3/ros2_personal/install/examples_rclcpp_wait_set/lib/examples_rclcpp_wait_set/wait_set_listener
[6.369s] -- Up-to-date: /home/tcr3/ros2_personal/install/examples_rclcpp_wait_set/lib/libtalker.so
[6.381s] -- Up-to-date: /home/tcr3/ros2_personal/install/examples_rclcpp_wait_set/lib/liblistener.so
[6.389s] -- Up-to-date: /home/tcr3/ros2_personal/install/examples_rclcpp_wait_set/lib/examples_rclcpp_wait_set/wait_set
[6.400s] -- Up-to-date: /home/tcr3/ros2_personal/install/examples_rclcpp_wait_set/lib/examples_rclcpp_wait_set/static_wait_set
[6.410s] -- Up-to-date: /home/tcr3/ros2_personal/install/examples_rclcpp_wait_set/lib/examples_rclcpp_wait_set/thread_safe_wait_set
[6.420s] -- Up-to-date: /home/tcr3/ros2_personal/install/examples_rclcpp_wait_set/lib/examples_rclcpp_wait_set/wait_set_topics_and_timer
[6.428s] -- Up-to-date: /home/tcr3/ros2_personal/install/examples_rclcpp_wait_set/lib/examples_rclcpp_wait_set/wait_set_random_order
[6.436s] -- Up-to-date: /home/tcr3/ros2_personal/install/examples_rclcpp_wait_set/lib/examples_rclcpp_wait_set/executor_random_order
[6.442s] -- Up-to-date: /home/tcr3/ros2_personal/install/examples_rclcpp_wait_set/lib/examples_rclcpp_wait_set/wait_set_topics_with_different_rates
[6.448s] -- Up-to-date: /home/tcr3/ros2_personal/install/examples_rclcpp_wait_set/lib/examples_rclcpp_wait_set/wait_set_composed
[6.451s] -- Up-to-date: /home/tcr3/ros2_personal/install/examples_rclcpp_wait_set/share/ament_index/resource_index/package_run_dependencies/examples_rclcpp_wait_set
[6.453s] -- Up-to-date: /home/tcr3/ros2_personal/install/examples_rclcpp_wait_set/share/ament_index/resource_index/parent_prefix_path/examples_rclcpp_wait_set
[6.455s] -- Up-to-date: /home/tcr3/ros2_personal/install/examples_rclcpp_wait_set/share/examples_rclcpp_wait_set/environment/ament_prefix_path.sh
[6.457s] -- Up-to-date: /home/tcr3/ros2_personal/install/examples_rclcpp_wait_set/share/examples_rclcpp_wait_set/environment/ament_prefix_path.dsv
[6.463s] -- Up-to-date: /home/tcr3/ros2_personal/install/examples_rclcpp_wait_set/share/examples_rclcpp_wait_set/environment/path.sh
[6.467s] -- Up-to-date: /home/tcr3/ros2_personal/install/examples_rclcpp_wait_set/share/examples_rclcpp_wait_set/environment/path.dsv
[6.476s] -- Up-to-date: /home/tcr3/ros2_personal/install/examples_rclcpp_wait_set/share/examples_rclcpp_wait_set/local_setup.bash
[6.505s] -- Up-to-date: /home/tcr3/ros2_personal/install/examples_rclcpp_wait_set/share/examples_rclcpp_wait_set/local_setup.sh
[6.513s] -- Up-to-date: /home/tcr3/ros2_personal/install/examples_rclcpp_wait_set/share/examples_rclcpp_wait_set/local_setup.zsh
[6.519s] -- Up-to-date: /home/tcr3/ros2_personal/install/examples_rclcpp_wait_set/share/examples_rclcpp_wait_set/local_setup.dsv
[6.526s] -- Installing: /home/tcr3/ros2_personal/install/examples_rclcpp_wait_set/share/examples_rclcpp_wait_set/package.dsv
[6.531s] -- Up-to-date: /home/tcr3/ros2_personal/install/examples_rclcpp_wait_set/share/ament_index/resource_index/packages/examples_rclcpp_wait_set
[6.537s] -- Up-to-date: /home/tcr3/ros2_personal/install/examples_rclcpp_wait_set/share/ament_index/resource_index/rclcpp_components/examples_rclcpp_wait_set
[6.543s] -- Up-to-date: /home/tcr3/ros2_personal/install/examples_rclcpp_wait_set/share/examples_rclcpp_wait_set/cmake/examples_rclcpp_wait_setConfig.cmake
[6.549s] -- Up-to-date: /home/tcr3/ros2_personal/install/examples_rclcpp_wait_set/share/examples_rclcpp_wait_set/cmake/examples_rclcpp_wait_setConfig-version.cmake
[6.556s] -- Up-to-date: /home/tcr3/ros2_personal/install/examples_rclcpp_wait_set/share/examples_rclcpp_wait_set/package.xml
[6.582s] Invoked command in '/home/tcr3/ros2_personal/build/examples_rclcpp_wait_set' returned '0': CMAKE_PREFIX_PATH=/opt/ros/humble /usr/bin/cmake --install /home/tcr3/ros2_personal/build/examples_rclcpp_wait_set
