[0.072s] Invoking command in '/home/tcr3/ros2_personal/build/examples_rclcpp_cbg_executor': /usr/bin/cmake /home/tcr3/ros2_personal/src/src/examples/rclcpp/executors/cbg_executor -DAMENT_CMAKE_SYMLINK_INSTALL=1 -DCMAKE_INSTALL_PREFIX=/home/tcr3/ros2_personal/install/examples_rclcpp_cbg_executor
[0.272s] [31mCMake Error at CMakeLists.txt:13 (find_package):
[0.272s]   By not providing "Findament_cmake.cmake" in CMAKE_MODULE_PATH this project
[0.273s]   has asked CMake to find a package configuration file provided by
[0.273s]   "ament_cmake", but CMake did not find one.
[0.273s] 
[0.274s]   Could not find a package configuration file provided by "ament_cmake" with
[0.275s]   any of the following names:
[0.275s] 
[0.276s]     ament_cmakeConfig.cmake
[0.277s]     ament_cmake-config.cmake
[0.277s] 
[0.278s]   Add the installation prefix of "ament_cmake" to CMAKE_PREFIX_PATH or set
[0.279s]   "ament_cmake_DIR" to a directory containing one of the above files.  If
[0.279s]   "ament_cmake" provides a separate development package or SDK, be sure it
[0.280s]   has been installed.
[0.280s] 
[0.280s] [0m
[0.281s] -- Configuring incomplete, errors occurred!
[0.281s] See also "/home/tcr3/ros2_personal/build/examples_rclcpp_cbg_executor/CMakeFiles/CMakeOutput.log".
[0.295s] Invoked command in '/home/tcr3/ros2_personal/build/examples_rclcpp_cbg_executor' returned '1': /usr/bin/cmake /home/tcr3/ros2_personal/src/src/examples/rclcpp/executors/cbg_executor -DAMENT_CMAKE_SYMLINK_INSTALL=1 -DCMAKE_INSTALL_PREFIX=/home/tcr3/ros2_personal/install/examples_rclcpp_cbg_executor
