[0.057s] Invoking command in '/home/tcr3/ros2_personal/build/examples_rclcpp_minimal_timer': CMAKE_PREFIX_PATH=/opt/ros/humble /usr/bin/cmake /home/tcr3/ros2_personal/src/src/examples/rclcpp/timers/minimal_timer -DCMAKE_INSTALL_PREFIX=/home/tcr3/ros2_personal/install/examples_rclcpp_minimal_timer
[0.422s] -- The C compiler identification is GNU 11.2.0
[0.771s] -- The CXX compiler identification is GNU 11.2.0
[0.819s] -- Detecting C compiler ABI info
[1.346s] -- Detecting C compiler ABI info - done
[1.379s] -- Check for working C compiler: /usr/bin/cc - skipped
[1.383s] -- Detecting C compile features
[1.387s] -- Detecting C compile features - done
[1.406s] -- Detecting CXX compiler ABI info
[1.892s] -- Detecting CXX compiler ABI info - done
[1.928s] -- Check for working CXX compiler: /usr/bin/c++ - skipped
[1.931s] -- Detecting CXX compile features
[1.935s] -- Detecting CXX compile features - done
[1.966s] -- Found ament_cmake: 1.3.2 (/opt/ros/humble/share/ament_cmake/cmake)
[3.124s] -- Found Python3: /usr/bin/python3.10 (found version "3.10.6") found components: Interpreter 
[3.810s] -- Found rclcpp: 16.0.1 (/opt/ros/humble/share/rclcpp/cmake)
[4.296s] -- Found rosidl_generator_c: 3.1.3 (/opt/ros/humble/share/rosidl_generator_c/cmake)
[4.347s] -- Found rosidl_adapter: 3.1.3 (/opt/ros/humble/share/rosidl_adapter/cmake)
[4.427s] -- Found rosidl_generator_cpp: 3.1.3 (/opt/ros/humble/share/rosidl_generator_cpp/cmake)
[4.540s] -- Using all available rosidl_typesupport_c: rosidl_typesupport_fastrtps_c;rosidl_typesupport_introspection_c
[4.696s] -- Using all available rosidl_typesupport_cpp: rosidl_typesupport_fastrtps_cpp;rosidl_typesupport_introspection_cpp
[5.172s] -- Found rmw_implementation_cmake: 6.1.0 (/opt/ros/humble/share/rmw_implementation_cmake/cmake)
[5.203s] -- Found rmw_fastrtps_cpp: 6.2.1 (/opt/ros/humble/share/rmw_fastrtps_cpp/cmake)
[5.938s] -- Found OpenSSL: /usr/lib/aarch64-linux-gnu/libcrypto.so (found version "3.0.2")  
[6.226s] -- Found FastRTPS: /opt/ros/humble/include  
[6.713s] -- Using RMW implementation 'rmw_fastrtps_cpp' as default
[7.675s] -- Found ament_lint_auto: 0.12.4 (/opt/ros/humble/share/ament_lint_auto/cmake)
[8.350s] -- Added test 'copyright' to check source files copyright and LICENSE
[8.360s] -- Added test 'cppcheck' to perform static code analysis on C / C++ code
[8.362s] -- Configured cppcheck include dirs: 
[8.364s] -- Configured cppcheck exclude dirs and/or files: 
[8.373s] -- Added test 'cpplint' to check C / C++ code against the Google style
[8.374s] -- Configured cpplint exclude dirs and/or files: 
[8.381s] -- Added test 'lint_cmake' to check CMake code style
[8.391s] -- Added test 'uncrustify' to check C / C++ code style
[8.394s] -- Configured uncrustify additional arguments: 
[8.399s] -- Added test 'xmllint' to check XML markup files
[8.411s] -- Configuring done
[8.508s] -- Generating done
[8.524s] -- Build files have been written to: /home/tcr3/ros2_personal/build/examples_rclcpp_minimal_timer
[8.590s] Invoked command in '/home/tcr3/ros2_personal/build/examples_rclcpp_minimal_timer' returned '0': CMAKE_PREFIX_PATH=/opt/ros/humble /usr/bin/cmake /home/tcr3/ros2_personal/src/src/examples/rclcpp/timers/minimal_timer -DCMAKE_INSTALL_PREFIX=/home/tcr3/ros2_personal/install/examples_rclcpp_minimal_timer
[8.593s] Invoking command in '/home/tcr3/ros2_personal/build/examples_rclcpp_minimal_timer': CMAKE_PREFIX_PATH=/opt/ros/humble /usr/bin/cmake --build /home/tcr3/ros2_personal/build/examples_rclcpp_minimal_timer -- -j4 -l4
[8.884s] [ 25%] [32mBuilding CXX object CMakeFiles/timer_lambda.dir/lambda.cpp.o[0m
[28.561s] [ 50%] [32m[1mLinking CXX executable timer_lambda[0m
[29.268s] [ 50%] Built target timer_lambda
[29.535s] [ 75%] [32mBuilding CXX object CMakeFiles/timer_member_function.dir/member_function.cpp.o[0m
[48.671s] [100%] [32m[1mLinking CXX executable timer_member_function[0m
[49.463s] [100%] Built target timer_member_function
[49.528s] Invoked command in '/home/tcr3/ros2_personal/build/examples_rclcpp_minimal_timer' returned '0': CMAKE_PREFIX_PATH=/opt/ros/humble /usr/bin/cmake --build /home/tcr3/ros2_personal/build/examples_rclcpp_minimal_timer -- -j4 -l4
[49.734s] Invoking command in '/home/tcr3/ros2_personal/build/examples_rclcpp_minimal_timer': CMAKE_PREFIX_PATH=/opt/ros/humble /usr/bin/cmake --install /home/tcr3/ros2_personal/build/examples_rclcpp_minimal_timer
[49.786s] -- Install configuration: ""
[49.789s] -- Installing: /home/tcr3/ros2_personal/install/examples_rclcpp_minimal_timer/lib/examples_rclcpp_minimal_timer/timer_lambda
[49.794s] -- Set runtime path of "/home/tcr3/ros2_personal/install/examples_rclcpp_minimal_timer/lib/examples_rclcpp_minimal_timer/timer_lambda" to ""
[49.795s] -- Installing: /home/tcr3/ros2_personal/install/examples_rclcpp_minimal_timer/lib/examples_rclcpp_minimal_timer/timer_member_function
[49.800s] -- Set runtime path of "/home/tcr3/ros2_personal/install/examples_rclcpp_minimal_timer/lib/examples_rclcpp_minimal_timer/timer_member_function" to ""
[49.802s] -- Installing: /home/tcr3/ros2_personal/install/examples_rclcpp_minimal_timer/share/ament_index/resource_index/package_run_dependencies/examples_rclcpp_minimal_timer
[49.806s] -- Installing: /home/tcr3/ros2_personal/install/examples_rclcpp_minimal_timer/share/ament_index/resource_index/parent_prefix_path/examples_rclcpp_minimal_timer
[49.809s] -- Installing: /home/tcr3/ros2_personal/install/examples_rclcpp_minimal_timer/share/examples_rclcpp_minimal_timer/environment/ament_prefix_path.sh
[49.811s] -- Installing: /home/tcr3/ros2_personal/install/examples_rclcpp_minimal_timer/share/examples_rclcpp_minimal_timer/environment/ament_prefix_path.dsv
[49.814s] -- Installing: /home/tcr3/ros2_personal/install/examples_rclcpp_minimal_timer/share/examples_rclcpp_minimal_timer/environment/path.sh
[49.816s] -- Installing: /home/tcr3/ros2_personal/install/examples_rclcpp_minimal_timer/share/examples_rclcpp_minimal_timer/environment/path.dsv
[49.818s] -- Installing: /home/tcr3/ros2_personal/install/examples_rclcpp_minimal_timer/share/examples_rclcpp_minimal_timer/local_setup.bash
[49.820s] -- Installing: /home/tcr3/ros2_personal/install/examples_rclcpp_minimal_timer/share/examples_rclcpp_minimal_timer/local_setup.sh
[49.823s] -- Installing: /home/tcr3/ros2_personal/install/examples_rclcpp_minimal_timer/share/examples_rclcpp_minimal_timer/local_setup.zsh
[49.825s] -- Installing: /home/tcr3/ros2_personal/install/examples_rclcpp_minimal_timer/share/examples_rclcpp_minimal_timer/local_setup.dsv
[49.827s] -- Installing: /home/tcr3/ros2_personal/install/examples_rclcpp_minimal_timer/share/examples_rclcpp_minimal_timer/package.dsv
[49.830s] -- Installing: /home/tcr3/ros2_personal/install/examples_rclcpp_minimal_timer/share/ament_index/resource_index/packages/examples_rclcpp_minimal_timer
[49.833s] -- Installing: /home/tcr3/ros2_personal/install/examples_rclcpp_minimal_timer/share/examples_rclcpp_minimal_timer/cmake/examples_rclcpp_minimal_timerConfig.cmake
[49.835s] -- Installing: /home/tcr3/ros2_personal/install/examples_rclcpp_minimal_timer/share/examples_rclcpp_minimal_timer/cmake/examples_rclcpp_minimal_timerConfig-version.cmake
[49.837s] -- Installing: /home/tcr3/ros2_personal/install/examples_rclcpp_minimal_timer/share/examples_rclcpp_minimal_timer/package.xml
[49.860s] Invoked command in '/home/tcr3/ros2_personal/build/examples_rclcpp_minimal_timer' returned '0': CMAKE_PREFIX_PATH=/opt/ros/humble /usr/bin/cmake --install /home/tcr3/ros2_personal/build/examples_rclcpp_minimal_timer
