[0.112s] Invoking command in '/home/tcr3/ros2_personal/build/action_tutorials': /usr/bin/cmake --build /home/tcr3/ros2_personal/build/action_tutorials -- -j4 -l4
[0.931s] [  0%] Built target ament_cmake_python_copy_action_tutorials
[0.960s] [  3%] Built target action_tutorials__cpp
[1.074s] [ 12%] Built target action_tutorials__rosidl_generator_c
[1.183s] [ 22%] Built target action_tutorials__rosidl_typesupport_cpp
[1.394s] [ 32%] Built target action_tutorials__rosidl_typesupport_introspection_cpp
[1.483s] [ 41%] Built target action_tutorials__rosidl_typesupport_fastrtps_c
[1.487s] [ 51%] Built target action_tutorials__rosidl_typesupport_fastrtps_cpp
[1.619s] [ 61%] Built target action_tutorials__rosidl_typesupport_introspection_c
[1.789s] [ 70%] Built target action_tutorials__rosidl_typesupport_c
[1.949s] [ 70%] Built target action_tutorials
[2.122s] [ 74%] Built target action_tutorials__py
[2.335s] [ 80%] Built target action_tutorials__rosidl_generator_py
[2.588s] [ 87%] Built target action_tutorials__rosidl_typesupport_fastrtps_c__pyext
[2.662s] [ 93%] Built target action_tutorials__rosidl_typesupport_introspection_c__pyext
[2.704s] [100%] Built target action_tutorials__rosidl_typesupport_c__pyext
[3.026s] running egg_info
[3.030s] writing action_tutorials.egg-info/PKG-INFO
[3.033s] writing dependency_links to action_tutorials.egg-info/dependency_links.txt
[3.037s] writing top-level names to action_tutorials.egg-info/top_level.txt
[3.078s] reading manifest file 'action_tutorials.egg-info/SOURCES.txt'
[3.078s] writing manifest file 'action_tutorials.egg-info/SOURCES.txt'
[3.297s] [100%] Built target ament_cmake_python_build_action_tutorials_egg
[3.405s] Invoked command in '/home/tcr3/ros2_personal/build/action_tutorials' returned '0': /usr/bin/cmake --build /home/tcr3/ros2_personal/build/action_tutorials -- -j4 -l4
[3.877s] Invoking command in '/home/tcr3/ros2_personal/build/action_tutorials': /usr/bin/cmake --install /home/tcr3/ros2_personal/build/action_tutorials
[3.939s] -- Install configuration: ""
[3.945s] -- Up-to-date: /home/tcr3/ros2_personal/install/action_tutorials/share/ament_index/resource_index/rosidl_interfaces/action_tutorials
[3.947s] -- Up-to-date: /home/tcr3/ros2_personal/install/action_tutorials/include/action_tutorials/action_tutorials
[3.950s] -- Up-to-date: /home/tcr3/ros2_personal/install/action_tutorials/include/action_tutorials/action_tutorials/msg
[3.955s] -- Up-to-date: /home/tcr3/ros2_personal/install/action_tutorials/include/action_tutorials/action_tutorials/msg/rosidl_generator_c__visibility_control.h
[3.963s] -- Up-to-date: /home/tcr3/ros2_personal/install/action_tutorials/include/action_tutorials/action_tutorials/action
[3.969s] -- Up-to-date: /home/tcr3/ros2_personal/install/action_tutorials/include/action_tutorials/action_tutorials/action/fibonacci.h
[3.969s] -- Up-to-date: /home/tcr3/ros2_personal/install/action_tutorials/include/action_tutorials/action_tutorials/action/detail
[3.989s] -- Up-to-date: /home/tcr3/ros2_personal/install/action_tutorials/include/action_tutorials/action_tutorials/action/detail/fibonacci__struct.h
[3.990s] -- Up-to-date: /home/tcr3/ros2_personal/install/action_tutorials/include/action_tutorials/action_tutorials/action/detail/fibonacci__type_support.h
[3.990s] -- Up-to-date: /home/tcr3/ros2_personal/install/action_tutorials/include/action_tutorials/action_tutorials/action/detail/fibonacci__functions.h
[3.991s] -- Up-to-date: /home/tcr3/ros2_personal/install/action_tutorials/include/action_tutorials/action_tutorials/action/detail/fibonacci__functions.c
[3.992s] -- Up-to-date: /home/tcr3/ros2_personal/install/action_tutorials/share/action_tutorials/environment/library_path.sh
[3.992s] -- Up-to-date: /home/tcr3/ros2_personal/install/action_tutorials/share/action_tutorials/environment/library_path.dsv
[3.993s] -- Up-to-date: /home/tcr3/ros2_personal/install/action_tutorials/lib/libaction_tutorials__rosidl_generator_c.so
[3.993s] -- Up-to-date: /home/tcr3/ros2_personal/install/action_tutorials/include/action_tutorials/action_tutorials
[3.993s] -- Up-to-date: /home/tcr3/ros2_personal/install/action_tutorials/include/action_tutorials/action_tutorials/msg
[3.994s] -- Up-to-date: /home/tcr3/ros2_personal/install/action_tutorials/include/action_tutorials/action_tutorials/msg/rosidl_typesupport_fastrtps_c__visibility_control.h
[3.994s] -- Up-to-date: /home/tcr3/ros2_personal/install/action_tutorials/include/action_tutorials/action_tutorials/action
[3.995s] -- Up-to-date: /home/tcr3/ros2_personal/install/action_tutorials/include/action_tutorials/action_tutorials/action/detail
[3.995s] -- Up-to-date: /home/tcr3/ros2_personal/install/action_tutorials/include/action_tutorials/action_tutorials/action/detail/fibonacci__rosidl_typesupport_fastrtps_c.h
[3.996s] -- Up-to-date: /home/tcr3/ros2_personal/install/action_tutorials/lib/libaction_tutorials__rosidl_typesupport_fastrtps_c.so
[3.999s] -- Up-to-date: /home/tcr3/ros2_personal/install/action_tutorials/include/action_tutorials/action_tutorials
[4.000s] -- Up-to-date: /home/tcr3/ros2_personal/install/action_tutorials/include/action_tutorials/action_tutorials/msg
[4.000s] -- Up-to-date: /home/tcr3/ros2_personal/install/action_tutorials/include/action_tutorials/action_tutorials/msg/rosidl_typesupport_introspection_c__visibility_control.h
[4.000s] -- Up-to-date: /home/tcr3/ros2_personal/install/action_tutorials/include/action_tutorials/action_tutorials/action
[4.001s] -- Up-to-date: /home/tcr3/ros2_personal/install/action_tutorials/include/action_tutorials/action_tutorials/action/detail
[4.011s] -- Up-to-date: /home/tcr3/ros2_personal/install/action_tutorials/include/action_tutorials/action_tutorials/action/detail/fibonacci__rosidl_typesupport_introspection_c.h
[4.013s] -- Up-to-date: /home/tcr3/ros2_personal/install/action_tutorials/include/action_tutorials/action_tutorials/action/detail/fibonacci__type_support.c
[4.017s] -- Up-to-date: /home/tcr3/ros2_personal/install/action_tutorials/lib/libaction_tutorials__rosidl_typesupport_introspection_c.so
[4.024s] -- Up-to-date: /home/tcr3/ros2_personal/install/action_tutorials/lib/libaction_tutorials__rosidl_typesupport_c.so
[4.025s] -- Up-to-date: /home/tcr3/ros2_personal/install/action_tutorials/include/action_tutorials/action_tutorials
[4.034s] -- Up-to-date: /home/tcr3/ros2_personal/install/action_tutorials/include/action_tutorials/action_tutorials/action
[4.034s] -- Up-to-date: /home/tcr3/ros2_personal/install/action_tutorials/include/action_tutorials/action_tutorials/action/fibonacci.hpp
[4.037s] -- Up-to-date: /home/tcr3/ros2_personal/install/action_tutorials/include/action_tutorials/action_tutorials/action/detail
[4.038s] -- Up-to-date: /home/tcr3/ros2_personal/install/action_tutorials/include/action_tutorials/action_tutorials/action/detail/fibonacci__builder.hpp
[4.039s] -- Up-to-date: /home/tcr3/ros2_personal/install/action_tutorials/include/action_tutorials/action_tutorials/action/detail/fibonacci__traits.hpp
[4.047s] -- Up-to-date: /home/tcr3/ros2_personal/install/action_tutorials/include/action_tutorials/action_tutorials/action/detail/fibonacci__struct.hpp
[4.053s] -- Up-to-date: /home/tcr3/ros2_personal/install/action_tutorials/include/action_tutorials/action_tutorials
[4.055s] -- Up-to-date: /home/tcr3/ros2_personal/install/action_tutorials/include/action_tutorials/action_tutorials/msg
[4.057s] -- Up-to-date: /home/tcr3/ros2_personal/install/action_tutorials/include/action_tutorials/action_tutorials/msg/rosidl_typesupport_fastrtps_cpp__visibility_control.h
[4.058s] -- Up-to-date: /home/tcr3/ros2_personal/install/action_tutorials/include/action_tutorials/action_tutorials/action
[4.060s] -- Up-to-date: /home/tcr3/ros2_personal/install/action_tutorials/include/action_tutorials/action_tutorials/action/detail
[4.062s] -- Up-to-date: /home/tcr3/ros2_personal/install/action_tutorials/include/action_tutorials/action_tutorials/action/detail/fibonacci__rosidl_typesupport_fastrtps_cpp.hpp
[4.064s] -- Up-to-date: /home/tcr3/ros2_personal/install/action_tutorials/include/action_tutorials/action_tutorials/action/detail/dds_fastrtps
[4.065s] -- Up-to-date: /home/tcr3/ros2_personal/install/action_tutorials/lib/libaction_tutorials__rosidl_typesupport_fastrtps_cpp.so
[4.065s] -- Up-to-date: /home/tcr3/ros2_personal/install/action_tutorials/include/action_tutorials/action_tutorials
[4.066s] -- Up-to-date: /home/tcr3/ros2_personal/install/action_tutorials/include/action_tutorials/action_tutorials/action
[4.067s] -- Up-to-date: /home/tcr3/ros2_personal/install/action_tutorials/include/action_tutorials/action_tutorials/action/detail
[4.068s] -- Up-to-date: /home/tcr3/ros2_personal/install/action_tutorials/include/action_tutorials/action_tutorials/action/detail/fibonacci__rosidl_typesupport_introspection_cpp.hpp
[4.071s] -- Up-to-date: /home/tcr3/ros2_personal/install/action_tutorials/include/action_tutorials/action_tutorials/action/detail/fibonacci__type_support.cpp
[4.073s] -- Up-to-date: /home/tcr3/ros2_personal/install/action_tutorials/lib/libaction_tutorials__rosidl_typesupport_introspection_cpp.so
[4.073s] -- Up-to-date: /home/tcr3/ros2_personal/install/action_tutorials/lib/libaction_tutorials__rosidl_typesupport_cpp.so
[4.074s] -- Up-to-date: /home/tcr3/ros2_personal/install/action_tutorials/share/action_tutorials/environment/pythonpath.sh
[4.075s] -- Up-to-date: /home/tcr3/ros2_personal/install/action_tutorials/share/action_tutorials/environment/pythonpath.dsv
[4.075s] -- Up-to-date: /home/tcr3/ros2_personal/install/action_tutorials/local/lib/python3.10/dist-packages/action_tutorials-0.0.0-py3.10.egg-info
[4.076s] -- Installing: /home/tcr3/ros2_personal/install/action_tutorials/local/lib/python3.10/dist-packages/action_tutorials-0.0.0-py3.10.egg-info/PKG-INFO
[4.077s] -- Installing: /home/tcr3/ros2_personal/install/action_tutorials/local/lib/python3.10/dist-packages/action_tutorials-0.0.0-py3.10.egg-info/SOURCES.txt
[4.079s] -- Installing: /home/tcr3/ros2_personal/install/action_tutorials/local/lib/python3.10/dist-packages/action_tutorials-0.0.0-py3.10.egg-info/dependency_links.txt
[4.079s] -- Installing: /home/tcr3/ros2_personal/install/action_tutorials/local/lib/python3.10/dist-packages/action_tutorials-0.0.0-py3.10.egg-info/top_level.txt
[4.080s] -- Up-to-date: /home/tcr3/ros2_personal/install/action_tutorials/local/lib/python3.10/dist-packages/action_tutorials
[4.080s] -- Up-to-date: /home/tcr3/ros2_personal/install/action_tutorials/local/lib/python3.10/dist-packages/action_tutorials/action_tutorials_s__rosidl_typesupport_introspection_c.cpython-310-aarch64-linux-gnu.so
[4.081s] -- Up-to-date: /home/tcr3/ros2_personal/install/action_tutorials/local/lib/python3.10/dist-packages/action_tutorials/_action_tutorials_s.ep.rosidl_typesupport_introspection_c.c
[4.081s] -- Up-to-date: /home/tcr3/ros2_personal/install/action_tutorials/local/lib/python3.10/dist-packages/action_tutorials/_action_tutorials_s.ep.rosidl_typesupport_c.c
[4.081s] -- Up-to-date: /home/tcr3/ros2_personal/install/action_tutorials/local/lib/python3.10/dist-packages/action_tutorials/_action_tutorials_s.ep.rosidl_typesupport_fastrtps_c.c
[4.082s] -- Up-to-date: /home/tcr3/ros2_personal/install/action_tutorials/local/lib/python3.10/dist-packages/action_tutorials/action_tutorials_s__rosidl_typesupport_fastrtps_c.cpython-310-aarch64-linux-gnu.so
[4.082s] -- Up-to-date: /home/tcr3/ros2_personal/install/action_tutorials/local/lib/python3.10/dist-packages/action_tutorials/libaction_tutorials__rosidl_generator_py.so
[4.082s] -- Up-to-date: /home/tcr3/ros2_personal/install/action_tutorials/local/lib/python3.10/dist-packages/action_tutorials/action_tutorials_s__rosidl_typesupport_c.cpython-310-aarch64-linux-gnu.so
[4.083s] -- Up-to-date: /home/tcr3/ros2_personal/install/action_tutorials/local/lib/python3.10/dist-packages/action_tutorials/action
[4.083s] -- Up-to-date: /home/tcr3/ros2_personal/install/action_tutorials/local/lib/python3.10/dist-packages/action_tutorials/action/_fibonacci_s.c
[4.088s] -- Up-to-date: /home/tcr3/ros2_personal/install/action_tutorials/local/lib/python3.10/dist-packages/action_tutorials/action/_fibonacci.py
[4.095s] -- Up-to-date: /home/tcr3/ros2_personal/install/action_tutorials/local/lib/python3.10/dist-packages/action_tutorials/action/__init__.py
[4.098s] -- Up-to-date: /home/tcr3/ros2_personal/install/action_tutorials/local/lib/python3.10/dist-packages/action_tutorials/__init__.py
[4.173s] Listing '/home/tcr3/ros2_personal/install/action_tutorials/local/lib/python3.10/dist-packages/action_tutorials'...
[4.175s] Listing '/home/tcr3/ros2_personal/install/action_tutorials/local/lib/python3.10/dist-packages/action_tutorials/action'...
[4.209s] -- Up-to-date: /home/tcr3/ros2_personal/install/action_tutorials/local/lib/python3.10/dist-packages/action_tutorials/action_tutorials_s__rosidl_typesupport_fastrtps_c.cpython-310-aarch64-linux-gnu.so
[4.214s] -- Up-to-date: /home/tcr3/ros2_personal/install/action_tutorials/local/lib/python3.10/dist-packages/action_tutorials/action_tutorials_s__rosidl_typesupport_introspection_c.cpython-310-aarch64-linux-gnu.so
[4.216s] -- Up-to-date: /home/tcr3/ros2_personal/install/action_tutorials/local/lib/python3.10/dist-packages/action_tutorials/action_tutorials_s__rosidl_typesupport_c.cpython-310-aarch64-linux-gnu.so
[4.218s] -- Up-to-date: /home/tcr3/ros2_personal/install/action_tutorials/lib/libaction_tutorials__rosidl_generator_py.so
[4.219s] -- Up-to-date: /home/tcr3/ros2_personal/install/action_tutorials/share/action_tutorials/action/Fibonacci.idl
[4.221s] -- Up-to-date: /home/tcr3/ros2_personal/install/action_tutorials/share/action_tutorials/action/Fibonacci.action
[4.227s] -- Up-to-date: /home/tcr3/ros2_personal/install/action_tutorials/share/ament_index/resource_index/package_run_dependencies/action_tutorials
[4.228s] -- Up-to-date: /home/tcr3/ros2_personal/install/action_tutorials/share/ament_index/resource_index/parent_prefix_path/action_tutorials
[4.230s] -- Up-to-date: /home/tcr3/ros2_personal/install/action_tutorials/share/action_tutorials/environment/ament_prefix_path.sh
[4.231s] -- Up-to-date: /home/tcr3/ros2_personal/install/action_tutorials/share/action_tutorials/environment/ament_prefix_path.dsv
[4.232s] -- Up-to-date: /home/tcr3/ros2_personal/install/action_tutorials/share/action_tutorials/environment/path.sh
[4.233s] -- Up-to-date: /home/tcr3/ros2_personal/install/action_tutorials/share/action_tutorials/environment/path.dsv
[4.234s] -- Up-to-date: /home/tcr3/ros2_personal/install/action_tutorials/share/action_tutorials/local_setup.bash
[4.234s] -- Up-to-date: /home/tcr3/ros2_personal/install/action_tutorials/share/action_tutorials/local_setup.sh
[4.235s] -- Up-to-date: /home/tcr3/ros2_personal/install/action_tutorials/share/action_tutorials/local_setup.zsh
[4.241s] -- Up-to-date: /home/tcr3/ros2_personal/install/action_tutorials/share/action_tutorials/local_setup.dsv
[4.244s] -- Installing: /home/tcr3/ros2_personal/install/action_tutorials/share/action_tutorials/package.dsv
[4.245s] -- Up-to-date: /home/tcr3/ros2_personal/install/action_tutorials/share/ament_index/resource_index/packages/action_tutorials
[4.246s] -- Up-to-date: /home/tcr3/ros2_personal/install/action_tutorials/share/action_tutorials/cmake/export_action_tutorials__rosidl_generator_cExport.cmake
[4.248s] -- Up-to-date: /home/tcr3/ros2_personal/install/action_tutorials/share/action_tutorials/cmake/export_action_tutorials__rosidl_generator_cExport-noconfig.cmake
[4.250s] -- Up-to-date: /home/tcr3/ros2_personal/install/action_tutorials/share/action_tutorials/cmake/export_action_tutorials__rosidl_typesupport_fastrtps_cExport.cmake
[4.250s] -- Up-to-date: /home/tcr3/ros2_personal/install/action_tutorials/share/action_tutorials/cmake/export_action_tutorials__rosidl_typesupport_fastrtps_cExport-noconfig.cmake
[4.252s] -- Up-to-date: /home/tcr3/ros2_personal/install/action_tutorials/share/action_tutorials/cmake/action_tutorials__rosidl_typesupport_introspection_cExport.cmake
[4.253s] -- Up-to-date: /home/tcr3/ros2_personal/install/action_tutorials/share/action_tutorials/cmake/action_tutorials__rosidl_typesupport_introspection_cExport-noconfig.cmake
[4.254s] -- Up-to-date: /home/tcr3/ros2_personal/install/action_tutorials/share/action_tutorials/cmake/action_tutorials__rosidl_typesupport_cExport.cmake
[4.257s] -- Up-to-date: /home/tcr3/ros2_personal/install/action_tutorials/share/action_tutorials/cmake/action_tutorials__rosidl_typesupport_cExport-noconfig.cmake
[4.258s] -- Up-to-date: /home/tcr3/ros2_personal/install/action_tutorials/share/action_tutorials/cmake/export_action_tutorials__rosidl_generator_cppExport.cmake
[4.259s] -- Up-to-date: /home/tcr3/ros2_personal/install/action_tutorials/share/action_tutorials/cmake/export_action_tutorials__rosidl_typesupport_fastrtps_cppExport.cmake
[4.263s] -- Up-to-date: /home/tcr3/ros2_personal/install/action_tutorials/share/action_tutorials/cmake/export_action_tutorials__rosidl_typesupport_fastrtps_cppExport-noconfig.cmake
[4.272s] -- Up-to-date: /home/tcr3/ros2_personal/install/action_tutorials/share/action_tutorials/cmake/action_tutorials__rosidl_typesupport_introspection_cppExport.cmake
[4.278s] -- Up-to-date: /home/tcr3/ros2_personal/install/action_tutorials/share/action_tutorials/cmake/action_tutorials__rosidl_typesupport_introspection_cppExport-noconfig.cmake
[4.279s] -- Up-to-date: /home/tcr3/ros2_personal/install/action_tutorials/share/action_tutorials/cmake/action_tutorials__rosidl_typesupport_cppExport.cmake
[4.279s] -- Up-to-date: /home/tcr3/ros2_personal/install/action_tutorials/share/action_tutorials/cmake/action_tutorials__rosidl_typesupport_cppExport-noconfig.cmake
[4.280s] -- Up-to-date: /home/tcr3/ros2_personal/install/action_tutorials/share/action_tutorials/cmake/export_action_tutorials__rosidl_generator_pyExport.cmake
[4.281s] -- Up-to-date: /home/tcr3/ros2_personal/install/action_tutorials/share/action_tutorials/cmake/export_action_tutorials__rosidl_generator_pyExport-noconfig.cmake
[4.282s] -- Up-to-date: /home/tcr3/ros2_personal/install/action_tutorials/share/action_tutorials/cmake/rosidl_cmake-extras.cmake
[4.284s] -- Up-to-date: /home/tcr3/ros2_personal/install/action_tutorials/share/action_tutorials/cmake/ament_cmake_export_dependencies-extras.cmake
[4.285s] -- Up-to-date: /home/tcr3/ros2_personal/install/action_tutorials/share/action_tutorials/cmake/ament_cmake_export_include_directories-extras.cmake
[4.287s] -- Up-to-date: /home/tcr3/ros2_personal/install/action_tutorials/share/action_tutorials/cmake/ament_cmake_export_libraries-extras.cmake
[4.299s] -- Up-to-date: /home/tcr3/ros2_personal/install/action_tutorials/share/action_tutorials/cmake/ament_cmake_export_targets-extras.cmake
[4.300s] -- Up-to-date: /home/tcr3/ros2_personal/install/action_tutorials/share/action_tutorials/cmake/rosidl_cmake_export_typesupport_targets-extras.cmake
[4.301s] -- Up-to-date: /home/tcr3/ros2_personal/install/action_tutorials/share/action_tutorials/cmake/rosidl_cmake_export_typesupport_libraries-extras.cmake
[4.301s] -- Up-to-date: /home/tcr3/ros2_personal/install/action_tutorials/share/action_tutorials/cmake/action_tutorialsConfig.cmake
[4.302s] -- Up-to-date: /home/tcr3/ros2_personal/install/action_tutorials/share/action_tutorials/cmake/action_tutorialsConfig-version.cmake
[4.303s] -- Up-to-date: /home/tcr3/ros2_personal/install/action_tutorials/share/action_tutorials/package.xml
[4.304s] Invoked command in '/home/tcr3/ros2_personal/build/action_tutorials' returned '0': /usr/bin/cmake --install /home/tcr3/ros2_personal/build/action_tutorials
