[0.186s] Invoking command in '/home/tcr3/ros2_personal/build/examples_rclcpp_async_client': CMAKE_PREFIX_PATH=${CMAKE_PREFIX_PATH}:/home/tcr3/ros2_personal/install/launch_testing_examples:/home/tcr3/ros2_personal/install/examples_rclpy_pointcloud_publisher:/home/tcr3/ros2_personal/install/examples_rclpy_minimal_subscriber:/home/tcr3/ros2_personal/install/examples_rclpy_minimal_service:/home/tcr3/ros2_personal/install/examples_rclpy_minimal_publisher:/home/tcr3/ros2_personal/install/examples_rclpy_minimal_client:/home/tcr3/ros2_personal/install/examples_rclpy_minimal_action_server:/home/tcr3/ros2_personal/install/examples_rclpy_minimal_action_client:/home/tcr3/ros2_personal/install/examples_rclpy_guard_conditions:/home/tcr3/ros2_personal/install/examples_rclpy_executors:/opt/ros/humble /usr/bin/cmake --build /home/tcr3/ros2_personal/build/examples_rclcpp_async_client -- -j4 -l4
[0.450s] [35m[1mConsolidate compiler generated dependencies of target client_main[0m
[0.717s] [100%] Built target client_main
[0.812s] Invoked command in '/home/tcr3/ros2_personal/build/examples_rclcpp_async_client' returned '0': CMAKE_PREFIX_PATH=${CMAKE_PREFIX_PATH}:/home/tcr3/ros2_personal/install/launch_testing_examples:/home/tcr3/ros2_personal/install/examples_rclpy_pointcloud_publisher:/home/tcr3/ros2_personal/install/examples_rclpy_minimal_subscriber:/home/tcr3/ros2_personal/install/examples_rclpy_minimal_service:/home/tcr3/ros2_personal/install/examples_rclpy_minimal_publisher:/home/tcr3/ros2_personal/install/examples_rclpy_minimal_client:/home/tcr3/ros2_personal/install/examples_rclpy_minimal_action_server:/home/tcr3/ros2_personal/install/examples_rclpy_minimal_action_client:/home/tcr3/ros2_personal/install/examples_rclpy_guard_conditions:/home/tcr3/ros2_personal/install/examples_rclpy_executors:/opt/ros/humble /usr/bin/cmake --build /home/tcr3/ros2_personal/build/examples_rclcpp_async_client -- -j4 -l4
[1.046s] Invoking command in '/home/tcr3/ros2_personal/build/examples_rclcpp_async_client': CMAKE_PREFIX_PATH=${CMAKE_PREFIX_PATH}:/home/tcr3/ros2_personal/install/launch_testing_examples:/home/tcr3/ros2_personal/install/examples_rclpy_pointcloud_publisher:/home/tcr3/ros2_personal/install/examples_rclpy_minimal_subscriber:/home/tcr3/ros2_personal/install/examples_rclpy_minimal_service:/home/tcr3/ros2_personal/install/examples_rclpy_minimal_publisher:/home/tcr3/ros2_personal/install/examples_rclpy_minimal_client:/home/tcr3/ros2_personal/install/examples_rclpy_minimal_action_server:/home/tcr3/ros2_personal/install/examples_rclpy_minimal_action_client:/home/tcr3/ros2_personal/install/examples_rclpy_guard_conditions:/home/tcr3/ros2_personal/install/examples_rclpy_executors:/opt/ros/humble /usr/bin/cmake --install /home/tcr3/ros2_personal/build/examples_rclcpp_async_client
[1.089s] -- Install configuration: ""
[1.091s] -- Execute custom install script
[1.092s] -- Up-to-date symlink: /home/tcr3/ros2_personal/install/examples_rclcpp_async_client/lib/examples_rclcpp_async_client/client_main
[1.092s] -- Up-to-date symlink: /home/tcr3/ros2_personal/install/examples_rclcpp_async_client/share/ament_index/resource_index/package_run_dependencies/examples_rclcpp_async_client
[1.093s] -- Up-to-date symlink: /home/tcr3/ros2_personal/install/examples_rclcpp_async_client/share/ament_index/resource_index/parent_prefix_path/examples_rclcpp_async_client
[1.094s] -- Up-to-date symlink: /home/tcr3/ros2_personal/install/examples_rclcpp_async_client/share/examples_rclcpp_async_client/environment/ament_prefix_path.sh
[1.095s] -- Up-to-date symlink: /home/tcr3/ros2_personal/install/examples_rclcpp_async_client/share/examples_rclcpp_async_client/environment/ament_prefix_path.dsv
[1.095s] -- Up-to-date symlink: /home/tcr3/ros2_personal/install/examples_rclcpp_async_client/share/examples_rclcpp_async_client/environment/path.sh
[1.097s] -- Up-to-date symlink: /home/tcr3/ros2_personal/install/examples_rclcpp_async_client/share/examples_rclcpp_async_client/environment/path.dsv
[1.100s] -- Up-to-date symlink: /home/tcr3/ros2_personal/install/examples_rclcpp_async_client/share/examples_rclcpp_async_client/local_setup.bash
[1.103s] -- Up-to-date symlink: /home/tcr3/ros2_personal/install/examples_rclcpp_async_client/share/examples_rclcpp_async_client/local_setup.sh
[1.104s] -- Up-to-date symlink: /home/tcr3/ros2_personal/install/examples_rclcpp_async_client/share/examples_rclcpp_async_client/local_setup.zsh
[1.106s] -- Up-to-date symlink: /home/tcr3/ros2_personal/install/examples_rclcpp_async_client/share/examples_rclcpp_async_client/local_setup.dsv
[1.107s] -- Symlinking: /home/tcr3/ros2_personal/install/examples_rclcpp_async_client/share/examples_rclcpp_async_client/package.dsv
[1.151s] -- Up-to-date symlink: /home/tcr3/ros2_personal/install/examples_rclcpp_async_client/share/ament_index/resource_index/packages/examples_rclcpp_async_client
[1.151s] -- Up-to-date symlink: /home/tcr3/ros2_personal/install/examples_rclcpp_async_client/share/examples_rclcpp_async_client/cmake/examples_rclcpp_async_clientConfig.cmake
[1.152s] -- Up-to-date symlink: /home/tcr3/ros2_personal/install/examples_rclcpp_async_client/share/examples_rclcpp_async_client/cmake/examples_rclcpp_async_clientConfig-version.cmake
[1.155s] -- Up-to-date symlink: /home/tcr3/ros2_personal/install/examples_rclcpp_async_client/share/examples_rclcpp_async_client/package.xml
[1.173s] Invoked command in '/home/tcr3/ros2_personal/build/examples_rclcpp_async_client' returned '0': CMAKE_PREFIX_PATH=${CMAKE_PREFIX_PATH}:/home/tcr3/ros2_personal/install/launch_testing_examples:/home/tcr3/ros2_personal/install/examples_rclpy_pointcloud_publisher:/home/tcr3/ros2_personal/install/examples_rclpy_minimal_subscriber:/home/tcr3/ros2_personal/install/examples_rclpy_minimal_service:/home/tcr3/ros2_personal/install/examples_rclpy_minimal_publisher:/home/tcr3/ros2_personal/install/examples_rclpy_minimal_client:/home/tcr3/ros2_personal/install/examples_rclpy_minimal_action_server:/home/tcr3/ros2_personal/install/examples_rclpy_minimal_action_client:/home/tcr3/ros2_personal/install/examples_rclpy_guard_conditions:/home/tcr3/ros2_personal/install/examples_rclpy_executors:/opt/ros/humble /usr/bin/cmake --install /home/tcr3/ros2_personal/build/examples_rclcpp_async_client
