[5.113s] Invoking command in '/home/tcr3/ros2_personal/src/src/examples/rclpy/topics/pointcloud_publisher': PYTHONPATH=/home/tcr3/ros2_personal/install/examples_rclpy_pointcloud_publisher/lib/python3.10/site-packages:${PYTHONPATH} /usr/bin/python3 setup.py egg_info --egg-base ../../../../../../build/examples_rclpy_pointcloud_publisher build --build-base /home/tcr3/ros2_personal/build/examples_rclpy_pointcloud_publisher/build install --prefix /home/tcr3/ros2_personal/install/examples_rclpy_pointcloud_publisher --record /home/tcr3/ros2_personal/build/examples_rclpy_pointcloud_publisher/install.log --single-version-externally-managed
[6.602s] running egg_info
[6.605s] writing ../../../../../../build/examples_rclpy_pointcloud_publisher/examples_rclpy_pointcloud_publisher.egg-info/PKG-INFO
[6.607s] writing dependency_links to ../../../../../../build/examples_rclpy_pointcloud_publisher/examples_rclpy_pointcloud_publisher.egg-info/dependency_links.txt
[6.608s] writing entry points to ../../../../../../build/examples_rclpy_pointcloud_publisher/examples_rclpy_pointcloud_publisher.egg-info/entry_points.txt
[6.610s] writing requirements to ../../../../../../build/examples_rclpy_pointcloud_publisher/examples_rclpy_pointcloud_publisher.egg-info/requires.txt
[6.611s] writing top-level names to ../../../../../../build/examples_rclpy_pointcloud_publisher/examples_rclpy_pointcloud_publisher.egg-info/top_level.txt
[6.620s] reading manifest file '../../../../../../build/examples_rclpy_pointcloud_publisher/examples_rclpy_pointcloud_publisher.egg-info/SOURCES.txt'
[6.626s] writing manifest file '../../../../../../build/examples_rclpy_pointcloud_publisher/examples_rclpy_pointcloud_publisher.egg-info/SOURCES.txt'
[6.627s] running build
[6.628s] running build_py
[6.629s] running install
[6.630s] /usr/lib/python3/dist-packages/setuptools/command/install.py:34: SetuptoolsDeprecationWarning: setup.py install is deprecated. Use build and pip and other standards-based tools.
[6.631s]   warnings.warn(
[6.631s] running install_lib
[6.638s] running install_data
[6.640s] running install_egg_info
[6.649s] removing '/home/tcr3/ros2_personal/install/examples_rclpy_pointcloud_publisher/lib/python3.10/site-packages/examples_rclpy_pointcloud_publisher-0.15.0-py3.10.egg-info' (and everything under it)
[6.651s] Copying ../../../../../../build/examples_rclpy_pointcloud_publisher/examples_rclpy_pointcloud_publisher.egg-info to /home/tcr3/ros2_personal/install/examples_rclpy_pointcloud_publisher/lib/python3.10/site-packages/examples_rclpy_pointcloud_publisher-0.15.0-py3.10.egg-info
[6.660s] running install_scripts
[6.767s] Installing pointcloud_publisher script to /home/tcr3/ros2_personal/install/examples_rclpy_pointcloud_publisher/lib/examples_rclpy_pointcloud_publisher
[6.769s] writing list of installed files to '/home/tcr3/ros2_personal/build/examples_rclpy_pointcloud_publisher/install.log'
[6.975s] Invoked command in '/home/tcr3/ros2_personal/src/src/examples/rclpy/topics/pointcloud_publisher' returned '0': PYTHONPATH=/home/tcr3/ros2_personal/install/examples_rclpy_pointcloud_publisher/lib/python3.10/site-packages:${PYTHONPATH} /usr/bin/python3 setup.py egg_info --egg-base ../../../../../../build/examples_rclpy_pointcloud_publisher build --build-base /home/tcr3/ros2_personal/build/examples_rclpy_pointcloud_publisher/build install --prefix /home/tcr3/ros2_personal/install/examples_rclpy_pointcloud_publisher --record /home/tcr3/ros2_personal/build/examples_rclpy_pointcloud_publisher/install.log --single-version-externally-managed
