[4.091s] Invoking command in '/home/tcr3/ros2_personal/src/src/examples/rclpy/executors': PYTHONPATH=/home/tcr3/ros2_personal/install/examples_rclpy_executors/lib/python3.10/site-packages: /usr/bin/python3 setup.py egg_info --egg-base ../../../../../build/examples_rclpy_executors build --build-base /home/tcr3/ros2_personal/build/examples_rclpy_executors/build install --prefix /home/tcr3/ros2_personal/install/examples_rclpy_executors --record /home/tcr3/ros2_personal/build/examples_rclpy_executors/install.log --single-version-externally-managed
[5.434s] running egg_info
[5.438s] writing ../../../../../build/examples_rclpy_executors/examples_rclpy_executors.egg-info/PKG-INFO
[5.440s] writing dependency_links to ../../../../../build/examples_rclpy_executors/examples_rclpy_executors.egg-info/dependency_links.txt
[5.444s] writing entry points to ../../../../../build/examples_rclpy_executors/examples_rclpy_executors.egg-info/entry_points.txt
[5.446s] writing requirements to ../../../../../build/examples_rclpy_executors/examples_rclpy_executors.egg-info/requires.txt
[5.446s] writing top-level names to ../../../../../build/examples_rclpy_executors/examples_rclpy_executors.egg-info/top_level.txt
[5.457s] reading manifest file '../../../../../build/examples_rclpy_executors/examples_rclpy_executors.egg-info/SOURCES.txt'
[5.463s] writing manifest file '../../../../../build/examples_rclpy_executors/examples_rclpy_executors.egg-info/SOURCES.txt'
[5.464s] running build
[5.465s] running build_py
[5.468s] running install
[5.471s] /usr/lib/python3/dist-packages/setuptools/command/install.py:34: SetuptoolsDeprecationWarning: setup.py install is deprecated. Use build and pip and other standards-based tools.
[5.472s]   warnings.warn(
[5.473s] running install_lib
[5.481s] running install_data
[5.484s] running install_egg_info
[5.492s] removing '/home/tcr3/ros2_personal/install/examples_rclpy_executors/lib/python3.10/site-packages/examples_rclpy_executors-0.15.0-py3.10.egg-info' (and everything under it)
[5.501s] Copying ../../../../../build/examples_rclpy_executors/examples_rclpy_executors.egg-info to /home/tcr3/ros2_personal/install/examples_rclpy_executors/lib/python3.10/site-packages/examples_rclpy_executors-0.15.0-py3.10.egg-info
[5.524s] running install_scripts
[5.653s] Installing callback_group script to /home/tcr3/ros2_personal/install/examples_rclpy_executors/lib/examples_rclpy_executors
[5.659s] Installing composed script to /home/tcr3/ros2_personal/install/examples_rclpy_executors/lib/examples_rclpy_executors
[5.666s] Installing custom_callback_group script to /home/tcr3/ros2_personal/install/examples_rclpy_executors/lib/examples_rclpy_executors
[5.672s] Installing custom_executor script to /home/tcr3/ros2_personal/install/examples_rclpy_executors/lib/examples_rclpy_executors
[5.678s] Installing listener script to /home/tcr3/ros2_personal/install/examples_rclpy_executors/lib/examples_rclpy_executors
[5.684s] Installing talker script to /home/tcr3/ros2_personal/install/examples_rclpy_executors/lib/examples_rclpy_executors
[5.691s] writing list of installed files to '/home/tcr3/ros2_personal/build/examples_rclpy_executors/install.log'
[5.908s] Invoked command in '/home/tcr3/ros2_personal/src/src/examples/rclpy/executors' returned '0': PYTHONPATH=/home/tcr3/ros2_personal/install/examples_rclpy_executors/lib/python3.10/site-packages: /usr/bin/python3 setup.py egg_info --egg-base ../../../../../build/examples_rclpy_executors build --build-base /home/tcr3/ros2_personal/build/examples_rclpy_executors/build install --prefix /home/tcr3/ros2_personal/install/examples_rclpy_executors --record /home/tcr3/ros2_personal/build/examples_rclpy_executors/install.log --single-version-externally-managed
