-- Found ament_cmake: 1.3.2 (/opt/ros/humble/share/ament_cmake/cmake)
-- Found ament_lint_auto: 0.12.4 (/opt/ros/humble/share/ament_lint_auto/cmake)
-- Found rosidl_default_generators: 1.2.0 (/opt/ros/humble/share/rosidl_default_generators/cmake)
-- Using all available rosidl_typesupport_c: rosidl_typesupport_fastrtps_c;rosidl_typesupport_introspection_c
-- Found rosidl_adapter: 3.1.3 (/opt/ros/humble/share/rosidl_adapter/cmake)
-- Using all available rosidl_typesupport_cpp: rosidl_typesupport_fastrtps_cpp;rosidl_typesupport_introspection_cpp
-- Found ament_cmake_ros: 0.10.0 (/opt/ros/humble/share/ament_cmake_ros/cmake)
-- Using all available rosidl_typesupport_c: rosidl_typesupport_fastrtps_c;rosidl_typesupport_introspection_c
-- Using all available rosidl_typesupport_cpp: rosidl_typesupport_fastrtps_cpp;rosidl_typesupport_introspection_cpp
-- Found PythonInterp: /usr/bin/python3 (found suitable version "3.10.6", minimum required is "3.6") 
-- Found python_cmake_module: 0.10.0 (/opt/ros/humble/share/python_cmake_module/cmake)
-- Found PythonLibs: /usr/lib/aarch64-linux-gnu/libpython3.10.so (found suitable version "3.10.6", minimum required is "3.5") 
-- Using PYTHON_EXECUTABLE: /usr/bin/python3
-- Using PYTHON_INCLUDE_DIRS: /usr/include/python3.10
-- Using PYTHON_LIBRARIES: /usr/lib/aarch64-linux-gnu/libpython3.10.so
-- Found PythonExtra: .so  
-- Added test 'lint_cmake' to check CMake code style
-- Added test 'xmllint' to check XML markup files
-- Configuring done
-- Generating done
-- Build files have been written to: /home/tcr3/ros2_personal/build/action_tutorials
[  3%] [34m[1mGenerating C code for ROS interfaces[0m
[  6%] [34m[1mGenerating C++ code for ROS interfaces[0m
[  6%] Built target ament_cmake_python_copy_action_tutorials
running egg_info
creating action_tutorials.egg-info
writing action_tutorials.egg-info/PKG-INFO
writing dependency_links to action_tutorials.egg-info/dependency_links.txt
writing top-level names to action_tutorials.egg-info/top_level.txt
writing manifest file 'action_tutorials.egg-info/SOURCES.txt'
reading manifest file 'action_tutorials.egg-info/SOURCES.txt'
writing manifest file 'action_tutorials.egg-info/SOURCES.txt'
[  6%] Built target ament_cmake_python_build_action_tutorials_egg
[  6%] Built target action_tutorials__cpp
[  9%] [34m[1mGenerating C++ type support dispatch for ROS interfaces[0m
[ 12%] [34m[1mGenerating C++ type support for eProsima Fast-RTPS[0m
[ 16%] [34m[1mGenerating C++ introspection for ROS interfaces[0m
[ 19%] [32mBuilding C object CMakeFiles/action_tutorials__rosidl_generator_c.dir/rosidl_generator_c/action_tutorials/action/detail/fibonacci__functions.c.o[0m
[ 22%] [32m[1mLinking C shared library libaction_tutorials__rosidl_generator_c.so[0m
[ 22%] Built target action_tutorials__rosidl_generator_c
[ 25%] [34m[1mGenerating C type support for eProsima Fast-RTPS[0m
[ 29%] [32mBuilding CXX object CMakeFiles/action_tutorials__rosidl_typesupport_cpp.dir/rosidl_typesupport_cpp/action_tutorials/action/fibonacci__type_support.cpp.o[0m
[ 32%] [32mBuilding CXX object CMakeFiles/action_tutorials__rosidl_typesupport_introspection_cpp.dir/rosidl_typesupport_introspection_cpp/action_tutorials/action/detail/fibonacci__type_support.cpp.o[0m
[ 35%] [32mBuilding CXX object CMakeFiles/action_tutorials__rosidl_typesupport_fastrtps_cpp.dir/rosidl_typesupport_fastrtps_cpp/action_tutorials/action/detail/dds_fastrtps/fibonacci__type_support.cpp.o[0m
[ 38%] [32mBuilding CXX object CMakeFiles/action_tutorials__rosidl_typesupport_fastrtps_c.dir/rosidl_typesupport_fastrtps_c/action_tutorials/action/detail/fibonacci__type_support_c.cpp.o[0m
[ 41%] [32m[1mLinking CXX shared library libaction_tutorials__rosidl_typesupport_cpp.so[0m
[ 41%] Built target action_tutorials__rosidl_typesupport_cpp
[ 45%] [34m[1mGenerating C introspection for ROS interfaces[0m
[ 48%] [32m[1mLinking CXX shared library libaction_tutorials__rosidl_typesupport_fastrtps_cpp.so[0m
[ 51%] [32m[1mLinking CXX shared library libaction_tutorials__rosidl_typesupport_introspection_cpp.so[0m
[ 51%] Built target action_tutorials__rosidl_typesupport_fastrtps_cpp
[ 51%] Built target action_tutorials__rosidl_typesupport_introspection_cpp
[ 54%] [34m[1mGenerating C type support dispatch for ROS interfaces[0m
[ 58%] [32m[1mLinking CXX shared library libaction_tutorials__rosidl_typesupport_fastrtps_c.so[0m
[ 58%] Built target action_tutorials__rosidl_typesupport_fastrtps_c
[ 61%] [32mBuilding C object CMakeFiles/action_tutorials__rosidl_typesupport_introspection_c.dir/rosidl_typesupport_introspection_c/action_tutorials/action/detail/fibonacci__type_support.c.o[0m
[ 64%] [32m[1mLinking C shared library libaction_tutorials__rosidl_typesupport_introspection_c.so[0m
[ 64%] Built target action_tutorials__rosidl_typesupport_introspection_c
[ 67%] [32mBuilding CXX object CMakeFiles/action_tutorials__rosidl_typesupport_c.dir/rosidl_typesupport_c/action_tutorials/action/fibonacci__type_support.cpp.o[0m
[ 70%] [32m[1mLinking CXX shared library libaction_tutorials__rosidl_typesupport_c.so[0m
[ 70%] Built target action_tutorials__rosidl_typesupport_c
[ 70%] Built target action_tutorials
[ 74%] [34m[1mGenerating Python code for ROS interfaces[0m
[ 74%] Built target action_tutorials__py
[ 77%] [32mBuilding C object CMakeFiles/action_tutorials__rosidl_generator_py.dir/rosidl_generator_py/action_tutorials/action/_fibonacci_s.c.o[0m
[ 80%] [32m[1mLinking C shared library rosidl_generator_py/action_tutorials/libaction_tutorials__rosidl_generator_py.so[0m
[ 80%] Built target action_tutorials__rosidl_generator_py
[ 83%] [32mBuilding C object CMakeFiles/action_tutorials__rosidl_typesupport_fastrtps_c__pyext.dir/rosidl_generator_py/action_tutorials/_action_tutorials_s.ep.rosidl_typesupport_fastrtps_c.c.o[0m
[ 87%] [32mBuilding C object CMakeFiles/action_tutorials__rosidl_typesupport_introspection_c__pyext.dir/rosidl_generator_py/action_tutorials/_action_tutorials_s.ep.rosidl_typesupport_introspection_c.c.o[0m
[ 90%] [32mBuilding C object CMakeFiles/action_tutorials__rosidl_typesupport_c__pyext.dir/rosidl_generator_py/action_tutorials/_action_tutorials_s.ep.rosidl_typesupport_c.c.o[0m
[ 93%] [32m[1mLinking C shared library rosidl_generator_py/action_tutorials/action_tutorials_s__rosidl_typesupport_fastrtps_c.cpython-310-aarch64-linux-gnu.so[0m
[ 96%] [32m[1mLinking C shared library rosidl_generator_py/action_tutorials/action_tutorials_s__rosidl_typesupport_c.cpython-310-aarch64-linux-gnu.so[0m
[100%] [32m[1mLinking C shared library rosidl_generator_py/action_tutorials/action_tutorials_s__rosidl_typesupport_introspection_c.cpython-310-aarch64-linux-gnu.so[0m
[100%] Built target action_tutorials__rosidl_typesupport_c__pyext
[100%] Built target action_tutorials__rosidl_typesupport_fastrtps_c__pyext
[100%] Built target action_tutorials__rosidl_typesupport_introspection_c__pyext
-- Install configuration: ""
-- Installing: /home/tcr3/ros2_personal/install/action_tutorials/share/ament_index/resource_index/rosidl_interfaces/action_tutorials
-- Installing: /home/tcr3/ros2_personal/install/action_tutorials/include/action_tutorials/action_tutorials
-- Installing: /home/tcr3/ros2_personal/install/action_tutorials/include/action_tutorials/action_tutorials/msg
-- Installing: /home/tcr3/ros2_personal/install/action_tutorials/include/action_tutorials/action_tutorials/msg/rosidl_generator_c__visibility_control.h
-- Installing: /home/tcr3/ros2_personal/install/action_tutorials/include/action_tutorials/action_tutorials/action
-- Installing: /home/tcr3/ros2_personal/install/action_tutorials/include/action_tutorials/action_tutorials/action/fibonacci.h
-- Installing: /home/tcr3/ros2_personal/install/action_tutorials/include/action_tutorials/action_tutorials/action/detail
-- Installing: /home/tcr3/ros2_personal/install/action_tutorials/include/action_tutorials/action_tutorials/action/detail/fibonacci__struct.h
-- Installing: /home/tcr3/ros2_personal/install/action_tutorials/include/action_tutorials/action_tutorials/action/detail/fibonacci__type_support.h
-- Installing: /home/tcr3/ros2_personal/install/action_tutorials/include/action_tutorials/action_tutorials/action/detail/fibonacci__functions.h
-- Installing: /home/tcr3/ros2_personal/install/action_tutorials/include/action_tutorials/action_tutorials/action/detail/fibonacci__functions.c
-- Installing: /home/tcr3/ros2_personal/install/action_tutorials/share/action_tutorials/environment/library_path.sh
-- Installing: /home/tcr3/ros2_personal/install/action_tutorials/share/action_tutorials/environment/library_path.dsv
-- Installing: /home/tcr3/ros2_personal/install/action_tutorials/lib/libaction_tutorials__rosidl_generator_c.so
-- Set runtime path of "/home/tcr3/ros2_personal/install/action_tutorials/lib/libaction_tutorials__rosidl_generator_c.so" to ""
-- Up-to-date: /home/tcr3/ros2_personal/install/action_tutorials/include/action_tutorials/action_tutorials
-- Up-to-date: /home/tcr3/ros2_personal/install/action_tutorials/include/action_tutorials/action_tutorials/msg
-- Installing: /home/tcr3/ros2_personal/install/action_tutorials/include/action_tutorials/action_tutorials/msg/rosidl_typesupport_fastrtps_c__visibility_control.h
-- Up-to-date: /home/tcr3/ros2_personal/install/action_tutorials/include/action_tutorials/action_tutorials/action
-- Up-to-date: /home/tcr3/ros2_personal/install/action_tutorials/include/action_tutorials/action_tutorials/action/detail
-- Installing: /home/tcr3/ros2_personal/install/action_tutorials/include/action_tutorials/action_tutorials/action/detail/fibonacci__rosidl_typesupport_fastrtps_c.h
-- Installing: /home/tcr3/ros2_personal/install/action_tutorials/lib/libaction_tutorials__rosidl_typesupport_fastrtps_c.so
-- Set runtime path of "/home/tcr3/ros2_personal/install/action_tutorials/lib/libaction_tutorials__rosidl_typesupport_fastrtps_c.so" to ""
-- Up-to-date: /home/tcr3/ros2_personal/install/action_tutorials/include/action_tutorials/action_tutorials
-- Up-to-date: /home/tcr3/ros2_personal/install/action_tutorials/include/action_tutorials/action_tutorials/msg
-- Installing: /home/tcr3/ros2_personal/install/action_tutorials/include/action_tutorials/action_tutorials/msg/rosidl_typesupport_introspection_c__visibility_control.h
-- Up-to-date: /home/tcr3/ros2_personal/install/action_tutorials/include/action_tutorials/action_tutorials/action
-- Up-to-date: /home/tcr3/ros2_personal/install/action_tutorials/include/action_tutorials/action_tutorials/action/detail
-- Installing: /home/tcr3/ros2_personal/install/action_tutorials/include/action_tutorials/action_tutorials/action/detail/fibonacci__rosidl_typesupport_introspection_c.h
-- Installing: /home/tcr3/ros2_personal/install/action_tutorials/include/action_tutorials/action_tutorials/action/detail/fibonacci__type_support.c
-- Installing: /home/tcr3/ros2_personal/install/action_tutorials/lib/libaction_tutorials__rosidl_typesupport_introspection_c.so
-- Set runtime path of "/home/tcr3/ros2_personal/install/action_tutorials/lib/libaction_tutorials__rosidl_typesupport_introspection_c.so" to ""
-- Installing: /home/tcr3/ros2_personal/install/action_tutorials/lib/libaction_tutorials__rosidl_typesupport_c.so
-- Set runtime path of "/home/tcr3/ros2_personal/install/action_tutorials/lib/libaction_tutorials__rosidl_typesupport_c.so" to ""
-- Up-to-date: /home/tcr3/ros2_personal/install/action_tutorials/include/action_tutorials/action_tutorials
-- Up-to-date: /home/tcr3/ros2_personal/install/action_tutorials/include/action_tutorials/action_tutorials/action
-- Installing: /home/tcr3/ros2_personal/install/action_tutorials/include/action_tutorials/action_tutorials/action/fibonacci.hpp
-- Up-to-date: /home/tcr3/ros2_personal/install/action_tutorials/include/action_tutorials/action_tutorials/action/detail
-- Installing: /home/tcr3/ros2_personal/install/action_tutorials/include/action_tutorials/action_tutorials/action/detail/fibonacci__builder.hpp
-- Installing: /home/tcr3/ros2_personal/install/action_tutorials/include/action_tutorials/action_tutorials/action/detail/fibonacci__traits.hpp
-- Installing: /home/tcr3/ros2_personal/install/action_tutorials/include/action_tutorials/action_tutorials/action/detail/fibonacci__struct.hpp
-- Up-to-date: /home/tcr3/ros2_personal/install/action_tutorials/include/action_tutorials/action_tutorials
-- Up-to-date: /home/tcr3/ros2_personal/install/action_tutorials/include/action_tutorials/action_tutorials/msg
-- Installing: /home/tcr3/ros2_personal/install/action_tutorials/include/action_tutorials/action_tutorials/msg/rosidl_typesupport_fastrtps_cpp__visibility_control.h
-- Up-to-date: /home/tcr3/ros2_personal/install/action_tutorials/include/action_tutorials/action_tutorials/action
-- Up-to-date: /home/tcr3/ros2_personal/install/action_tutorials/include/action_tutorials/action_tutorials/action/detail
-- Installing: /home/tcr3/ros2_personal/install/action_tutorials/include/action_tutorials/action_tutorials/action/detail/fibonacci__rosidl_typesupport_fastrtps_cpp.hpp
-- Installing: /home/tcr3/ros2_personal/install/action_tutorials/include/action_tutorials/action_tutorials/action/detail/dds_fastrtps
-- Installing: /home/tcr3/ros2_personal/install/action_tutorials/lib/libaction_tutorials__rosidl_typesupport_fastrtps_cpp.so
-- Set runtime path of "/home/tcr3/ros2_personal/install/action_tutorials/lib/libaction_tutorials__rosidl_typesupport_fastrtps_cpp.so" to ""
-- Up-to-date: /home/tcr3/ros2_personal/install/action_tutorials/include/action_tutorials/action_tutorials
-- Up-to-date: /home/tcr3/ros2_personal/install/action_tutorials/include/action_tutorials/action_tutorials/action
-- Up-to-date: /home/tcr3/ros2_personal/install/action_tutorials/include/action_tutorials/action_tutorials/action/detail
-- Installing: /home/tcr3/ros2_personal/install/action_tutorials/include/action_tutorials/action_tutorials/action/detail/fibonacci__rosidl_typesupport_introspection_cpp.hpp
-- Installing: /home/tcr3/ros2_personal/install/action_tutorials/include/action_tutorials/action_tutorials/action/detail/fibonacci__type_support.cpp
-- Installing: /home/tcr3/ros2_personal/install/action_tutorials/lib/libaction_tutorials__rosidl_typesupport_introspection_cpp.so
-- Set runtime path of "/home/tcr3/ros2_personal/install/action_tutorials/lib/libaction_tutorials__rosidl_typesupport_introspection_cpp.so" to ""
-- Installing: /home/tcr3/ros2_personal/install/action_tutorials/lib/libaction_tutorials__rosidl_typesupport_cpp.so
-- Set runtime path of "/home/tcr3/ros2_personal/install/action_tutorials/lib/libaction_tutorials__rosidl_typesupport_cpp.so" to ""
-- Installing: /home/tcr3/ros2_personal/install/action_tutorials/share/action_tutorials/environment/pythonpath.sh
-- Installing: /home/tcr3/ros2_personal/install/action_tutorials/share/action_tutorials/environment/pythonpath.dsv
-- Installing: /home/tcr3/ros2_personal/install/action_tutorials/local/lib/python3.10/dist-packages/action_tutorials-0.0.0-py3.10.egg-info
-- Installing: /home/tcr3/ros2_personal/install/action_tutorials/local/lib/python3.10/dist-packages/action_tutorials-0.0.0-py3.10.egg-info/PKG-INFO
-- Installing: /home/tcr3/ros2_personal/install/action_tutorials/local/lib/python3.10/dist-packages/action_tutorials-0.0.0-py3.10.egg-info/SOURCES.txt
-- Installing: /home/tcr3/ros2_personal/install/action_tutorials/local/lib/python3.10/dist-packages/action_tutorials-0.0.0-py3.10.egg-info/dependency_links.txt
-- Installing: /home/tcr3/ros2_personal/install/action_tutorials/local/lib/python3.10/dist-packages/action_tutorials-0.0.0-py3.10.egg-info/top_level.txt
-- Installing: /home/tcr3/ros2_personal/install/action_tutorials/local/lib/python3.10/dist-packages/action_tutorials
-- Installing: /home/tcr3/ros2_personal/install/action_tutorials/local/lib/python3.10/dist-packages/action_tutorials/action_tutorials_s__rosidl_typesupport_introspection_c.cpython-310-aarch64-linux-gnu.so
-- Installing: /home/tcr3/ros2_personal/install/action_tutorials/local/lib/python3.10/dist-packages/action_tutorials/_action_tutorials_s.ep.rosidl_typesupport_introspection_c.c
-- Installing: /home/tcr3/ros2_personal/install/action_tutorials/local/lib/python3.10/dist-packages/action_tutorials/_action_tutorials_s.ep.rosidl_typesupport_c.c
-- Installing: /home/tcr3/ros2_personal/install/action_tutorials/local/lib/python3.10/dist-packages/action_tutorials/_action_tutorials_s.ep.rosidl_typesupport_fastrtps_c.c
-- Installing: /home/tcr3/ros2_personal/install/action_tutorials/local/lib/python3.10/dist-packages/action_tutorials/action_tutorials_s__rosidl_typesupport_fastrtps_c.cpython-310-aarch64-linux-gnu.so
-- Installing: /home/tcr3/ros2_personal/install/action_tutorials/local/lib/python3.10/dist-packages/action_tutorials/libaction_tutorials__rosidl_generator_py.so
-- Installing: /home/tcr3/ros2_personal/install/action_tutorials/local/lib/python3.10/dist-packages/action_tutorials/action_tutorials_s__rosidl_typesupport_c.cpython-310-aarch64-linux-gnu.so
-- Installing: /home/tcr3/ros2_personal/install/action_tutorials/local/lib/python3.10/dist-packages/action_tutorials/action
-- Installing: /home/tcr3/ros2_personal/install/action_tutorials/local/lib/python3.10/dist-packages/action_tutorials/action/_fibonacci_s.c
-- Installing: /home/tcr3/ros2_personal/install/action_tutorials/local/lib/python3.10/dist-packages/action_tutorials/action/_fibonacci.py
-- Installing: /home/tcr3/ros2_personal/install/action_tutorials/local/lib/python3.10/dist-packages/action_tutorials/action/__init__.py
-- Installing: /home/tcr3/ros2_personal/install/action_tutorials/local/lib/python3.10/dist-packages/action_tutorials/__init__.py
Listing '/home/tcr3/ros2_personal/install/action_tutorials/local/lib/python3.10/dist-packages/action_tutorials'...
Compiling '/home/tcr3/ros2_personal/install/action_tutorials/local/lib/python3.10/dist-packages/action_tutorials/__init__.py'...
Listing '/home/tcr3/ros2_personal/install/action_tutorials/local/lib/python3.10/dist-packages/action_tutorials/action'...
Compiling '/home/tcr3/ros2_personal/install/action_tutorials/local/lib/python3.10/dist-packages/action_tutorials/action/__init__.py'...
Compiling '/home/tcr3/ros2_personal/install/action_tutorials/local/lib/python3.10/dist-packages/action_tutorials/action/_fibonacci.py'...
-- Installing: /home/tcr3/ros2_personal/install/action_tutorials/local/lib/python3.10/dist-packages/action_tutorials/action_tutorials_s__rosidl_typesupport_fastrtps_c.cpython-310-aarch64-linux-gnu.so
-- Set runtime path of "/home/tcr3/ros2_personal/install/action_tutorials/local/lib/python3.10/dist-packages/action_tutorials/action_tutorials_s__rosidl_typesupport_fastrtps_c.cpython-310-aarch64-linux-gnu.so" to ""
-- Installing: /home/tcr3/ros2_personal/install/action_tutorials/local/lib/python3.10/dist-packages/action_tutorials/action_tutorials_s__rosidl_typesupport_introspection_c.cpython-310-aarch64-linux-gnu.so
-- Set runtime path of "/home/tcr3/ros2_personal/install/action_tutorials/local/lib/python3.10/dist-packages/action_tutorials/action_tutorials_s__rosidl_typesupport_introspection_c.cpython-310-aarch64-linux-gnu.so" to ""
-- Installing: /home/tcr3/ros2_personal/install/action_tutorials/local/lib/python3.10/dist-packages/action_tutorials/action_tutorials_s__rosidl_typesupport_c.cpython-310-aarch64-linux-gnu.so
-- Set runtime path of "/home/tcr3/ros2_personal/install/action_tutorials/local/lib/python3.10/dist-packages/action_tutorials/action_tutorials_s__rosidl_typesupport_c.cpython-310-aarch64-linux-gnu.so" to ""
-- Installing: /home/tcr3/ros2_personal/install/action_tutorials/lib/libaction_tutorials__rosidl_generator_py.so
-- Set runtime path of "/home/tcr3/ros2_personal/install/action_tutorials/lib/libaction_tutorials__rosidl_generator_py.so" to ""
-- Installing: /home/tcr3/ros2_personal/install/action_tutorials/share/action_tutorials/action/Fibonacci.idl
-- Installing: /home/tcr3/ros2_personal/install/action_tutorials/share/action_tutorials/action/Fibonacci.action
-- Installing: /home/tcr3/ros2_personal/install/action_tutorials/share/ament_index/resource_index/package_run_dependencies/action_tutorials
-- Installing: /home/tcr3/ros2_personal/install/action_tutorials/share/ament_index/resource_index/parent_prefix_path/action_tutorials
-- Installing: /home/tcr3/ros2_personal/install/action_tutorials/share/action_tutorials/environment/ament_prefix_path.sh
-- Installing: /home/tcr3/ros2_personal/install/action_tutorials/share/action_tutorials/environment/ament_prefix_path.dsv
-- Installing: /home/tcr3/ros2_personal/install/action_tutorials/share/action_tutorials/environment/path.sh
-- Installing: /home/tcr3/ros2_personal/install/action_tutorials/share/action_tutorials/environment/path.dsv
-- Installing: /home/tcr3/ros2_personal/install/action_tutorials/share/action_tutorials/local_setup.bash
-- Installing: /home/tcr3/ros2_personal/install/action_tutorials/share/action_tutorials/local_setup.sh
-- Installing: /home/tcr3/ros2_personal/install/action_tutorials/share/action_tutorials/local_setup.zsh
-- Installing: /home/tcr3/ros2_personal/install/action_tutorials/share/action_tutorials/local_setup.dsv
-- Installing: /home/tcr3/ros2_personal/install/action_tutorials/share/action_tutorials/package.dsv
-- Installing: /home/tcr3/ros2_personal/install/action_tutorials/share/ament_index/resource_index/packages/action_tutorials
-- Installing: /home/tcr3/ros2_personal/install/action_tutorials/share/action_tutorials/cmake/export_action_tutorials__rosidl_generator_cExport.cmake
-- Installing: /home/tcr3/ros2_personal/install/action_tutorials/share/action_tutorials/cmake/export_action_tutorials__rosidl_generator_cExport-noconfig.cmake
-- Installing: /home/tcr3/ros2_personal/install/action_tutorials/share/action_tutorials/cmake/export_action_tutorials__rosidl_typesupport_fastrtps_cExport.cmake
-- Installing: /home/tcr3/ros2_personal/install/action_tutorials/share/action_tutorials/cmake/export_action_tutorials__rosidl_typesupport_fastrtps_cExport-noconfig.cmake
-- Installing: /home/tcr3/ros2_personal/install/action_tutorials/share/action_tutorials/cmake/action_tutorials__rosidl_typesupport_introspection_cExport.cmake
-- Installing: /home/tcr3/ros2_personal/install/action_tutorials/share/action_tutorials/cmake/action_tutorials__rosidl_typesupport_introspection_cExport-noconfig.cmake
-- Installing: /home/tcr3/ros2_personal/install/action_tutorials/share/action_tutorials/cmake/action_tutorials__rosidl_typesupport_cExport.cmake
-- Installing: /home/tcr3/ros2_personal/install/action_tutorials/share/action_tutorials/cmake/action_tutorials__rosidl_typesupport_cExport-noconfig.cmake
-- Installing: /home/tcr3/ros2_personal/install/action_tutorials/share/action_tutorials/cmake/export_action_tutorials__rosidl_generator_cppExport.cmake
-- Installing: /home/tcr3/ros2_personal/install/action_tutorials/share/action_tutorials/cmake/export_action_tutorials__rosidl_typesupport_fastrtps_cppExport.cmake
-- Installing: /home/tcr3/ros2_personal/install/action_tutorials/share/action_tutorials/cmake/export_action_tutorials__rosidl_typesupport_fastrtps_cppExport-noconfig.cmake
-- Installing: /home/tcr3/ros2_personal/install/action_tutorials/share/action_tutorials/cmake/action_tutorials__rosidl_typesupport_introspection_cppExport.cmake
-- Installing: /home/tcr3/ros2_personal/install/action_tutorials/share/action_tutorials/cmake/action_tutorials__rosidl_typesupport_introspection_cppExport-noconfig.cmake
-- Installing: /home/tcr3/ros2_personal/install/action_tutorials/share/action_tutorials/cmake/action_tutorials__rosidl_typesupport_cppExport.cmake
-- Installing: /home/tcr3/ros2_personal/install/action_tutorials/share/action_tutorials/cmake/action_tutorials__rosidl_typesupport_cppExport-noconfig.cmake
-- Installing: /home/tcr3/ros2_personal/install/action_tutorials/share/action_tutorials/cmake/export_action_tutorials__rosidl_generator_pyExport.cmake
-- Installing: /home/tcr3/ros2_personal/install/action_tutorials/share/action_tutorials/cmake/export_action_tutorials__rosidl_generator_pyExport-noconfig.cmake
-- Installing: /home/tcr3/ros2_personal/install/action_tutorials/share/action_tutorials/cmake/rosidl_cmake-extras.cmake
-- Installing: /home/tcr3/ros2_personal/install/action_tutorials/share/action_tutorials/cmake/ament_cmake_export_dependencies-extras.cmake
-- Installing: /home/tcr3/ros2_personal/install/action_tutorials/share/action_tutorials/cmake/ament_cmake_export_include_directories-extras.cmake
-- Installing: /home/tcr3/ros2_personal/install/action_tutorials/share/action_tutorials/cmake/ament_cmake_export_libraries-extras.cmake
-- Installing: /home/tcr3/ros2_personal/install/action_tutorials/share/action_tutorials/cmake/ament_cmake_export_targets-extras.cmake
-- Installing: /home/tcr3/ros2_personal/install/action_tutorials/share/action_tutorials/cmake/rosidl_cmake_export_typesupport_targets-extras.cmake
-- Installing: /home/tcr3/ros2_personal/install/action_tutorials/share/action_tutorials/cmake/rosidl_cmake_export_typesupport_libraries-extras.cmake
-- Installing: /home/tcr3/ros2_personal/install/action_tutorials/share/action_tutorials/cmake/action_tutorialsConfig.cmake
-- Installing: /home/tcr3/ros2_personal/install/action_tutorials/share/action_tutorials/cmake/action_tutorialsConfig-version.cmake
-- Installing: /home/tcr3/ros2_personal/install/action_tutorials/share/action_tutorials/package.xml
