[0.130s] Invoking command in '/home/tcr3/ros2_personal/build/action_tutorials': CMAKE_PREFIX_PATH=/opt/ros/humble /usr/bin/cmake --build /home/tcr3/ros2_personal/build/action_tutorials -- -j4 -l4
[0.466s] [  3%] Built target action_tutorials__cpp
[0.530s] [ 12%] Built target action_tutorials__rosidl_generator_c
[0.664s] [ 12%] Built target ament_cmake_python_copy_action_tutorials
[0.783s] [ 22%] Built target action_tutorials__rosidl_typesupport_cpp
[0.806s] [ 32%] Built target action_tutorials__rosidl_typesupport_introspection_cpp
[0.829s] [ 41%] Built target action_tutorials__rosidl_typesupport_fastrtps_cpp
[0.969s] [ 51%] Built target action_tutorials__rosidl_typesupport_fastrtps_c
[1.008s] [ 61%] Built target action_tutorials__rosidl_typesupport_introspection_c
[1.051s] [ 70%] Built target action_tutorials__rosidl_typesupport_c
[1.218s] [ 70%] Built target action_tutorials
[1.356s] [ 74%] Built target action_tutorials__py
[1.529s] [ 80%] Built target action_tutorials__rosidl_generator_py
[1.762s] [ 87%] Built target action_tutorials__rosidl_typesupport_fastrtps_c__pyext
[1.821s] [ 93%] Built target action_tutorials__rosidl_typesupport_introspection_c__pyext
[1.879s] [100%] Built target action_tutorials__rosidl_typesupport_c__pyext
[3.588s] running egg_info
[3.592s] writing action_tutorials.egg-info/PKG-INFO
[3.595s] writing dependency_links to action_tutorials.egg-info/dependency_links.txt
[3.597s] writing top-level names to action_tutorials.egg-info/top_level.txt
[3.611s] reading manifest file 'action_tutorials.egg-info/SOURCES.txt'
[3.614s] writing manifest file 'action_tutorials.egg-info/SOURCES.txt'
[3.915s] [100%] Built target ament_cmake_python_build_action_tutorials_egg
[4.090s] Invoked command in '/home/tcr3/ros2_personal/build/action_tutorials' returned '0': CMAKE_PREFIX_PATH=/opt/ros/humble /usr/bin/cmake --build /home/tcr3/ros2_personal/build/action_tutorials -- -j4 -l4
[4.583s] Invoking command in '/home/tcr3/ros2_personal/build/action_tutorials': CMAKE_PREFIX_PATH=/opt/ros/humble /usr/bin/cmake --install /home/tcr3/ros2_personal/build/action_tutorials
[4.628s] -- Install configuration: ""
[4.629s] -- Up-to-date: /home/tcr3/ros2_personal/install/action_tutorials/share/ament_index/resource_index/rosidl_interfaces/action_tutorials
[4.630s] -- Up-to-date: /home/tcr3/ros2_personal/install/action_tutorials/include/action_tutorials/action_tutorials
[4.632s] -- Up-to-date: /home/tcr3/ros2_personal/install/action_tutorials/include/action_tutorials/action_tutorials/msg
[4.634s] -- Up-to-date: /home/tcr3/ros2_personal/install/action_tutorials/include/action_tutorials/action_tutorials/msg/rosidl_generator_c__visibility_control.h
[4.634s] -- Up-to-date: /home/tcr3/ros2_personal/install/action_tutorials/include/action_tutorials/action_tutorials/action
[4.636s] -- Up-to-date: /home/tcr3/ros2_personal/install/action_tutorials/include/action_tutorials/action_tutorials/action/fibonacci.h
[4.638s] -- Up-to-date: /home/tcr3/ros2_personal/install/action_tutorials/include/action_tutorials/action_tutorials/action/detail
[4.640s] -- Up-to-date: /home/tcr3/ros2_personal/install/action_tutorials/include/action_tutorials/action_tutorials/action/detail/fibonacci__struct.h
[4.642s] -- Up-to-date: /home/tcr3/ros2_personal/install/action_tutorials/include/action_tutorials/action_tutorials/action/detail/fibonacci__type_support.h
[4.644s] -- Up-to-date: /home/tcr3/ros2_personal/install/action_tutorials/include/action_tutorials/action_tutorials/action/detail/fibonacci__functions.h
[4.648s] -- Up-to-date: /home/tcr3/ros2_personal/install/action_tutorials/include/action_tutorials/action_tutorials/action/detail/fibonacci__functions.c
[4.652s] -- Up-to-date: /home/tcr3/ros2_personal/install/action_tutorials/share/action_tutorials/environment/library_path.sh
[4.657s] -- Up-to-date: /home/tcr3/ros2_personal/install/action_tutorials/share/action_tutorials/environment/library_path.dsv
[4.661s] -- Up-to-date: /home/tcr3/ros2_personal/install/action_tutorials/lib/libaction_tutorials__rosidl_generator_c.so
[4.666s] -- Up-to-date: /home/tcr3/ros2_personal/install/action_tutorials/include/action_tutorials/action_tutorials
[4.669s] -- Up-to-date: /home/tcr3/ros2_personal/install/action_tutorials/include/action_tutorials/action_tutorials/msg
[4.672s] -- Up-to-date: /home/tcr3/ros2_personal/install/action_tutorials/include/action_tutorials/action_tutorials/msg/rosidl_typesupport_fastrtps_c__visibility_control.h
[4.674s] -- Up-to-date: /home/tcr3/ros2_personal/install/action_tutorials/include/action_tutorials/action_tutorials/action
[4.675s] -- Up-to-date: /home/tcr3/ros2_personal/install/action_tutorials/include/action_tutorials/action_tutorials/action/detail
[4.676s] -- Up-to-date: /home/tcr3/ros2_personal/install/action_tutorials/include/action_tutorials/action_tutorials/action/detail/fibonacci__rosidl_typesupport_fastrtps_c.h
[4.678s] -- Up-to-date: /home/tcr3/ros2_personal/install/action_tutorials/lib/libaction_tutorials__rosidl_typesupport_fastrtps_c.so
[4.679s] -- Up-to-date: /home/tcr3/ros2_personal/install/action_tutorials/include/action_tutorials/action_tutorials
[4.683s] -- Up-to-date: /home/tcr3/ros2_personal/install/action_tutorials/include/action_tutorials/action_tutorials/msg
[4.687s] -- Up-to-date: /home/tcr3/ros2_personal/install/action_tutorials/include/action_tutorials/action_tutorials/msg/rosidl_typesupport_introspection_c__visibility_control.h
[4.693s] -- Up-to-date: /home/tcr3/ros2_personal/install/action_tutorials/include/action_tutorials/action_tutorials/action
[4.695s] -- Up-to-date: /home/tcr3/ros2_personal/install/action_tutorials/include/action_tutorials/action_tutorials/action/detail
[4.696s] -- Up-to-date: /home/tcr3/ros2_personal/install/action_tutorials/include/action_tutorials/action_tutorials/action/detail/fibonacci__rosidl_typesupport_introspection_c.h
[4.698s] -- Up-to-date: /home/tcr3/ros2_personal/install/action_tutorials/include/action_tutorials/action_tutorials/action/detail/fibonacci__type_support.c
[4.700s] -- Up-to-date: /home/tcr3/ros2_personal/install/action_tutorials/lib/libaction_tutorials__rosidl_typesupport_introspection_c.so
[4.704s] -- Up-to-date: /home/tcr3/ros2_personal/install/action_tutorials/lib/libaction_tutorials__rosidl_typesupport_c.so
[4.705s] -- Up-to-date: /home/tcr3/ros2_personal/install/action_tutorials/include/action_tutorials/action_tutorials
[4.705s] -- Up-to-date: /home/tcr3/ros2_personal/install/action_tutorials/include/action_tutorials/action_tutorials/action
[4.706s] -- Up-to-date: /home/tcr3/ros2_personal/install/action_tutorials/include/action_tutorials/action_tutorials/action/fibonacci.hpp
[4.707s] -- Up-to-date: /home/tcr3/ros2_personal/install/action_tutorials/include/action_tutorials/action_tutorials/action/detail
[4.708s] -- Up-to-date: /home/tcr3/ros2_personal/install/action_tutorials/include/action_tutorials/action_tutorials/action/detail/fibonacci__builder.hpp
[4.709s] -- Up-to-date: /home/tcr3/ros2_personal/install/action_tutorials/include/action_tutorials/action_tutorials/action/detail/fibonacci__traits.hpp
[4.709s] -- Up-to-date: /home/tcr3/ros2_personal/install/action_tutorials/include/action_tutorials/action_tutorials/action/detail/fibonacci__struct.hpp
[4.711s] -- Up-to-date: /home/tcr3/ros2_personal/install/action_tutorials/include/action_tutorials/action_tutorials
[4.712s] -- Up-to-date: /home/tcr3/ros2_personal/install/action_tutorials/include/action_tutorials/action_tutorials/msg
[4.712s] -- Up-to-date: /home/tcr3/ros2_personal/install/action_tutorials/include/action_tutorials/action_tutorials/msg/rosidl_typesupport_fastrtps_cpp__visibility_control.h
[4.725s] -- Up-to-date: /home/tcr3/ros2_personal/install/action_tutorials/include/action_tutorials/action_tutorials/action
[4.726s] -- Up-to-date: /home/tcr3/ros2_personal/install/action_tutorials/include/action_tutorials/action_tutorials/action/detail
[4.727s] -- Up-to-date: /home/tcr3/ros2_personal/install/action_tutorials/include/action_tutorials/action_tutorials/action/detail/fibonacci__rosidl_typesupport_fastrtps_cpp.hpp
[4.728s] -- Up-to-date: /home/tcr3/ros2_personal/install/action_tutorials/include/action_tutorials/action_tutorials/action/detail/dds_fastrtps
[4.729s] -- Up-to-date: /home/tcr3/ros2_personal/install/action_tutorials/lib/libaction_tutorials__rosidl_typesupport_fastrtps_cpp.so
[4.730s] -- Up-to-date: /home/tcr3/ros2_personal/install/action_tutorials/include/action_tutorials/action_tutorials
[4.731s] -- Up-to-date: /home/tcr3/ros2_personal/install/action_tutorials/include/action_tutorials/action_tutorials/action
[4.731s] -- Up-to-date: /home/tcr3/ros2_personal/install/action_tutorials/include/action_tutorials/action_tutorials/action/detail
[4.732s] -- Up-to-date: /home/tcr3/ros2_personal/install/action_tutorials/include/action_tutorials/action_tutorials/action/detail/fibonacci__rosidl_typesupport_introspection_cpp.hpp
[4.739s] -- Up-to-date: /home/tcr3/ros2_personal/install/action_tutorials/include/action_tutorials/action_tutorials/action/detail/fibonacci__type_support.cpp
[4.740s] -- Up-to-date: /home/tcr3/ros2_personal/install/action_tutorials/lib/libaction_tutorials__rosidl_typesupport_introspection_cpp.so
[4.741s] -- Up-to-date: /home/tcr3/ros2_personal/install/action_tutorials/lib/libaction_tutorials__rosidl_typesupport_cpp.so
[4.741s] -- Up-to-date: /home/tcr3/ros2_personal/install/action_tutorials/share/action_tutorials/environment/pythonpath.sh
[4.742s] -- Up-to-date: /home/tcr3/ros2_personal/install/action_tutorials/share/action_tutorials/environment/pythonpath.dsv
[4.742s] -- Up-to-date: /home/tcr3/ros2_personal/install/action_tutorials/local/lib/python3.10/dist-packages/action_tutorials-0.0.0-py3.10.egg-info
[4.743s] -- Installing: /home/tcr3/ros2_personal/install/action_tutorials/local/lib/python3.10/dist-packages/action_tutorials-0.0.0-py3.10.egg-info/PKG-INFO
[4.744s] -- Installing: /home/tcr3/ros2_personal/install/action_tutorials/local/lib/python3.10/dist-packages/action_tutorials-0.0.0-py3.10.egg-info/SOURCES.txt
[4.745s] -- Installing: /home/tcr3/ros2_personal/install/action_tutorials/local/lib/python3.10/dist-packages/action_tutorials-0.0.0-py3.10.egg-info/dependency_links.txt
[4.746s] -- Installing: /home/tcr3/ros2_personal/install/action_tutorials/local/lib/python3.10/dist-packages/action_tutorials-0.0.0-py3.10.egg-info/top_level.txt
[4.747s] -- Up-to-date: /home/tcr3/ros2_personal/install/action_tutorials/local/lib/python3.10/dist-packages/action_tutorials
[4.748s] -- Up-to-date: /home/tcr3/ros2_personal/install/action_tutorials/local/lib/python3.10/dist-packages/action_tutorials/action_tutorials_s__rosidl_typesupport_introspection_c.cpython-310-aarch64-linux-gnu.so
[4.764s] -- Up-to-date: /home/tcr3/ros2_personal/install/action_tutorials/local/lib/python3.10/dist-packages/action_tutorials/_action_tutorials_s.ep.rosidl_typesupport_introspection_c.c
[4.764s] -- Up-to-date: /home/tcr3/ros2_personal/install/action_tutorials/local/lib/python3.10/dist-packages/action_tutorials/_action_tutorials_s.ep.rosidl_typesupport_c.c
[4.765s] -- Up-to-date: /home/tcr3/ros2_personal/install/action_tutorials/local/lib/python3.10/dist-packages/action_tutorials/_action_tutorials_s.ep.rosidl_typesupport_fastrtps_c.c
[4.766s] -- Up-to-date: /home/tcr3/ros2_personal/install/action_tutorials/local/lib/python3.10/dist-packages/action_tutorials/action_tutorials_s__rosidl_typesupport_fastrtps_c.cpython-310-aarch64-linux-gnu.so
[4.768s] -- Up-to-date: /home/tcr3/ros2_personal/install/action_tutorials/local/lib/python3.10/dist-packages/action_tutorials/libaction_tutorials__rosidl_generator_py.so
[4.769s] -- Up-to-date: /home/tcr3/ros2_personal/install/action_tutorials/local/lib/python3.10/dist-packages/action_tutorials/action_tutorials_s__rosidl_typesupport_c.cpython-310-aarch64-linux-gnu.so
[4.770s] -- Up-to-date: /home/tcr3/ros2_personal/install/action_tutorials/local/lib/python3.10/dist-packages/action_tutorials/action
[4.771s] -- Up-to-date: /home/tcr3/ros2_personal/install/action_tutorials/local/lib/python3.10/dist-packages/action_tutorials/action/_fibonacci_s.c
[4.771s] -- Up-to-date: /home/tcr3/ros2_personal/install/action_tutorials/local/lib/python3.10/dist-packages/action_tutorials/action/_fibonacci.py
[4.772s] -- Up-to-date: /home/tcr3/ros2_personal/install/action_tutorials/local/lib/python3.10/dist-packages/action_tutorials/action/__init__.py
[4.772s] -- Up-to-date: /home/tcr3/ros2_personal/install/action_tutorials/local/lib/python3.10/dist-packages/action_tutorials/__init__.py
[5.022s] Listing '/home/tcr3/ros2_personal/install/action_tutorials/local/lib/python3.10/dist-packages/action_tutorials'...
[5.027s] Listing '/home/tcr3/ros2_personal/install/action_tutorials/local/lib/python3.10/dist-packages/action_tutorials/action'...
[5.057s] -- Up-to-date: /home/tcr3/ros2_personal/install/action_tutorials/local/lib/python3.10/dist-packages/action_tutorials/action_tutorials_s__rosidl_typesupport_fastrtps_c.cpython-310-aarch64-linux-gnu.so
[5.058s] -- Up-to-date: /home/tcr3/ros2_personal/install/action_tutorials/local/lib/python3.10/dist-packages/action_tutorials/action_tutorials_s__rosidl_typesupport_introspection_c.cpython-310-aarch64-linux-gnu.so
[5.061s] -- Up-to-date: /home/tcr3/ros2_personal/install/action_tutorials/local/lib/python3.10/dist-packages/action_tutorials/action_tutorials_s__rosidl_typesupport_c.cpython-310-aarch64-linux-gnu.so
[5.064s] -- Up-to-date: /home/tcr3/ros2_personal/install/action_tutorials/lib/libaction_tutorials__rosidl_generator_py.so
[5.074s] -- Up-to-date: /home/tcr3/ros2_personal/install/action_tutorials/share/action_tutorials/action/Fibonacci.idl
[5.078s] -- Up-to-date: /home/tcr3/ros2_personal/install/action_tutorials/share/action_tutorials/action/Fibonacci.action
[5.078s] -- Up-to-date: /home/tcr3/ros2_personal/install/action_tutorials/share/ament_index/resource_index/package_run_dependencies/action_tutorials
[5.079s] -- Up-to-date: /home/tcr3/ros2_personal/install/action_tutorials/share/ament_index/resource_index/parent_prefix_path/action_tutorials
[5.080s] -- Up-to-date: /home/tcr3/ros2_personal/install/action_tutorials/share/action_tutorials/environment/ament_prefix_path.sh
[5.084s] -- Up-to-date: /home/tcr3/ros2_personal/install/action_tutorials/share/action_tutorials/environment/ament_prefix_path.dsv
[5.085s] -- Up-to-date: /home/tcr3/ros2_personal/install/action_tutorials/share/action_tutorials/environment/path.sh
[5.085s] -- Up-to-date: /home/tcr3/ros2_personal/install/action_tutorials/share/action_tutorials/environment/path.dsv
[5.086s] -- Up-to-date: /home/tcr3/ros2_personal/install/action_tutorials/share/action_tutorials/local_setup.bash
[5.087s] -- Up-to-date: /home/tcr3/ros2_personal/install/action_tutorials/share/action_tutorials/local_setup.sh
[5.088s] -- Up-to-date: /home/tcr3/ros2_personal/install/action_tutorials/share/action_tutorials/local_setup.zsh
[5.090s] -- Up-to-date: /home/tcr3/ros2_personal/install/action_tutorials/share/action_tutorials/local_setup.dsv
[5.091s] -- Installing: /home/tcr3/ros2_personal/install/action_tutorials/share/action_tutorials/package.dsv
[5.101s] -- Up-to-date: /home/tcr3/ros2_personal/install/action_tutorials/share/ament_index/resource_index/packages/action_tutorials
[5.102s] -- Up-to-date: /home/tcr3/ros2_personal/install/action_tutorials/share/action_tutorials/cmake/export_action_tutorials__rosidl_generator_cExport.cmake
[5.103s] -- Up-to-date: /home/tcr3/ros2_personal/install/action_tutorials/share/action_tutorials/cmake/export_action_tutorials__rosidl_generator_cExport-noconfig.cmake
[5.104s] -- Up-to-date: /home/tcr3/ros2_personal/install/action_tutorials/share/action_tutorials/cmake/export_action_tutorials__rosidl_typesupport_fastrtps_cExport.cmake
[5.105s] -- Up-to-date: /home/tcr3/ros2_personal/install/action_tutorials/share/action_tutorials/cmake/export_action_tutorials__rosidl_typesupport_fastrtps_cExport-noconfig.cmake
[5.106s] -- Up-to-date: /home/tcr3/ros2_personal/install/action_tutorials/share/action_tutorials/cmake/action_tutorials__rosidl_typesupport_introspection_cExport.cmake
[5.107s] -- Up-to-date: /home/tcr3/ros2_personal/install/action_tutorials/share/action_tutorials/cmake/action_tutorials__rosidl_typesupport_introspection_cExport-noconfig.cmake
[5.108s] -- Up-to-date: /home/tcr3/ros2_personal/install/action_tutorials/share/action_tutorials/cmake/action_tutorials__rosidl_typesupport_cExport.cmake
[5.120s] -- Up-to-date: /home/tcr3/ros2_personal/install/action_tutorials/share/action_tutorials/cmake/action_tutorials__rosidl_typesupport_cExport-noconfig.cmake
[5.120s] -- Up-to-date: /home/tcr3/ros2_personal/install/action_tutorials/share/action_tutorials/cmake/export_action_tutorials__rosidl_generator_cppExport.cmake
[5.122s] -- Up-to-date: /home/tcr3/ros2_personal/install/action_tutorials/share/action_tutorials/cmake/export_action_tutorials__rosidl_typesupport_fastrtps_cppExport.cmake
[5.123s] -- Up-to-date: /home/tcr3/ros2_personal/install/action_tutorials/share/action_tutorials/cmake/export_action_tutorials__rosidl_typesupport_fastrtps_cppExport-noconfig.cmake
[5.125s] -- Up-to-date: /home/tcr3/ros2_personal/install/action_tutorials/share/action_tutorials/cmake/action_tutorials__rosidl_typesupport_introspection_cppExport.cmake
[5.126s] -- Up-to-date: /home/tcr3/ros2_personal/install/action_tutorials/share/action_tutorials/cmake/action_tutorials__rosidl_typesupport_introspection_cppExport-noconfig.cmake
[5.128s] -- Up-to-date: /home/tcr3/ros2_personal/install/action_tutorials/share/action_tutorials/cmake/action_tutorials__rosidl_typesupport_cppExport.cmake
[5.128s] -- Up-to-date: /home/tcr3/ros2_personal/install/action_tutorials/share/action_tutorials/cmake/action_tutorials__rosidl_typesupport_cppExport-noconfig.cmake
[5.131s] -- Up-to-date: /home/tcr3/ros2_personal/install/action_tutorials/share/action_tutorials/cmake/export_action_tutorials__rosidl_generator_pyExport.cmake
[5.136s] -- Up-to-date: /home/tcr3/ros2_personal/install/action_tutorials/share/action_tutorials/cmake/export_action_tutorials__rosidl_generator_pyExport-noconfig.cmake
[5.138s] -- Up-to-date: /home/tcr3/ros2_personal/install/action_tutorials/share/action_tutorials/cmake/rosidl_cmake-extras.cmake
[5.141s] -- Up-to-date: /home/tcr3/ros2_personal/install/action_tutorials/share/action_tutorials/cmake/ament_cmake_export_dependencies-extras.cmake
[5.144s] -- Up-to-date: /home/tcr3/ros2_personal/install/action_tutorials/share/action_tutorials/cmake/ament_cmake_export_include_directories-extras.cmake
[5.145s] -- Up-to-date: /home/tcr3/ros2_personal/install/action_tutorials/share/action_tutorials/cmake/ament_cmake_export_libraries-extras.cmake
[5.147s] -- Up-to-date: /home/tcr3/ros2_personal/install/action_tutorials/share/action_tutorials/cmake/ament_cmake_export_targets-extras.cmake
[5.150s] -- Up-to-date: /home/tcr3/ros2_personal/install/action_tutorials/share/action_tutorials/cmake/rosidl_cmake_export_typesupport_targets-extras.cmake
[5.151s] -- Up-to-date: /home/tcr3/ros2_personal/install/action_tutorials/share/action_tutorials/cmake/rosidl_cmake_export_typesupport_libraries-extras.cmake
[5.152s] -- Up-to-date: /home/tcr3/ros2_personal/install/action_tutorials/share/action_tutorials/cmake/action_tutorialsConfig.cmake
[5.154s] -- Up-to-date: /home/tcr3/ros2_personal/install/action_tutorials/share/action_tutorials/cmake/action_tutorialsConfig-version.cmake
[5.155s] -- Up-to-date: /home/tcr3/ros2_personal/install/action_tutorials/share/action_tutorials/package.xml
[5.189s] Invoked command in '/home/tcr3/ros2_personal/build/action_tutorials' returned '0': CMAKE_PREFIX_PATH=/opt/ros/humble /usr/bin/cmake --install /home/tcr3/ros2_personal/build/action_tutorials
