[0.196s] Invoking command in '/home/tcr3/ros2_personal/build/action_tutorials': CMAKE_PREFIX_PATH=${CMAKE_PREFIX_PATH}:/opt/ros/humble:/home/tcr3/ros2_personal/install/my_package:/home/tcr3/ros2_personal/install/launch_testing_examples:/home/tcr3/ros2_personal/install/examples_rclpy_pointcloud_publisher:/home/tcr3/ros2_personal/install/examples_rclpy_minimal_subscriber:/home/tcr3/ros2_personal/install/examples_rclpy_minimal_service:/home/tcr3/ros2_personal/install/examples_rclpy_minimal_publisher:/home/tcr3/ros2_personal/install/examples_rclpy_minimal_client:/home/tcr3/ros2_personal/install/examples_rclpy_minimal_action_server:/home/tcr3/ros2_personal/install/examples_rclpy_minimal_action_client:/home/tcr3/ros2_personal/install/examples_rclpy_guard_conditions:/home/tcr3/ros2_personal/install/examples_rclpy_executors /usr/bin/cmake /home/tcr3/ros2_personal/src/action_tutorials -DCMAKE_INSTALL_PREFIX=/home/tcr3/ros2_personal/install/action_tutorials
[0.271s] -- Found ament_cmake: 1.3.2 (/opt/ros/humble/share/ament_cmake/cmake)
[1.556s] -- Found ament_lint_auto: 0.12.4 (/opt/ros/humble/share/ament_lint_auto/cmake)
[1.997s] -- Found rosidl_default_generators: 1.2.0 (/opt/ros/humble/share/rosidl_default_generators/cmake)
[2.025s] -- Using all available rosidl_typesupport_c: rosidl_typesupport_fastrtps_c;rosidl_typesupport_introspection_c
[2.040s] -- Found rosidl_adapter: 3.1.3 (/opt/ros/humble/share/rosidl_adapter/cmake)
[2.272s] -- Using all available rosidl_typesupport_cpp: rosidl_typesupport_fastrtps_cpp;rosidl_typesupport_introspection_cpp
[3.661s] [31mCMake Error at /opt/ros/humble/share/rosidl_adapter/cmake/rosidl_adapt_interfaces.cmake:59 (message):
[3.662s]   execute_process(/usr/bin/python3.10 -m rosidl_adapter --package-name
[3.663s]   action_tutorials --arguments-file
[3.664s]   /home/tcr3/ros2_personal/build/action_tutorials/rosidl_adapter__arguments__action_tutorials.json
[3.666s]   --output-dir
[3.667s]   /home/tcr3/ros2_personal/build/action_tutorials/rosidl_adapter/action_tutorials
[3.667s]   --output-file
[3.668s]   /home/tcr3/ros2_personal/build/action_tutorials/rosidl_adapter/action_tutorials.idls)
[3.669s]   returned error code 1:
[3.670s] 
[3.671s]   Traceback (most recent call last):
[3.671s] 
[3.672s]     File "/usr/lib/python3.10/runpy.py", line 196, in _run_module_as_main
[3.672s] -- Configuring incomplete, errors occurred!
[3.672s] See also "/home/tcr3/ros2_personal/build/action_tutorials/CMakeFiles/CMakeOutput.log".
[3.673s]       return _run_code(code, main_globals, None,
[3.674s]     File "/usr/lib/python3.10/runpy.py", line 86, in _run_code
[3.675s]       exec(code, run_globals)
[3.677s]     File "/opt/ros/humble/local/lib/python3.10/dist-packages/rosidl_adapter/__main__.py", line 19, in <module>
[3.688s]       sys.exit(main())
[3.689s]     File "/opt/ros/humble/local/lib/python3.10/dist-packages/rosidl_adapter/main.py", line 53, in main
[3.699s]       abs_idl_file = convert_to_idl(
[3.700s]     File "/opt/ros/humble/local/lib/python3.10/dist-packages/rosidl_adapter/__init__.py", line 29, in convert_to_idl
[3.701s]       return convert_action_to_idl(
[3.701s]     File "/opt/ros/humble/local/lib/python3.10/dist-packages/rosidl_adapter/action/__init__.py", line 28, in convert_action_to_idl
[3.701s]       action = parse_action_string(package_name, input_file.stem, content)
[3.702s]     File "/opt/ros/humble/local/lib/python3.10/dist-packages/rosidl_adapter/parser.py", line 894, in parse_action_string
[3.702s]       raise InvalidActionSpecification(
[3.703s] 
[3.706s]   rosidl_adapter.parser.InvalidActionSpecification: Number of '---'
[3.707s]   separators nonconformant with action definition
[3.708s] 
[3.708s] Call Stack (most recent call first):
[3.709s]   /opt/ros/humble/share/rosidl_cmake/cmake/rosidl_generate_interfaces.cmake:130 (rosidl_adapt_interfaces)
[3.738s]   CMakeLists.txt:27 (rosidl_generate_interfaces)
[3.739s] 
[3.739s] [0m
[3.742s] Invoked command in '/home/tcr3/ros2_personal/build/action_tutorials' returned '1': CMAKE_PREFIX_PATH=${CMAKE_PREFIX_PATH}:/opt/ros/humble:/home/tcr3/ros2_personal/install/my_package:/home/tcr3/ros2_personal/install/launch_testing_examples:/home/tcr3/ros2_personal/install/examples_rclpy_pointcloud_publisher:/home/tcr3/ros2_personal/install/examples_rclpy_minimal_subscriber:/home/tcr3/ros2_personal/install/examples_rclpy_minimal_service:/home/tcr3/ros2_personal/install/examples_rclpy_minimal_publisher:/home/tcr3/ros2_personal/install/examples_rclpy_minimal_client:/home/tcr3/ros2_personal/install/examples_rclpy_minimal_action_server:/home/tcr3/ros2_personal/install/examples_rclpy_minimal_action_client:/home/tcr3/ros2_personal/install/examples_rclpy_guard_conditions:/home/tcr3/ros2_personal/install/examples_rclpy_executors /usr/bin/cmake /home/tcr3/ros2_personal/src/action_tutorials -DCMAKE_INSTALL_PREFIX=/home/tcr3/ros2_personal/install/action_tutorials
