[0.223s] Invoking command in '/home/tcr3/ros2_personal/build/examples_rclcpp_minimal_client': CMAKE_PREFIX_PATH=/opt/ros/humble /usr/bin/cmake /home/tcr3/ros2_personal/src/src/examples/rclcpp/services/minimal_client -DCMAKE_INSTALL_PREFIX=/home/tcr3/ros2_personal/install/examples_rclcpp_minimal_client
[0.851s] -- The C compiler identification is GNU 11.2.0
[1.371s] -- The CXX compiler identification is GNU 11.2.0
[1.461s] -- Detecting C compiler ABI info
[2.222s] -- Detecting C compiler ABI info - done
[2.285s] -- Check for working C compiler: /usr/bin/cc - skipped
[2.287s] -- Detecting C compile features
[2.296s] -- Detecting C compile features - done
[2.326s] -- Detecting CXX compiler ABI info
[3.186s] -- Detecting CXX compiler ABI info - done
[3.261s] -- Check for working CXX compiler: /usr/bin/c++ - skipped
[3.263s] -- Detecting CXX compile features
[3.265s] -- Detecting CXX compile features - done
[3.327s] -- Found ament_cmake: 1.3.2 (/opt/ros/humble/share/ament_cmake/cmake)
[5.297s] -- Found Python3: /usr/bin/python3.10 (found version "3.10.6") found components: Interpreter 
[6.771s] -- Found example_interfaces: 0.9.3 (/opt/ros/humble/share/example_interfaces/cmake)
[7.177s] -- Found rosidl_generator_c: 3.1.3 (/opt/ros/humble/share/rosidl_generator_c/cmake)
[7.232s] -- Found rosidl_adapter: 3.1.3 (/opt/ros/humble/share/rosidl_adapter/cmake)
[7.326s] -- Found rosidl_generator_cpp: 3.1.3 (/opt/ros/humble/share/rosidl_generator_cpp/cmake)
[7.555s] -- Using all available rosidl_typesupport_c: rosidl_typesupport_fastrtps_c;rosidl_typesupport_introspection_c
[7.859s] -- Using all available rosidl_typesupport_cpp: rosidl_typesupport_fastrtps_cpp;rosidl_typesupport_introspection_cpp
[8.873s] -- Found rclcpp: 16.0.1 (/opt/ros/humble/share/rclcpp/cmake)
[9.379s] -- Found rmw_implementation_cmake: 6.1.0 (/opt/ros/humble/share/rmw_implementation_cmake/cmake)
[9.406s] -- Found rmw_fastrtps_cpp: 6.2.1 (/opt/ros/humble/share/rmw_fastrtps_cpp/cmake)
[10.778s] -- Found OpenSSL: /usr/lib/aarch64-linux-gnu/libcrypto.so (found version "3.0.2")  
[11.156s] -- Found FastRTPS: /opt/ros/humble/include  
[11.950s] -- Using RMW implementation 'rmw_fastrtps_cpp' as default
[13.162s] -- Found ament_lint_auto: 0.12.4 (/opt/ros/humble/share/ament_lint_auto/cmake)
[13.850s] -- Added test 'copyright' to check source files copyright and LICENSE
[13.858s] -- Added test 'cppcheck' to perform static code analysis on C / C++ code
[13.860s] -- Configured cppcheck include dirs: 
[13.861s] -- Configured cppcheck exclude dirs and/or files: 
[13.867s] -- Added test 'cpplint' to check C / C++ code against the Google style
[13.869s] -- Configured cpplint exclude dirs and/or files: 
[13.877s] -- Added test 'lint_cmake' to check CMake code style
[13.884s] -- Added test 'uncrustify' to check C / C++ code style
[13.886s] -- Configured uncrustify additional arguments: 
[13.889s] -- Added test 'xmllint' to check XML markup files
[13.901s] -- Configuring done
[14.040s] -- Generating done
[14.071s] -- Build files have been written to: /home/tcr3/ros2_personal/build/examples_rclcpp_minimal_client
[14.137s] Invoked command in '/home/tcr3/ros2_personal/build/examples_rclcpp_minimal_client' returned '0': CMAKE_PREFIX_PATH=/opt/ros/humble /usr/bin/cmake /home/tcr3/ros2_personal/src/src/examples/rclcpp/services/minimal_client -DCMAKE_INSTALL_PREFIX=/home/tcr3/ros2_personal/install/examples_rclcpp_minimal_client
[14.141s] Invoking command in '/home/tcr3/ros2_personal/build/examples_rclcpp_minimal_client': CMAKE_PREFIX_PATH=/opt/ros/humble /usr/bin/cmake --build /home/tcr3/ros2_personal/build/examples_rclcpp_minimal_client -- -j4 -l4
[14.536s] [ 50%] [32mBuilding CXX object CMakeFiles/client_main.dir/main.cpp.o[0m
[46.971s] [100%] [32m[1mLinking CXX executable client_main[0m
[48.353s] [100%] Built target client_main
[48.455s] Invoked command in '/home/tcr3/ros2_personal/build/examples_rclcpp_minimal_client' returned '0': CMAKE_PREFIX_PATH=/opt/ros/humble /usr/bin/cmake --build /home/tcr3/ros2_personal/build/examples_rclcpp_minimal_client -- -j4 -l4
[48.997s] Invoking command in '/home/tcr3/ros2_personal/build/examples_rclcpp_minimal_client': CMAKE_PREFIX_PATH=/opt/ros/humble /usr/bin/cmake --install /home/tcr3/ros2_personal/build/examples_rclcpp_minimal_client
[49.064s] -- Install configuration: ""
[49.065s] -- Installing: /home/tcr3/ros2_personal/install/examples_rclcpp_minimal_client/lib/examples_rclcpp_minimal_client/client_main
[49.086s] -- Set runtime path of "/home/tcr3/ros2_personal/install/examples_rclcpp_minimal_client/lib/examples_rclcpp_minimal_client/client_main" to ""
[49.096s] -- Installing: /home/tcr3/ros2_personal/install/examples_rclcpp_minimal_client/share/ament_index/resource_index/package_run_dependencies/examples_rclcpp_minimal_client
[49.099s] -- Installing: /home/tcr3/ros2_personal/install/examples_rclcpp_minimal_client/share/ament_index/resource_index/parent_prefix_path/examples_rclcpp_minimal_client
[49.110s] -- Installing: /home/tcr3/ros2_personal/install/examples_rclcpp_minimal_client/share/examples_rclcpp_minimal_client/environment/ament_prefix_path.sh
[49.112s] -- Installing: /home/tcr3/ros2_personal/install/examples_rclcpp_minimal_client/share/examples_rclcpp_minimal_client/environment/ament_prefix_path.dsv
[49.114s] -- Installing: /home/tcr3/ros2_personal/install/examples_rclcpp_minimal_client/share/examples_rclcpp_minimal_client/environment/path.sh
[49.116s] -- Installing: /home/tcr3/ros2_personal/install/examples_rclcpp_minimal_client/share/examples_rclcpp_minimal_client/environment/path.dsv
[49.118s] -- Installing: /home/tcr3/ros2_personal/install/examples_rclcpp_minimal_client/share/examples_rclcpp_minimal_client/local_setup.bash
[49.128s] -- Installing: /home/tcr3/ros2_personal/install/examples_rclcpp_minimal_client/share/examples_rclcpp_minimal_client/local_setup.sh
[49.130s] -- Installing: /home/tcr3/ros2_personal/install/examples_rclcpp_minimal_client/share/examples_rclcpp_minimal_client/local_setup.zsh
[49.132s] -- Installing: /home/tcr3/ros2_personal/install/examples_rclcpp_minimal_client/share/examples_rclcpp_minimal_client/local_setup.dsv
[49.134s] -- Installing: /home/tcr3/ros2_personal/install/examples_rclcpp_minimal_client/share/examples_rclcpp_minimal_client/package.dsv
[49.136s] -- Installing: /home/tcr3/ros2_personal/install/examples_rclcpp_minimal_client/share/ament_index/resource_index/packages/examples_rclcpp_minimal_client
[49.150s] -- Installing: /home/tcr3/ros2_personal/install/examples_rclcpp_minimal_client/share/examples_rclcpp_minimal_client/cmake/examples_rclcpp_minimal_clientConfig.cmake
[49.152s] -- Installing: /home/tcr3/ros2_personal/install/examples_rclcpp_minimal_client/share/examples_rclcpp_minimal_client/cmake/examples_rclcpp_minimal_clientConfig-version.cmake
[49.154s] -- Installing: /home/tcr3/ros2_personal/install/examples_rclcpp_minimal_client/share/examples_rclcpp_minimal_client/package.xml
[49.171s] Invoked command in '/home/tcr3/ros2_personal/build/examples_rclcpp_minimal_client' returned '0': CMAKE_PREFIX_PATH=/opt/ros/humble /usr/bin/cmake --install /home/tcr3/ros2_personal/build/examples_rclcpp_minimal_client
