[0.179s] Invoking command in '/home/tcr3/ros2_personal/build/examples_rclcpp_minimal_service': CMAKE_PREFIX_PATH=/opt/ros/humble /usr/bin/cmake --build /home/tcr3/ros2_personal/build/examples_rclcpp_minimal_service -- -j4 -l4
[0.539s] [100%] Built target service_main
[0.786s] Invoked command in '/home/tcr3/ros2_personal/build/examples_rclcpp_minimal_service' returned '0': CMAKE_PREFIX_PATH=/opt/ros/humble /usr/bin/cmake --build /home/tcr3/ros2_personal/build/examples_rclcpp_minimal_service -- -j4 -l4
[1.050s] Invoking command in '/home/tcr3/ros2_personal/build/examples_rclcpp_minimal_service': CMAKE_PREFIX_PATH=/opt/ros/humble /usr/bin/cmake --install /home/tcr3/ros2_personal/build/examples_rclcpp_minimal_service
[1.126s] -- Install configuration: ""
[1.132s] -- Up-to-date: /home/tcr3/ros2_personal/install/examples_rclcpp_minimal_service/lib/examples_rclcpp_minimal_service/service_main
[1.135s] -- Up-to-date: /home/tcr3/ros2_personal/install/examples_rclcpp_minimal_service/share/ament_index/resource_index/package_run_dependencies/examples_rclcpp_minimal_service
[1.137s] -- Up-to-date: /home/tcr3/ros2_personal/install/examples_rclcpp_minimal_service/share/ament_index/resource_index/parent_prefix_path/examples_rclcpp_minimal_service
[1.138s] -- Up-to-date: /home/tcr3/ros2_personal/install/examples_rclcpp_minimal_service/share/examples_rclcpp_minimal_service/environment/ament_prefix_path.sh
[1.140s] -- Up-to-date: /home/tcr3/ros2_personal/install/examples_rclcpp_minimal_service/share/examples_rclcpp_minimal_service/environment/ament_prefix_path.dsv
[1.141s] -- Up-to-date: /home/tcr3/ros2_personal/install/examples_rclcpp_minimal_service/share/examples_rclcpp_minimal_service/environment/path.sh
[1.148s] -- Up-to-date: /home/tcr3/ros2_personal/install/examples_rclcpp_minimal_service/share/examples_rclcpp_minimal_service/environment/path.dsv
[1.151s] -- Up-to-date: /home/tcr3/ros2_personal/install/examples_rclcpp_minimal_service/share/examples_rclcpp_minimal_service/local_setup.bash
[1.153s] -- Up-to-date: /home/tcr3/ros2_personal/install/examples_rclcpp_minimal_service/share/examples_rclcpp_minimal_service/local_setup.sh
[1.155s] -- Up-to-date: /home/tcr3/ros2_personal/install/examples_rclcpp_minimal_service/share/examples_rclcpp_minimal_service/local_setup.zsh
[1.156s] -- Up-to-date: /home/tcr3/ros2_personal/install/examples_rclcpp_minimal_service/share/examples_rclcpp_minimal_service/local_setup.dsv
[1.158s] -- Installing: /home/tcr3/ros2_personal/install/examples_rclcpp_minimal_service/share/examples_rclcpp_minimal_service/package.dsv
[1.162s] -- Up-to-date: /home/tcr3/ros2_personal/install/examples_rclcpp_minimal_service/share/ament_index/resource_index/packages/examples_rclcpp_minimal_service
[1.163s] -- Up-to-date: /home/tcr3/ros2_personal/install/examples_rclcpp_minimal_service/share/examples_rclcpp_minimal_service/cmake/examples_rclcpp_minimal_serviceConfig.cmake
[1.165s] -- Up-to-date: /home/tcr3/ros2_personal/install/examples_rclcpp_minimal_service/share/examples_rclcpp_minimal_service/cmake/examples_rclcpp_minimal_serviceConfig-version.cmake
[1.166s] -- Up-to-date: /home/tcr3/ros2_personal/install/examples_rclcpp_minimal_service/share/examples_rclcpp_minimal_service/package.xml
[1.175s] Invoked command in '/home/tcr3/ros2_personal/build/examples_rclcpp_minimal_service' returned '0': CMAKE_PREFIX_PATH=/opt/ros/humble /usr/bin/cmake --install /home/tcr3/ros2_personal/build/examples_rclcpp_minimal_service
