[3.910s] Invoking command in '/home/tcr3/ros2_personal/src/my_package': PYTHONPATH=/home/tcr3/ros2_personal/install/my_package/lib/python3.10/site-packages:${PYTHONPATH} /usr/bin/python3 setup.py egg_info --egg-base ../../build/my_package build --build-base /home/tcr3/ros2_personal/build/my_package/build install --prefix /home/tcr3/ros2_personal/install/my_package --record /home/tcr3/ros2_personal/build/my_package/install.log --single-version-externally-managed
[5.006s] running egg_info
[5.008s] creating ../../build/my_package/my_package.egg-info
[5.009s] writing ../../build/my_package/my_package.egg-info/PKG-INFO
[5.010s] writing dependency_links to ../../build/my_package/my_package.egg-info/dependency_links.txt
[5.011s] writing entry points to ../../build/my_package/my_package.egg-info/entry_points.txt
[5.011s] writing requirements to ../../build/my_package/my_package.egg-info/requires.txt
[5.012s] writing top-level names to ../../build/my_package/my_package.egg-info/top_level.txt
[5.013s] writing manifest file '../../build/my_package/my_package.egg-info/SOURCES.txt'
[5.019s] reading manifest file '../../build/my_package/my_package.egg-info/SOURCES.txt'
[5.023s] writing manifest file '../../build/my_package/my_package.egg-info/SOURCES.txt'
[5.023s] running build
[5.023s] running build_py
[5.024s] creating /home/tcr3/ros2_personal/build/my_package/build
[5.025s] creating /home/tcr3/ros2_personal/build/my_package/build/lib
[5.025s] creating /home/tcr3/ros2_personal/build/my_package/build/lib/my_package
[5.025s] copying my_package/my_node.py -> /home/tcr3/ros2_personal/build/my_package/build/lib/my_package
[5.026s] copying my_package/__init__.py -> /home/tcr3/ros2_personal/build/my_package/build/lib/my_package
[5.027s] running install
[5.028s] /usr/lib/python3/dist-packages/setuptools/command/install.py:34: SetuptoolsDeprecationWarning: setup.py install is deprecated. Use build and pip and other standards-based tools.
[5.028s]   warnings.warn(
[5.029s] running install_lib
[5.032s] creating /home/tcr3/ros2_personal/install/my_package/lib/python3.10/site-packages/my_package
[5.032s] copying /home/tcr3/ros2_personal/build/my_package/build/lib/my_package/my_node.py -> /home/tcr3/ros2_personal/install/my_package/lib/python3.10/site-packages/my_package
[5.033s] copying /home/tcr3/ros2_personal/build/my_package/build/lib/my_package/__init__.py -> /home/tcr3/ros2_personal/install/my_package/lib/python3.10/site-packages/my_package
[5.036s] byte-compiling /home/tcr3/ros2_personal/install/my_package/lib/python3.10/site-packages/my_package/my_node.py to my_node.cpython-310.pyc
[5.037s] byte-compiling /home/tcr3/ros2_personal/install/my_package/lib/python3.10/site-packages/my_package/__init__.py to __init__.cpython-310.pyc
[5.038s] running install_data
[5.041s] creating /home/tcr3/ros2_personal/install/my_package/share/ament_index
[5.041s] creating /home/tcr3/ros2_personal/install/my_package/share/ament_index/resource_index
[5.042s] creating /home/tcr3/ros2_personal/install/my_package/share/ament_index/resource_index/packages
[5.042s] copying resource/my_package -> /home/tcr3/ros2_personal/install/my_package/share/ament_index/resource_index/packages
[5.042s] copying package.xml -> /home/tcr3/ros2_personal/install/my_package/share/my_package
[5.043s] running install_egg_info
[5.050s] Copying ../../build/my_package/my_package.egg-info to /home/tcr3/ros2_personal/install/my_package/lib/python3.10/site-packages/my_package-0.0.0-py3.10.egg-info
[5.055s] running install_scripts
[5.139s] Installing my_node script to /home/tcr3/ros2_personal/install/my_package/lib/my_package
[5.140s] writing list of installed files to '/home/tcr3/ros2_personal/build/my_package/install.log'
[5.263s] Invoked command in '/home/tcr3/ros2_personal/src/my_package' returned '0': PYTHONPATH=/home/tcr3/ros2_personal/install/my_package/lib/python3.10/site-packages:${PYTHONPATH} /usr/bin/python3 setup.py egg_info --egg-base ../../build/my_package build --build-base /home/tcr3/ros2_personal/build/my_package/build install --prefix /home/tcr3/ros2_personal/install/my_package --record /home/tcr3/ros2_personal/build/my_package/install.log --single-version-externally-managed
