[4.712s] Invoking command in '/home/tcr3/ros2_personal/src/src/examples/rclpy/services/minimal_client': PYTHONPATH=/home/tcr3/ros2_personal/install/examples_rclpy_minimal_client/lib/python3.10/site-packages:${PYTHONPATH} /usr/bin/python3 setup.py egg_info --egg-base ../../../../../../build/examples_rclpy_minimal_client build --build-base /home/tcr3/ros2_personal/build/examples_rclpy_minimal_client/build install --prefix /home/tcr3/ros2_personal/install/examples_rclpy_minimal_client --record /home/tcr3/ros2_personal/build/examples_rclpy_minimal_client/install.log --single-version-externally-managed
[6.390s] running egg_info
[6.398s] creating ../../../../../../build/examples_rclpy_minimal_client/examples_rclpy_minimal_client.egg-info
[6.401s] writing ../../../../../../build/examples_rclpy_minimal_client/examples_rclpy_minimal_client.egg-info/PKG-INFO
[6.407s] writing dependency_links to ../../../../../../build/examples_rclpy_minimal_client/examples_rclpy_minimal_client.egg-info/dependency_links.txt
[6.411s] writing entry points to ../../../../../../build/examples_rclpy_minimal_client/examples_rclpy_minimal_client.egg-info/entry_points.txt
[6.415s] writing requirements to ../../../../../../build/examples_rclpy_minimal_client/examples_rclpy_minimal_client.egg-info/requires.txt
[6.419s] writing top-level names to ../../../../../../build/examples_rclpy_minimal_client/examples_rclpy_minimal_client.egg-info/top_level.txt
[6.424s] writing manifest file '../../../../../../build/examples_rclpy_minimal_client/examples_rclpy_minimal_client.egg-info/SOURCES.txt'
[6.442s] reading manifest file '../../../../../../build/examples_rclpy_minimal_client/examples_rclpy_minimal_client.egg-info/SOURCES.txt'
[6.451s] writing manifest file '../../../../../../build/examples_rclpy_minimal_client/examples_rclpy_minimal_client.egg-info/SOURCES.txt'
[6.455s] running build
[6.457s] running build_py
[6.461s] creating /home/tcr3/ros2_personal/build/examples_rclpy_minimal_client/build
[6.464s] creating /home/tcr3/ros2_personal/build/examples_rclpy_minimal_client/build/lib
[6.466s] creating /home/tcr3/ros2_personal/build/examples_rclpy_minimal_client/build/lib/examples_rclpy_minimal_client
[6.469s] copying examples_rclpy_minimal_client/client_async.py -> /home/tcr3/ros2_personal/build/examples_rclpy_minimal_client/build/lib/examples_rclpy_minimal_client
[6.473s] copying examples_rclpy_minimal_client/client_async_member_function.py -> /home/tcr3/ros2_personal/build/examples_rclpy_minimal_client/build/lib/examples_rclpy_minimal_client
[6.477s] copying examples_rclpy_minimal_client/client.py -> /home/tcr3/ros2_personal/build/examples_rclpy_minimal_client/build/lib/examples_rclpy_minimal_client
[6.480s] copying examples_rclpy_minimal_client/client_async_callback.py -> /home/tcr3/ros2_personal/build/examples_rclpy_minimal_client/build/lib/examples_rclpy_minimal_client
[6.483s] copying examples_rclpy_minimal_client/__init__.py -> /home/tcr3/ros2_personal/build/examples_rclpy_minimal_client/build/lib/examples_rclpy_minimal_client
[6.486s] running install
[6.490s] /usr/lib/python3/dist-packages/setuptools/command/install.py:34: SetuptoolsDeprecationWarning: setup.py install is deprecated. Use build and pip and other standards-based tools.
[6.491s]   warnings.warn(
[6.496s] running install_lib
[6.503s] creating /home/tcr3/ros2_personal/install/examples_rclpy_minimal_client/lib/python3.10/site-packages/examples_rclpy_minimal_client
[6.515s] copying /home/tcr3/ros2_personal/build/examples_rclpy_minimal_client/build/lib/examples_rclpy_minimal_client/client_async.py -> /home/tcr3/ros2_personal/install/examples_rclpy_minimal_client/lib/python3.10/site-packages/examples_rclpy_minimal_client
[6.515s] copying /home/tcr3/ros2_personal/build/examples_rclpy_minimal_client/build/lib/examples_rclpy_minimal_client/client_async_member_function.py -> /home/tcr3/ros2_personal/install/examples_rclpy_minimal_client/lib/python3.10/site-packages/examples_rclpy_minimal_client
[6.516s] copying /home/tcr3/ros2_personal/build/examples_rclpy_minimal_client/build/lib/examples_rclpy_minimal_client/client.py -> /home/tcr3/ros2_personal/install/examples_rclpy_minimal_client/lib/python3.10/site-packages/examples_rclpy_minimal_client
[6.517s] copying /home/tcr3/ros2_personal/build/examples_rclpy_minimal_client/build/lib/examples_rclpy_minimal_client/client_async_callback.py -> /home/tcr3/ros2_personal/install/examples_rclpy_minimal_client/lib/python3.10/site-packages/examples_rclpy_minimal_client
[6.518s] copying /home/tcr3/ros2_personal/build/examples_rclpy_minimal_client/build/lib/examples_rclpy_minimal_client/__init__.py -> /home/tcr3/ros2_personal/install/examples_rclpy_minimal_client/lib/python3.10/site-packages/examples_rclpy_minimal_client
[6.519s] byte-compiling /home/tcr3/ros2_personal/install/examples_rclpy_minimal_client/lib/python3.10/site-packages/examples_rclpy_minimal_client/client_async.py to client_async.cpython-310.pyc
[6.520s] byte-compiling /home/tcr3/ros2_personal/install/examples_rclpy_minimal_client/lib/python3.10/site-packages/examples_rclpy_minimal_client/client_async_member_function.py to client_async_member_function.cpython-310.pyc
[6.523s] byte-compiling /home/tcr3/ros2_personal/install/examples_rclpy_minimal_client/lib/python3.10/site-packages/examples_rclpy_minimal_client/client.py to client.cpython-310.pyc
[6.528s] byte-compiling /home/tcr3/ros2_personal/install/examples_rclpy_minimal_client/lib/python3.10/site-packages/examples_rclpy_minimal_client/client_async_callback.py to client_async_callback.cpython-310.pyc
[6.530s] byte-compiling /home/tcr3/ros2_personal/install/examples_rclpy_minimal_client/lib/python3.10/site-packages/examples_rclpy_minimal_client/__init__.py to __init__.cpython-310.pyc
[6.531s] running install_data
[6.536s] creating /home/tcr3/ros2_personal/install/examples_rclpy_minimal_client/share/ament_index
[6.538s] creating /home/tcr3/ros2_personal/install/examples_rclpy_minimal_client/share/ament_index/resource_index
[6.539s] creating /home/tcr3/ros2_personal/install/examples_rclpy_minimal_client/share/ament_index/resource_index/packages
[6.540s] copying resource/examples_rclpy_minimal_client -> /home/tcr3/ros2_personal/install/examples_rclpy_minimal_client/share/ament_index/resource_index/packages
[6.540s] copying package.xml -> /home/tcr3/ros2_personal/install/examples_rclpy_minimal_client/share/examples_rclpy_minimal_client
[6.541s] running install_egg_info
[6.546s] Copying ../../../../../../build/examples_rclpy_minimal_client/examples_rclpy_minimal_client.egg-info to /home/tcr3/ros2_personal/install/examples_rclpy_minimal_client/lib/python3.10/site-packages/examples_rclpy_minimal_client-0.15.0-py3.10.egg-info
[6.557s] running install_scripts
[6.676s] Installing client script to /home/tcr3/ros2_personal/install/examples_rclpy_minimal_client/lib/examples_rclpy_minimal_client
[6.677s] Installing client_async script to /home/tcr3/ros2_personal/install/examples_rclpy_minimal_client/lib/examples_rclpy_minimal_client
[6.679s] Installing client_async_callback script to /home/tcr3/ros2_personal/install/examples_rclpy_minimal_client/lib/examples_rclpy_minimal_client
[6.680s] Installing client_async_member_function script to /home/tcr3/ros2_personal/install/examples_rclpy_minimal_client/lib/examples_rclpy_minimal_client
[6.683s] writing list of installed files to '/home/tcr3/ros2_personal/build/examples_rclpy_minimal_client/install.log'
[6.872s] Invoked command in '/home/tcr3/ros2_personal/src/src/examples/rclpy/services/minimal_client' returned '0': PYTHONPATH=/home/tcr3/ros2_personal/install/examples_rclpy_minimal_client/lib/python3.10/site-packages:${PYTHONPATH} /usr/bin/python3 setup.py egg_info --egg-base ../../../../../../build/examples_rclpy_minimal_client build --build-base /home/tcr3/ros2_personal/build/examples_rclpy_minimal_client/build install --prefix /home/tcr3/ros2_personal/install/examples_rclpy_minimal_client --record /home/tcr3/ros2_personal/build/examples_rclpy_minimal_client/install.log --single-version-externally-managed
