[0.105s] Invoking command in '/home/tcr3/ros2_personal/build/examples_rclcpp_wait_set': CMAKE_PREFIX_PATH=${CMAKE_PREFIX_PATH}:/home/tcr3/ros2_personal/install/launch_testing_examples:/home/tcr3/ros2_personal/install/examples_rclpy_pointcloud_publisher:/home/tcr3/ros2_personal/install/examples_rclpy_minimal_subscriber:/home/tcr3/ros2_personal/install/examples_rclpy_minimal_service:/home/tcr3/ros2_personal/install/examples_rclpy_minimal_publisher:/home/tcr3/ros2_personal/install/examples_rclpy_minimal_client:/home/tcr3/ros2_personal/install/examples_rclpy_minimal_action_server:/home/tcr3/ros2_personal/install/examples_rclpy_minimal_action_client:/home/tcr3/ros2_personal/install/examples_rclpy_guard_conditions:/home/tcr3/ros2_personal/install/examples_rclpy_executors:/opt/ros/humble /usr/bin/cmake --build /home/tcr3/ros2_personal/build/examples_rclcpp_wait_set -- -j4 -l4
[0.339s] [35m[1mConsolidate compiler generated dependencies of target wait_set_talker[0m
[0.381s] [35m[1mConsolidate compiler generated dependencies of target listener[0m
[0.384s] [35m[1mConsolidate compiler generated dependencies of target talker[0m
[0.417s] [35m[1mConsolidate compiler generated dependencies of target wait_set_listener[0m
[0.511s] [  8%] Built target wait_set_talker
[0.530s] [ 16%] Built target talker
[0.555s] [ 25%] Built target listener
[0.579s] [ 33%] Built target wait_set_listener
[0.602s] [35m[1mConsolidate compiler generated dependencies of target wait_set[0m
[0.606s] [35m[1mConsolidate compiler generated dependencies of target static_wait_set[0m
[0.654s] [35m[1mConsolidate compiler generated dependencies of target wait_set_topics_and_timer[0m
[0.685s] [35m[1mConsolidate compiler generated dependencies of target thread_safe_wait_set[0m
[0.734s] [ 41%] Built target wait_set
[0.771s] [ 50%] Built target static_wait_set
[0.804s] [ 58%] Built target wait_set_topics_and_timer
[0.819s] [35m[1mConsolidate compiler generated dependencies of target wait_set_random_order[0m
[0.830s] [ 66%] Built target thread_safe_wait_set
[0.881s] [35m[1mConsolidate compiler generated dependencies of target executor_random_order[0m
[0.896s] [35m[1mConsolidate compiler generated dependencies of target wait_set_topics_with_different_rates[0m
[0.925s] [35m[1mConsolidate compiler generated dependencies of target wait_set_composed[0m
[0.946s] [ 75%] Built target wait_set_random_order
[1.018s] [ 83%] Built target wait_set_topics_with_different_rates
[1.034s] [ 91%] Built target wait_set_composed
[1.035s] [100%] Built target executor_random_order
[2.244s] Invoked command in '/home/tcr3/ros2_personal/build/examples_rclcpp_wait_set' returned '0': CMAKE_PREFIX_PATH=${CMAKE_PREFIX_PATH}:/home/tcr3/ros2_personal/install/launch_testing_examples:/home/tcr3/ros2_personal/install/examples_rclpy_pointcloud_publisher:/home/tcr3/ros2_personal/install/examples_rclpy_minimal_subscriber:/home/tcr3/ros2_personal/install/examples_rclpy_minimal_service:/home/tcr3/ros2_personal/install/examples_rclpy_minimal_publisher:/home/tcr3/ros2_personal/install/examples_rclpy_minimal_client:/home/tcr3/ros2_personal/install/examples_rclpy_minimal_action_server:/home/tcr3/ros2_personal/install/examples_rclpy_minimal_action_client:/home/tcr3/ros2_personal/install/examples_rclpy_guard_conditions:/home/tcr3/ros2_personal/install/examples_rclpy_executors:/opt/ros/humble /usr/bin/cmake --build /home/tcr3/ros2_personal/build/examples_rclcpp_wait_set -- -j4 -l4
[3.515s] Invoking command in '/home/tcr3/ros2_personal/build/examples_rclcpp_wait_set': CMAKE_PREFIX_PATH=${CMAKE_PREFIX_PATH}:/home/tcr3/ros2_personal/install/launch_testing_examples:/home/tcr3/ros2_personal/install/examples_rclpy_pointcloud_publisher:/home/tcr3/ros2_personal/install/examples_rclpy_minimal_subscriber:/home/tcr3/ros2_personal/install/examples_rclpy_minimal_service:/home/tcr3/ros2_personal/install/examples_rclpy_minimal_publisher:/home/tcr3/ros2_personal/install/examples_rclpy_minimal_client:/home/tcr3/ros2_personal/install/examples_rclpy_minimal_action_server:/home/tcr3/ros2_personal/install/examples_rclpy_minimal_action_client:/home/tcr3/ros2_personal/install/examples_rclpy_guard_conditions:/home/tcr3/ros2_personal/install/examples_rclpy_executors:/opt/ros/humble /usr/bin/cmake --install /home/tcr3/ros2_personal/build/examples_rclcpp_wait_set
[3.556s] -- Install configuration: ""
[3.557s] -- Up-to-date: /home/tcr3/ros2_personal/install/examples_rclcpp_wait_set/lib/examples_rclcpp_wait_set/wait_set_talker
[3.560s] -- Up-to-date: /home/tcr3/ros2_personal/install/examples_rclcpp_wait_set/lib/examples_rclcpp_wait_set/wait_set_listener
[3.563s] -- Up-to-date: /home/tcr3/ros2_personal/install/examples_rclcpp_wait_set/lib/libtalker.so
[3.565s] -- Up-to-date: /home/tcr3/ros2_personal/install/examples_rclcpp_wait_set/lib/liblistener.so
[3.568s] -- Up-to-date: /home/tcr3/ros2_personal/install/examples_rclcpp_wait_set/lib/examples_rclcpp_wait_set/wait_set
[3.570s] -- Up-to-date: /home/tcr3/ros2_personal/install/examples_rclcpp_wait_set/lib/examples_rclcpp_wait_set/static_wait_set
[3.573s] -- Up-to-date: /home/tcr3/ros2_personal/install/examples_rclcpp_wait_set/lib/examples_rclcpp_wait_set/thread_safe_wait_set
[3.576s] -- Up-to-date: /home/tcr3/ros2_personal/install/examples_rclcpp_wait_set/lib/examples_rclcpp_wait_set/wait_set_topics_and_timer
[3.579s] -- Up-to-date: /home/tcr3/ros2_personal/install/examples_rclcpp_wait_set/lib/examples_rclcpp_wait_set/wait_set_random_order
[3.581s] -- Up-to-date: /home/tcr3/ros2_personal/install/examples_rclcpp_wait_set/lib/examples_rclcpp_wait_set/executor_random_order
[3.584s] -- Up-to-date: /home/tcr3/ros2_personal/install/examples_rclcpp_wait_set/lib/examples_rclcpp_wait_set/wait_set_topics_with_different_rates
[3.588s] -- Up-to-date: /home/tcr3/ros2_personal/install/examples_rclcpp_wait_set/lib/examples_rclcpp_wait_set/wait_set_composed
[3.589s] -- Up-to-date: /home/tcr3/ros2_personal/install/examples_rclcpp_wait_set/share/ament_index/resource_index/package_run_dependencies/examples_rclcpp_wait_set
[3.590s] -- Up-to-date: /home/tcr3/ros2_personal/install/examples_rclcpp_wait_set/share/ament_index/resource_index/parent_prefix_path/examples_rclcpp_wait_set
[3.591s] -- Up-to-date: /home/tcr3/ros2_personal/install/examples_rclcpp_wait_set/share/examples_rclcpp_wait_set/environment/ament_prefix_path.sh
[3.592s] -- Up-to-date: /home/tcr3/ros2_personal/install/examples_rclcpp_wait_set/share/examples_rclcpp_wait_set/environment/ament_prefix_path.dsv
[3.594s] -- Up-to-date: /home/tcr3/ros2_personal/install/examples_rclcpp_wait_set/share/examples_rclcpp_wait_set/environment/path.sh
[3.599s] -- Up-to-date: /home/tcr3/ros2_personal/install/examples_rclcpp_wait_set/share/examples_rclcpp_wait_set/environment/path.dsv
[3.600s] -- Up-to-date: /home/tcr3/ros2_personal/install/examples_rclcpp_wait_set/share/examples_rclcpp_wait_set/local_setup.bash
[3.602s] -- Up-to-date: /home/tcr3/ros2_personal/install/examples_rclcpp_wait_set/share/examples_rclcpp_wait_set/local_setup.sh
[3.604s] -- Up-to-date: /home/tcr3/ros2_personal/install/examples_rclcpp_wait_set/share/examples_rclcpp_wait_set/local_setup.zsh
[3.606s] -- Up-to-date: /home/tcr3/ros2_personal/install/examples_rclcpp_wait_set/share/examples_rclcpp_wait_set/local_setup.dsv
[3.608s] -- Installing: /home/tcr3/ros2_personal/install/examples_rclcpp_wait_set/share/examples_rclcpp_wait_set/package.dsv
[3.609s] -- Up-to-date: /home/tcr3/ros2_personal/install/examples_rclcpp_wait_set/share/ament_index/resource_index/packages/examples_rclcpp_wait_set
[3.612s] -- Up-to-date: /home/tcr3/ros2_personal/install/examples_rclcpp_wait_set/share/ament_index/resource_index/rclcpp_components/examples_rclcpp_wait_set
[3.626s] -- Up-to-date: /home/tcr3/ros2_personal/install/examples_rclcpp_wait_set/share/examples_rclcpp_wait_set/cmake/examples_rclcpp_wait_setConfig.cmake
[3.629s] -- Up-to-date: /home/tcr3/ros2_personal/install/examples_rclcpp_wait_set/share/examples_rclcpp_wait_set/cmake/examples_rclcpp_wait_setConfig-version.cmake
[3.630s] -- Up-to-date: /home/tcr3/ros2_personal/install/examples_rclcpp_wait_set/share/examples_rclcpp_wait_set/package.xml
[3.632s] Invoked command in '/home/tcr3/ros2_personal/build/examples_rclcpp_wait_set' returned '0': CMAKE_PREFIX_PATH=${CMAKE_PREFIX_PATH}:/home/tcr3/ros2_personal/install/launch_testing_examples:/home/tcr3/ros2_personal/install/examples_rclpy_pointcloud_publisher:/home/tcr3/ros2_personal/install/examples_rclpy_minimal_subscriber:/home/tcr3/ros2_personal/install/examples_rclpy_minimal_service:/home/tcr3/ros2_personal/install/examples_rclpy_minimal_publisher:/home/tcr3/ros2_personal/install/examples_rclpy_minimal_client:/home/tcr3/ros2_personal/install/examples_rclpy_minimal_action_server:/home/tcr3/ros2_personal/install/examples_rclpy_minimal_action_client:/home/tcr3/ros2_personal/install/examples_rclpy_guard_conditions:/home/tcr3/ros2_personal/install/examples_rclpy_executors:/opt/ros/humble /usr/bin/cmake --install /home/tcr3/ros2_personal/build/examples_rclcpp_wait_set
