[0.137s] Invoking command in '/home/tcr3/ros2_personal/build/action_tutorials': CMAKE_PREFIX_PATH=/opt/ros/humble /usr/bin/cmake --build /home/tcr3/ros2_personal/build/action_tutorials -- -j4 -l4
[0.532s] [  9%] Built target action_tutorials__rosidl_generator_c
[0.615s] [ 12%] Built target action_tutorials__cpp
[0.759s] [ 12%] Built target ament_cmake_python_copy_action_tutorials
[0.820s] [ 22%] Built target action_tutorials__rosidl_typesupport_fastrtps_c
[0.840s] [ 32%] Built target action_tutorials__rosidl_typesupport_introspection_c
[0.924s] [ 41%] Built target action_tutorials__rosidl_typesupport_c
[1.029s] [ 51%] Built target action_tutorials__rosidl_typesupport_fastrtps_cpp
[1.074s] [ 61%] Built target action_tutorials__rosidl_typesupport_introspection_cpp
[1.120s] [ 70%] Built target action_tutorials__rosidl_typesupport_cpp
[1.292s] [ 70%] Built target action_tutorials
[1.457s] [ 74%] Built target action_tutorials__py
[1.665s] [ 80%] Built target action_tutorials__rosidl_generator_py
[1.919s] [ 93%] Built target action_tutorials__rosidl_typesupport_fastrtps_c__pyext
[1.923s] [ 93%] Built target action_tutorials__rosidl_typesupport_c__pyext
[1.959s] [100%] Built target action_tutorials__rosidl_typesupport_introspection_c__pyext
[3.920s] running egg_info
[3.923s] writing action_tutorials.egg-info/PKG-INFO
[3.931s] writing dependency_links to action_tutorials.egg-info/dependency_links.txt
[3.963s] writing top-level names to action_tutorials.egg-info/top_level.txt
[4.003s] reading manifest file 'action_tutorials.egg-info/SOURCES.txt'
[4.015s] writing manifest file 'action_tutorials.egg-info/SOURCES.txt'
[4.223s] [100%] Built target ament_cmake_python_build_action_tutorials_egg
[4.349s] Invoked command in '/home/tcr3/ros2_personal/build/action_tutorials' returned '0': CMAKE_PREFIX_PATH=/opt/ros/humble /usr/bin/cmake --build /home/tcr3/ros2_personal/build/action_tutorials -- -j4 -l4
[5.060s] Invoking command in '/home/tcr3/ros2_personal/build/action_tutorials': CMAKE_PREFIX_PATH=/opt/ros/humble /usr/bin/cmake --install /home/tcr3/ros2_personal/build/action_tutorials
[5.110s] -- Install configuration: ""
[5.113s] -- Up-to-date: /home/tcr3/ros2_personal/install/action_tutorials/share/ament_index/resource_index/rosidl_interfaces/action_tutorials
[5.115s] -- Up-to-date: /home/tcr3/ros2_personal/install/action_tutorials/include/action_tutorials/action_tutorials
[5.117s] -- Up-to-date: /home/tcr3/ros2_personal/install/action_tutorials/include/action_tutorials/action_tutorials/msg
[5.119s] -- Up-to-date: /home/tcr3/ros2_personal/install/action_tutorials/include/action_tutorials/action_tutorials/msg/rosidl_generator_c__visibility_control.h
[5.121s] -- Up-to-date: /home/tcr3/ros2_personal/install/action_tutorials/include/action_tutorials/action_tutorials/action
[5.123s] -- Up-to-date: /home/tcr3/ros2_personal/install/action_tutorials/include/action_tutorials/action_tutorials/action/fibonacci.h
[5.124s] -- Up-to-date: /home/tcr3/ros2_personal/install/action_tutorials/include/action_tutorials/action_tutorials/action/detail
[5.126s] -- Up-to-date: /home/tcr3/ros2_personal/install/action_tutorials/include/action_tutorials/action_tutorials/action/detail/fibonacci__struct.h
[5.128s] -- Up-to-date: /home/tcr3/ros2_personal/install/action_tutorials/include/action_tutorials/action_tutorials/action/detail/fibonacci__type_support.h
[5.130s] -- Up-to-date: /home/tcr3/ros2_personal/install/action_tutorials/include/action_tutorials/action_tutorials/action/detail/fibonacci__functions.h
[5.132s] -- Up-to-date: /home/tcr3/ros2_personal/install/action_tutorials/include/action_tutorials/action_tutorials/action/detail/fibonacci__functions.c
[5.133s] -- Up-to-date: /home/tcr3/ros2_personal/install/action_tutorials/share/action_tutorials/environment/library_path.sh
[5.136s] -- Up-to-date: /home/tcr3/ros2_personal/install/action_tutorials/share/action_tutorials/environment/library_path.dsv
[5.139s] -- Up-to-date: /home/tcr3/ros2_personal/install/action_tutorials/lib/libaction_tutorials__rosidl_generator_c.so
[5.146s] -- Up-to-date: /home/tcr3/ros2_personal/install/action_tutorials/include/action_tutorials/action_tutorials
[5.148s] -- Up-to-date: /home/tcr3/ros2_personal/install/action_tutorials/include/action_tutorials/action_tutorials/msg
[5.151s] -- Up-to-date: /home/tcr3/ros2_personal/install/action_tutorials/include/action_tutorials/action_tutorials/msg/rosidl_typesupport_fastrtps_c__visibility_control.h
[5.153s] -- Up-to-date: /home/tcr3/ros2_personal/install/action_tutorials/include/action_tutorials/action_tutorials/action
[5.155s] -- Up-to-date: /home/tcr3/ros2_personal/install/action_tutorials/include/action_tutorials/action_tutorials/action/detail
[5.158s] -- Up-to-date: /home/tcr3/ros2_personal/install/action_tutorials/include/action_tutorials/action_tutorials/action/detail/fibonacci__rosidl_typesupport_fastrtps_c.h
[5.174s] -- Up-to-date: /home/tcr3/ros2_personal/install/action_tutorials/lib/libaction_tutorials__rosidl_typesupport_fastrtps_c.so
[5.175s] -- Up-to-date: /home/tcr3/ros2_personal/install/action_tutorials/include/action_tutorials/action_tutorials
[5.180s] -- Up-to-date: /home/tcr3/ros2_personal/install/action_tutorials/include/action_tutorials/action_tutorials/msg
[5.182s] -- Up-to-date: /home/tcr3/ros2_personal/install/action_tutorials/include/action_tutorials/action_tutorials/msg/rosidl_typesupport_introspection_c__visibility_control.h
[5.182s] -- Up-to-date: /home/tcr3/ros2_personal/install/action_tutorials/include/action_tutorials/action_tutorials/action
[5.184s] -- Up-to-date: /home/tcr3/ros2_personal/install/action_tutorials/include/action_tutorials/action_tutorials/action/detail
[5.187s] -- Up-to-date: /home/tcr3/ros2_personal/install/action_tutorials/include/action_tutorials/action_tutorials/action/detail/fibonacci__rosidl_typesupport_introspection_c.h
[5.188s] -- Up-to-date: /home/tcr3/ros2_personal/install/action_tutorials/include/action_tutorials/action_tutorials/action/detail/fibonacci__type_support.c
[5.191s] -- Up-to-date: /home/tcr3/ros2_personal/install/action_tutorials/lib/libaction_tutorials__rosidl_typesupport_introspection_c.so
[5.193s] -- Up-to-date: /home/tcr3/ros2_personal/install/action_tutorials/lib/libaction_tutorials__rosidl_typesupport_c.so
[5.196s] -- Up-to-date: /home/tcr3/ros2_personal/install/action_tutorials/include/action_tutorials/action_tutorials
[5.196s] -- Up-to-date: /home/tcr3/ros2_personal/install/action_tutorials/include/action_tutorials/action_tutorials/action
[5.199s] -- Up-to-date: /home/tcr3/ros2_personal/install/action_tutorials/include/action_tutorials/action_tutorials/action/fibonacci.hpp
[5.200s] -- Up-to-date: /home/tcr3/ros2_personal/install/action_tutorials/include/action_tutorials/action_tutorials/action/detail
[5.206s] -- Up-to-date: /home/tcr3/ros2_personal/install/action_tutorials/include/action_tutorials/action_tutorials/action/detail/fibonacci__builder.hpp
[5.207s] -- Up-to-date: /home/tcr3/ros2_personal/install/action_tutorials/include/action_tutorials/action_tutorials/action/detail/fibonacci__traits.hpp
[5.214s] -- Up-to-date: /home/tcr3/ros2_personal/install/action_tutorials/include/action_tutorials/action_tutorials/action/detail/fibonacci__struct.hpp
[5.215s] -- Up-to-date: /home/tcr3/ros2_personal/install/action_tutorials/include/action_tutorials/action_tutorials
[5.215s] -- Up-to-date: /home/tcr3/ros2_personal/install/action_tutorials/include/action_tutorials/action_tutorials/msg
[5.216s] -- Up-to-date: /home/tcr3/ros2_personal/install/action_tutorials/include/action_tutorials/action_tutorials/msg/rosidl_typesupport_fastrtps_cpp__visibility_control.h
[5.217s] -- Up-to-date: /home/tcr3/ros2_personal/install/action_tutorials/include/action_tutorials/action_tutorials/action
[5.217s] -- Up-to-date: /home/tcr3/ros2_personal/install/action_tutorials/include/action_tutorials/action_tutorials/action/detail
[5.218s] -- Up-to-date: /home/tcr3/ros2_personal/install/action_tutorials/include/action_tutorials/action_tutorials/action/detail/fibonacci__rosidl_typesupport_fastrtps_cpp.hpp
[5.220s] -- Up-to-date: /home/tcr3/ros2_personal/install/action_tutorials/include/action_tutorials/action_tutorials/action/detail/dds_fastrtps
[5.231s] -- Up-to-date: /home/tcr3/ros2_personal/install/action_tutorials/lib/libaction_tutorials__rosidl_typesupport_fastrtps_cpp.so
[5.242s] -- Up-to-date: /home/tcr3/ros2_personal/install/action_tutorials/include/action_tutorials/action_tutorials
[5.246s] -- Up-to-date: /home/tcr3/ros2_personal/install/action_tutorials/include/action_tutorials/action_tutorials/action
[5.249s] -- Up-to-date: /home/tcr3/ros2_personal/install/action_tutorials/include/action_tutorials/action_tutorials/action/detail
[5.251s] -- Up-to-date: /home/tcr3/ros2_personal/install/action_tutorials/include/action_tutorials/action_tutorials/action/detail/fibonacci__rosidl_typesupport_introspection_cpp.hpp
[5.252s] -- Up-to-date: /home/tcr3/ros2_personal/install/action_tutorials/include/action_tutorials/action_tutorials/action/detail/fibonacci__type_support.cpp
[5.254s] -- Up-to-date: /home/tcr3/ros2_personal/install/action_tutorials/lib/libaction_tutorials__rosidl_typesupport_introspection_cpp.so
[5.258s] -- Up-to-date: /home/tcr3/ros2_personal/install/action_tutorials/lib/libaction_tutorials__rosidl_typesupport_cpp.so
[5.261s] -- Up-to-date: /home/tcr3/ros2_personal/install/action_tutorials/share/action_tutorials/environment/pythonpath.sh
[5.263s] -- Up-to-date: /home/tcr3/ros2_personal/install/action_tutorials/share/action_tutorials/environment/pythonpath.dsv
[5.264s] -- Up-to-date: /home/tcr3/ros2_personal/install/action_tutorials/local/lib/python3.10/dist-packages/action_tutorials-0.0.0-py3.10.egg-info
[5.265s] -- Installing: /home/tcr3/ros2_personal/install/action_tutorials/local/lib/python3.10/dist-packages/action_tutorials-0.0.0-py3.10.egg-info/PKG-INFO
[5.270s] -- Installing: /home/tcr3/ros2_personal/install/action_tutorials/local/lib/python3.10/dist-packages/action_tutorials-0.0.0-py3.10.egg-info/SOURCES.txt
[5.285s] -- Installing: /home/tcr3/ros2_personal/install/action_tutorials/local/lib/python3.10/dist-packages/action_tutorials-0.0.0-py3.10.egg-info/dependency_links.txt
[5.291s] -- Installing: /home/tcr3/ros2_personal/install/action_tutorials/local/lib/python3.10/dist-packages/action_tutorials-0.0.0-py3.10.egg-info/top_level.txt
[5.295s] -- Up-to-date: /home/tcr3/ros2_personal/install/action_tutorials/local/lib/python3.10/dist-packages/action_tutorials
[5.297s] -- Up-to-date: /home/tcr3/ros2_personal/install/action_tutorials/local/lib/python3.10/dist-packages/action_tutorials/action_tutorials_s__rosidl_typesupport_introspection_c.cpython-310-aarch64-linux-gnu.so
[5.298s] -- Up-to-date: /home/tcr3/ros2_personal/install/action_tutorials/local/lib/python3.10/dist-packages/action_tutorials/_action_tutorials_s.ep.rosidl_typesupport_introspection_c.c
[5.300s] -- Up-to-date: /home/tcr3/ros2_personal/install/action_tutorials/local/lib/python3.10/dist-packages/action_tutorials/_action_tutorials_s.ep.rosidl_typesupport_c.c
[5.300s] -- Up-to-date: /home/tcr3/ros2_personal/install/action_tutorials/local/lib/python3.10/dist-packages/action_tutorials/_action_tutorials_s.ep.rosidl_typesupport_fastrtps_c.c
[5.305s] -- Up-to-date: /home/tcr3/ros2_personal/install/action_tutorials/local/lib/python3.10/dist-packages/action_tutorials/action_tutorials_s__rosidl_typesupport_fastrtps_c.cpython-310-aarch64-linux-gnu.so
[5.316s] -- Up-to-date: /home/tcr3/ros2_personal/install/action_tutorials/local/lib/python3.10/dist-packages/action_tutorials/libaction_tutorials__rosidl_generator_py.so
[5.319s] -- Up-to-date: /home/tcr3/ros2_personal/install/action_tutorials/local/lib/python3.10/dist-packages/action_tutorials/action_tutorials_s__rosidl_typesupport_c.cpython-310-aarch64-linux-gnu.so
[5.329s] -- Up-to-date: /home/tcr3/ros2_personal/install/action_tutorials/local/lib/python3.10/dist-packages/action_tutorials/action
[5.335s] -- Up-to-date: /home/tcr3/ros2_personal/install/action_tutorials/local/lib/python3.10/dist-packages/action_tutorials/action/_fibonacci_s.c
[5.336s] -- Up-to-date: /home/tcr3/ros2_personal/install/action_tutorials/local/lib/python3.10/dist-packages/action_tutorials/action/_fibonacci.py
[5.337s] -- Up-to-date: /home/tcr3/ros2_personal/install/action_tutorials/local/lib/python3.10/dist-packages/action_tutorials/action/__init__.py
[5.338s] -- Up-to-date: /home/tcr3/ros2_personal/install/action_tutorials/local/lib/python3.10/dist-packages/action_tutorials/__init__.py
[5.633s] Listing '/home/tcr3/ros2_personal/install/action_tutorials/local/lib/python3.10/dist-packages/action_tutorials'...
[5.635s] Listing '/home/tcr3/ros2_personal/install/action_tutorials/local/lib/python3.10/dist-packages/action_tutorials/action'...
[5.678s] -- Up-to-date: /home/tcr3/ros2_personal/install/action_tutorials/local/lib/python3.10/dist-packages/action_tutorials/action_tutorials_s__rosidl_typesupport_fastrtps_c.cpython-310-aarch64-linux-gnu.so
[5.679s] -- Up-to-date: /home/tcr3/ros2_personal/install/action_tutorials/local/lib/python3.10/dist-packages/action_tutorials/action_tutorials_s__rosidl_typesupport_introspection_c.cpython-310-aarch64-linux-gnu.so
[5.680s] -- Up-to-date: /home/tcr3/ros2_personal/install/action_tutorials/local/lib/python3.10/dist-packages/action_tutorials/action_tutorials_s__rosidl_typesupport_c.cpython-310-aarch64-linux-gnu.so
[5.681s] -- Up-to-date: /home/tcr3/ros2_personal/install/action_tutorials/lib/libaction_tutorials__rosidl_generator_py.so
[5.682s] -- Up-to-date: /home/tcr3/ros2_personal/install/action_tutorials/share/action_tutorials/action/Fibonacci.idl
[5.684s] -- Up-to-date: /home/tcr3/ros2_personal/install/action_tutorials/share/action_tutorials/action/Fibonacci.action
[5.685s] -- Up-to-date: /home/tcr3/ros2_personal/install/action_tutorials/share/ament_index/resource_index/package_run_dependencies/action_tutorials
[5.689s] -- Up-to-date: /home/tcr3/ros2_personal/install/action_tutorials/share/ament_index/resource_index/parent_prefix_path/action_tutorials
[5.690s] -- Up-to-date: /home/tcr3/ros2_personal/install/action_tutorials/share/action_tutorials/environment/ament_prefix_path.sh
[5.691s] -- Up-to-date: /home/tcr3/ros2_personal/install/action_tutorials/share/action_tutorials/environment/ament_prefix_path.dsv
[5.692s] -- Up-to-date: /home/tcr3/ros2_personal/install/action_tutorials/share/action_tutorials/environment/path.sh
[5.693s] -- Up-to-date: /home/tcr3/ros2_personal/install/action_tutorials/share/action_tutorials/environment/path.dsv
[5.694s] -- Up-to-date: /home/tcr3/ros2_personal/install/action_tutorials/share/action_tutorials/local_setup.bash
[5.695s] -- Up-to-date: /home/tcr3/ros2_personal/install/action_tutorials/share/action_tutorials/local_setup.sh
[5.696s] -- Up-to-date: /home/tcr3/ros2_personal/install/action_tutorials/share/action_tutorials/local_setup.zsh
[5.697s] -- Up-to-date: /home/tcr3/ros2_personal/install/action_tutorials/share/action_tutorials/local_setup.dsv
[5.698s] -- Up-to-date: /home/tcr3/ros2_personal/install/action_tutorials/share/action_tutorials/package.dsv
[5.699s] -- Up-to-date: /home/tcr3/ros2_personal/install/action_tutorials/share/ament_index/resource_index/packages/action_tutorials
[5.700s] -- Up-to-date: /home/tcr3/ros2_personal/install/action_tutorials/share/action_tutorials/cmake/export_action_tutorials__rosidl_generator_cExport.cmake
[5.701s] -- Up-to-date: /home/tcr3/ros2_personal/install/action_tutorials/share/action_tutorials/cmake/export_action_tutorials__rosidl_generator_cExport-noconfig.cmake
[5.703s] -- Up-to-date: /home/tcr3/ros2_personal/install/action_tutorials/share/action_tutorials/cmake/export_action_tutorials__rosidl_typesupport_fastrtps_cExport.cmake
[5.705s] -- Up-to-date: /home/tcr3/ros2_personal/install/action_tutorials/share/action_tutorials/cmake/export_action_tutorials__rosidl_typesupport_fastrtps_cExport-noconfig.cmake
[5.707s] -- Up-to-date: /home/tcr3/ros2_personal/install/action_tutorials/share/action_tutorials/cmake/action_tutorials__rosidl_typesupport_introspection_cExport.cmake
[5.709s] -- Up-to-date: /home/tcr3/ros2_personal/install/action_tutorials/share/action_tutorials/cmake/action_tutorials__rosidl_typesupport_introspection_cExport-noconfig.cmake
[5.710s] -- Up-to-date: /home/tcr3/ros2_personal/install/action_tutorials/share/action_tutorials/cmake/action_tutorials__rosidl_typesupport_cExport.cmake
[5.711s] -- Up-to-date: /home/tcr3/ros2_personal/install/action_tutorials/share/action_tutorials/cmake/action_tutorials__rosidl_typesupport_cExport-noconfig.cmake
[5.712s] -- Up-to-date: /home/tcr3/ros2_personal/install/action_tutorials/share/action_tutorials/cmake/export_action_tutorials__rosidl_generator_cppExport.cmake
[5.713s] -- Up-to-date: /home/tcr3/ros2_personal/install/action_tutorials/share/action_tutorials/cmake/export_action_tutorials__rosidl_typesupport_fastrtps_cppExport.cmake
[5.714s] -- Up-to-date: /home/tcr3/ros2_personal/install/action_tutorials/share/action_tutorials/cmake/export_action_tutorials__rosidl_typesupport_fastrtps_cppExport-noconfig.cmake
[5.715s] -- Up-to-date: /home/tcr3/ros2_personal/install/action_tutorials/share/action_tutorials/cmake/action_tutorials__rosidl_typesupport_introspection_cppExport.cmake
[5.716s] -- Up-to-date: /home/tcr3/ros2_personal/install/action_tutorials/share/action_tutorials/cmake/action_tutorials__rosidl_typesupport_introspection_cppExport-noconfig.cmake
[5.718s] -- Up-to-date: /home/tcr3/ros2_personal/install/action_tutorials/share/action_tutorials/cmake/action_tutorials__rosidl_typesupport_cppExport.cmake
[5.723s] -- Up-to-date: /home/tcr3/ros2_personal/install/action_tutorials/share/action_tutorials/cmake/action_tutorials__rosidl_typesupport_cppExport-noconfig.cmake
[5.725s] -- Up-to-date: /home/tcr3/ros2_personal/install/action_tutorials/share/action_tutorials/cmake/export_action_tutorials__rosidl_generator_pyExport.cmake
[5.726s] -- Up-to-date: /home/tcr3/ros2_personal/install/action_tutorials/share/action_tutorials/cmake/export_action_tutorials__rosidl_generator_pyExport-noconfig.cmake
[5.727s] -- Up-to-date: /home/tcr3/ros2_personal/install/action_tutorials/share/action_tutorials/cmake/rosidl_cmake-extras.cmake
[5.728s] -- Up-to-date: /home/tcr3/ros2_personal/install/action_tutorials/share/action_tutorials/cmake/ament_cmake_export_dependencies-extras.cmake
[5.730s] -- Up-to-date: /home/tcr3/ros2_personal/install/action_tutorials/share/action_tutorials/cmake/ament_cmake_export_include_directories-extras.cmake
[5.731s] -- Up-to-date: /home/tcr3/ros2_personal/install/action_tutorials/share/action_tutorials/cmake/ament_cmake_export_libraries-extras.cmake
[5.732s] -- Up-to-date: /home/tcr3/ros2_personal/install/action_tutorials/share/action_tutorials/cmake/ament_cmake_export_targets-extras.cmake
[5.733s] -- Up-to-date: /home/tcr3/ros2_personal/install/action_tutorials/share/action_tutorials/cmake/rosidl_cmake_export_typesupport_targets-extras.cmake
[5.738s] -- Up-to-date: /home/tcr3/ros2_personal/install/action_tutorials/share/action_tutorials/cmake/rosidl_cmake_export_typesupport_libraries-extras.cmake
[5.739s] -- Up-to-date: /home/tcr3/ros2_personal/install/action_tutorials/share/action_tutorials/cmake/action_tutorialsConfig.cmake
[5.740s] -- Up-to-date: /home/tcr3/ros2_personal/install/action_tutorials/share/action_tutorials/cmake/action_tutorialsConfig-version.cmake
[5.741s] -- Up-to-date: /home/tcr3/ros2_personal/install/action_tutorials/share/action_tutorials/package.xml
[5.754s] Invoked command in '/home/tcr3/ros2_personal/build/action_tutorials' returned '0': CMAKE_PREFIX_PATH=/opt/ros/humble /usr/bin/cmake --install /home/tcr3/ros2_personal/build/action_tutorials
