[0.078s] Invoking command in '/home/tcr3/ros2_personal/build/examples_rclcpp_async_client': /usr/bin/cmake /home/tcr3/ros2_personal/src/src/examples/rclcpp/services/async_client -DAMENT_CMAKE_SYMLINK_INSTALL=1 -DCMAKE_INSTALL_PREFIX=/home/tcr3/ros2_personal/install/examples_rclcpp_async_client
[0.280s] [31mCMake Error at CMakeLists.txt:13 (find_package):
[0.281s]   By not providing "Findament_cmake.cmake" in CMAKE_MODULE_PATH this project
[0.281s]   has asked CMake to find a package configuration file provided by
[0.281s]   "ament_cmake", but CMake did not find one.
[0.282s] 
[0.282s]   Could not find a package configuration file provided by "ament_cmake" with
[0.283s]   any of the following names:
[0.283s] 
[0.283s]     ament_cmakeConfig.cmake
[0.284s]     ament_cmake-config.cmake
[0.284s] 
[0.285s]   Add the installation prefix of "ament_cmake" to CMAKE_PREFIX_PATH or set
[0.285s]   "ament_cmake_DIR" to a directory containing one of the above files.  If
[0.296s]   "ament_cmake" provides a separate development package or SDK, be sure it
[0.299s]   has been installed.
[0.300s] 
[0.301s] [0m
[0.301s] -- Configuring incomplete, errors occurred!
[0.301s] See also "/home/tcr3/ros2_personal/build/examples_rclcpp_async_client/CMakeFiles/CMakeOutput.log".
[0.302s] Invoked command in '/home/tcr3/ros2_personal/build/examples_rclcpp_async_client' returned '1': /usr/bin/cmake /home/tcr3/ros2_personal/src/src/examples/rclcpp/services/async_client -DAMENT_CMAKE_SYMLINK_INSTALL=1 -DCMAKE_INSTALL_PREFIX=/home/tcr3/ros2_personal/install/examples_rclcpp_async_client
