[0.207s] Invoking command in '/home/tcr3/ros2_personal/build/action_tutorials': CMAKE_PREFIX_PATH=/opt/ros/humble /usr/bin/cmake --build /home/tcr3/ros2_personal/build/action_tutorials -- -j4 -l4
[0.707s] [  3%] Built target action_tutorials__cpp
[1.034s] [  3%] Built target ament_cmake_python_copy_action_tutorials
[1.443s] [ 12%] Built target action_tutorials__rosidl_typesupport_fastrtps_cpp
[1.697s] [ 22%] Built target action_tutorials__rosidl_typesupport_introspection_cpp
[4.575s] running egg_info
[4.580s] writing action_tutorials.egg-info/PKG-INFO
[4.585s] writing dependency_links to action_tutorials.egg-info/dependency_links.txt
[4.587s] writing top-level names to action_tutorials.egg-info/top_level.txt
[4.605s] reading manifest file 'action_tutorials.egg-info/SOURCES.txt'
[4.610s] writing manifest file 'action_tutorials.egg-info/SOURCES.txt'
[4.871s] [ 22%] Built target ament_cmake_python_build_action_tutorials_egg
[5.003s] [ 32%] Built target action_tutorials__rosidl_typesupport_cpp
[5.133s] [ 41%] Built target action_tutorials__rosidl_generator_c
[5.247s] [ 51%] Built target action_tutorials__rosidl_typesupport_fastrtps_c
[5.372s] [ 61%] Built target action_tutorials__rosidl_typesupport_c
[5.509s] [ 70%] Built target action_tutorials__rosidl_typesupport_introspection_c
[5.604s] [ 70%] Built target action_tutorials
[5.705s] [ 74%] Built target action_tutorials__py
[5.819s] [ 80%] Built target action_tutorials__rosidl_generator_py
[5.943s] [ 87%] Built target action_tutorials__rosidl_typesupport_fastrtps_c__pyext
[6.099s] [ 93%] Built target action_tutorials__rosidl_typesupport_c__pyext
[6.230s] [100%] Built target action_tutorials__rosidl_typesupport_introspection_c__pyext
