[5.655s] Invoking command in '/home/tcr3/ros2_personal/src/src/examples/rclpy/services/minimal_service': PYTHONPATH=/home/tcr3/ros2_personal/install/examples_rclpy_minimal_service/lib/python3.10/site-packages:${PYTHONPATH} /usr/bin/python3 setup.py egg_info --egg-base ../../../../../../build/examples_rclpy_minimal_service build --build-base /home/tcr3/ros2_personal/build/examples_rclpy_minimal_service/build install --prefix /home/tcr3/ros2_personal/install/examples_rclpy_minimal_service --record /home/tcr3/ros2_personal/build/examples_rclpy_minimal_service/install.log --single-version-externally-managed
[7.846s] running egg_info
[7.864s] writing ../../../../../../build/examples_rclpy_minimal_service/examples_rclpy_minimal_service.egg-info/PKG-INFO
[7.869s] writing dependency_links to ../../../../../../build/examples_rclpy_minimal_service/examples_rclpy_minimal_service.egg-info/dependency_links.txt
[7.873s] writing entry points to ../../../../../../build/examples_rclpy_minimal_service/examples_rclpy_minimal_service.egg-info/entry_points.txt
[7.876s] writing requirements to ../../../../../../build/examples_rclpy_minimal_service/examples_rclpy_minimal_service.egg-info/requires.txt
[7.880s] writing top-level names to ../../../../../../build/examples_rclpy_minimal_service/examples_rclpy_minimal_service.egg-info/top_level.txt
[7.895s] reading manifest file '../../../../../../build/examples_rclpy_minimal_service/examples_rclpy_minimal_service.egg-info/SOURCES.txt'
[7.914s] writing manifest file '../../../../../../build/examples_rclpy_minimal_service/examples_rclpy_minimal_service.egg-info/SOURCES.txt'
[7.918s] running build
[7.927s] running build_py
[7.933s] running install
[7.937s] running install_lib
[7.947s] /usr/lib/python3/dist-packages/setuptools/command/install.py:34: SetuptoolsDeprecationWarning: setup.py install is deprecated. Use build and pip and other standards-based tools.
[7.951s]   warnings.warn(
[7.956s] running install_data
[7.977s] running install_egg_info
[7.990s] removing '/home/tcr3/ros2_personal/install/examples_rclpy_minimal_service/lib/python3.10/site-packages/examples_rclpy_minimal_service-0.15.0-py3.10.egg-info' (and everything under it)
[7.991s] Copying ../../../../../../build/examples_rclpy_minimal_service/examples_rclpy_minimal_service.egg-info to /home/tcr3/ros2_personal/install/examples_rclpy_minimal_service/lib/python3.10/site-packages/examples_rclpy_minimal_service-0.15.0-py3.10.egg-info
[8.002s] running install_scripts
[8.147s] Installing service script to /home/tcr3/ros2_personal/install/examples_rclpy_minimal_service/lib/examples_rclpy_minimal_service
[8.148s] Installing service_member_function script to /home/tcr3/ros2_personal/install/examples_rclpy_minimal_service/lib/examples_rclpy_minimal_service
[8.150s] writing list of installed files to '/home/tcr3/ros2_personal/build/examples_rclpy_minimal_service/install.log'
[8.350s] Invoked command in '/home/tcr3/ros2_personal/src/src/examples/rclpy/services/minimal_service' returned '0': PYTHONPATH=/home/tcr3/ros2_personal/install/examples_rclpy_minimal_service/lib/python3.10/site-packages:${PYTHONPATH} /usr/bin/python3 setup.py egg_info --egg-base ../../../../../../build/examples_rclpy_minimal_service build --build-base /home/tcr3/ros2_personal/build/examples_rclpy_minimal_service/build install --prefix /home/tcr3/ros2_personal/install/examples_rclpy_minimal_service --record /home/tcr3/ros2_personal/build/examples_rclpy_minimal_service/install.log --single-version-externally-managed
