[0.138s] Invoking command in '/home/tcr3/ros2_personal/build/examples_rclcpp_minimal_action_client': CMAKE_PREFIX_PATH=/opt/ros/humble /usr/bin/cmake --build /home/tcr3/ros2_personal/build/examples_rclcpp_minimal_action_client -- -j4 -l4
[0.689s] [ 25%] Built target action_client_member_functions
[0.925s] [ 50%] Built target action_client_not_composable_with_feedback
[1.114s] [ 75%] Built target action_client_not_composable_with_cancel
[1.397s] [100%] Built target action_client_not_composable
[1.500s] Invoked command in '/home/tcr3/ros2_personal/build/examples_rclcpp_minimal_action_client' returned '0': CMAKE_PREFIX_PATH=/opt/ros/humble /usr/bin/cmake --build /home/tcr3/ros2_personal/build/examples_rclcpp_minimal_action_client -- -j4 -l4
[2.150s] Invoking command in '/home/tcr3/ros2_personal/build/examples_rclcpp_minimal_action_client': CMAKE_PREFIX_PATH=/opt/ros/humble /usr/bin/cmake --install /home/tcr3/ros2_personal/build/examples_rclcpp_minimal_action_client
[2.231s] -- Install configuration: ""
[2.249s] -- Execute custom install script
[2.259s] -- Up-to-date symlink: /home/tcr3/ros2_personal/install/examples_rclcpp_minimal_action_client/lib/examples_rclcpp_minimal_action_client/action_client_member_functions
[2.265s] -- Up-to-date symlink: /home/tcr3/ros2_personal/install/examples_rclcpp_minimal_action_client/lib/examples_rclcpp_minimal_action_client/action_client_not_composable
[2.300s] -- Up-to-date symlink: /home/tcr3/ros2_personal/install/examples_rclcpp_minimal_action_client/lib/examples_rclcpp_minimal_action_client/action_client_not_composable_with_cancel
[2.301s] -- Up-to-date symlink: /home/tcr3/ros2_personal/install/examples_rclcpp_minimal_action_client/lib/examples_rclcpp_minimal_action_client/action_client_not_composable_with_feedback
[2.302s] -- Up-to-date symlink: /home/tcr3/ros2_personal/install/examples_rclcpp_minimal_action_client/share/ament_index/resource_index/package_run_dependencies/examples_rclcpp_minimal_action_client
[2.302s] -- Up-to-date symlink: /home/tcr3/ros2_personal/install/examples_rclcpp_minimal_action_client/share/ament_index/resource_index/parent_prefix_path/examples_rclcpp_minimal_action_client
[2.308s] -- Up-to-date symlink: /home/tcr3/ros2_personal/install/examples_rclcpp_minimal_action_client/share/examples_rclcpp_minimal_action_client/environment/ament_prefix_path.sh
[2.309s] -- Up-to-date symlink: /home/tcr3/ros2_personal/install/examples_rclcpp_minimal_action_client/share/examples_rclcpp_minimal_action_client/environment/ament_prefix_path.dsv
[2.313s] -- Up-to-date symlink: /home/tcr3/ros2_personal/install/examples_rclcpp_minimal_action_client/share/examples_rclcpp_minimal_action_client/environment/path.sh
[2.314s] -- Up-to-date symlink: /home/tcr3/ros2_personal/install/examples_rclcpp_minimal_action_client/share/examples_rclcpp_minimal_action_client/environment/path.dsv
[2.316s] -- Up-to-date symlink: /home/tcr3/ros2_personal/install/examples_rclcpp_minimal_action_client/share/examples_rclcpp_minimal_action_client/local_setup.bash
[2.320s] -- Up-to-date symlink: /home/tcr3/ros2_personal/install/examples_rclcpp_minimal_action_client/share/examples_rclcpp_minimal_action_client/local_setup.sh
[2.334s] -- Up-to-date symlink: /home/tcr3/ros2_personal/install/examples_rclcpp_minimal_action_client/share/examples_rclcpp_minimal_action_client/local_setup.zsh
[2.335s] -- Up-to-date symlink: /home/tcr3/ros2_personal/install/examples_rclcpp_minimal_action_client/share/examples_rclcpp_minimal_action_client/local_setup.dsv
[2.336s] -- Symlinking: /home/tcr3/ros2_personal/install/examples_rclcpp_minimal_action_client/share/examples_rclcpp_minimal_action_client/package.dsv
[2.383s] -- Up-to-date symlink: /home/tcr3/ros2_personal/install/examples_rclcpp_minimal_action_client/share/ament_index/resource_index/packages/examples_rclcpp_minimal_action_client
[2.388s] -- Up-to-date symlink: /home/tcr3/ros2_personal/install/examples_rclcpp_minimal_action_client/share/examples_rclcpp_minimal_action_client/cmake/examples_rclcpp_minimal_action_clientConfig.cmake
[2.394s] -- Up-to-date symlink: /home/tcr3/ros2_personal/install/examples_rclcpp_minimal_action_client/share/examples_rclcpp_minimal_action_client/cmake/examples_rclcpp_minimal_action_clientConfig-version.cmake
[2.398s] -- Up-to-date symlink: /home/tcr3/ros2_personal/install/examples_rclcpp_minimal_action_client/share/examples_rclcpp_minimal_action_client/package.xml
[2.415s] Invoked command in '/home/tcr3/ros2_personal/build/examples_rclcpp_minimal_action_client' returned '0': CMAKE_PREFIX_PATH=/opt/ros/humble /usr/bin/cmake --install /home/tcr3/ros2_personal/build/examples_rclcpp_minimal_action_client
