[8.762s] Invoking command in '/home/tcr3/ros2_personal/src/src/examples/rclpy/actions/minimal_action_server': PYTHONPATH=/home/tcr3/ros2_personal/install/examples_rclpy_minimal_action_server/lib/python3.10/site-packages:${PYTHONPATH} /usr/bin/python3 setup.py egg_info --egg-base ../../../../../../build/examples_rclpy_minimal_action_server build --build-base /home/tcr3/ros2_personal/build/examples_rclpy_minimal_action_server/build install --prefix /home/tcr3/ros2_personal/install/examples_rclpy_minimal_action_server --record /home/tcr3/ros2_personal/build/examples_rclpy_minimal_action_server/install.log --single-version-externally-managed
[10.679s] running egg_info
[10.683s] writing ../../../../../../build/examples_rclpy_minimal_action_server/examples_rclpy_minimal_action_server.egg-info/PKG-INFO
[10.685s] writing dependency_links to ../../../../../../build/examples_rclpy_minimal_action_server/examples_rclpy_minimal_action_server.egg-info/dependency_links.txt
[10.687s] writing entry points to ../../../../../../build/examples_rclpy_minimal_action_server/examples_rclpy_minimal_action_server.egg-info/entry_points.txt
[10.688s] writing requirements to ../../../../../../build/examples_rclpy_minimal_action_server/examples_rclpy_minimal_action_server.egg-info/requires.txt
[10.689s] writing top-level names to ../../../../../../build/examples_rclpy_minimal_action_server/examples_rclpy_minimal_action_server.egg-info/top_level.txt
[10.697s] reading manifest file '../../../../../../build/examples_rclpy_minimal_action_server/examples_rclpy_minimal_action_server.egg-info/SOURCES.txt'
[11.275s] writing manifest file '../../../../../../build/examples_rclpy_minimal_action_server/examples_rclpy_minimal_action_server.egg-info/SOURCES.txt'
[11.276s] running build
[11.282s] running build_py
[11.283s] /usr/lib/python3/dist-packages/setuptools/command/install.py:34: SetuptoolsDeprecationWarning: setup.py install is deprecated. Use build and pip and other standards-based tools.
[11.284s]   warnings.warn(
[11.284s] running install
[11.285s] running install_lib
[11.293s] running install_data
[11.300s] running install_egg_info
[11.314s] removing '/home/tcr3/ros2_personal/install/examples_rclpy_minimal_action_server/lib/python3.10/site-packages/examples_rclpy_minimal_action_server-0.15.0-py3.10.egg-info' (and everything under it)
[11.323s] Copying ../../../../../../build/examples_rclpy_minimal_action_server/examples_rclpy_minimal_action_server.egg-info to /home/tcr3/ros2_personal/install/examples_rclpy_minimal_action_server/lib/python3.10/site-packages/examples_rclpy_minimal_action_server-0.15.0-py3.10.egg-info
[11.361s] running install_scripts
[11.658s] Installing server script to /home/tcr3/ros2_personal/install/examples_rclpy_minimal_action_server/lib/examples_rclpy_minimal_action_server
[11.675s] Installing server_defer script to /home/tcr3/ros2_personal/install/examples_rclpy_minimal_action_server/lib/examples_rclpy_minimal_action_server
[11.735s] Installing server_not_composable script to /home/tcr3/ros2_personal/install/examples_rclpy_minimal_action_server/lib/examples_rclpy_minimal_action_server
[11.737s] Installing server_queue_goals script to /home/tcr3/ros2_personal/install/examples_rclpy_minimal_action_server/lib/examples_rclpy_minimal_action_server
[11.739s] Installing server_single_goal script to /home/tcr3/ros2_personal/install/examples_rclpy_minimal_action_server/lib/examples_rclpy_minimal_action_server
[11.740s] writing list of installed files to '/home/tcr3/ros2_personal/build/examples_rclpy_minimal_action_server/install.log'
[11.839s] Invoked command in '/home/tcr3/ros2_personal/src/src/examples/rclpy/actions/minimal_action_server' returned '0': PYTHONPATH=/home/tcr3/ros2_personal/install/examples_rclpy_minimal_action_server/lib/python3.10/site-packages:${PYTHONPATH} /usr/bin/python3 setup.py egg_info --egg-base ../../../../../../build/examples_rclpy_minimal_action_server build --build-base /home/tcr3/ros2_personal/build/examples_rclpy_minimal_action_server/build install --prefix /home/tcr3/ros2_personal/install/examples_rclpy_minimal_action_server --record /home/tcr3/ros2_personal/build/examples_rclpy_minimal_action_server/install.log --single-version-externally-managed
