[0.066s] Invoking command in '/home/tcr3/ros2_personal/build/examples_rclcpp_minimal_action_client': CMAKE_PREFIX_PATH=/opt/ros/humble /usr/bin/cmake --build /home/tcr3/ros2_personal/build/examples_rclcpp_minimal_action_client -- -j4 -l4
[0.643s] [ 25%] Built target action_client_member_functions
[0.645s] [ 50%] Built target action_client_not_composable_with_feedback
[0.655s] [ 75%] Built target action_client_not_composable
[0.667s] [100%] Built target action_client_not_composable_with_cancel
[0.782s] Invoked command in '/home/tcr3/ros2_personal/build/examples_rclcpp_minimal_action_client' returned '0': CMAKE_PREFIX_PATH=/opt/ros/humble /usr/bin/cmake --build /home/tcr3/ros2_personal/build/examples_rclcpp_minimal_action_client -- -j4 -l4
[1.304s] Invoking command in '/home/tcr3/ros2_personal/build/examples_rclcpp_minimal_action_client': CMAKE_PREFIX_PATH=/opt/ros/humble /usr/bin/cmake --install /home/tcr3/ros2_personal/build/examples_rclcpp_minimal_action_client
[1.373s] -- Install configuration: ""
[1.382s] -- Execute custom install script
[1.385s] -- Up-to-date symlink: /home/tcr3/ros2_personal/install/examples_rclcpp_minimal_action_client/lib/examples_rclcpp_minimal_action_client/action_client_member_functions
[1.386s] -- Up-to-date symlink: /home/tcr3/ros2_personal/install/examples_rclcpp_minimal_action_client/lib/examples_rclcpp_minimal_action_client/action_client_not_composable
[1.387s] -- Up-to-date symlink: /home/tcr3/ros2_personal/install/examples_rclcpp_minimal_action_client/lib/examples_rclcpp_minimal_action_client/action_client_not_composable_with_cancel
[1.391s] -- Up-to-date symlink: /home/tcr3/ros2_personal/install/examples_rclcpp_minimal_action_client/lib/examples_rclcpp_minimal_action_client/action_client_not_composable_with_feedback
[1.393s] -- Up-to-date symlink: /home/tcr3/ros2_personal/install/examples_rclcpp_minimal_action_client/share/ament_index/resource_index/package_run_dependencies/examples_rclcpp_minimal_action_client
[1.397s] -- Up-to-date symlink: /home/tcr3/ros2_personal/install/examples_rclcpp_minimal_action_client/share/ament_index/resource_index/parent_prefix_path/examples_rclcpp_minimal_action_client
[1.403s] -- Up-to-date symlink: /home/tcr3/ros2_personal/install/examples_rclcpp_minimal_action_client/share/examples_rclcpp_minimal_action_client/environment/ament_prefix_path.sh
[1.404s] -- Up-to-date symlink: /home/tcr3/ros2_personal/install/examples_rclcpp_minimal_action_client/share/examples_rclcpp_minimal_action_client/environment/ament_prefix_path.dsv
[1.405s] -- Up-to-date symlink: /home/tcr3/ros2_personal/install/examples_rclcpp_minimal_action_client/share/examples_rclcpp_minimal_action_client/environment/path.sh
[1.406s] -- Up-to-date symlink: /home/tcr3/ros2_personal/install/examples_rclcpp_minimal_action_client/share/examples_rclcpp_minimal_action_client/environment/path.dsv
[1.407s] -- Up-to-date symlink: /home/tcr3/ros2_personal/install/examples_rclcpp_minimal_action_client/share/examples_rclcpp_minimal_action_client/local_setup.bash
[1.408s] -- Up-to-date symlink: /home/tcr3/ros2_personal/install/examples_rclcpp_minimal_action_client/share/examples_rclcpp_minimal_action_client/local_setup.sh
[1.409s] -- Up-to-date symlink: /home/tcr3/ros2_personal/install/examples_rclcpp_minimal_action_client/share/examples_rclcpp_minimal_action_client/local_setup.zsh
[1.410s] -- Up-to-date symlink: /home/tcr3/ros2_personal/install/examples_rclcpp_minimal_action_client/share/examples_rclcpp_minimal_action_client/local_setup.dsv
[1.411s] -- Symlinking: /home/tcr3/ros2_personal/install/examples_rclcpp_minimal_action_client/share/examples_rclcpp_minimal_action_client/package.dsv
[1.462s] -- Up-to-date symlink: /home/tcr3/ros2_personal/install/examples_rclcpp_minimal_action_client/share/ament_index/resource_index/packages/examples_rclcpp_minimal_action_client
[1.463s] -- Up-to-date symlink: /home/tcr3/ros2_personal/install/examples_rclcpp_minimal_action_client/share/examples_rclcpp_minimal_action_client/cmake/examples_rclcpp_minimal_action_clientConfig.cmake
[1.464s] -- Up-to-date symlink: /home/tcr3/ros2_personal/install/examples_rclcpp_minimal_action_client/share/examples_rclcpp_minimal_action_client/cmake/examples_rclcpp_minimal_action_clientConfig-version.cmake
[1.465s] -- Up-to-date symlink: /home/tcr3/ros2_personal/install/examples_rclcpp_minimal_action_client/share/examples_rclcpp_minimal_action_client/package.xml
[1.490s] Invoked command in '/home/tcr3/ros2_personal/build/examples_rclcpp_minimal_action_client' returned '0': CMAKE_PREFIX_PATH=/opt/ros/humble /usr/bin/cmake --install /home/tcr3/ros2_personal/build/examples_rclcpp_minimal_action_client
