[0.149s] Invoking command in '/home/tcr3/ros2_personal/build/action_2_tutorials': CMAKE_PREFIX_PATH=/opt/ros/humble /usr/bin/cmake /home/tcr3/ros2_personal/src/action_2_tutorials -DCMAKE_INSTALL_PREFIX=/home/tcr3/ros2_personal/install/action_2_tutorials
[0.703s] -- The C compiler identification is GNU 11.2.0
[1.175s] -- The CXX compiler identification is GNU 11.2.0
[1.254s] -- Detecting C compiler ABI info
[2.011s] -- Detecting C compiler ABI info - done
[2.052s] -- Check for working C compiler: /usr/bin/cc - skipped
[2.053s] -- Detecting C compile features
[2.059s] -- Detecting C compile features - done
[2.082s] -- Detecting CXX compiler ABI info
[2.930s] -- Detecting CXX compiler ABI info - done
[2.969s] -- Check for working CXX compiler: /usr/bin/c++ - skipped
[2.973s] -- Detecting CXX compile features
[2.976s] -- Detecting CXX compile features - done
[3.018s] -- Found ament_cmake: 1.3.2 (/opt/ros/humble/share/ament_cmake/cmake)
[4.596s] -- Found Python3: /usr/bin/python3.10 (found version "3.10.6") found components: Interpreter 
[5.544s] -- Found ament_lint_auto: 0.12.4 (/opt/ros/humble/share/ament_lint_auto/cmake)
[6.229s] -- Found rosidl_default_generators: 1.2.0 (/opt/ros/humble/share/rosidl_default_generators/cmake)
[6.257s] -- Using all available rosidl_typesupport_c: rosidl_typesupport_fastrtps_c;rosidl_typesupport_introspection_c
[6.309s] -- Found rosidl_adapter: 3.1.3 (/opt/ros/humble/share/rosidl_adapter/cmake)
[6.748s] -- Using all available rosidl_typesupport_cpp: rosidl_typesupport_fastrtps_cpp;rosidl_typesupport_introspection_cpp
[9.800s] -- Found ament_cmake_ros: 0.10.0 (/opt/ros/humble/share/ament_cmake_ros/cmake)
[11.492s] -- Using all available rosidl_typesupport_c: rosidl_typesupport_fastrtps_c;rosidl_typesupport_introspection_c
[13.361s] -- Using all available rosidl_typesupport_cpp: rosidl_typesupport_fastrtps_cpp;rosidl_typesupport_introspection_cpp
[13.511s] -- Found PythonInterp: /usr/bin/python3 (found suitable version "3.10.6", minimum required is "3.6") 
[13.543s] -- Found python_cmake_module: 0.10.0 (/opt/ros/humble/share/python_cmake_module/cmake)
[13.778s] -- Found PythonLibs: /usr/lib/aarch64-linux-gnu/libpython3.10.so (found suitable version "3.10.6", minimum required is "3.5") 
[13.781s] -- Using PYTHON_EXECUTABLE: /usr/bin/python3
[13.784s] -- Using PYTHON_INCLUDE_DIRS: /usr/include/python3.10
[13.785s] -- Using PYTHON_LIBRARIES: /usr/lib/aarch64-linux-gnu/libpython3.10.so
[13.944s] -- Found PythonExtra: .so  
[14.241s] -- Added test 'lint_cmake' to check CMake code style
[14.258s] -- Added test 'xmllint' to check XML markup files
[14.316s] -- Configuring done
[14.804s] -- Generating done
[14.871s] -- Build files have been written to: /home/tcr3/ros2_personal/build/action_2_tutorials
[14.967s] Invoked command in '/home/tcr3/ros2_personal/build/action_2_tutorials' returned '0': CMAKE_PREFIX_PATH=/opt/ros/humble /usr/bin/cmake /home/tcr3/ros2_personal/src/action_2_tutorials -DCMAKE_INSTALL_PREFIX=/home/tcr3/ros2_personal/install/action_2_tutorials
[14.972s] Invoking command in '/home/tcr3/ros2_personal/build/action_2_tutorials': CMAKE_PREFIX_PATH=/opt/ros/humble /usr/bin/cmake --build /home/tcr3/ros2_personal/build/action_2_tutorials -- -j4 -l4
[15.350s] [  3%] [34m[1mGenerating C code for ROS interfaces[0m
[15.537s] [  3%] Built target ament_cmake_python_copy_action_2_tutorials
[15.571s] [  6%] [34m[1mGenerating C++ code for ROS interfaces[0m
[18.907s] running egg_info
[18.911s] creating action_2_tutorials.egg-info
[18.914s] writing action_2_tutorials.egg-info/PKG-INFO
[18.916s] writing dependency_links to action_2_tutorials.egg-info/dependency_links.txt
[18.919s] writing top-level names to action_2_tutorials.egg-info/top_level.txt
[18.921s] writing manifest file 'action_2_tutorials.egg-info/SOURCES.txt'
[18.935s] reading manifest file 'action_2_tutorials.egg-info/SOURCES.txt'
[18.946s] writing manifest file 'action_2_tutorials.egg-info/SOURCES.txt'
[19.269s] [  6%] Built target ament_cmake_python_build_action_2_tutorials_egg
[19.857s] [  6%] Built target action_2_tutorials__cpp
[19.989s] [  9%] [34m[1mGenerating C++ type support for eProsima Fast-RTPS[0m
[20.034s] [ 12%] [34m[1mGenerating C++ introspection for ROS interfaces[0m
[20.114s] [ 16%] [34m[1mGenerating C++ type support dispatch for ROS interfaces[0m
[20.269s] [ 19%] [32mBuilding C object CMakeFiles/action_2_tutorials__rosidl_generator_c.dir/rosidl_generator_c/action_2_tutorials/action/detail/count_until__functions.c.o[0m
[21.888s] [ 22%] [32m[1mLinking C shared library libaction_2_tutorials__rosidl_generator_c.so[0m
[22.288s] [ 22%] Built target action_2_tutorials__rosidl_generator_c
[22.422s] [ 25%] [34m[1mGenerating C introspection for ROS interfaces[0m
[23.476s] [ 29%] [32mBuilding CXX object CMakeFiles/action_2_tutorials__rosidl_typesupport_cpp.dir/rosidl_typesupport_cpp/action_2_tutorials/action/count_until__type_support.cpp.o[0m
[23.766s] [ 32%] [32mBuilding CXX object CMakeFiles/action_2_tutorials__rosidl_typesupport_introspection_cpp.dir/rosidl_typesupport_introspection_cpp/action_2_tutorials/action/detail/count_until__type_support.cpp.o[0m
[24.451s] [ 35%] [32mBuilding CXX object CMakeFiles/action_2_tutorials__rosidl_typesupport_fastrtps_cpp.dir/rosidl_typesupport_fastrtps_cpp/action_2_tutorials/action/detail/dds_fastrtps/count_until__type_support.cpp.o[0m
[27.756s] [ 38%] [32mBuilding C object CMakeFiles/action_2_tutorials__rosidl_typesupport_introspection_c.dir/rosidl_typesupport_introspection_c/action_2_tutorials/action/detail/count_until__type_support.c.o[0m
[29.125s] [ 41%] [32m[1mLinking C shared library libaction_2_tutorials__rosidl_typesupport_introspection_c.so[0m
[29.497s] [ 41%] Built target action_2_tutorials__rosidl_typesupport_introspection_c
[29.595s] [ 45%] [34m[1mGenerating C type support dispatch for ROS interfaces[0m
[29.980s] [ 48%] [32m[1mLinking CXX shared library libaction_2_tutorials__rosidl_typesupport_cpp.so[0m
[30.464s] [ 48%] Built target action_2_tutorials__rosidl_typesupport_cpp
[30.539s] [ 51%] [34m[1mGenerating C type support for eProsima Fast-RTPS[0m
[32.341s] [ 54%] [32mBuilding CXX object CMakeFiles/action_2_tutorials__rosidl_typesupport_c.dir/rosidl_typesupport_c/action_2_tutorials/action/count_until__type_support.cpp.o[0m
[33.074s] [ 58%] [32m[1mLinking CXX shared library libaction_2_tutorials__rosidl_typesupport_introspection_cpp.so[0m
[33.118s] [ 61%] [32m[1mLinking CXX shared library libaction_2_tutorials__rosidl_typesupport_c.so[0m
[33.473s] [ 64%] [32m[1mLinking CXX shared library libaction_2_tutorials__rosidl_typesupport_fastrtps_cpp.so[0m
[33.599s] [ 64%] Built target action_2_tutorials__rosidl_typesupport_c
[33.708s] [ 64%] Built target action_2_tutorials__rosidl_typesupport_introspection_cpp
[34.127s] [ 64%] Built target action_2_tutorials__rosidl_typesupport_fastrtps_cpp
[34.888s] [ 67%] [32mBuilding CXX object CMakeFiles/action_2_tutorials__rosidl_typesupport_fastrtps_c.dir/rosidl_typesupport_fastrtps_c/action_2_tutorials/action/detail/count_until__type_support_c.cpp.o[0m
[38.900s] [ 70%] [32m[1mLinking CXX shared library libaction_2_tutorials__rosidl_typesupport_fastrtps_c.so[0m
[39.645s] [ 70%] Built target action_2_tutorials__rosidl_typesupport_fastrtps_c
[39.804s] [ 70%] Built target action_2_tutorials
[39.915s] [ 74%] [34m[1mGenerating Python code for ROS interfaces[0m
[47.184s] [ 74%] Built target action_2_tutorials__py
[47.312s] [ 77%] [32mBuilding C object CMakeFiles/action_2_tutorials__rosidl_generator_py.dir/rosidl_generator_py/action_2_tutorials/action/_count_until_s.c.o[0m
[48.884s] [ 80%] [32m[1mLinking C shared library rosidl_generator_py/action_2_tutorials/libaction_2_tutorials__rosidl_generator_py.so[0m
[49.249s] [ 80%] Built target action_2_tutorials__rosidl_generator_py
[49.380s] [ 83%] [32mBuilding C object CMakeFiles/action_2_tutorials__rosidl_typesupport_fastrtps_c__pyext.dir/rosidl_generator_py/action_2_tutorials/_action_2_tutorials_s.ep.rosidl_typesupport_fastrtps_c.c.o[0m
[50.496s] [ 87%] [32m[1mLinking C shared library rosidl_generator_py/action_2_tutorials/action_2_tutorials_s__rosidl_typesupport_fastrtps_c.cpython-310-aarch64-linux-gnu.so[0m
[51.067s] [ 87%] Built target action_2_tutorials__rosidl_typesupport_fastrtps_c__pyext
[51.335s] [ 90%] [32mBuilding C object CMakeFiles/action_2_tutorials__rosidl_typesupport_c__pyext.dir/rosidl_generator_py/action_2_tutorials/_action_2_tutorials_s.ep.rosidl_typesupport_c.c.o[0m
[52.188s] [ 93%] [32m[1mLinking C shared library rosidl_generator_py/action_2_tutorials/action_2_tutorials_s__rosidl_typesupport_c.cpython-310-aarch64-linux-gnu.so[0m
[52.456s] [ 93%] Built target action_2_tutorials__rosidl_typesupport_c__pyext
[52.575s] [ 96%] [32mBuilding C object CMakeFiles/action_2_tutorials__rosidl_typesupport_introspection_c__pyext.dir/rosidl_generator_py/action_2_tutorials/_action_2_tutorials_s.ep.rosidl_typesupport_introspection_c.c.o[0m
[53.411s] [100%] [32m[1mLinking C shared library rosidl_generator_py/action_2_tutorials/action_2_tutorials_s__rosidl_typesupport_introspection_c.cpython-310-aarch64-linux-gnu.so[0m
[53.699s] [100%] Built target action_2_tutorials__rosidl_typesupport_introspection_c__pyext
[53.781s] Invoked command in '/home/tcr3/ros2_personal/build/action_2_tutorials' returned '0': CMAKE_PREFIX_PATH=/opt/ros/humble /usr/bin/cmake --build /home/tcr3/ros2_personal/build/action_2_tutorials -- -j4 -l4
[54.189s] Invoking command in '/home/tcr3/ros2_personal/build/action_2_tutorials': CMAKE_PREFIX_PATH=/opt/ros/humble /usr/bin/cmake --install /home/tcr3/ros2_personal/build/action_2_tutorials
[54.224s] -- Install configuration: ""
[54.226s] -- Installing: /home/tcr3/ros2_personal/install/action_2_tutorials/share/ament_index/resource_index/rosidl_interfaces/action_2_tutorials
[54.228s] -- Installing: /home/tcr3/ros2_personal/install/action_2_tutorials/include/action_2_tutorials/action_2_tutorials
[54.229s] -- Installing: /home/tcr3/ros2_personal/install/action_2_tutorials/include/action_2_tutorials/action_2_tutorials/msg
[54.230s] -- Installing: /home/tcr3/ros2_personal/install/action_2_tutorials/include/action_2_tutorials/action_2_tutorials/msg/rosidl_generator_c__visibility_control.h
[54.233s] -- Installing: /home/tcr3/ros2_personal/install/action_2_tutorials/include/action_2_tutorials/action_2_tutorials/action
[54.234s] -- Installing: /home/tcr3/ros2_personal/install/action_2_tutorials/include/action_2_tutorials/action_2_tutorials/action/count_until.h
[54.236s] -- Installing: /home/tcr3/ros2_personal/install/action_2_tutorials/include/action_2_tutorials/action_2_tutorials/action/detail
[54.238s] -- Installing: /home/tcr3/ros2_personal/install/action_2_tutorials/include/action_2_tutorials/action_2_tutorials/action/detail/count_until__functions.c
[54.240s] -- Installing: /home/tcr3/ros2_personal/install/action_2_tutorials/include/action_2_tutorials/action_2_tutorials/action/detail/count_until__struct.h
[54.242s] -- Installing: /home/tcr3/ros2_personal/install/action_2_tutorials/include/action_2_tutorials/action_2_tutorials/action/detail/count_until__functions.h
[54.244s] -- Installing: /home/tcr3/ros2_personal/install/action_2_tutorials/include/action_2_tutorials/action_2_tutorials/action/detail/count_until__type_support.h
[54.248s] -- Installing: /home/tcr3/ros2_personal/install/action_2_tutorials/share/action_2_tutorials/environment/library_path.sh
[54.252s] -- Installing: /home/tcr3/ros2_personal/install/action_2_tutorials/share/action_2_tutorials/environment/library_path.dsv
[54.254s] -- Installing: /home/tcr3/ros2_personal/install/action_2_tutorials/lib/libaction_2_tutorials__rosidl_generator_c.so
[54.256s] -- Set runtime path of "/home/tcr3/ros2_personal/install/action_2_tutorials/lib/libaction_2_tutorials__rosidl_generator_c.so" to ""
[54.258s] -- Up-to-date: /home/tcr3/ros2_personal/install/action_2_tutorials/include/action_2_tutorials/action_2_tutorials
[54.261s] -- Up-to-date: /home/tcr3/ros2_personal/install/action_2_tutorials/include/action_2_tutorials/action_2_tutorials/msg
[54.263s] -- Installing: /home/tcr3/ros2_personal/install/action_2_tutorials/include/action_2_tutorials/action_2_tutorials/msg/rosidl_typesupport_fastrtps_c__visibility_control.h
[54.265s] -- Up-to-date: /home/tcr3/ros2_personal/install/action_2_tutorials/include/action_2_tutorials/action_2_tutorials/action
[54.267s] -- Up-to-date: /home/tcr3/ros2_personal/install/action_2_tutorials/include/action_2_tutorials/action_2_tutorials/action/detail
[54.269s] -- Installing: /home/tcr3/ros2_personal/install/action_2_tutorials/include/action_2_tutorials/action_2_tutorials/action/detail/count_until__rosidl_typesupport_fastrtps_c.h
[54.271s] -- Installing: /home/tcr3/ros2_personal/install/action_2_tutorials/lib/libaction_2_tutorials__rosidl_typesupport_fastrtps_c.so
[54.272s] -- Set runtime path of "/home/tcr3/ros2_personal/install/action_2_tutorials/lib/libaction_2_tutorials__rosidl_typesupport_fastrtps_c.so" to ""
[54.275s] -- Up-to-date: /home/tcr3/ros2_personal/install/action_2_tutorials/include/action_2_tutorials/action_2_tutorials
[54.278s] -- Up-to-date: /home/tcr3/ros2_personal/install/action_2_tutorials/include/action_2_tutorials/action_2_tutorials/msg
[54.280s] -- Installing: /home/tcr3/ros2_personal/install/action_2_tutorials/include/action_2_tutorials/action_2_tutorials/msg/rosidl_typesupport_introspection_c__visibility_control.h
[54.282s] -- Up-to-date: /home/tcr3/ros2_personal/install/action_2_tutorials/include/action_2_tutorials/action_2_tutorials/action
[54.284s] -- Up-to-date: /home/tcr3/ros2_personal/install/action_2_tutorials/include/action_2_tutorials/action_2_tutorials/action/detail
[54.286s] -- Installing: /home/tcr3/ros2_personal/install/action_2_tutorials/include/action_2_tutorials/action_2_tutorials/action/detail/count_until__rosidl_typesupport_introspection_c.h
[54.288s] -- Installing: /home/tcr3/ros2_personal/install/action_2_tutorials/include/action_2_tutorials/action_2_tutorials/action/detail/count_until__type_support.c
[54.290s] -- Installing: /home/tcr3/ros2_personal/install/action_2_tutorials/lib/libaction_2_tutorials__rosidl_typesupport_introspection_c.so
[54.291s] -- Set runtime path of "/home/tcr3/ros2_personal/install/action_2_tutorials/lib/libaction_2_tutorials__rosidl_typesupport_introspection_c.so" to ""
[54.293s] -- Installing: /home/tcr3/ros2_personal/install/action_2_tutorials/lib/libaction_2_tutorials__rosidl_typesupport_c.so
[54.295s] -- Set runtime path of "/home/tcr3/ros2_personal/install/action_2_tutorials/lib/libaction_2_tutorials__rosidl_typesupport_c.so" to ""
[54.296s] -- Up-to-date: /home/tcr3/ros2_personal/install/action_2_tutorials/include/action_2_tutorials/action_2_tutorials
[54.298s] -- Up-to-date: /home/tcr3/ros2_personal/install/action_2_tutorials/include/action_2_tutorials/action_2_tutorials/action
[54.301s] -- Installing: /home/tcr3/ros2_personal/install/action_2_tutorials/include/action_2_tutorials/action_2_tutorials/action/count_until.hpp
[54.303s] -- Up-to-date: /home/tcr3/ros2_personal/install/action_2_tutorials/include/action_2_tutorials/action_2_tutorials/action/detail
[54.305s] -- Installing: /home/tcr3/ros2_personal/install/action_2_tutorials/include/action_2_tutorials/action_2_tutorials/action/detail/count_until__struct.hpp
[54.309s] -- Installing: /home/tcr3/ros2_personal/install/action_2_tutorials/include/action_2_tutorials/action_2_tutorials/action/detail/count_until__traits.hpp
[54.311s] -- Installing: /home/tcr3/ros2_personal/install/action_2_tutorials/include/action_2_tutorials/action_2_tutorials/action/detail/count_until__builder.hpp
[54.314s] -- Up-to-date: /home/tcr3/ros2_personal/install/action_2_tutorials/include/action_2_tutorials/action_2_tutorials
[54.316s] -- Up-to-date: /home/tcr3/ros2_personal/install/action_2_tutorials/include/action_2_tutorials/action_2_tutorials/msg
[54.319s] -- Installing: /home/tcr3/ros2_personal/install/action_2_tutorials/include/action_2_tutorials/action_2_tutorials/msg/rosidl_typesupport_fastrtps_cpp__visibility_control.h
[54.321s] -- Up-to-date: /home/tcr3/ros2_personal/install/action_2_tutorials/include/action_2_tutorials/action_2_tutorials/action
[54.325s] -- Up-to-date: /home/tcr3/ros2_personal/install/action_2_tutorials/include/action_2_tutorials/action_2_tutorials/action/detail
[54.328s] -- Installing: /home/tcr3/ros2_personal/install/action_2_tutorials/include/action_2_tutorials/action_2_tutorials/action/detail/count_until__rosidl_typesupport_fastrtps_cpp.hpp
[54.331s] -- Installing: /home/tcr3/ros2_personal/install/action_2_tutorials/include/action_2_tutorials/action_2_tutorials/action/detail/dds_fastrtps
[54.333s] -- Installing: /home/tcr3/ros2_personal/install/action_2_tutorials/lib/libaction_2_tutorials__rosidl_typesupport_fastrtps_cpp.so
[54.339s] -- Set runtime path of "/home/tcr3/ros2_personal/install/action_2_tutorials/lib/libaction_2_tutorials__rosidl_typesupport_fastrtps_cpp.so" to ""
[54.340s] -- Up-to-date: /home/tcr3/ros2_personal/install/action_2_tutorials/include/action_2_tutorials/action_2_tutorials
[54.341s] -- Up-to-date: /home/tcr3/ros2_personal/install/action_2_tutorials/include/action_2_tutorials/action_2_tutorials/action
[54.342s] -- Up-to-date: /home/tcr3/ros2_personal/install/action_2_tutorials/include/action_2_tutorials/action_2_tutorials/action/detail
[54.346s] -- Installing: /home/tcr3/ros2_personal/install/action_2_tutorials/include/action_2_tutorials/action_2_tutorials/action/detail/count_until__type_support.cpp
[54.347s] -- Installing: /home/tcr3/ros2_personal/install/action_2_tutorials/include/action_2_tutorials/action_2_tutorials/action/detail/count_until__rosidl_typesupport_introspection_cpp.hpp
[54.349s] -- Installing: /home/tcr3/ros2_personal/install/action_2_tutorials/lib/libaction_2_tutorials__rosidl_typesupport_introspection_cpp.so
[54.349s] -- Set runtime path of "/home/tcr3/ros2_personal/install/action_2_tutorials/lib/libaction_2_tutorials__rosidl_typesupport_introspection_cpp.so" to ""
[54.353s] -- Installing: /home/tcr3/ros2_personal/install/action_2_tutorials/lib/libaction_2_tutorials__rosidl_typesupport_cpp.so
[54.354s] -- Set runtime path of "/home/tcr3/ros2_personal/install/action_2_tutorials/lib/libaction_2_tutorials__rosidl_typesupport_cpp.so" to ""
[54.355s] -- Installing: /home/tcr3/ros2_personal/install/action_2_tutorials/share/action_2_tutorials/environment/pythonpath.sh
[54.358s] -- Installing: /home/tcr3/ros2_personal/install/action_2_tutorials/share/action_2_tutorials/environment/pythonpath.dsv
[54.360s] -- Installing: /home/tcr3/ros2_personal/install/action_2_tutorials/local/lib/python3.10/dist-packages/action_2_tutorials-0.0.0-py3.10.egg-info
[54.362s] -- Installing: /home/tcr3/ros2_personal/install/action_2_tutorials/local/lib/python3.10/dist-packages/action_2_tutorials-0.0.0-py3.10.egg-info/PKG-INFO
[54.365s] -- Installing: /home/tcr3/ros2_personal/install/action_2_tutorials/local/lib/python3.10/dist-packages/action_2_tutorials-0.0.0-py3.10.egg-info/SOURCES.txt
[54.367s] -- Installing: /home/tcr3/ros2_personal/install/action_2_tutorials/local/lib/python3.10/dist-packages/action_2_tutorials-0.0.0-py3.10.egg-info/dependency_links.txt
[54.371s] -- Installing: /home/tcr3/ros2_personal/install/action_2_tutorials/local/lib/python3.10/dist-packages/action_2_tutorials-0.0.0-py3.10.egg-info/top_level.txt
[54.376s] -- Installing: /home/tcr3/ros2_personal/install/action_2_tutorials/local/lib/python3.10/dist-packages/action_2_tutorials
[54.379s] -- Installing: /home/tcr3/ros2_personal/install/action_2_tutorials/local/lib/python3.10/dist-packages/action_2_tutorials/_action_2_tutorials_s.ep.rosidl_typesupport_introspection_c.c
[54.381s] -- Installing: /home/tcr3/ros2_personal/install/action_2_tutorials/local/lib/python3.10/dist-packages/action_2_tutorials/_action_2_tutorials_s.ep.rosidl_typesupport_fastrtps_c.c
[54.383s] -- Installing: /home/tcr3/ros2_personal/install/action_2_tutorials/local/lib/python3.10/dist-packages/action_2_tutorials/action_2_tutorials_s__rosidl_typesupport_c.cpython-310-aarch64-linux-gnu.so
[54.385s] -- Installing: /home/tcr3/ros2_personal/install/action_2_tutorials/local/lib/python3.10/dist-packages/action_2_tutorials/action_2_tutorials_s__rosidl_typesupport_introspection_c.cpython-310-aarch64-linux-gnu.so
[54.387s] -- Installing: /home/tcr3/ros2_personal/install/action_2_tutorials/local/lib/python3.10/dist-packages/action_2_tutorials/action_2_tutorials_s__rosidl_typesupport_fastrtps_c.cpython-310-aarch64-linux-gnu.so
[54.388s] -- Installing: /home/tcr3/ros2_personal/install/action_2_tutorials/local/lib/python3.10/dist-packages/action_2_tutorials/libaction_2_tutorials__rosidl_generator_py.so
[54.390s] -- Installing: /home/tcr3/ros2_personal/install/action_2_tutorials/local/lib/python3.10/dist-packages/action_2_tutorials/_action_2_tutorials_s.ep.rosidl_typesupport_c.c
[54.392s] -- Installing: /home/tcr3/ros2_personal/install/action_2_tutorials/local/lib/python3.10/dist-packages/action_2_tutorials/action
[54.393s] -- Installing: /home/tcr3/ros2_personal/install/action_2_tutorials/local/lib/python3.10/dist-packages/action_2_tutorials/action/_count_until.py
[54.396s] -- Installing: /home/tcr3/ros2_personal/install/action_2_tutorials/local/lib/python3.10/dist-packages/action_2_tutorials/action/_count_until_s.c
[54.397s] -- Installing: /home/tcr3/ros2_personal/install/action_2_tutorials/local/lib/python3.10/dist-packages/action_2_tutorials/action/__init__.py
[54.399s] -- Installing: /home/tcr3/ros2_personal/install/action_2_tutorials/local/lib/python3.10/dist-packages/action_2_tutorials/__init__.py
[54.583s] Listing '/home/tcr3/ros2_personal/install/action_2_tutorials/local/lib/python3.10/dist-packages/action_2_tutorials'...
[54.589s] Compiling '/home/tcr3/ros2_personal/install/action_2_tutorials/local/lib/python3.10/dist-packages/action_2_tutorials/__init__.py'...
[54.593s] Listing '/home/tcr3/ros2_personal/install/action_2_tutorials/local/lib/python3.10/dist-packages/action_2_tutorials/action'...
[54.596s] Compiling '/home/tcr3/ros2_personal/install/action_2_tutorials/local/lib/python3.10/dist-packages/action_2_tutorials/action/__init__.py'...
[54.601s] Compiling '/home/tcr3/ros2_personal/install/action_2_tutorials/local/lib/python3.10/dist-packages/action_2_tutorials/action/_count_until.py'...
[54.619s] -- Installing: /home/tcr3/ros2_personal/install/action_2_tutorials/local/lib/python3.10/dist-packages/action_2_tutorials/action_2_tutorials_s__rosidl_typesupport_fastrtps_c.cpython-310-aarch64-linux-gnu.so
[54.622s] -- Set runtime path of "/home/tcr3/ros2_personal/install/action_2_tutorials/local/lib/python3.10/dist-packages/action_2_tutorials/action_2_tutorials_s__rosidl_typesupport_fastrtps_c.cpython-310-aarch64-linux-gnu.so" to ""
[54.624s] -- Installing: /home/tcr3/ros2_personal/install/action_2_tutorials/local/lib/python3.10/dist-packages/action_2_tutorials/action_2_tutorials_s__rosidl_typesupport_introspection_c.cpython-310-aarch64-linux-gnu.so
[54.625s] -- Set runtime path of "/home/tcr3/ros2_personal/install/action_2_tutorials/local/lib/python3.10/dist-packages/action_2_tutorials/action_2_tutorials_s__rosidl_typesupport_introspection_c.cpython-310-aarch64-linux-gnu.so" to ""
[54.626s] -- Installing: /home/tcr3/ros2_personal/install/action_2_tutorials/local/lib/python3.10/dist-packages/action_2_tutorials/action_2_tutorials_s__rosidl_typesupport_c.cpython-310-aarch64-linux-gnu.so
[54.633s] -- Set runtime path of "/home/tcr3/ros2_personal/install/action_2_tutorials/local/lib/python3.10/dist-packages/action_2_tutorials/action_2_tutorials_s__rosidl_typesupport_c.cpython-310-aarch64-linux-gnu.so" to ""
[54.636s] -- Installing: /home/tcr3/ros2_personal/install/action_2_tutorials/lib/libaction_2_tutorials__rosidl_generator_py.so
[54.637s] -- Set runtime path of "/home/tcr3/ros2_personal/install/action_2_tutorials/lib/libaction_2_tutorials__rosidl_generator_py.so" to ""
[54.638s] -- Installing: /home/tcr3/ros2_personal/install/action_2_tutorials/share/action_2_tutorials/action/CountUntil.idl
[54.640s] -- Installing: /home/tcr3/ros2_personal/install/action_2_tutorials/share/action_2_tutorials/action/CountUntil.action
[54.643s] -- Installing: /home/tcr3/ros2_personal/install/action_2_tutorials/share/ament_index/resource_index/package_run_dependencies/action_2_tutorials
[54.648s] -- Installing: /home/tcr3/ros2_personal/install/action_2_tutorials/share/ament_index/resource_index/parent_prefix_path/action_2_tutorials
[54.649s] -- Installing: /home/tcr3/ros2_personal/install/action_2_tutorials/share/action_2_tutorials/environment/ament_prefix_path.sh
[54.650s] -- Installing: /home/tcr3/ros2_personal/install/action_2_tutorials/share/action_2_tutorials/environment/ament_prefix_path.dsv
[54.651s] -- Installing: /home/tcr3/ros2_personal/install/action_2_tutorials/share/action_2_tutorials/environment/path.sh
[54.653s] -- Installing: /home/tcr3/ros2_personal/install/action_2_tutorials/share/action_2_tutorials/environment/path.dsv
[54.655s] -- Installing: /home/tcr3/ros2_personal/install/action_2_tutorials/share/action_2_tutorials/local_setup.bash
[54.660s] -- Installing: /home/tcr3/ros2_personal/install/action_2_tutorials/share/action_2_tutorials/local_setup.sh
[54.662s] -- Installing: /home/tcr3/ros2_personal/install/action_2_tutorials/share/action_2_tutorials/local_setup.zsh
[54.667s] -- Installing: /home/tcr3/ros2_personal/install/action_2_tutorials/share/action_2_tutorials/local_setup.dsv
[54.668s] -- Installing: /home/tcr3/ros2_personal/install/action_2_tutorials/share/action_2_tutorials/package.dsv
[54.669s] -- Installing: /home/tcr3/ros2_personal/install/action_2_tutorials/share/ament_index/resource_index/packages/action_2_tutorials
[54.674s] -- Installing: /home/tcr3/ros2_personal/install/action_2_tutorials/share/action_2_tutorials/cmake/export_action_2_tutorials__rosidl_generator_cExport.cmake
[54.686s] -- Installing: /home/tcr3/ros2_personal/install/action_2_tutorials/share/action_2_tutorials/cmake/export_action_2_tutorials__rosidl_generator_cExport-noconfig.cmake
[54.735s] -- Installing: /home/tcr3/ros2_personal/install/action_2_tutorials/share/action_2_tutorials/cmake/export_action_2_tutorials__rosidl_typesupport_fastrtps_cExport.cmake
[54.736s] -- Installing: /home/tcr3/ros2_personal/install/action_2_tutorials/share/action_2_tutorials/cmake/export_action_2_tutorials__rosidl_typesupport_fastrtps_cExport-noconfig.cmake
[54.755s] -- Installing: /home/tcr3/ros2_personal/install/action_2_tutorials/share/action_2_tutorials/cmake/action_2_tutorials__rosidl_typesupport_introspection_cExport.cmake
[54.756s] -- Installing: /home/tcr3/ros2_personal/install/action_2_tutorials/share/action_2_tutorials/cmake/action_2_tutorials__rosidl_typesupport_introspection_cExport-noconfig.cmake
[54.757s] -- Installing: /home/tcr3/ros2_personal/install/action_2_tutorials/share/action_2_tutorials/cmake/action_2_tutorials__rosidl_typesupport_cExport.cmake
[54.758s] -- Installing: /home/tcr3/ros2_personal/install/action_2_tutorials/share/action_2_tutorials/cmake/action_2_tutorials__rosidl_typesupport_cExport-noconfig.cmake
[54.759s] -- Installing: /home/tcr3/ros2_personal/install/action_2_tutorials/share/action_2_tutorials/cmake/export_action_2_tutorials__rosidl_generator_cppExport.cmake
[54.760s] -- Installing: /home/tcr3/ros2_personal/install/action_2_tutorials/share/action_2_tutorials/cmake/export_action_2_tutorials__rosidl_typesupport_fastrtps_cppExport.cmake
[54.761s] -- Installing: /home/tcr3/ros2_personal/install/action_2_tutorials/share/action_2_tutorials/cmake/export_action_2_tutorials__rosidl_typesupport_fastrtps_cppExport-noconfig.cmake
[54.763s] -- Installing: /home/tcr3/ros2_personal/install/action_2_tutorials/share/action_2_tutorials/cmake/action_2_tutorials__rosidl_typesupport_introspection_cppExport.cmake
[54.764s] -- Installing: /home/tcr3/ros2_personal/install/action_2_tutorials/share/action_2_tutorials/cmake/action_2_tutorials__rosidl_typesupport_introspection_cppExport-noconfig.cmake
[54.765s] -- Installing: /home/tcr3/ros2_personal/install/action_2_tutorials/share/action_2_tutorials/cmake/action_2_tutorials__rosidl_typesupport_cppExport.cmake
[54.765s] -- Installing: /home/tcr3/ros2_personal/install/action_2_tutorials/share/action_2_tutorials/cmake/action_2_tutorials__rosidl_typesupport_cppExport-noconfig.cmake
[54.766s] -- Installing: /home/tcr3/ros2_personal/install/action_2_tutorials/share/action_2_tutorials/cmake/export_action_2_tutorials__rosidl_generator_pyExport.cmake
[54.767s] -- Installing: /home/tcr3/ros2_personal/install/action_2_tutorials/share/action_2_tutorials/cmake/export_action_2_tutorials__rosidl_generator_pyExport-noconfig.cmake
[54.768s] -- Installing: /home/tcr3/ros2_personal/install/action_2_tutorials/share/action_2_tutorials/cmake/rosidl_cmake-extras.cmake
[54.769s] -- Installing: /home/tcr3/ros2_personal/install/action_2_tutorials/share/action_2_tutorials/cmake/ament_cmake_export_dependencies-extras.cmake
[54.770s] -- Installing: /home/tcr3/ros2_personal/install/action_2_tutorials/share/action_2_tutorials/cmake/ament_cmake_export_include_directories-extras.cmake
[54.771s] -- Installing: /home/tcr3/ros2_personal/install/action_2_tutorials/share/action_2_tutorials/cmake/ament_cmake_export_libraries-extras.cmake
[54.773s] -- Installing: /home/tcr3/ros2_personal/install/action_2_tutorials/share/action_2_tutorials/cmake/ament_cmake_export_targets-extras.cmake
[54.773s] -- Installing: /home/tcr3/ros2_personal/install/action_2_tutorials/share/action_2_tutorials/cmake/rosidl_cmake_export_typesupport_targets-extras.cmake
[54.774s] -- Installing: /home/tcr3/ros2_personal/install/action_2_tutorials/share/action_2_tutorials/cmake/rosidl_cmake_export_typesupport_libraries-extras.cmake
[54.775s] -- Installing: /home/tcr3/ros2_personal/install/action_2_tutorials/share/action_2_tutorials/cmake/action_2_tutorialsConfig.cmake
[54.776s] -- Installing: /home/tcr3/ros2_personal/install/action_2_tutorials/share/action_2_tutorials/cmake/action_2_tutorialsConfig-version.cmake
[54.777s] -- Installing: /home/tcr3/ros2_personal/install/action_2_tutorials/share/action_2_tutorials/package.xml
[54.778s] Invoked command in '/home/tcr3/ros2_personal/build/action_2_tutorials' returned '0': CMAKE_PREFIX_PATH=/opt/ros/humble /usr/bin/cmake --install /home/tcr3/ros2_personal/build/action_2_tutorials
