[0.196s] Invoking command in '/home/tcr3/ros2_personal/build/action_tutorials_interfaces': CMAKE_PREFIX_PATH=${CMAKE_PREFIX_PATH}:/opt/ros/humble:/home/tcr3/ros2_personal/install/my_package:/home/tcr3/ros2_personal/install/launch_testing_examples:/home/tcr3/ros2_personal/install/examples_rclpy_pointcloud_publisher:/home/tcr3/ros2_personal/install/examples_rclpy_minimal_subscriber:/home/tcr3/ros2_personal/install/examples_rclpy_minimal_service:/home/tcr3/ros2_personal/install/examples_rclpy_minimal_publisher:/home/tcr3/ros2_personal/install/examples_rclpy_minimal_client:/home/tcr3/ros2_personal/install/examples_rclpy_minimal_action_server:/home/tcr3/ros2_personal/install/examples_rclpy_minimal_action_client:/home/tcr3/ros2_personal/install/examples_rclpy_guard_conditions:/home/tcr3/ros2_personal/install/examples_rclpy_executors /usr/bin/cmake /home/tcr3/ros2_personal/src/action_tutorials_interfaces -DCMAKE_INSTALL_PREFIX=/home/tcr3/ros2_personal/install/action_tutorials_interfaces
[0.315s] -- Found ament_cmake: 1.3.2 (/opt/ros/humble/share/ament_cmake/cmake)
[2.198s] -- Found Python3: /usr/bin/python3.10 (found version "3.10.6") found components: Interpreter 
[3.642s] -- Found ament_lint_auto: 0.12.4 (/opt/ros/humble/share/ament_lint_auto/cmake)
[4.546s] -- Found rosidl_default_generators: 1.2.0 (/opt/ros/humble/share/rosidl_default_generators/cmake)
[4.656s] -- Using all available rosidl_typesupport_c: rosidl_typesupport_fastrtps_c;rosidl_typesupport_introspection_c
[4.866s] -- Found rosidl_adapter: 3.1.3 (/opt/ros/humble/share/rosidl_adapter/cmake)
[5.600s] -- Using all available rosidl_typesupport_cpp: rosidl_typesupport_fastrtps_cpp;rosidl_typesupport_introspection_cpp
[9.035s] -- Found ament_cmake_ros: 0.10.0 (/opt/ros/humble/share/ament_cmake_ros/cmake)
[10.512s] -- Using all available rosidl_typesupport_c: rosidl_typesupport_fastrtps_c;rosidl_typesupport_introspection_c
[12.156s] -- Using all available rosidl_typesupport_cpp: rosidl_typesupport_fastrtps_cpp;rosidl_typesupport_introspection_cpp
[12.314s] -- Found PythonInterp: /usr/bin/python3 (found suitable version "3.10.6", minimum required is "3.6") 
[12.353s] -- Found python_cmake_module: 0.10.0 (/opt/ros/humble/share/python_cmake_module/cmake)
[12.548s] -- Found PythonLibs: /usr/lib/aarch64-linux-gnu/libpython3.10.so (found suitable version "3.10.6", minimum required is "3.5") 
[12.549s] -- Using PYTHON_EXECUTABLE: /usr/bin/python3
[12.551s] -- Using PYTHON_INCLUDE_DIRS: /usr/include/python3.10
[12.551s] -- Using PYTHON_LIBRARIES: /usr/lib/aarch64-linux-gnu/libpython3.10.so
[12.704s] -- Found PythonExtra: .so  
[13.028s] -- Added test 'lint_cmake' to check CMake code style
[13.047s] -- Added test 'xmllint' to check XML markup files
[13.183s] -- Configuring done
[13.606s] -- Generating done
[13.658s] -- Build files have been written to: /home/tcr3/ros2_personal/build/action_tutorials_interfaces
[13.723s] Invoked command in '/home/tcr3/ros2_personal/build/action_tutorials_interfaces' returned '0': CMAKE_PREFIX_PATH=${CMAKE_PREFIX_PATH}:/opt/ros/humble:/home/tcr3/ros2_personal/install/my_package:/home/tcr3/ros2_personal/install/launch_testing_examples:/home/tcr3/ros2_personal/install/examples_rclpy_pointcloud_publisher:/home/tcr3/ros2_personal/install/examples_rclpy_minimal_subscriber:/home/tcr3/ros2_personal/install/examples_rclpy_minimal_service:/home/tcr3/ros2_personal/install/examples_rclpy_minimal_publisher:/home/tcr3/ros2_personal/install/examples_rclpy_minimal_client:/home/tcr3/ros2_personal/install/examples_rclpy_minimal_action_server:/home/tcr3/ros2_personal/install/examples_rclpy_minimal_action_client:/home/tcr3/ros2_personal/install/examples_rclpy_guard_conditions:/home/tcr3/ros2_personal/install/examples_rclpy_executors /usr/bin/cmake /home/tcr3/ros2_personal/src/action_tutorials_interfaces -DCMAKE_INSTALL_PREFIX=/home/tcr3/ros2_personal/install/action_tutorials_interfaces
[13.725s] Invoking command in '/home/tcr3/ros2_personal/build/action_tutorials_interfaces': CMAKE_PREFIX_PATH=${CMAKE_PREFIX_PATH}:/opt/ros/humble:/home/tcr3/ros2_personal/install/my_package:/home/tcr3/ros2_personal/install/launch_testing_examples:/home/tcr3/ros2_personal/install/examples_rclpy_pointcloud_publisher:/home/tcr3/ros2_personal/install/examples_rclpy_minimal_subscriber:/home/tcr3/ros2_personal/install/examples_rclpy_minimal_service:/home/tcr3/ros2_personal/install/examples_rclpy_minimal_publisher:/home/tcr3/ros2_personal/install/examples_rclpy_minimal_client:/home/tcr3/ros2_personal/install/examples_rclpy_minimal_action_server:/home/tcr3/ros2_personal/install/examples_rclpy_minimal_action_client:/home/tcr3/ros2_personal/install/examples_rclpy_guard_conditions:/home/tcr3/ros2_personal/install/examples_rclpy_executors /usr/bin/cmake --build /home/tcr3/ros2_personal/build/action_tutorials_interfaces -- -j4 -l4
[14.056s] [  3%] [34m[1mGenerating C code for ROS interfaces[0m
[14.181s] [  6%] [34m[1mGenerating C++ code for ROS interfaces[0m
[14.265s] [  6%] Built target ament_cmake_python_copy_action_tutorials_interfaces
[17.401s] running egg_info
[17.406s] creating action_tutorials_interfaces.egg-info
[17.408s] writing action_tutorials_interfaces.egg-info/PKG-INFO
[17.409s] writing dependency_links to action_tutorials_interfaces.egg-info/dependency_links.txt
[17.410s] writing top-level names to action_tutorials_interfaces.egg-info/top_level.txt
[17.411s] writing manifest file 'action_tutorials_interfaces.egg-info/SOURCES.txt'
[17.430s] reading manifest file 'action_tutorials_interfaces.egg-info/SOURCES.txt'
[17.441s] writing manifest file 'action_tutorials_interfaces.egg-info/SOURCES.txt'
[17.672s] [  6%] Built target ament_cmake_python_build_action_tutorials_interfaces_egg
[18.187s] [  6%] Built target action_tutorials_interfaces__cpp
[18.224s] [  9%] [32mBuilding C object CMakeFiles/action_tutorials_interfaces__rosidl_generator_c.dir/rosidl_generator_c/action_tutorials_interfaces/action/detail/fibonacci__functions.c.o[0m
[18.272s] [ 12%] [34m[1mGenerating C++ introspection for ROS interfaces[0m
[18.278s] [ 19%] [34m[1mGenerating C++ type support dispatch for ROS interfaces[0m
[18.281s] [ 19%] [34m[1mGenerating C++ type support for eProsima Fast-RTPS[0m
[21.467s] [ 22%] [32m[1mLinking C shared library libaction_tutorials_interfaces__rosidl_generator_c.so[0m
[21.858s] [ 25%] [32mBuilding CXX object CMakeFiles/action_tutorials_interfaces__rosidl_typesupport_cpp.dir/rosidl_typesupport_cpp/action_tutorials_interfaces/action/fibonacci__type_support.cpp.o[0m
[22.117s] [ 25%] Built target action_tutorials_interfaces__rosidl_generator_c
[22.194s] [ 29%] [34m[1mGenerating C type support for eProsima Fast-RTPS[0m
[22.953s] [ 32%] [32mBuilding CXX object CMakeFiles/action_tutorials_interfaces__rosidl_typesupport_introspection_cpp.dir/rosidl_typesupport_introspection_cpp/action_tutorials_interfaces/action/detail/fibonacci__type_support.cpp.o[0m
[23.918s] [ 35%] [32mBuilding CXX object CMakeFiles/action_tutorials_interfaces__rosidl_typesupport_fastrtps_cpp.dir/rosidl_typesupport_fastrtps_cpp/action_tutorials_interfaces/action/detail/dds_fastrtps/fibonacci__type_support.cpp.o[0m
[27.254s] [ 38%] [32mBuilding CXX object CMakeFiles/action_tutorials_interfaces__rosidl_typesupport_fastrtps_c.dir/rosidl_typesupport_fastrtps_c/action_tutorials_interfaces/action/detail/fibonacci__type_support_c.cpp.o[0m
[29.033s] [ 41%] [32m[1mLinking CXX shared library libaction_tutorials_interfaces__rosidl_typesupport_cpp.so[0m
[29.550s] [ 41%] Built target action_tutorials_interfaces__rosidl_typesupport_cpp
[31.800s] [ 45%] [32m[1mLinking CXX shared library libaction_tutorials_interfaces__rosidl_typesupport_introspection_cpp.so[0m
[31.830s] [ 48%] [32m[1mLinking CXX shared library libaction_tutorials_interfaces__rosidl_typesupport_fastrtps_cpp.so[0m
[32.368s] [ 51%] [32m[1mLinking CXX shared library libaction_tutorials_interfaces__rosidl_typesupport_fastrtps_c.so[0m
[32.643s] [ 51%] Built target action_tutorials_interfaces__rosidl_typesupport_introspection_cpp
[32.706s] [ 51%] Built target action_tutorials_interfaces__rosidl_typesupport_fastrtps_cpp
[33.040s] [ 51%] Built target action_tutorials_interfaces__rosidl_typesupport_fastrtps_c
[33.103s] [ 54%] [34m[1mGenerating C type support dispatch for ROS interfaces[0m
[37.945s] [ 58%] [32mBuilding CXX object CMakeFiles/action_tutorials_interfaces__rosidl_typesupport_c.dir/rosidl_typesupport_c/action_tutorials_interfaces/action/fibonacci__type_support.cpp.o[0m
[38.523s] [ 61%] [32m[1mLinking CXX shared library libaction_tutorials_interfaces__rosidl_typesupport_c.so[0m
[38.990s] [ 61%] Built target action_tutorials_interfaces__rosidl_typesupport_c
[39.081s] [ 64%] [34m[1mGenerating C introspection for ROS interfaces[0m
[41.654s] [ 67%] [32mBuilding C object CMakeFiles/action_tutorials_interfaces__rosidl_typesupport_introspection_c.dir/rosidl_typesupport_introspection_c/action_tutorials_interfaces/action/detail/fibonacci__type_support.c.o[0m
[42.179s] [ 70%] [32m[1mLinking C shared library libaction_tutorials_interfaces__rosidl_typesupport_introspection_c.so[0m
[42.545s] [ 70%] Built target action_tutorials_interfaces__rosidl_typesupport_introspection_c
[42.783s] [ 70%] Built target action_tutorials_interfaces
[42.920s] [ 74%] [34m[1mGenerating Python code for ROS interfaces[0m
[49.546s] [ 74%] Built target action_tutorials_interfaces__py
[49.665s] [ 77%] [32mBuilding C object CMakeFiles/action_tutorials_interfaces__rosidl_generator_py.dir/rosidl_generator_py/action_tutorials_interfaces/action/_fibonacci_s.c.o[0m
[51.127s] [ 80%] [32m[1mLinking C shared library rosidl_generator_py/action_tutorials_interfaces/libaction_tutorials_interfaces__rosidl_generator_py.so[0m
[51.457s] [ 80%] Built target action_tutorials_interfaces__rosidl_generator_py
[51.572s] [ 83%] [32mBuilding C object CMakeFiles/action_tutorials_interfaces__rosidl_typesupport_fastrtps_c__pyext.dir/rosidl_generator_py/action_tutorials_interfaces/_action_tutorials_interfaces_s.ep.rosidl_typesupport_fastrtps_c.c.o[0m
[52.281s] [ 87%] [32m[1mLinking C shared library rosidl_generator_py/action_tutorials_interfaces/action_tutorials_interfaces_s__rosidl_typesupport_fastrtps_c.cpython-310-aarch64-linux-gnu.so[0m
[52.531s] [ 87%] Built target action_tutorials_interfaces__rosidl_typesupport_fastrtps_c__pyext
[52.643s] [ 90%] [32mBuilding C object CMakeFiles/action_tutorials_interfaces__rosidl_typesupport_c__pyext.dir/rosidl_generator_py/action_tutorials_interfaces/_action_tutorials_interfaces_s.ep.rosidl_typesupport_c.c.o[0m
[53.373s] [ 93%] [32m[1mLinking C shared library rosidl_generator_py/action_tutorials_interfaces/action_tutorials_interfaces_s__rosidl_typesupport_c.cpython-310-aarch64-linux-gnu.so[0m
[53.608s] [ 93%] Built target action_tutorials_interfaces__rosidl_typesupport_c__pyext
[53.718s] [ 96%] [32mBuilding C object CMakeFiles/action_tutorials_interfaces__rosidl_typesupport_introspection_c__pyext.dir/rosidl_generator_py/action_tutorials_interfaces/_action_tutorials_interfaces_s.ep.rosidl_typesupport_introspection_c.c.o[0m
[54.388s] [100%] [32m[1mLinking C shared library rosidl_generator_py/action_tutorials_interfaces/action_tutorials_interfaces_s__rosidl_typesupport_introspection_c.cpython-310-aarch64-linux-gnu.so[0m
[54.627s] [100%] Built target action_tutorials_interfaces__rosidl_typesupport_introspection_c__pyext
[54.700s] Invoked command in '/home/tcr3/ros2_personal/build/action_tutorials_interfaces' returned '0': CMAKE_PREFIX_PATH=${CMAKE_PREFIX_PATH}:/opt/ros/humble:/home/tcr3/ros2_personal/install/my_package:/home/tcr3/ros2_personal/install/launch_testing_examples:/home/tcr3/ros2_personal/install/examples_rclpy_pointcloud_publisher:/home/tcr3/ros2_personal/install/examples_rclpy_minimal_subscriber:/home/tcr3/ros2_personal/install/examples_rclpy_minimal_service:/home/tcr3/ros2_personal/install/examples_rclpy_minimal_publisher:/home/tcr3/ros2_personal/install/examples_rclpy_minimal_client:/home/tcr3/ros2_personal/install/examples_rclpy_minimal_action_server:/home/tcr3/ros2_personal/install/examples_rclpy_minimal_action_client:/home/tcr3/ros2_personal/install/examples_rclpy_guard_conditions:/home/tcr3/ros2_personal/install/examples_rclpy_executors /usr/bin/cmake --build /home/tcr3/ros2_personal/build/action_tutorials_interfaces -- -j4 -l4
[55.173s] Invoking command in '/home/tcr3/ros2_personal/build/action_tutorials_interfaces': CMAKE_PREFIX_PATH=${CMAKE_PREFIX_PATH}:/opt/ros/humble:/home/tcr3/ros2_personal/install/my_package:/home/tcr3/ros2_personal/install/launch_testing_examples:/home/tcr3/ros2_personal/install/examples_rclpy_pointcloud_publisher:/home/tcr3/ros2_personal/install/examples_rclpy_minimal_subscriber:/home/tcr3/ros2_personal/install/examples_rclpy_minimal_service:/home/tcr3/ros2_personal/install/examples_rclpy_minimal_publisher:/home/tcr3/ros2_personal/install/examples_rclpy_minimal_client:/home/tcr3/ros2_personal/install/examples_rclpy_minimal_action_server:/home/tcr3/ros2_personal/install/examples_rclpy_minimal_action_client:/home/tcr3/ros2_personal/install/examples_rclpy_guard_conditions:/home/tcr3/ros2_personal/install/examples_rclpy_executors /usr/bin/cmake --install /home/tcr3/ros2_personal/build/action_tutorials_interfaces
[55.207s] -- Install configuration: ""
[55.208s] -- Installing: /home/tcr3/ros2_personal/install/action_tutorials_interfaces/share/ament_index/resource_index/rosidl_interfaces/action_tutorials_interfaces
[55.210s] -- Installing: /home/tcr3/ros2_personal/install/action_tutorials_interfaces/include/action_tutorials_interfaces/action_tutorials_interfaces
[55.211s] -- Installing: /home/tcr3/ros2_personal/install/action_tutorials_interfaces/include/action_tutorials_interfaces/action_tutorials_interfaces/msg
[55.212s] -- Installing: /home/tcr3/ros2_personal/install/action_tutorials_interfaces/include/action_tutorials_interfaces/action_tutorials_interfaces/msg/rosidl_generator_c__visibility_control.h
[55.213s] -- Installing: /home/tcr3/ros2_personal/install/action_tutorials_interfaces/include/action_tutorials_interfaces/action_tutorials_interfaces/action
[55.214s] -- Installing: /home/tcr3/ros2_personal/install/action_tutorials_interfaces/include/action_tutorials_interfaces/action_tutorials_interfaces/action/fibonacci.h
[55.216s] -- Installing: /home/tcr3/ros2_personal/install/action_tutorials_interfaces/include/action_tutorials_interfaces/action_tutorials_interfaces/action/detail
[55.218s] -- Installing: /home/tcr3/ros2_personal/install/action_tutorials_interfaces/include/action_tutorials_interfaces/action_tutorials_interfaces/action/detail/fibonacci__struct.h
[55.219s] -- Installing: /home/tcr3/ros2_personal/install/action_tutorials_interfaces/include/action_tutorials_interfaces/action_tutorials_interfaces/action/detail/fibonacci__type_support.h
[55.220s] -- Installing: /home/tcr3/ros2_personal/install/action_tutorials_interfaces/include/action_tutorials_interfaces/action_tutorials_interfaces/action/detail/fibonacci__functions.h
[55.222s] -- Installing: /home/tcr3/ros2_personal/install/action_tutorials_interfaces/include/action_tutorials_interfaces/action_tutorials_interfaces/action/detail/fibonacci__functions.c
[55.225s] -- Installing: /home/tcr3/ros2_personal/install/action_tutorials_interfaces/share/action_tutorials_interfaces/environment/library_path.sh
[55.227s] -- Installing: /home/tcr3/ros2_personal/install/action_tutorials_interfaces/share/action_tutorials_interfaces/environment/library_path.dsv
[55.229s] -- Installing: /home/tcr3/ros2_personal/install/action_tutorials_interfaces/lib/libaction_tutorials_interfaces__rosidl_generator_c.so
[55.232s] -- Set runtime path of "/home/tcr3/ros2_personal/install/action_tutorials_interfaces/lib/libaction_tutorials_interfaces__rosidl_generator_c.so" to ""
[55.233s] -- Up-to-date: /home/tcr3/ros2_personal/install/action_tutorials_interfaces/include/action_tutorials_interfaces/action_tutorials_interfaces
[55.237s] -- Up-to-date: /home/tcr3/ros2_personal/install/action_tutorials_interfaces/include/action_tutorials_interfaces/action_tutorials_interfaces/msg
[55.238s] -- Installing: /home/tcr3/ros2_personal/install/action_tutorials_interfaces/include/action_tutorials_interfaces/action_tutorials_interfaces/msg/rosidl_typesupport_fastrtps_c__visibility_control.h
[55.238s] -- Up-to-date: /home/tcr3/ros2_personal/install/action_tutorials_interfaces/include/action_tutorials_interfaces/action_tutorials_interfaces/action
[55.239s] -- Up-to-date: /home/tcr3/ros2_personal/install/action_tutorials_interfaces/include/action_tutorials_interfaces/action_tutorials_interfaces/action/detail
[55.240s] -- Installing: /home/tcr3/ros2_personal/install/action_tutorials_interfaces/include/action_tutorials_interfaces/action_tutorials_interfaces/action/detail/fibonacci__rosidl_typesupport_fastrtps_c.h
[55.241s] -- Installing: /home/tcr3/ros2_personal/install/action_tutorials_interfaces/lib/libaction_tutorials_interfaces__rosidl_typesupport_fastrtps_c.so
[55.243s] -- Set runtime path of "/home/tcr3/ros2_personal/install/action_tutorials_interfaces/lib/libaction_tutorials_interfaces__rosidl_typesupport_fastrtps_c.so" to ""
[55.244s] -- Up-to-date: /home/tcr3/ros2_personal/install/action_tutorials_interfaces/include/action_tutorials_interfaces/action_tutorials_interfaces
[55.245s] -- Up-to-date: /home/tcr3/ros2_personal/install/action_tutorials_interfaces/include/action_tutorials_interfaces/action_tutorials_interfaces/msg
[55.246s] -- Installing: /home/tcr3/ros2_personal/install/action_tutorials_interfaces/include/action_tutorials_interfaces/action_tutorials_interfaces/msg/rosidl_typesupport_introspection_c__visibility_control.h
[55.247s] -- Up-to-date: /home/tcr3/ros2_personal/install/action_tutorials_interfaces/include/action_tutorials_interfaces/action_tutorials_interfaces/action
[55.247s] -- Up-to-date: /home/tcr3/ros2_personal/install/action_tutorials_interfaces/include/action_tutorials_interfaces/action_tutorials_interfaces/action/detail
[55.248s] -- Installing: /home/tcr3/ros2_personal/install/action_tutorials_interfaces/include/action_tutorials_interfaces/action_tutorials_interfaces/action/detail/fibonacci__rosidl_typesupport_introspection_c.h
[55.248s] -- Installing: /home/tcr3/ros2_personal/install/action_tutorials_interfaces/include/action_tutorials_interfaces/action_tutorials_interfaces/action/detail/fibonacci__type_support.c
[55.250s] -- Installing: /home/tcr3/ros2_personal/install/action_tutorials_interfaces/lib/libaction_tutorials_interfaces__rosidl_typesupport_introspection_c.so
[55.253s] -- Set runtime path of "/home/tcr3/ros2_personal/install/action_tutorials_interfaces/lib/libaction_tutorials_interfaces__rosidl_typesupport_introspection_c.so" to ""
[55.254s] -- Installing: /home/tcr3/ros2_personal/install/action_tutorials_interfaces/lib/libaction_tutorials_interfaces__rosidl_typesupport_c.so
[55.257s] -- Set runtime path of "/home/tcr3/ros2_personal/install/action_tutorials_interfaces/lib/libaction_tutorials_interfaces__rosidl_typesupport_c.so" to ""
[55.258s] -- Up-to-date: /home/tcr3/ros2_personal/install/action_tutorials_interfaces/include/action_tutorials_interfaces/action_tutorials_interfaces
[55.259s] -- Up-to-date: /home/tcr3/ros2_personal/install/action_tutorials_interfaces/include/action_tutorials_interfaces/action_tutorials_interfaces/action
[55.260s] -- Installing: /home/tcr3/ros2_personal/install/action_tutorials_interfaces/include/action_tutorials_interfaces/action_tutorials_interfaces/action/fibonacci.hpp
[55.260s] -- Up-to-date: /home/tcr3/ros2_personal/install/action_tutorials_interfaces/include/action_tutorials_interfaces/action_tutorials_interfaces/action/detail
[55.261s] -- Installing: /home/tcr3/ros2_personal/install/action_tutorials_interfaces/include/action_tutorials_interfaces/action_tutorials_interfaces/action/detail/fibonacci__builder.hpp
[55.262s] -- Installing: /home/tcr3/ros2_personal/install/action_tutorials_interfaces/include/action_tutorials_interfaces/action_tutorials_interfaces/action/detail/fibonacci__traits.hpp
[55.263s] -- Installing: /home/tcr3/ros2_personal/install/action_tutorials_interfaces/include/action_tutorials_interfaces/action_tutorials_interfaces/action/detail/fibonacci__struct.hpp
[55.265s] -- Up-to-date: /home/tcr3/ros2_personal/install/action_tutorials_interfaces/include/action_tutorials_interfaces/action_tutorials_interfaces
[55.266s] -- Up-to-date: /home/tcr3/ros2_personal/install/action_tutorials_interfaces/include/action_tutorials_interfaces/action_tutorials_interfaces/msg
[55.267s] -- Installing: /home/tcr3/ros2_personal/install/action_tutorials_interfaces/include/action_tutorials_interfaces/action_tutorials_interfaces/msg/rosidl_typesupport_fastrtps_cpp__visibility_control.h
[55.268s] -- Up-to-date: /home/tcr3/ros2_personal/install/action_tutorials_interfaces/include/action_tutorials_interfaces/action_tutorials_interfaces/action
[55.269s] -- Up-to-date: /home/tcr3/ros2_personal/install/action_tutorials_interfaces/include/action_tutorials_interfaces/action_tutorials_interfaces/action/detail
[55.269s] -- Installing: /home/tcr3/ros2_personal/install/action_tutorials_interfaces/include/action_tutorials_interfaces/action_tutorials_interfaces/action/detail/fibonacci__rosidl_typesupport_fastrtps_cpp.hpp
[55.274s] -- Installing: /home/tcr3/ros2_personal/install/action_tutorials_interfaces/include/action_tutorials_interfaces/action_tutorials_interfaces/action/detail/dds_fastrtps
[55.274s] -- Installing: /home/tcr3/ros2_personal/install/action_tutorials_interfaces/lib/libaction_tutorials_interfaces__rosidl_typesupport_fastrtps_cpp.so
[55.276s] -- Set runtime path of "/home/tcr3/ros2_personal/install/action_tutorials_interfaces/lib/libaction_tutorials_interfaces__rosidl_typesupport_fastrtps_cpp.so" to ""
[55.277s] -- Up-to-date: /home/tcr3/ros2_personal/install/action_tutorials_interfaces/include/action_tutorials_interfaces/action_tutorials_interfaces
[55.277s] -- Up-to-date: /home/tcr3/ros2_personal/install/action_tutorials_interfaces/include/action_tutorials_interfaces/action_tutorials_interfaces/action
[55.278s] -- Up-to-date: /home/tcr3/ros2_personal/install/action_tutorials_interfaces/include/action_tutorials_interfaces/action_tutorials_interfaces/action/detail
[55.279s] -- Installing: /home/tcr3/ros2_personal/install/action_tutorials_interfaces/include/action_tutorials_interfaces/action_tutorials_interfaces/action/detail/fibonacci__rosidl_typesupport_introspection_cpp.hpp
[55.280s] -- Installing: /home/tcr3/ros2_personal/install/action_tutorials_interfaces/include/action_tutorials_interfaces/action_tutorials_interfaces/action/detail/fibonacci__type_support.cpp
[55.282s] -- Installing: /home/tcr3/ros2_personal/install/action_tutorials_interfaces/lib/libaction_tutorials_interfaces__rosidl_typesupport_introspection_cpp.so
[55.286s] -- Set runtime path of "/home/tcr3/ros2_personal/install/action_tutorials_interfaces/lib/libaction_tutorials_interfaces__rosidl_typesupport_introspection_cpp.so" to ""
[55.287s] -- Installing: /home/tcr3/ros2_personal/install/action_tutorials_interfaces/lib/libaction_tutorials_interfaces__rosidl_typesupport_cpp.so
[55.289s] -- Set runtime path of "/home/tcr3/ros2_personal/install/action_tutorials_interfaces/lib/libaction_tutorials_interfaces__rosidl_typesupport_cpp.so" to ""
[55.290s] -- Installing: /home/tcr3/ros2_personal/install/action_tutorials_interfaces/share/action_tutorials_interfaces/environment/pythonpath.sh
[55.306s] -- Installing: /home/tcr3/ros2_personal/install/action_tutorials_interfaces/share/action_tutorials_interfaces/environment/pythonpath.dsv
[55.308s] -- Installing: /home/tcr3/ros2_personal/install/action_tutorials_interfaces/local/lib/python3.10/dist-packages/action_tutorials_interfaces-0.0.0-py3.10.egg-info
[55.314s] -- Installing: /home/tcr3/ros2_personal/install/action_tutorials_interfaces/local/lib/python3.10/dist-packages/action_tutorials_interfaces-0.0.0-py3.10.egg-info/PKG-INFO
[55.316s] -- Installing: /home/tcr3/ros2_personal/install/action_tutorials_interfaces/local/lib/python3.10/dist-packages/action_tutorials_interfaces-0.0.0-py3.10.egg-info/SOURCES.txt
[55.318s] -- Installing: /home/tcr3/ros2_personal/install/action_tutorials_interfaces/local/lib/python3.10/dist-packages/action_tutorials_interfaces-0.0.0-py3.10.egg-info/dependency_links.txt
[55.320s] -- Installing: /home/tcr3/ros2_personal/install/action_tutorials_interfaces/local/lib/python3.10/dist-packages/action_tutorials_interfaces-0.0.0-py3.10.egg-info/top_level.txt
[55.322s] -- Installing: /home/tcr3/ros2_personal/install/action_tutorials_interfaces/local/lib/python3.10/dist-packages/action_tutorials_interfaces
[55.324s] -- Installing: /home/tcr3/ros2_personal/install/action_tutorials_interfaces/local/lib/python3.10/dist-packages/action_tutorials_interfaces/action_tutorials_interfaces_s__rosidl_typesupport_c.cpython-310-aarch64-linux-gnu.so
[55.326s] -- Installing: /home/tcr3/ros2_personal/install/action_tutorials_interfaces/local/lib/python3.10/dist-packages/action_tutorials_interfaces/action_tutorials_interfaces_s__rosidl_typesupport_introspection_c.cpython-310-aarch64-linux-gnu.so
[55.328s] -- Installing: /home/tcr3/ros2_personal/install/action_tutorials_interfaces/local/lib/python3.10/dist-packages/action_tutorials_interfaces/_action_tutorials_interfaces_s.ep.rosidl_typesupport_fastrtps_c.c
[55.330s] -- Installing: /home/tcr3/ros2_personal/install/action_tutorials_interfaces/local/lib/python3.10/dist-packages/action_tutorials_interfaces/_action_tutorials_interfaces_s.ep.rosidl_typesupport_introspection_c.c
[55.332s] -- Installing: /home/tcr3/ros2_personal/install/action_tutorials_interfaces/local/lib/python3.10/dist-packages/action_tutorials_interfaces/libaction_tutorials_interfaces__rosidl_generator_py.so
[55.334s] -- Installing: /home/tcr3/ros2_personal/install/action_tutorials_interfaces/local/lib/python3.10/dist-packages/action_tutorials_interfaces/_action_tutorials_interfaces_s.ep.rosidl_typesupport_c.c
[55.337s] -- Installing: /home/tcr3/ros2_personal/install/action_tutorials_interfaces/local/lib/python3.10/dist-packages/action_tutorials_interfaces/action_tutorials_interfaces_s__rosidl_typesupport_fastrtps_c.cpython-310-aarch64-linux-gnu.so
[55.339s] -- Installing: /home/tcr3/ros2_personal/install/action_tutorials_interfaces/local/lib/python3.10/dist-packages/action_tutorials_interfaces/action
[55.340s] -- Installing: /home/tcr3/ros2_personal/install/action_tutorials_interfaces/local/lib/python3.10/dist-packages/action_tutorials_interfaces/action/_fibonacci_s.c
[55.346s] -- Installing: /home/tcr3/ros2_personal/install/action_tutorials_interfaces/local/lib/python3.10/dist-packages/action_tutorials_interfaces/action/_fibonacci.py
[55.347s] -- Installing: /home/tcr3/ros2_personal/install/action_tutorials_interfaces/local/lib/python3.10/dist-packages/action_tutorials_interfaces/action/__init__.py
[55.348s] -- Installing: /home/tcr3/ros2_personal/install/action_tutorials_interfaces/local/lib/python3.10/dist-packages/action_tutorials_interfaces/__init__.py
[55.582s] Listing '/home/tcr3/ros2_personal/install/action_tutorials_interfaces/local/lib/python3.10/dist-packages/action_tutorials_interfaces'...
[55.584s] Compiling '/home/tcr3/ros2_personal/install/action_tutorials_interfaces/local/lib/python3.10/dist-packages/action_tutorials_interfaces/__init__.py'...
[55.585s] Listing '/home/tcr3/ros2_personal/install/action_tutorials_interfaces/local/lib/python3.10/dist-packages/action_tutorials_interfaces/action'...
[55.587s] Compiling '/home/tcr3/ros2_personal/install/action_tutorials_interfaces/local/lib/python3.10/dist-packages/action_tutorials_interfaces/action/__init__.py'...
[55.588s] Compiling '/home/tcr3/ros2_personal/install/action_tutorials_interfaces/local/lib/python3.10/dist-packages/action_tutorials_interfaces/action/_fibonacci.py'...
[55.611s] -- Installing: /home/tcr3/ros2_personal/install/action_tutorials_interfaces/local/lib/python3.10/dist-packages/action_tutorials_interfaces/action_tutorials_interfaces_s__rosidl_typesupport_fastrtps_c.cpython-310-aarch64-linux-gnu.so
[55.615s] -- Set runtime path of "/home/tcr3/ros2_personal/install/action_tutorials_interfaces/local/lib/python3.10/dist-packages/action_tutorials_interfaces/action_tutorials_interfaces_s__rosidl_typesupport_fastrtps_c.cpython-310-aarch64-linux-gnu.so" to ""
[55.617s] -- Installing: /home/tcr3/ros2_personal/install/action_tutorials_interfaces/local/lib/python3.10/dist-packages/action_tutorials_interfaces/action_tutorials_interfaces_s__rosidl_typesupport_introspection_c.cpython-310-aarch64-linux-gnu.so
[55.620s] -- Set runtime path of "/home/tcr3/ros2_personal/install/action_tutorials_interfaces/local/lib/python3.10/dist-packages/action_tutorials_interfaces/action_tutorials_interfaces_s__rosidl_typesupport_introspection_c.cpython-310-aarch64-linux-gnu.so" to ""
[55.622s] -- Installing: /home/tcr3/ros2_personal/install/action_tutorials_interfaces/local/lib/python3.10/dist-packages/action_tutorials_interfaces/action_tutorials_interfaces_s__rosidl_typesupport_c.cpython-310-aarch64-linux-gnu.so
[55.625s] -- Set runtime path of "/home/tcr3/ros2_personal/install/action_tutorials_interfaces/local/lib/python3.10/dist-packages/action_tutorials_interfaces/action_tutorials_interfaces_s__rosidl_typesupport_c.cpython-310-aarch64-linux-gnu.so" to ""
[55.626s] -- Installing: /home/tcr3/ros2_personal/install/action_tutorials_interfaces/lib/libaction_tutorials_interfaces__rosidl_generator_py.so
[55.629s] -- Set runtime path of "/home/tcr3/ros2_personal/install/action_tutorials_interfaces/lib/libaction_tutorials_interfaces__rosidl_generator_py.so" to ""
[55.630s] -- Installing: /home/tcr3/ros2_personal/install/action_tutorials_interfaces/share/action_tutorials_interfaces/action/Fibonacci.idl
[55.632s] -- Installing: /home/tcr3/ros2_personal/install/action_tutorials_interfaces/share/action_tutorials_interfaces/action/Fibonacci.action
[55.634s] -- Installing: /home/tcr3/ros2_personal/install/action_tutorials_interfaces/share/ament_index/resource_index/package_run_dependencies/action_tutorials_interfaces
[55.636s] -- Installing: /home/tcr3/ros2_personal/install/action_tutorials_interfaces/share/ament_index/resource_index/parent_prefix_path/action_tutorials_interfaces
[55.637s] -- Installing: /home/tcr3/ros2_personal/install/action_tutorials_interfaces/share/action_tutorials_interfaces/environment/ament_prefix_path.sh
[55.639s] -- Installing: /home/tcr3/ros2_personal/install/action_tutorials_interfaces/share/action_tutorials_interfaces/environment/ament_prefix_path.dsv
[55.640s] -- Installing: /home/tcr3/ros2_personal/install/action_tutorials_interfaces/share/action_tutorials_interfaces/environment/path.sh
[55.642s] -- Installing: /home/tcr3/ros2_personal/install/action_tutorials_interfaces/share/action_tutorials_interfaces/environment/path.dsv
[55.643s] -- Installing: /home/tcr3/ros2_personal/install/action_tutorials_interfaces/share/action_tutorials_interfaces/local_setup.bash
[55.645s] -- Installing: /home/tcr3/ros2_personal/install/action_tutorials_interfaces/share/action_tutorials_interfaces/local_setup.sh
[55.646s] -- Installing: /home/tcr3/ros2_personal/install/action_tutorials_interfaces/share/action_tutorials_interfaces/local_setup.zsh
[55.648s] -- Installing: /home/tcr3/ros2_personal/install/action_tutorials_interfaces/share/action_tutorials_interfaces/local_setup.dsv
[55.649s] -- Installing: /home/tcr3/ros2_personal/install/action_tutorials_interfaces/share/action_tutorials_interfaces/package.dsv
[55.652s] -- Installing: /home/tcr3/ros2_personal/install/action_tutorials_interfaces/share/ament_index/resource_index/packages/action_tutorials_interfaces
[55.653s] -- Installing: /home/tcr3/ros2_personal/install/action_tutorials_interfaces/share/action_tutorials_interfaces/cmake/export_action_tutorials_interfaces__rosidl_generator_cExport.cmake
[55.655s] -- Installing: /home/tcr3/ros2_personal/install/action_tutorials_interfaces/share/action_tutorials_interfaces/cmake/export_action_tutorials_interfaces__rosidl_generator_cExport-noconfig.cmake
[55.657s] -- Installing: /home/tcr3/ros2_personal/install/action_tutorials_interfaces/share/action_tutorials_interfaces/cmake/export_action_tutorials_interfaces__rosidl_typesupport_fastrtps_cExport.cmake
[55.659s] -- Installing: /home/tcr3/ros2_personal/install/action_tutorials_interfaces/share/action_tutorials_interfaces/cmake/export_action_tutorials_interfaces__rosidl_typesupport_fastrtps_cExport-noconfig.cmake
[55.661s] -- Installing: /home/tcr3/ros2_personal/install/action_tutorials_interfaces/share/action_tutorials_interfaces/cmake/action_tutorials_interfaces__rosidl_typesupport_introspection_cExport.cmake
[55.663s] -- Installing: /home/tcr3/ros2_personal/install/action_tutorials_interfaces/share/action_tutorials_interfaces/cmake/action_tutorials_interfaces__rosidl_typesupport_introspection_cExport-noconfig.cmake
[55.665s] -- Installing: /home/tcr3/ros2_personal/install/action_tutorials_interfaces/share/action_tutorials_interfaces/cmake/action_tutorials_interfaces__rosidl_typesupport_cExport.cmake
[55.667s] -- Installing: /home/tcr3/ros2_personal/install/action_tutorials_interfaces/share/action_tutorials_interfaces/cmake/action_tutorials_interfaces__rosidl_typesupport_cExport-noconfig.cmake
[55.669s] -- Installing: /home/tcr3/ros2_personal/install/action_tutorials_interfaces/share/action_tutorials_interfaces/cmake/export_action_tutorials_interfaces__rosidl_generator_cppExport.cmake
[55.671s] -- Installing: /home/tcr3/ros2_personal/install/action_tutorials_interfaces/share/action_tutorials_interfaces/cmake/export_action_tutorials_interfaces__rosidl_typesupport_fastrtps_cppExport.cmake
[55.673s] -- Installing: /home/tcr3/ros2_personal/install/action_tutorials_interfaces/share/action_tutorials_interfaces/cmake/export_action_tutorials_interfaces__rosidl_typesupport_fastrtps_cppExport-noconfig.cmake
[55.675s] -- Installing: /home/tcr3/ros2_personal/install/action_tutorials_interfaces/share/action_tutorials_interfaces/cmake/action_tutorials_interfaces__rosidl_typesupport_introspection_cppExport.cmake
[55.678s] -- Installing: /home/tcr3/ros2_personal/install/action_tutorials_interfaces/share/action_tutorials_interfaces/cmake/action_tutorials_interfaces__rosidl_typesupport_introspection_cppExport-noconfig.cmake
[55.679s] -- Installing: /home/tcr3/ros2_personal/install/action_tutorials_interfaces/share/action_tutorials_interfaces/cmake/action_tutorials_interfaces__rosidl_typesupport_cppExport.cmake
[55.681s] -- Installing: /home/tcr3/ros2_personal/install/action_tutorials_interfaces/share/action_tutorials_interfaces/cmake/action_tutorials_interfaces__rosidl_typesupport_cppExport-noconfig.cmake
[55.683s] -- Installing: /home/tcr3/ros2_personal/install/action_tutorials_interfaces/share/action_tutorials_interfaces/cmake/export_action_tutorials_interfaces__rosidl_generator_pyExport.cmake
[55.685s] -- Installing: /home/tcr3/ros2_personal/install/action_tutorials_interfaces/share/action_tutorials_interfaces/cmake/export_action_tutorials_interfaces__rosidl_generator_pyExport-noconfig.cmake
[55.687s] -- Installing: /home/tcr3/ros2_personal/install/action_tutorials_interfaces/share/action_tutorials_interfaces/cmake/rosidl_cmake-extras.cmake
[55.689s] -- Installing: /home/tcr3/ros2_personal/install/action_tutorials_interfaces/share/action_tutorials_interfaces/cmake/ament_cmake_export_dependencies-extras.cmake
[55.690s] -- Installing: /home/tcr3/ros2_personal/install/action_tutorials_interfaces/share/action_tutorials_interfaces/cmake/ament_cmake_export_include_directories-extras.cmake
[55.693s] -- Installing: /home/tcr3/ros2_personal/install/action_tutorials_interfaces/share/action_tutorials_interfaces/cmake/ament_cmake_export_libraries-extras.cmake
[55.694s] -- Installing: /home/tcr3/ros2_personal/install/action_tutorials_interfaces/share/action_tutorials_interfaces/cmake/ament_cmake_export_targets-extras.cmake
[55.696s] -- Installing: /home/tcr3/ros2_personal/install/action_tutorials_interfaces/share/action_tutorials_interfaces/cmake/rosidl_cmake_export_typesupport_targets-extras.cmake
[55.698s] -- Installing: /home/tcr3/ros2_personal/install/action_tutorials_interfaces/share/action_tutorials_interfaces/cmake/rosidl_cmake_export_typesupport_libraries-extras.cmake
[55.699s] -- Installing: /home/tcr3/ros2_personal/install/action_tutorials_interfaces/share/action_tutorials_interfaces/cmake/action_tutorials_interfacesConfig.cmake
[55.702s] -- Installing: /home/tcr3/ros2_personal/install/action_tutorials_interfaces/share/action_tutorials_interfaces/cmake/action_tutorials_interfacesConfig-version.cmake
[55.702s] -- Installing: /home/tcr3/ros2_personal/install/action_tutorials_interfaces/share/action_tutorials_interfaces/package.xml
[55.720s] Invoked command in '/home/tcr3/ros2_personal/build/action_tutorials_interfaces' returned '0': CMAKE_PREFIX_PATH=${CMAKE_PREFIX_PATH}:/opt/ros/humble:/home/tcr3/ros2_personal/install/my_package:/home/tcr3/ros2_personal/install/launch_testing_examples:/home/tcr3/ros2_personal/install/examples_rclpy_pointcloud_publisher:/home/tcr3/ros2_personal/install/examples_rclpy_minimal_subscriber:/home/tcr3/ros2_personal/install/examples_rclpy_minimal_service:/home/tcr3/ros2_personal/install/examples_rclpy_minimal_publisher:/home/tcr3/ros2_personal/install/examples_rclpy_minimal_client:/home/tcr3/ros2_personal/install/examples_rclpy_minimal_action_server:/home/tcr3/ros2_personal/install/examples_rclpy_minimal_action_client:/home/tcr3/ros2_personal/install/examples_rclpy_guard_conditions:/home/tcr3/ros2_personal/install/examples_rclpy_executors /usr/bin/cmake --install /home/tcr3/ros2_personal/build/action_tutorials_interfaces
