[0.107s] Invoking command in '/home/tcr3/ros2_personal/build/examples_rclcpp_minimal_action_server': CMAKE_PREFIX_PATH=/opt/ros/humble /usr/bin/cmake /home/tcr3/ros2_personal/src/src/examples/rclcpp/actions/minimal_action_server -DCMAKE_INSTALL_PREFIX=/home/tcr3/ros2_personal/install/examples_rclcpp_minimal_action_server
[0.181s] -- Found ament_cmake: 1.3.2 (/opt/ros/humble/share/ament_cmake/cmake)
[1.496s] -- Found Python3: /usr/bin/python3.10 (found version "3.10.6") found components: Interpreter 
[1.951s] -- Override CMake install command with custom implementation using symlinks instead of copying resources
[2.206s] -- Found example_interfaces: 0.9.3 (/opt/ros/humble/share/example_interfaces/cmake)
[2.509s] -- Found rosidl_generator_c: 3.1.3 (/opt/ros/humble/share/rosidl_generator_c/cmake)
[2.551s] -- Found rosidl_adapter: 3.1.3 (/opt/ros/humble/share/rosidl_adapter/cmake)
[2.609s] -- Found rosidl_generator_cpp: 3.1.3 (/opt/ros/humble/share/rosidl_generator_cpp/cmake)
[2.690s] -- Using all available rosidl_typesupport_c: rosidl_typesupport_fastrtps_c;rosidl_typesupport_introspection_c
[2.806s] -- Using all available rosidl_typesupport_cpp: rosidl_typesupport_fastrtps_cpp;rosidl_typesupport_introspection_cpp
[3.487s] -- Found rclcpp: 16.0.1 (/opt/ros/humble/share/rclcpp/cmake)
[3.836s] -- Found rmw_implementation_cmake: 6.1.0 (/opt/ros/humble/share/rmw_implementation_cmake/cmake)
[3.858s] -- Found rmw_fastrtps_cpp: 6.2.1 (/opt/ros/humble/share/rmw_fastrtps_cpp/cmake)
[4.457s] -- Found OpenSSL: /usr/lib/aarch64-linux-gnu/libcrypto.so (found version "3.0.2")  
[4.709s] -- Found FastRTPS: /opt/ros/humble/include  
[5.139s] -- Using RMW implementation 'rmw_fastrtps_cpp' as default
[5.887s] -- Found rclcpp_action: 16.0.1 (/opt/ros/humble/share/rclcpp_action/cmake)
[6.057s] -- Found ament_lint_auto: 0.12.4 (/opt/ros/humble/share/ament_lint_auto/cmake)
[6.968s] -- Added test 'copyright' to check source files copyright and LICENSE
[6.982s] -- Added test 'cppcheck' to perform static code analysis on C / C++ code
[6.983s] -- Configured cppcheck include dirs: 
[6.988s] -- Configured cppcheck exclude dirs and/or files: 
[6.994s] -- Added test 'cpplint' to check C / C++ code against the Google style
[7.004s] -- Configured cpplint exclude dirs and/or files: 
[7.008s] -- Added test 'lint_cmake' to check CMake code style
[7.023s] -- Added test 'uncrustify' to check C / C++ code style
[7.024s] -- Configured uncrustify additional arguments: 
[7.026s] -- Added test 'xmllint' to check XML markup files
[7.043s] -- Configuring done
[7.224s] -- Generating done
[7.253s] -- Build files have been written to: /home/tcr3/ros2_personal/build/examples_rclcpp_minimal_action_server
[7.349s] Invoked command in '/home/tcr3/ros2_personal/build/examples_rclcpp_minimal_action_server' returned '0': CMAKE_PREFIX_PATH=/opt/ros/humble /usr/bin/cmake /home/tcr3/ros2_personal/src/src/examples/rclcpp/actions/minimal_action_server -DCMAKE_INSTALL_PREFIX=/home/tcr3/ros2_personal/install/examples_rclcpp_minimal_action_server
[7.351s] Invoking command in '/home/tcr3/ros2_personal/build/examples_rclcpp_minimal_action_server': CMAKE_PREFIX_PATH=/opt/ros/humble /usr/bin/cmake --build /home/tcr3/ros2_personal/build/examples_rclcpp_minimal_action_server -- -j4 -l4
[7.963s] [ 25%] [32mBuilding CXX object CMakeFiles/action_server_member_functions.dir/member_functions.cpp.o[0m
[8.012s] [ 50%] [32mBuilding CXX object CMakeFiles/action_server_not_composable.dir/not_composable.cpp.o[0m
[69.071s] [ 75%] [32m[1mLinking CXX executable action_server_member_functions[0m
[70.636s] [100%] [32m[1mLinking CXX executable action_server_not_composable[0m
[72.433s] [100%] Built target action_server_member_functions
[73.251s] [100%] Built target action_server_not_composable
[73.423s] Invoked command in '/home/tcr3/ros2_personal/build/examples_rclcpp_minimal_action_server' returned '0': CMAKE_PREFIX_PATH=/opt/ros/humble /usr/bin/cmake --build /home/tcr3/ros2_personal/build/examples_rclcpp_minimal_action_server -- -j4 -l4
[74.310s] Invoking command in '/home/tcr3/ros2_personal/build/examples_rclcpp_minimal_action_server': CMAKE_PREFIX_PATH=/opt/ros/humble /usr/bin/cmake --install /home/tcr3/ros2_personal/build/examples_rclcpp_minimal_action_server
[74.382s] -- Install configuration: ""
[74.394s] -- Execute custom install script
[74.399s] -- Symlinking: /home/tcr3/ros2_personal/install/examples_rclcpp_minimal_action_server/lib/examples_rclcpp_minimal_action_server/action_server_not_composable
[74.458s] -- Symlinking: /home/tcr3/ros2_personal/install/examples_rclcpp_minimal_action_server/lib/examples_rclcpp_minimal_action_server/action_server_member_functions
[74.579s] -- Symlinking: /home/tcr3/ros2_personal/install/examples_rclcpp_minimal_action_server/share/ament_index/resource_index/package_run_dependencies/examples_rclcpp_minimal_action_server
[74.706s] -- Symlinking: /home/tcr3/ros2_personal/install/examples_rclcpp_minimal_action_server/share/ament_index/resource_index/parent_prefix_path/examples_rclcpp_minimal_action_server
[74.823s] -- Symlinking: /home/tcr3/ros2_personal/install/examples_rclcpp_minimal_action_server/share/examples_rclcpp_minimal_action_server/environment/ament_prefix_path.sh
[74.896s] -- Symlinking: /home/tcr3/ros2_personal/install/examples_rclcpp_minimal_action_server/share/examples_rclcpp_minimal_action_server/environment/ament_prefix_path.dsv
[74.994s] -- Symlinking: /home/tcr3/ros2_personal/install/examples_rclcpp_minimal_action_server/share/examples_rclcpp_minimal_action_server/environment/path.sh
[75.086s] -- Symlinking: /home/tcr3/ros2_personal/install/examples_rclcpp_minimal_action_server/share/examples_rclcpp_minimal_action_server/environment/path.dsv
[75.179s] -- Symlinking: /home/tcr3/ros2_personal/install/examples_rclcpp_minimal_action_server/share/examples_rclcpp_minimal_action_server/local_setup.bash
[75.276s] -- Symlinking: /home/tcr3/ros2_personal/install/examples_rclcpp_minimal_action_server/share/examples_rclcpp_minimal_action_server/local_setup.sh
[75.372s] -- Symlinking: /home/tcr3/ros2_personal/install/examples_rclcpp_minimal_action_server/share/examples_rclcpp_minimal_action_server/local_setup.zsh
[75.467s] -- Symlinking: /home/tcr3/ros2_personal/install/examples_rclcpp_minimal_action_server/share/examples_rclcpp_minimal_action_server/local_setup.dsv
[75.523s] -- Symlinking: /home/tcr3/ros2_personal/install/examples_rclcpp_minimal_action_server/share/examples_rclcpp_minimal_action_server/package.dsv
[75.599s] -- Symlinking: /home/tcr3/ros2_personal/install/examples_rclcpp_minimal_action_server/share/ament_index/resource_index/packages/examples_rclcpp_minimal_action_server
[75.678s] -- Symlinking: /home/tcr3/ros2_personal/install/examples_rclcpp_minimal_action_server/share/examples_rclcpp_minimal_action_server/cmake/examples_rclcpp_minimal_action_serverConfig.cmake
[75.763s] -- Symlinking: /home/tcr3/ros2_personal/install/examples_rclcpp_minimal_action_server/share/examples_rclcpp_minimal_action_server/cmake/examples_rclcpp_minimal_action_serverConfig-version.cmake
[75.856s] -- Symlinking: /home/tcr3/ros2_personal/install/examples_rclcpp_minimal_action_server/share/examples_rclcpp_minimal_action_server/package.xml
[76.185s] Invoked command in '/home/tcr3/ros2_personal/build/examples_rclcpp_minimal_action_server' returned '0': CMAKE_PREFIX_PATH=/opt/ros/humble /usr/bin/cmake --install /home/tcr3/ros2_personal/build/examples_rclcpp_minimal_action_server
