[35m[1mConsolidate compiler generated dependencies of target timer_lambda[0m
[35m[1mConsolidate compiler generated dependencies of target timer_member_function[0m
[ 50%] Built target timer_lambda
[100%] Built target timer_member_function
-- Install configuration: ""
-- Up-to-date: /home/tcr3/ros2_personal/install/examples_rclcpp_minimal_timer/lib/examples_rclcpp_minimal_timer/timer_lambda
-- Up-to-date: /home/tcr3/ros2_personal/install/examples_rclcpp_minimal_timer/lib/examples_rclcpp_minimal_timer/timer_member_function
-- Up-to-date: /home/tcr3/ros2_personal/install/examples_rclcpp_minimal_timer/share/ament_index/resource_index/package_run_dependencies/examples_rclcpp_minimal_timer
-- Up-to-date: /home/tcr3/ros2_personal/install/examples_rclcpp_minimal_timer/share/ament_index/resource_index/parent_prefix_path/examples_rclcpp_minimal_timer
-- Up-to-date: /home/tcr3/ros2_personal/install/examples_rclcpp_minimal_timer/share/examples_rclcpp_minimal_timer/environment/ament_prefix_path.sh
-- Up-to-date: /home/tcr3/ros2_personal/install/examples_rclcpp_minimal_timer/share/examples_rclcpp_minimal_timer/environment/ament_prefix_path.dsv
-- Up-to-date: /home/tcr3/ros2_personal/install/examples_rclcpp_minimal_timer/share/examples_rclcpp_minimal_timer/environment/path.sh
-- Up-to-date: /home/tcr3/ros2_personal/install/examples_rclcpp_minimal_timer/share/examples_rclcpp_minimal_timer/environment/path.dsv
-- Up-to-date: /home/tcr3/ros2_personal/install/examples_rclcpp_minimal_timer/share/examples_rclcpp_minimal_timer/local_setup.bash
-- Up-to-date: /home/tcr3/ros2_personal/install/examples_rclcpp_minimal_timer/share/examples_rclcpp_minimal_timer/local_setup.sh
-- Up-to-date: /home/tcr3/ros2_personal/install/examples_rclcpp_minimal_timer/share/examples_rclcpp_minimal_timer/local_setup.zsh
-- Up-to-date: /home/tcr3/ros2_personal/install/examples_rclcpp_minimal_timer/share/examples_rclcpp_minimal_timer/local_setup.dsv
-- Installing: /home/tcr3/ros2_personal/install/examples_rclcpp_minimal_timer/share/examples_rclcpp_minimal_timer/package.dsv
-- Up-to-date: /home/tcr3/ros2_personal/install/examples_rclcpp_minimal_timer/share/ament_index/resource_index/packages/examples_rclcpp_minimal_timer
-- Up-to-date: /home/tcr3/ros2_personal/install/examples_rclcpp_minimal_timer/share/examples_rclcpp_minimal_timer/cmake/examples_rclcpp_minimal_timerConfig.cmake
-- Up-to-date: /home/tcr3/ros2_personal/install/examples_rclcpp_minimal_timer/share/examples_rclcpp_minimal_timer/cmake/examples_rclcpp_minimal_timerConfig-version.cmake
-- Up-to-date: /home/tcr3/ros2_personal/install/examples_rclcpp_minimal_timer/share/examples_rclcpp_minimal_timer/package.xml
