[  3%] Built target action_tutorials__cpp
[  3%] Built target ament_cmake_python_copy_action_tutorials
[ 12%] Built target action_tutorials__rosidl_typesupport_fastrtps_cpp
[ 22%] Built target action_tutorials__rosidl_typesupport_introspection_cpp
running egg_info
writing action_tutorials.egg-info/PKG-INFO
writing dependency_links to action_tutorials.egg-info/dependency_links.txt
writing top-level names to action_tutorials.egg-info/top_level.txt
reading manifest file 'action_tutorials.egg-info/SOURCES.txt'
writing manifest file 'action_tutorials.egg-info/SOURCES.txt'
[ 22%] Built target ament_cmake_python_build_action_tutorials_egg
[ 32%] Built target action_tutorials__rosidl_typesupport_cpp
[ 41%] Built target action_tutorials__rosidl_generator_c
[ 51%] Built target action_tutorials__rosidl_typesupport_fastrtps_c
[ 61%] Built target action_tutorials__rosidl_typesupport_c
[ 70%] Built target action_tutorials__rosidl_typesupport_introspection_c
[ 70%] Built target action_tutorials
[ 74%] Built target action_tutorials__py
[ 80%] Built target action_tutorials__rosidl_generator_py
[ 87%] Built target action_tutorials__rosidl_typesupport_fastrtps_c__pyext
[ 93%] Built target action_tutorials__rosidl_typesupport_c__pyext
[100%] Built target action_tutorials__rosidl_typesupport_introspection_c__pyext
