[0.248s] Invoking command in '/home/tcr3/ros2_personal/build/action_tutorials': CMAKE_PREFIX_PATH=/opt/ros/humble /usr/bin/cmake --build /home/tcr3/ros2_personal/build/action_tutorials -- -j4 -l4
[0.916s] [  3%] Built target action_tutorials__cpp
[1.326s] [  3%] Built target ament_cmake_python_copy_action_tutorials
[1.510s] [ 12%] Built target action_tutorials__rosidl_typesupport_fastrtps_cpp
[1.758s] [ 22%] Built target action_tutorials__rosidl_typesupport_introspection_cpp
[4.130s] running egg_info
[4.135s] writing action_tutorials.egg-info/PKG-INFO
[4.138s] writing dependency_links to action_tutorials.egg-info/dependency_links.txt
[4.139s] writing top-level names to action_tutorials.egg-info/top_level.txt
[4.158s] reading manifest file 'action_tutorials.egg-info/SOURCES.txt'
[4.160s] writing manifest file 'action_tutorials.egg-info/SOURCES.txt'
[4.431s] [ 22%] Built target ament_cmake_python_build_action_tutorials_egg
[4.589s] [ 32%] Built target action_tutorials__rosidl_typesupport_cpp
[4.733s] [ 41%] Built target action_tutorials__rosidl_generator_c
[4.882s] [ 51%] Built target action_tutorials__rosidl_typesupport_fastrtps_c
[5.036s] [ 61%] Built target action_tutorials__rosidl_typesupport_c
[5.158s] [ 70%] Built target action_tutorials__rosidl_typesupport_introspection_c
[5.255s] [ 70%] Built target action_tutorials
[5.348s] [ 74%] Built target action_tutorials__py
[5.490s] [ 80%] Built target action_tutorials__rosidl_generator_py
[5.606s] [ 87%] Built target action_tutorials__rosidl_typesupport_fastrtps_c__pyext
[5.734s] [ 93%] Built target action_tutorials__rosidl_typesupport_c__pyext
[5.862s] [100%] Built target action_tutorials__rosidl_typesupport_introspection_c__pyext
