[0.118s] Invoking command in '/home/tcr3/ros2_personal/build/examples_rclcpp_async_client': /usr/bin/cmake --build /home/tcr3/ros2_personal/build/examples_rclcpp_async_client -- -j4 -l4
[1.058s] [100%] Built target client_main
[1.265s] Invoked command in '/home/tcr3/ros2_personal/build/examples_rclcpp_async_client' returned '0': /usr/bin/cmake --build /home/tcr3/ros2_personal/build/examples_rclcpp_async_client -- -j4 -l4
[1.809s] Invoking command in '/home/tcr3/ros2_personal/build/examples_rclcpp_async_client': /usr/bin/cmake --install /home/tcr3/ros2_personal/build/examples_rclcpp_async_client
[1.858s] -- Install configuration: ""
[1.865s] -- Execute custom install script
[1.869s] -- Up-to-date symlink: /home/tcr3/ros2_personal/install/examples_rclcpp_async_client/lib/examples_rclcpp_async_client/client_main
[1.874s] -- Up-to-date symlink: /home/tcr3/ros2_personal/install/examples_rclcpp_async_client/share/ament_index/resource_index/package_run_dependencies/examples_rclcpp_async_client
[1.897s] -- Up-to-date symlink: /home/tcr3/ros2_personal/install/examples_rclcpp_async_client/share/ament_index/resource_index/parent_prefix_path/examples_rclcpp_async_client
[1.902s] -- Up-to-date symlink: /home/tcr3/ros2_personal/install/examples_rclcpp_async_client/share/examples_rclcpp_async_client/environment/ament_prefix_path.sh
[1.911s] -- Up-to-date symlink: /home/tcr3/ros2_personal/install/examples_rclcpp_async_client/share/examples_rclcpp_async_client/environment/ament_prefix_path.dsv
[1.918s] -- Up-to-date symlink: /home/tcr3/ros2_personal/install/examples_rclcpp_async_client/share/examples_rclcpp_async_client/environment/path.sh
[1.929s] -- Up-to-date symlink: /home/tcr3/ros2_personal/install/examples_rclcpp_async_client/share/examples_rclcpp_async_client/environment/path.dsv
[1.935s] -- Up-to-date symlink: /home/tcr3/ros2_personal/install/examples_rclcpp_async_client/share/examples_rclcpp_async_client/local_setup.bash
[1.937s] -- Up-to-date symlink: /home/tcr3/ros2_personal/install/examples_rclcpp_async_client/share/examples_rclcpp_async_client/local_setup.sh
[1.937s] -- Up-to-date symlink: /home/tcr3/ros2_personal/install/examples_rclcpp_async_client/share/examples_rclcpp_async_client/local_setup.zsh
[1.946s] -- Up-to-date symlink: /home/tcr3/ros2_personal/install/examples_rclcpp_async_client/share/examples_rclcpp_async_client/local_setup.dsv
[1.950s] -- Symlinking: /home/tcr3/ros2_personal/install/examples_rclcpp_async_client/share/examples_rclcpp_async_client/package.dsv
[2.028s] -- Up-to-date symlink: /home/tcr3/ros2_personal/install/examples_rclcpp_async_client/share/ament_index/resource_index/packages/examples_rclcpp_async_client
[2.030s] -- Up-to-date symlink: /home/tcr3/ros2_personal/install/examples_rclcpp_async_client/share/examples_rclcpp_async_client/cmake/examples_rclcpp_async_clientConfig.cmake
[2.033s] -- Up-to-date symlink: /home/tcr3/ros2_personal/install/examples_rclcpp_async_client/share/examples_rclcpp_async_client/cmake/examples_rclcpp_async_clientConfig-version.cmake
[2.034s] -- Up-to-date symlink: /home/tcr3/ros2_personal/install/examples_rclcpp_async_client/share/examples_rclcpp_async_client/package.xml
[2.046s] Invoked command in '/home/tcr3/ros2_personal/build/examples_rclcpp_async_client' returned '0': /usr/bin/cmake --install /home/tcr3/ros2_personal/build/examples_rclcpp_async_client
