[6.904s] Invoking command in '/home/tcr3/ros2_personal/src/src/examples/rclpy/topics/minimal_publisher': PYTHONPATH=/home/tcr3/ros2_personal/install/examples_rclpy_minimal_publisher/lib/python3.10/site-packages:${PYTHONPATH} /usr/bin/python3 setup.py egg_info --egg-base ../../../../../../build/examples_rclpy_minimal_publisher build --build-base /home/tcr3/ros2_personal/build/examples_rclpy_minimal_publisher/build install --prefix /home/tcr3/ros2_personal/install/examples_rclpy_minimal_publisher --record /home/tcr3/ros2_personal/build/examples_rclpy_minimal_publisher/install.log --single-version-externally-managed
[8.755s] running egg_info
[8.759s] writing ../../../../../../build/examples_rclpy_minimal_publisher/examples_rclpy_minimal_publisher.egg-info/PKG-INFO
[8.761s] writing dependency_links to ../../../../../../build/examples_rclpy_minimal_publisher/examples_rclpy_minimal_publisher.egg-info/dependency_links.txt
[8.763s] writing entry points to ../../../../../../build/examples_rclpy_minimal_publisher/examples_rclpy_minimal_publisher.egg-info/entry_points.txt
[8.765s] writing requirements to ../../../../../../build/examples_rclpy_minimal_publisher/examples_rclpy_minimal_publisher.egg-info/requires.txt
[8.767s] writing top-level names to ../../../../../../build/examples_rclpy_minimal_publisher/examples_rclpy_minimal_publisher.egg-info/top_level.txt
[8.777s] reading manifest file '../../../../../../build/examples_rclpy_minimal_publisher/examples_rclpy_minimal_publisher.egg-info/SOURCES.txt'
[8.783s] writing manifest file '../../../../../../build/examples_rclpy_minimal_publisher/examples_rclpy_minimal_publisher.egg-info/SOURCES.txt'
[8.785s] running build
[8.785s] running build_py
[8.789s] /usr/lib/python3/dist-packages/setuptools/command/install.py:34: SetuptoolsDeprecationWarning: setup.py install is deprecated. Use build and pip and other standards-based tools.
[8.790s]   warnings.warn(
[8.790s] running install
[8.793s] running install_lib
[8.800s] running install_data
[8.803s] running install_egg_info
[8.815s] removing '/home/tcr3/ros2_personal/install/examples_rclpy_minimal_publisher/lib/python3.10/site-packages/examples_rclpy_minimal_publisher-0.15.0-py3.10.egg-info' (and everything under it)
[8.818s] Copying ../../../../../../build/examples_rclpy_minimal_publisher/examples_rclpy_minimal_publisher.egg-info to /home/tcr3/ros2_personal/install/examples_rclpy_minimal_publisher/lib/python3.10/site-packages/examples_rclpy_minimal_publisher-0.15.0-py3.10.egg-info
[8.828s] running install_scripts
[8.988s] Installing publisher_local_function script to /home/tcr3/ros2_personal/install/examples_rclpy_minimal_publisher/lib/examples_rclpy_minimal_publisher
[8.990s] Installing publisher_member_function script to /home/tcr3/ros2_personal/install/examples_rclpy_minimal_publisher/lib/examples_rclpy_minimal_publisher
[8.992s] Installing publisher_old_school script to /home/tcr3/ros2_personal/install/examples_rclpy_minimal_publisher/lib/examples_rclpy_minimal_publisher
[9.005s] writing list of installed files to '/home/tcr3/ros2_personal/build/examples_rclpy_minimal_publisher/install.log'
[9.223s] Invoked command in '/home/tcr3/ros2_personal/src/src/examples/rclpy/topics/minimal_publisher' returned '0': PYTHONPATH=/home/tcr3/ros2_personal/install/examples_rclpy_minimal_publisher/lib/python3.10/site-packages:${PYTHONPATH} /usr/bin/python3 setup.py egg_info --egg-base ../../../../../../build/examples_rclpy_minimal_publisher build --build-base /home/tcr3/ros2_personal/build/examples_rclpy_minimal_publisher/build install --prefix /home/tcr3/ros2_personal/install/examples_rclpy_minimal_publisher --record /home/tcr3/ros2_personal/build/examples_rclpy_minimal_publisher/install.log --single-version-externally-managed
