[0.139s] Invoking command in '/home/tcr3/ros2_personal/build/action_tutorials': CMAKE_PREFIX_PATH=/opt/ros/humble /usr/bin/cmake --build /home/tcr3/ros2_personal/build/action_tutorials -- -j4 -l4
[0.477s] [  3%] Built target action_tutorials__cpp
[0.555s] [ 12%] Built target action_tutorials__rosidl_generator_c
[0.622s] [ 12%] Built target ament_cmake_python_copy_action_tutorials
[0.743s] [ 22%] Built target action_tutorials__rosidl_typesupport_cpp
[0.775s] [ 32%] Built target action_tutorials__rosidl_typesupport_fastrtps_cpp
[0.846s] [ 41%] Built target action_tutorials__rosidl_typesupport_introspection_cpp
[0.858s] [ 51%] Built target action_tutorials__rosidl_typesupport_fastrtps_c
[0.918s] [ 61%] Built target action_tutorials__rosidl_typesupport_introspection_c
[0.941s] [ 70%] Built target action_tutorials__rosidl_typesupport_c
[1.040s] [ 70%] Built target action_tutorials
[1.147s] [ 74%] Built target action_tutorials__py
[1.259s] [ 80%] Built target action_tutorials__rosidl_generator_py
[1.417s] [ 87%] Built target action_tutorials__rosidl_typesupport_fastrtps_c__pyext
[1.469s] [ 96%] Built target action_tutorials__rosidl_typesupport_introspection_c__pyext
[1.472s] [100%] Built target action_tutorials__rosidl_typesupport_c__pyext
[2.262s] running egg_info
[2.265s] writing action_tutorials.egg-info/PKG-INFO
[2.266s] writing dependency_links to action_tutorials.egg-info/dependency_links.txt
[2.268s] writing top-level names to action_tutorials.egg-info/top_level.txt
[2.279s] reading manifest file 'action_tutorials.egg-info/SOURCES.txt'
[2.283s] writing manifest file 'action_tutorials.egg-info/SOURCES.txt'
[2.437s] [100%] Built target ament_cmake_python_build_action_tutorials_egg
