[0.073s] Invoking command in '/home/tcr3/ros2_personal/build/examples_rclcpp_minimal_action_client': /usr/bin/cmake /home/tcr3/ros2_personal/src/src/examples/rclcpp/actions/minimal_action_client -DAMENT_CMAKE_SYMLINK_INSTALL=1 -DCMAKE_INSTALL_PREFIX=/home/tcr3/ros2_personal/install/examples_rclcpp_minimal_action_client
[0.388s] -- The C compiler identification is GNU 11.2.0
[0.760s] -- The CXX compiler identification is GNU 11.2.0
[0.793s] -- Detecting C compiler ABI info
[1.193s] -- Detecting C compiler ABI info - done
[1.210s] -- Check for working C compiler: /usr/bin/cc - skipped
[1.211s] -- Detecting C compile features
[1.213s] -- Detecting C compile features - done
[1.230s] -- Detecting CXX compiler ABI info
[1.685s] -- Detecting CXX compiler ABI info - done
[1.712s] -- Check for working CXX compiler: /usr/bin/c++ - skipped
[1.712s] -- Detecting CXX compile features
[1.715s] -- Detecting CXX compile features - done
[1.869s] -- Configuring incomplete, errors occurred!
[1.870s] See also "/home/tcr3/ros2_personal/build/examples_rclcpp_minimal_action_client/CMakeFiles/CMakeOutput.log".
[1.886s] [31mCMake Error at CMakeLists.txt:13 (find_package):
[1.890s]   By not providing "Findament_cmake.cmake" in CMAKE_MODULE_PATH this project
[1.891s]   has asked CMake to find a package configuration file provided by
[1.892s]   "ament_cmake", but CMake did not find one.
[1.892s] 
[1.893s]   Could not find a package configuration file provided by "ament_cmake" with
[1.894s]   any of the following names:
[1.896s] 
[1.898s]     ament_cmakeConfig.cmake
[1.900s]     ament_cmake-config.cmake
[1.901s] 
[1.902s]   Add the installation prefix of "ament_cmake" to CMAKE_PREFIX_PATH or set
[1.903s]   "ament_cmake_DIR" to a directory containing one of the above files.  If
[1.904s]   "ament_cmake" provides a separate development package or SDK, be sure it
[1.907s]   has been installed.
[1.908s] 
[1.908s] [0m
