[0.078s] Invoking command in '/home/tcr3/ros2_personal/build/examples_rclcpp_minimal_composition': /usr/bin/cmake --build /home/tcr3/ros2_personal/build/examples_rclcpp_minimal_composition -- -j4 -l4
[0.406s] [ 33%] Built target composition_nodes
[0.606s] [ 55%] Built target composition_publisher
[0.692s] [ 77%] Built target composition_composed
[0.745s] [100%] Built target composition_subscriber
[0.858s] Invoked command in '/home/tcr3/ros2_personal/build/examples_rclcpp_minimal_composition' returned '0': /usr/bin/cmake --build /home/tcr3/ros2_personal/build/examples_rclcpp_minimal_composition -- -j4 -l4
[1.205s] Invoking command in '/home/tcr3/ros2_personal/build/examples_rclcpp_minimal_composition': /usr/bin/cmake --install /home/tcr3/ros2_personal/build/examples_rclcpp_minimal_composition
[1.244s] -- Install configuration: ""
[1.245s] -- Up-to-date: /home/tcr3/ros2_personal/install/examples_rclcpp_minimal_composition/share/examples_rclcpp_minimal_composition/environment/library_path.sh
[1.245s] -- Up-to-date: /home/tcr3/ros2_personal/install/examples_rclcpp_minimal_composition/share/examples_rclcpp_minimal_composition/environment/library_path.dsv
[1.246s] -- Up-to-date: /home/tcr3/ros2_personal/install/examples_rclcpp_minimal_composition/lib/libcomposition_nodes.so
[1.249s] -- Up-to-date: /home/tcr3/ros2_personal/install/examples_rclcpp_minimal_composition/lib/examples_rclcpp_minimal_composition/composition_publisher
[1.252s] -- Up-to-date: /home/tcr3/ros2_personal/install/examples_rclcpp_minimal_composition/lib/examples_rclcpp_minimal_composition/composition_subscriber
[1.255s] -- Up-to-date: /home/tcr3/ros2_personal/install/examples_rclcpp_minimal_composition/lib/examples_rclcpp_minimal_composition/composition_composed
[1.262s] -- Up-to-date: /home/tcr3/ros2_personal/install/examples_rclcpp_minimal_composition/share/ament_index/resource_index/package_run_dependencies/examples_rclcpp_minimal_composition
[1.263s] -- Up-to-date: /home/tcr3/ros2_personal/install/examples_rclcpp_minimal_composition/share/ament_index/resource_index/parent_prefix_path/examples_rclcpp_minimal_composition
[1.264s] -- Up-to-date: /home/tcr3/ros2_personal/install/examples_rclcpp_minimal_composition/share/examples_rclcpp_minimal_composition/environment/ament_prefix_path.sh
[1.264s] -- Up-to-date: /home/tcr3/ros2_personal/install/examples_rclcpp_minimal_composition/share/examples_rclcpp_minimal_composition/environment/ament_prefix_path.dsv
[1.265s] -- Up-to-date: /home/tcr3/ros2_personal/install/examples_rclcpp_minimal_composition/share/examples_rclcpp_minimal_composition/environment/path.sh
[1.268s] -- Up-to-date: /home/tcr3/ros2_personal/install/examples_rclcpp_minimal_composition/share/examples_rclcpp_minimal_composition/environment/path.dsv
[1.269s] -- Up-to-date: /home/tcr3/ros2_personal/install/examples_rclcpp_minimal_composition/share/examples_rclcpp_minimal_composition/local_setup.bash
[1.270s] -- Up-to-date: /home/tcr3/ros2_personal/install/examples_rclcpp_minimal_composition/share/examples_rclcpp_minimal_composition/local_setup.sh
[1.270s] -- Up-to-date: /home/tcr3/ros2_personal/install/examples_rclcpp_minimal_composition/share/examples_rclcpp_minimal_composition/local_setup.zsh
[1.271s] -- Up-to-date: /home/tcr3/ros2_personal/install/examples_rclcpp_minimal_composition/share/examples_rclcpp_minimal_composition/local_setup.dsv
[1.272s] -- Installing: /home/tcr3/ros2_personal/install/examples_rclcpp_minimal_composition/share/examples_rclcpp_minimal_composition/package.dsv
[1.273s] -- Up-to-date: /home/tcr3/ros2_personal/install/examples_rclcpp_minimal_composition/share/ament_index/resource_index/packages/examples_rclcpp_minimal_composition
[1.274s] -- Up-to-date: /home/tcr3/ros2_personal/install/examples_rclcpp_minimal_composition/share/examples_rclcpp_minimal_composition/cmake/examples_rclcpp_minimal_compositionConfig.cmake
[1.275s] -- Up-to-date: /home/tcr3/ros2_personal/install/examples_rclcpp_minimal_composition/share/examples_rclcpp_minimal_composition/cmake/examples_rclcpp_minimal_compositionConfig-version.cmake
[1.276s] -- Up-to-date: /home/tcr3/ros2_personal/install/examples_rclcpp_minimal_composition/share/examples_rclcpp_minimal_composition/package.xml
[1.358s] Invoked command in '/home/tcr3/ros2_personal/build/examples_rclcpp_minimal_composition' returned '0': /usr/bin/cmake --install /home/tcr3/ros2_personal/build/examples_rclcpp_minimal_composition
