[13.545s] Invoking command in '/home/tcr3/ros2_personal/src/src/examples/rclpy/actions/minimal_action_client': PYTHONPATH=/home/tcr3/ros2_personal/install/examples_rclpy_minimal_action_client/lib/python3.10/site-packages:${PYTHONPATH} /usr/bin/python3 setup.py egg_info --egg-base ../../../../../../build/examples_rclpy_minimal_action_client build --build-base /home/tcr3/ros2_personal/build/examples_rclpy_minimal_action_client/build install --prefix /home/tcr3/ros2_personal/install/examples_rclpy_minimal_action_client --record /home/tcr3/ros2_personal/build/examples_rclpy_minimal_action_client/install.log --single-version-externally-managed
[17.090s] running egg_info
[17.094s] writing ../../../../../../build/examples_rclpy_minimal_action_client/examples_rclpy_minimal_action_client.egg-info/PKG-INFO
[17.097s] writing dependency_links to ../../../../../../build/examples_rclpy_minimal_action_client/examples_rclpy_minimal_action_client.egg-info/dependency_links.txt
[17.098s] writing entry points to ../../../../../../build/examples_rclpy_minimal_action_client/examples_rclpy_minimal_action_client.egg-info/entry_points.txt
[17.100s] writing requirements to ../../../../../../build/examples_rclpy_minimal_action_client/examples_rclpy_minimal_action_client.egg-info/requires.txt
[17.101s] writing top-level names to ../../../../../../build/examples_rclpy_minimal_action_client/examples_rclpy_minimal_action_client.egg-info/top_level.txt
[17.113s] reading manifest file '../../../../../../build/examples_rclpy_minimal_action_client/examples_rclpy_minimal_action_client.egg-info/SOURCES.txt'
[17.121s] writing manifest file '../../../../../../build/examples_rclpy_minimal_action_client/examples_rclpy_minimal_action_client.egg-info/SOURCES.txt'
[17.132s] running build
[17.132s] running build_py
[17.136s] running install
[17.137s] /usr/lib/python3/dist-packages/setuptools/command/install.py:34: SetuptoolsDeprecationWarning: setup.py install is deprecated. Use build and pip and other standards-based tools.
[17.138s]   warnings.warn(
[17.139s] running install_lib
[17.147s] running install_data
[17.151s] running install_egg_info
[17.161s] removing '/home/tcr3/ros2_personal/install/examples_rclpy_minimal_action_client/lib/python3.10/site-packages/examples_rclpy_minimal_action_client-0.15.0-py3.10.egg-info' (and everything under it)
[17.165s] Copying ../../../../../../build/examples_rclpy_minimal_action_client/examples_rclpy_minimal_action_client.egg-info to /home/tcr3/ros2_personal/install/examples_rclpy_minimal_action_client/lib/python3.10/site-packages/examples_rclpy_minimal_action_client-0.15.0-py3.10.egg-info
[17.176s] running install_scripts
[17.291s] Installing client script to /home/tcr3/ros2_personal/install/examples_rclpy_minimal_action_client/lib/examples_rclpy_minimal_action_client
[17.293s] Installing client_asyncio script to /home/tcr3/ros2_personal/install/examples_rclpy_minimal_action_client/lib/examples_rclpy_minimal_action_client
[17.294s] Installing client_cancel script to /home/tcr3/ros2_personal/install/examples_rclpy_minimal_action_client/lib/examples_rclpy_minimal_action_client
[17.295s] Installing client_not_composable script to /home/tcr3/ros2_personal/install/examples_rclpy_minimal_action_client/lib/examples_rclpy_minimal_action_client
[17.298s] writing list of installed files to '/home/tcr3/ros2_personal/build/examples_rclpy_minimal_action_client/install.log'
[17.667s] Invoked command in '/home/tcr3/ros2_personal/src/src/examples/rclpy/actions/minimal_action_client' returned '0': PYTHONPATH=/home/tcr3/ros2_personal/install/examples_rclpy_minimal_action_client/lib/python3.10/site-packages:${PYTHONPATH} /usr/bin/python3 setup.py egg_info --egg-base ../../../../../../build/examples_rclpy_minimal_action_client build --build-base /home/tcr3/ros2_personal/build/examples_rclpy_minimal_action_client/build install --prefix /home/tcr3/ros2_personal/install/examples_rclpy_minimal_action_client --record /home/tcr3/ros2_personal/build/examples_rclpy_minimal_action_client/install.log --single-version-externally-managed
