[7.034s] Invoking command in '/home/tcr3/ros2_personal/src/src/examples/rclpy/topics/pointcloud_publisher': PYTHONPATH=/home/tcr3/ros2_personal/install/examples_rclpy_pointcloud_publisher/lib/python3.10/site-packages:${PYTHONPATH} /usr/bin/python3 setup.py egg_info --egg-base ../../../../../../build/examples_rclpy_pointcloud_publisher build --build-base /home/tcr3/ros2_personal/build/examples_rclpy_pointcloud_publisher/build install --prefix /home/tcr3/ros2_personal/install/examples_rclpy_pointcloud_publisher --record /home/tcr3/ros2_personal/build/examples_rclpy_pointcloud_publisher/install.log --single-version-externally-managed
[8.548s] running egg_info
[8.552s] writing ../../../../../../build/examples_rclpy_pointcloud_publisher/examples_rclpy_pointcloud_publisher.egg-info/PKG-INFO
[8.554s] writing dependency_links to ../../../../../../build/examples_rclpy_pointcloud_publisher/examples_rclpy_pointcloud_publisher.egg-info/dependency_links.txt
[8.557s] writing entry points to ../../../../../../build/examples_rclpy_pointcloud_publisher/examples_rclpy_pointcloud_publisher.egg-info/entry_points.txt
[8.559s] writing requirements to ../../../../../../build/examples_rclpy_pointcloud_publisher/examples_rclpy_pointcloud_publisher.egg-info/requires.txt
[8.560s] writing top-level names to ../../../../../../build/examples_rclpy_pointcloud_publisher/examples_rclpy_pointcloud_publisher.egg-info/top_level.txt
[8.567s] reading manifest file '../../../../../../build/examples_rclpy_pointcloud_publisher/examples_rclpy_pointcloud_publisher.egg-info/SOURCES.txt'
[8.575s] writing manifest file '../../../../../../build/examples_rclpy_pointcloud_publisher/examples_rclpy_pointcloud_publisher.egg-info/SOURCES.txt'
[8.583s] running build
[8.589s] running build_py
[8.590s] running install
[8.591s] /usr/lib/python3/dist-packages/setuptools/command/install.py:34: SetuptoolsDeprecationWarning: setup.py install is deprecated. Use build and pip and other standards-based tools.
[8.592s]   warnings.warn(
[8.593s] running install_lib
[8.598s] running install_data
[8.601s] running install_egg_info
[8.604s] removing '/home/tcr3/ros2_personal/install/examples_rclpy_pointcloud_publisher/lib/python3.10/site-packages/examples_rclpy_pointcloud_publisher-0.15.0-py3.10.egg-info' (and everything under it)
[8.605s] Copying ../../../../../../build/examples_rclpy_pointcloud_publisher/examples_rclpy_pointcloud_publisher.egg-info to /home/tcr3/ros2_personal/install/examples_rclpy_pointcloud_publisher/lib/python3.10/site-packages/examples_rclpy_pointcloud_publisher-0.15.0-py3.10.egg-info
[8.614s] running install_scripts
[8.724s] Installing pointcloud_publisher script to /home/tcr3/ros2_personal/install/examples_rclpy_pointcloud_publisher/lib/examples_rclpy_pointcloud_publisher
[8.734s] writing list of installed files to '/home/tcr3/ros2_personal/build/examples_rclpy_pointcloud_publisher/install.log'
[8.936s] Invoked command in '/home/tcr3/ros2_personal/src/src/examples/rclpy/topics/pointcloud_publisher' returned '0': PYTHONPATH=/home/tcr3/ros2_personal/install/examples_rclpy_pointcloud_publisher/lib/python3.10/site-packages:${PYTHONPATH} /usr/bin/python3 setup.py egg_info --egg-base ../../../../../../build/examples_rclpy_pointcloud_publisher build --build-base /home/tcr3/ros2_personal/build/examples_rclpy_pointcloud_publisher/build install --prefix /home/tcr3/ros2_personal/install/examples_rclpy_pointcloud_publisher --record /home/tcr3/ros2_personal/build/examples_rclpy_pointcloud_publisher/install.log --single-version-externally-managed
