[6.467s] Invoking command in '/home/tcr3/ros2_personal/src/src/examples/rclpy/services/minimal_client': PYTHONPATH=/home/tcr3/ros2_personal/install/examples_rclpy_minimal_client/lib/python3.10/site-packages:${PYTHONPATH} /usr/bin/python3 setup.py egg_info --egg-base ../../../../../../build/examples_rclpy_minimal_client build --build-base /home/tcr3/ros2_personal/build/examples_rclpy_minimal_client/build install --prefix /home/tcr3/ros2_personal/install/examples_rclpy_minimal_client --record /home/tcr3/ros2_personal/build/examples_rclpy_minimal_client/install.log --single-version-externally-managed
[8.068s] running egg_info
[8.072s] writing ../../../../../../build/examples_rclpy_minimal_client/examples_rclpy_minimal_client.egg-info/PKG-INFO
[8.074s] writing dependency_links to ../../../../../../build/examples_rclpy_minimal_client/examples_rclpy_minimal_client.egg-info/dependency_links.txt
[8.077s] writing entry points to ../../../../../../build/examples_rclpy_minimal_client/examples_rclpy_minimal_client.egg-info/entry_points.txt
[8.078s] writing requirements to ../../../../../../build/examples_rclpy_minimal_client/examples_rclpy_minimal_client.egg-info/requires.txt
[8.079s] writing top-level names to ../../../../../../build/examples_rclpy_minimal_client/examples_rclpy_minimal_client.egg-info/top_level.txt
[8.091s] reading manifest file '../../../../../../build/examples_rclpy_minimal_client/examples_rclpy_minimal_client.egg-info/SOURCES.txt'
[8.098s] writing manifest file '../../../../../../build/examples_rclpy_minimal_client/examples_rclpy_minimal_client.egg-info/SOURCES.txt'
[8.099s] running build
[8.100s] running build_py
[8.103s] running install
[8.104s] /usr/lib/python3/dist-packages/setuptools/command/install.py:34: SetuptoolsDeprecationWarning: setup.py install is deprecated. Use build and pip and other standards-based tools.
[8.105s]   warnings.warn(
[8.106s] running install_lib
[8.116s] running install_data
[8.119s] running install_egg_info
[8.128s] removing '/home/tcr3/ros2_personal/install/examples_rclpy_minimal_client/lib/python3.10/site-packages/examples_rclpy_minimal_client-0.15.0-py3.10.egg-info' (and everything under it)
[8.131s] Copying ../../../../../../build/examples_rclpy_minimal_client/examples_rclpy_minimal_client.egg-info to /home/tcr3/ros2_personal/install/examples_rclpy_minimal_client/lib/python3.10/site-packages/examples_rclpy_minimal_client-0.15.0-py3.10.egg-info
[8.142s] running install_scripts
[8.265s] Installing client script to /home/tcr3/ros2_personal/install/examples_rclpy_minimal_client/lib/examples_rclpy_minimal_client
[8.267s] Installing client_async script to /home/tcr3/ros2_personal/install/examples_rclpy_minimal_client/lib/examples_rclpy_minimal_client
[8.268s] Installing client_async_callback script to /home/tcr3/ros2_personal/install/examples_rclpy_minimal_client/lib/examples_rclpy_minimal_client
[8.270s] Installing client_async_member_function script to /home/tcr3/ros2_personal/install/examples_rclpy_minimal_client/lib/examples_rclpy_minimal_client
[8.273s] writing list of installed files to '/home/tcr3/ros2_personal/build/examples_rclpy_minimal_client/install.log'
[8.527s] Invoked command in '/home/tcr3/ros2_personal/src/src/examples/rclpy/services/minimal_client' returned '0': PYTHONPATH=/home/tcr3/ros2_personal/install/examples_rclpy_minimal_client/lib/python3.10/site-packages:${PYTHONPATH} /usr/bin/python3 setup.py egg_info --egg-base ../../../../../../build/examples_rclpy_minimal_client build --build-base /home/tcr3/ros2_personal/build/examples_rclpy_minimal_client/build install --prefix /home/tcr3/ros2_personal/install/examples_rclpy_minimal_client --record /home/tcr3/ros2_personal/build/examples_rclpy_minimal_client/install.log --single-version-externally-managed
