[6.083s] Invoking command in '/home/tcr3/ros2_personal/src/src/examples/rclpy/services/minimal_service': PYTHONPATH=/home/tcr3/ros2_personal/install/examples_rclpy_minimal_service/lib/python3.10/site-packages: /usr/bin/python3 setup.py egg_info --egg-base ../../../../../../build/examples_rclpy_minimal_service build --build-base /home/tcr3/ros2_personal/build/examples_rclpy_minimal_service/build install --prefix /home/tcr3/ros2_personal/install/examples_rclpy_minimal_service --record /home/tcr3/ros2_personal/build/examples_rclpy_minimal_service/install.log --single-version-externally-managed
[7.740s] running egg_info
[7.746s] writing ../../../../../../build/examples_rclpy_minimal_service/examples_rclpy_minimal_service.egg-info/PKG-INFO
[7.749s] writing dependency_links to ../../../../../../build/examples_rclpy_minimal_service/examples_rclpy_minimal_service.egg-info/dependency_links.txt
[7.752s] writing entry points to ../../../../../../build/examples_rclpy_minimal_service/examples_rclpy_minimal_service.egg-info/entry_points.txt
[7.753s] writing requirements to ../../../../../../build/examples_rclpy_minimal_service/examples_rclpy_minimal_service.egg-info/requires.txt
[7.754s] writing top-level names to ../../../../../../build/examples_rclpy_minimal_service/examples_rclpy_minimal_service.egg-info/top_level.txt
[7.762s] reading manifest file '../../../../../../build/examples_rclpy_minimal_service/examples_rclpy_minimal_service.egg-info/SOURCES.txt'
[7.772s] writing manifest file '../../../../../../build/examples_rclpy_minimal_service/examples_rclpy_minimal_service.egg-info/SOURCES.txt'
[7.776s] running build
[7.777s] running build_py
[7.777s] running install
[7.778s] /usr/lib/python3/dist-packages/setuptools/command/install.py:34: SetuptoolsDeprecationWarning: setup.py install is deprecated. Use build and pip and other standards-based tools.
[7.779s]   warnings.warn(
[7.779s] running install_lib
[7.785s] running install_data
[7.787s] running install_egg_info
[7.798s] removing '/home/tcr3/ros2_personal/install/examples_rclpy_minimal_service/lib/python3.10/site-packages/examples_rclpy_minimal_service-0.15.0-py3.10.egg-info' (and everything under it)
[7.801s] Copying ../../../../../../build/examples_rclpy_minimal_service/examples_rclpy_minimal_service.egg-info to /home/tcr3/ros2_personal/install/examples_rclpy_minimal_service/lib/python3.10/site-packages/examples_rclpy_minimal_service-0.15.0-py3.10.egg-info
[7.815s] running install_scripts
[7.936s] Installing service script to /home/tcr3/ros2_personal/install/examples_rclpy_minimal_service/lib/examples_rclpy_minimal_service
[7.938s] Installing service_member_function script to /home/tcr3/ros2_personal/install/examples_rclpy_minimal_service/lib/examples_rclpy_minimal_service
[7.942s] writing list of installed files to '/home/tcr3/ros2_personal/build/examples_rclpy_minimal_service/install.log'
[8.172s] Invoked command in '/home/tcr3/ros2_personal/src/src/examples/rclpy/services/minimal_service' returned '0': PYTHONPATH=/home/tcr3/ros2_personal/install/examples_rclpy_minimal_service/lib/python3.10/site-packages: /usr/bin/python3 setup.py egg_info --egg-base ../../../../../../build/examples_rclpy_minimal_service build --build-base /home/tcr3/ros2_personal/build/examples_rclpy_minimal_service/build install --prefix /home/tcr3/ros2_personal/install/examples_rclpy_minimal_service --record /home/tcr3/ros2_personal/build/examples_rclpy_minimal_service/install.log --single-version-externally-managed
