[0.085s] Invoking command in '/home/tcr3/ros2_personal/build/examples_rclcpp_cbg_executor': /usr/bin/cmake --build /home/tcr3/ros2_personal/build/examples_rclcpp_cbg_executor -- -j4 -l4
[0.480s] [ 30%] Built target ping
[0.565s] [100%] Built target ping_pong
[0.566s] [ 80%] Built target pong
[0.614s] Invoked command in '/home/tcr3/ros2_personal/build/examples_rclcpp_cbg_executor' returned '0': /usr/bin/cmake --build /home/tcr3/ros2_personal/build/examples_rclcpp_cbg_executor -- -j4 -l4
[0.854s] Invoking command in '/home/tcr3/ros2_personal/build/examples_rclcpp_cbg_executor': /usr/bin/cmake --install /home/tcr3/ros2_personal/build/examples_rclcpp_cbg_executor
[0.891s] -- Install configuration: ""
[0.893s] -- Execute custom install script
[0.896s] -- Up-to-date symlink: /home/tcr3/ros2_personal/install/examples_rclcpp_cbg_executor/lib/examples_rclcpp_cbg_executor/ping
[0.896s] -- Up-to-date symlink: /home/tcr3/ros2_personal/install/examples_rclcpp_cbg_executor/lib/examples_rclcpp_cbg_executor/pong
[0.897s] -- Up-to-date symlink: /home/tcr3/ros2_personal/install/examples_rclcpp_cbg_executor/lib/examples_rclcpp_cbg_executor/ping_pong
[0.900s] -- Up-to-date symlink: /home/tcr3/ros2_personal/install/examples_rclcpp_cbg_executor/include/examples_rclcpp_cbg_executor/ping_node.hpp
[0.901s] -- Up-to-date symlink: /home/tcr3/ros2_personal/install/examples_rclcpp_cbg_executor/include/examples_rclcpp_cbg_executor/pong_node.hpp
[0.902s] -- Up-to-date symlink: /home/tcr3/ros2_personal/install/examples_rclcpp_cbg_executor/share/ament_index/resource_index/package_run_dependencies/examples_rclcpp_cbg_executor
[0.905s] -- Up-to-date symlink: /home/tcr3/ros2_personal/install/examples_rclcpp_cbg_executor/share/ament_index/resource_index/parent_prefix_path/examples_rclcpp_cbg_executor
[0.905s] -- Up-to-date symlink: /home/tcr3/ros2_personal/install/examples_rclcpp_cbg_executor/share/examples_rclcpp_cbg_executor/environment/ament_prefix_path.sh
[0.906s] -- Up-to-date symlink: /home/tcr3/ros2_personal/install/examples_rclcpp_cbg_executor/share/examples_rclcpp_cbg_executor/environment/ament_prefix_path.dsv
[0.908s] -- Up-to-date symlink: /home/tcr3/ros2_personal/install/examples_rclcpp_cbg_executor/share/examples_rclcpp_cbg_executor/environment/path.sh
[0.909s] -- Up-to-date symlink: /home/tcr3/ros2_personal/install/examples_rclcpp_cbg_executor/share/examples_rclcpp_cbg_executor/environment/path.dsv
[0.910s] -- Up-to-date symlink: /home/tcr3/ros2_personal/install/examples_rclcpp_cbg_executor/share/examples_rclcpp_cbg_executor/local_setup.bash
[0.911s] -- Up-to-date symlink: /home/tcr3/ros2_personal/install/examples_rclcpp_cbg_executor/share/examples_rclcpp_cbg_executor/local_setup.sh
[0.913s] -- Up-to-date symlink: /home/tcr3/ros2_personal/install/examples_rclcpp_cbg_executor/share/examples_rclcpp_cbg_executor/local_setup.zsh
[0.915s] -- Up-to-date symlink: /home/tcr3/ros2_personal/install/examples_rclcpp_cbg_executor/share/examples_rclcpp_cbg_executor/local_setup.dsv
[0.915s] -- Symlinking: /home/tcr3/ros2_personal/install/examples_rclcpp_cbg_executor/share/examples_rclcpp_cbg_executor/package.dsv
[0.965s] -- Up-to-date symlink: /home/tcr3/ros2_personal/install/examples_rclcpp_cbg_executor/share/ament_index/resource_index/packages/examples_rclcpp_cbg_executor
[0.972s] -- Up-to-date symlink: /home/tcr3/ros2_personal/install/examples_rclcpp_cbg_executor/share/examples_rclcpp_cbg_executor/cmake/ament_cmake_export_dependencies-extras.cmake
[0.973s] -- Up-to-date symlink: /home/tcr3/ros2_personal/install/examples_rclcpp_cbg_executor/share/examples_rclcpp_cbg_executor/cmake/examples_rclcpp_cbg_executorConfig.cmake
[0.974s] -- Up-to-date symlink: /home/tcr3/ros2_personal/install/examples_rclcpp_cbg_executor/share/examples_rclcpp_cbg_executor/cmake/examples_rclcpp_cbg_executorConfig-version.cmake
[0.977s] -- Up-to-date symlink: /home/tcr3/ros2_personal/install/examples_rclcpp_cbg_executor/share/examples_rclcpp_cbg_executor/package.xml
[1.061s] Invoked command in '/home/tcr3/ros2_personal/build/examples_rclcpp_cbg_executor' returned '0': /usr/bin/cmake --install /home/tcr3/ros2_personal/build/examples_rclcpp_cbg_executor
