[6.740s] Invoking command in '/home/tcr3/ros2_personal/src/src/examples/rclpy/actions/minimal_action_client': PYTHONPATH=/home/tcr3/ros2_personal/install/examples_rclpy_minimal_action_client/lib/python3.10/site-packages:${PYTHONPATH} /usr/bin/python3 setup.py egg_info --egg-base ../../../../../../build/examples_rclpy_minimal_action_client build --build-base /home/tcr3/ros2_personal/build/examples_rclpy_minimal_action_client/build install --prefix /home/tcr3/ros2_personal/install/examples_rclpy_minimal_action_client --record /home/tcr3/ros2_personal/build/examples_rclpy_minimal_action_client/install.log --single-version-externally-managed
[10.655s] running egg_info
[10.661s] writing ../../../../../../build/examples_rclpy_minimal_action_client/examples_rclpy_minimal_action_client.egg-info/PKG-INFO
[10.664s] writing dependency_links to ../../../../../../build/examples_rclpy_minimal_action_client/examples_rclpy_minimal_action_client.egg-info/dependency_links.txt
[10.667s] writing entry points to ../../../../../../build/examples_rclpy_minimal_action_client/examples_rclpy_minimal_action_client.egg-info/entry_points.txt
[10.669s] writing requirements to ../../../../../../build/examples_rclpy_minimal_action_client/examples_rclpy_minimal_action_client.egg-info/requires.txt
[10.671s] writing top-level names to ../../../../../../build/examples_rclpy_minimal_action_client/examples_rclpy_minimal_action_client.egg-info/top_level.txt
[10.688s] reading manifest file '../../../../../../build/examples_rclpy_minimal_action_client/examples_rclpy_minimal_action_client.egg-info/SOURCES.txt'
[10.696s] writing manifest file '../../../../../../build/examples_rclpy_minimal_action_client/examples_rclpy_minimal_action_client.egg-info/SOURCES.txt'
[10.698s] running build
[10.699s] running build_py
[10.705s] running install
[10.707s] /usr/lib/python3/dist-packages/setuptools/command/install.py:34: SetuptoolsDeprecationWarning: setup.py install is deprecated. Use build and pip and other standards-based tools.
[10.708s]   warnings.warn(
[10.711s] running install_lib
[10.723s] running install_data
[10.728s] running install_egg_info
[10.739s] removing '/home/tcr3/ros2_personal/install/examples_rclpy_minimal_action_client/lib/python3.10/site-packages/examples_rclpy_minimal_action_client-0.15.0-py3.10.egg-info' (and everything under it)
[10.747s] Copying ../../../../../../build/examples_rclpy_minimal_action_client/examples_rclpy_minimal_action_client.egg-info to /home/tcr3/ros2_personal/install/examples_rclpy_minimal_action_client/lib/python3.10/site-packages/examples_rclpy_minimal_action_client-0.15.0-py3.10.egg-info
[10.759s] running install_scripts
[10.930s] Installing client script to /home/tcr3/ros2_personal/install/examples_rclpy_minimal_action_client/lib/examples_rclpy_minimal_action_client
[10.934s] Installing client_asyncio script to /home/tcr3/ros2_personal/install/examples_rclpy_minimal_action_client/lib/examples_rclpy_minimal_action_client
[10.939s] Installing client_cancel script to /home/tcr3/ros2_personal/install/examples_rclpy_minimal_action_client/lib/examples_rclpy_minimal_action_client
[10.947s] Installing client_not_composable script to /home/tcr3/ros2_personal/install/examples_rclpy_minimal_action_client/lib/examples_rclpy_minimal_action_client
[10.954s] writing list of installed files to '/home/tcr3/ros2_personal/build/examples_rclpy_minimal_action_client/install.log'
[11.536s] Invoked command in '/home/tcr3/ros2_personal/src/src/examples/rclpy/actions/minimal_action_client' returned '0': PYTHONPATH=/home/tcr3/ros2_personal/install/examples_rclpy_minimal_action_client/lib/python3.10/site-packages:${PYTHONPATH} /usr/bin/python3 setup.py egg_info --egg-base ../../../../../../build/examples_rclpy_minimal_action_client build --build-base /home/tcr3/ros2_personal/build/examples_rclpy_minimal_action_client/build install --prefix /home/tcr3/ros2_personal/install/examples_rclpy_minimal_action_client --record /home/tcr3/ros2_personal/build/examples_rclpy_minimal_action_client/install.log --single-version-externally-managed
