[6.264s] Invoking command in '/home/tcr3/ros2_personal/src/src/examples/rclpy/topics/minimal_publisher': PYTHONPATH=/home/tcr3/ros2_personal/install/examples_rclpy_minimal_publisher/lib/python3.10/site-packages:${PYTHONPATH} /usr/bin/python3 setup.py egg_info --egg-base ../../../../../../build/examples_rclpy_minimal_publisher build --build-base /home/tcr3/ros2_personal/build/examples_rclpy_minimal_publisher/build install --prefix /home/tcr3/ros2_personal/install/examples_rclpy_minimal_publisher --record /home/tcr3/ros2_personal/build/examples_rclpy_minimal_publisher/install.log --single-version-externally-managed
[7.871s] running egg_info
[7.876s] writing ../../../../../../build/examples_rclpy_minimal_publisher/examples_rclpy_minimal_publisher.egg-info/PKG-INFO
[7.878s] writing dependency_links to ../../../../../../build/examples_rclpy_minimal_publisher/examples_rclpy_minimal_publisher.egg-info/dependency_links.txt
[7.880s] writing entry points to ../../../../../../build/examples_rclpy_minimal_publisher/examples_rclpy_minimal_publisher.egg-info/entry_points.txt
[7.881s] writing requirements to ../../../../../../build/examples_rclpy_minimal_publisher/examples_rclpy_minimal_publisher.egg-info/requires.txt
[7.883s] writing top-level names to ../../../../../../build/examples_rclpy_minimal_publisher/examples_rclpy_minimal_publisher.egg-info/top_level.txt
[7.895s] reading manifest file '../../../../../../build/examples_rclpy_minimal_publisher/examples_rclpy_minimal_publisher.egg-info/SOURCES.txt'
[7.902s] writing manifest file '../../../../../../build/examples_rclpy_minimal_publisher/examples_rclpy_minimal_publisher.egg-info/SOURCES.txt'
[7.904s] running build
[7.904s] running build_py
[7.907s] running install
[7.908s] /usr/lib/python3/dist-packages/setuptools/command/install.py:34: SetuptoolsDeprecationWarning: setup.py install is deprecated. Use build and pip and other standards-based tools.
[7.910s]   warnings.warn(
[7.911s] running install_lib
[7.919s] running install_data
[7.923s] running install_egg_info
[7.932s] removing '/home/tcr3/ros2_personal/install/examples_rclpy_minimal_publisher/lib/python3.10/site-packages/examples_rclpy_minimal_publisher-0.15.0-py3.10.egg-info' (and everything under it)
[7.937s] Copying ../../../../../../build/examples_rclpy_minimal_publisher/examples_rclpy_minimal_publisher.egg-info to /home/tcr3/ros2_personal/install/examples_rclpy_minimal_publisher/lib/python3.10/site-packages/examples_rclpy_minimal_publisher-0.15.0-py3.10.egg-info
[7.946s] running install_scripts
[8.073s] Installing publisher_local_function script to /home/tcr3/ros2_personal/install/examples_rclpy_minimal_publisher/lib/examples_rclpy_minimal_publisher
[8.075s] Installing publisher_member_function script to /home/tcr3/ros2_personal/install/examples_rclpy_minimal_publisher/lib/examples_rclpy_minimal_publisher
[8.077s] Installing publisher_old_school script to /home/tcr3/ros2_personal/install/examples_rclpy_minimal_publisher/lib/examples_rclpy_minimal_publisher
[8.082s] writing list of installed files to '/home/tcr3/ros2_personal/build/examples_rclpy_minimal_publisher/install.log'
[8.529s] Invoked command in '/home/tcr3/ros2_personal/src/src/examples/rclpy/topics/minimal_publisher' returned '0': PYTHONPATH=/home/tcr3/ros2_personal/install/examples_rclpy_minimal_publisher/lib/python3.10/site-packages:${PYTHONPATH} /usr/bin/python3 setup.py egg_info --egg-base ../../../../../../build/examples_rclpy_minimal_publisher build --build-base /home/tcr3/ros2_personal/build/examples_rclpy_minimal_publisher/build install --prefix /home/tcr3/ros2_personal/install/examples_rclpy_minimal_publisher --record /home/tcr3/ros2_personal/build/examples_rclpy_minimal_publisher/install.log --single-version-externally-managed
