[0.166s] Invoking command in '/home/tcr3/ros2_personal/build/examples_rclcpp_async_client': CMAKE_PREFIX_PATH=/opt/ros/humble /usr/bin/cmake --build /home/tcr3/ros2_personal/build/examples_rclcpp_async_client -- -j4 -l4
[1.043s] [100%] Built target client_main
[1.109s] Invoked command in '/home/tcr3/ros2_personal/build/examples_rclcpp_async_client' returned '0': CMAKE_PREFIX_PATH=/opt/ros/humble /usr/bin/cmake --build /home/tcr3/ros2_personal/build/examples_rclcpp_async_client -- -j4 -l4
[1.546s] Invoking command in '/home/tcr3/ros2_personal/build/examples_rclcpp_async_client': CMAKE_PREFIX_PATH=/opt/ros/humble /usr/bin/cmake --install /home/tcr3/ros2_personal/build/examples_rclcpp_async_client
[1.605s] -- Install configuration: ""
[1.631s] -- Execute custom install script
[1.639s] -- Up-to-date symlink: /home/tcr3/ros2_personal/install/examples_rclcpp_async_client/lib/examples_rclcpp_async_client/client_main
[1.641s] -- Up-to-date symlink: /home/tcr3/ros2_personal/install/examples_rclcpp_async_client/share/ament_index/resource_index/package_run_dependencies/examples_rclcpp_async_client
[1.677s] -- Up-to-date symlink: /home/tcr3/ros2_personal/install/examples_rclcpp_async_client/share/ament_index/resource_index/parent_prefix_path/examples_rclcpp_async_client
[1.689s] -- Up-to-date symlink: /home/tcr3/ros2_personal/install/examples_rclcpp_async_client/share/examples_rclcpp_async_client/environment/ament_prefix_path.sh
[1.690s] -- Up-to-date symlink: /home/tcr3/ros2_personal/install/examples_rclcpp_async_client/share/examples_rclcpp_async_client/environment/ament_prefix_path.dsv
[1.691s] -- Up-to-date symlink: /home/tcr3/ros2_personal/install/examples_rclcpp_async_client/share/examples_rclcpp_async_client/environment/path.sh
[1.702s] -- Up-to-date symlink: /home/tcr3/ros2_personal/install/examples_rclcpp_async_client/share/examples_rclcpp_async_client/environment/path.dsv
[1.719s] -- Up-to-date symlink: /home/tcr3/ros2_personal/install/examples_rclcpp_async_client/share/examples_rclcpp_async_client/local_setup.bash
[1.723s] -- Up-to-date symlink: /home/tcr3/ros2_personal/install/examples_rclcpp_async_client/share/examples_rclcpp_async_client/local_setup.sh
[1.724s] -- Up-to-date symlink: /home/tcr3/ros2_personal/install/examples_rclcpp_async_client/share/examples_rclcpp_async_client/local_setup.zsh
[1.725s] -- Up-to-date symlink: /home/tcr3/ros2_personal/install/examples_rclcpp_async_client/share/examples_rclcpp_async_client/local_setup.dsv
[1.725s] -- Symlinking: /home/tcr3/ros2_personal/install/examples_rclcpp_async_client/share/examples_rclcpp_async_client/package.dsv
[1.786s] -- Up-to-date symlink: /home/tcr3/ros2_personal/install/examples_rclcpp_async_client/share/ament_index/resource_index/packages/examples_rclcpp_async_client
[1.793s] -- Up-to-date symlink: /home/tcr3/ros2_personal/install/examples_rclcpp_async_client/share/examples_rclcpp_async_client/cmake/examples_rclcpp_async_clientConfig.cmake
[1.800s] -- Up-to-date symlink: /home/tcr3/ros2_personal/install/examples_rclcpp_async_client/share/examples_rclcpp_async_client/cmake/examples_rclcpp_async_clientConfig-version.cmake
[1.801s] -- Up-to-date symlink: /home/tcr3/ros2_personal/install/examples_rclcpp_async_client/share/examples_rclcpp_async_client/package.xml
[1.828s] Invoked command in '/home/tcr3/ros2_personal/build/examples_rclcpp_async_client' returned '0': CMAKE_PREFIX_PATH=/opt/ros/humble /usr/bin/cmake --install /home/tcr3/ros2_personal/build/examples_rclcpp_async_client
