[0.151s] Invoking command in '/home/tcr3/ros2_personal/build/action__tutorial_pkg_2': CMAKE_PREFIX_PATH=/opt/ros/humble /usr/bin/cmake /home/tcr3/ros2_personal/src/action__tutorial_pkg_2 -DCMAKE_INSTALL_PREFIX=/home/tcr3/ros2_personal/install/action__tutorial_pkg_2
[0.225s] -- Found ament_cmake: 1.3.2 (/opt/ros/humble/share/ament_cmake/cmake)
[2.521s] -- Found ament_lint_auto: 0.12.4 (/opt/ros/humble/share/ament_lint_auto/cmake)
[3.086s] -- Found rosidl_default_generators: 1.2.0 (/opt/ros/humble/share/rosidl_default_generators/cmake)
[3.163s] -- Using all available rosidl_typesupport_c: rosidl_typesupport_fastrtps_c;rosidl_typesupport_introspection_c
[3.263s] -- Found rosidl_adapter: 3.1.3 (/opt/ros/humble/share/rosidl_adapter/cmake)
[3.805s] -- Using all available rosidl_typesupport_cpp: rosidl_typesupport_fastrtps_cpp;rosidl_typesupport_introspection_cpp
[5.748s] [31mCMake Error at /opt/ros/humble/share/rosidl_adapter/cmake/rosidl_adapt_interfaces.cmake:59 (message):
[5.749s]   execute_process(/usr/bin/python3.10 -m rosidl_adapter --package-name
[5.763s]   action__tutorial_pkg_2 --arguments-file
[5.774s]   /home/tcr3/ros2_personal/build/action__tutorial_pkg_2/rosidl_adapter__arguments__action__tutorial_pkg_2.json
[5.790s]   --output-dir
[5.792s]   /home/tcr3/ros2_personal/build/action__tutorial_pkg_2/rosidl_adapter/action__tutorial_pkg_2
[5.798s]   --output-file
[5.822s]   /home/tcr3/ros2_personal/build/action__tutorial_pkg_2/rosidl_adapter/action__tutorial_pkg_2.idls)
[5.823s]   returned error code 1:
[5.824s] 
[5.824s]   Traceback (most recent call last):
[5.825s] 
[5.826s]     File "/usr/lib/python3.10/runpy.py", line 196, in _run_module_as_main
[5.827s]       return _run_code(code, main_globals, None,
[5.828s]     File "/usr/lib/python3.10/runpy.py", line 86, in _run_code
[5.829s]       exec(code, run_globals)
[5.829s]     File "/opt/ros/humble/local/lib/python3.10/dist-packages/rosidl_adapter/__main__.py", line 19, in <module>
[5.838s]       sys.exit(main())
[5.841s]     File "/opt/ros/humble/local/lib/python3.10/dist-packages/rosidl_adapter/main.py", line 53, in main
[5.844s]       abs_idl_file = convert_to_idl(
[5.848s]     File "/opt/ros/humble/local/lib/python3.10/dist-packages/rosidl_adapter/__init__.py", line 29, in convert_to_idl
[5.880s]       return convert_action_to_idl(
[5.919s]     File "/opt/ros/humble/local/lib/python3.10/dist-packages/rosidl_adapter/action/__init__.py", line 28, in convert_action_to_idl
[5.921s]       action = parse_action_string(package_name, input_file.stem, content)
[5.924s]     File "/opt/ros/humble/local/lib/python3.10/dist-packages/rosidl_adapter/parser.py", line 902, in parse_action_string
[5.928s]       goal_message = parse_message_string(
[5.941s]     File "/opt/ros/humble/local/lib/python3.10/dist-packages/rosidl_adapter/parser.py", line 544, in parse_message_string
[5.946s]       msg = MessageSpecification(pkg_name, msg_name, fields, constants)
[5.953s]     File "/opt/ros/humble/local/lib/python3.10/dist-packages/rosidl_adapter/parser.py", line 388, in __init__
[5.960s]       self.base_type = BaseType(
[5.977s]     File "/opt/ros/humble/local/lib/python3.10/dist-packages/rosidl_adapter/parser.py", line 201, in __init__
[5.981s]       raise InvalidResourceName(
[5.981s] 
[5.989s]   rosidl_adapter.parser.InvalidResourceName: 'action__tutorial_pkg_2' is an
[5.991s]   invalid package name.  It should have the pattern
[5.996s]   '^(?!.*__)(?!.*_$)[a-z][a-z0-9_]*$'
[6.019s] -- Configuring incomplete, errors occurred!
[6.027s] 
[6.048s] Call Stack (most recent call first):
[6.050s]   /opt/ros/humble/share/rosidl_cmake/cmake/rosidl_generate_interfaces.cmake:130 (rosidl_adapt_interfaces)
[6.051s]   CMakeLists.txt:27 (rosidl_generate_interfaces)
[6.052s] 
[6.053s] [0m
[6.054s] See also "/home/tcr3/ros2_personal/build/action__tutorial_pkg_2/CMakeFiles/CMakeOutput.log".
[6.096s] Invoked command in '/home/tcr3/ros2_personal/build/action__tutorial_pkg_2' returned '1': CMAKE_PREFIX_PATH=/opt/ros/humble /usr/bin/cmake /home/tcr3/ros2_personal/src/action__tutorial_pkg_2 -DCMAKE_INSTALL_PREFIX=/home/tcr3/ros2_personal/install/action__tutorial_pkg_2
