running egg_info
creating ../../../../../build/examples_rclpy_guard_conditions/examples_rclpy_guard_conditions.egg-info
writing ../../../../../build/examples_rclpy_guard_conditions/examples_rclpy_guard_conditions.egg-info/PKG-INFO
writing dependency_links to ../../../../../build/examples_rclpy_guard_conditions/examples_rclpy_guard_conditions.egg-info/dependency_links.txt
writing entry points to ../../../../../build/examples_rclpy_guard_conditions/examples_rclpy_guard_conditions.egg-info/entry_points.txt
writing requirements to ../../../../../build/examples_rclpy_guard_conditions/examples_rclpy_guard_conditions.egg-info/requires.txt
writing top-level names to ../../../../../build/examples_rclpy_guard_conditions/examples_rclpy_guard_conditions.egg-info/top_level.txt
writing manifest file '../../../../../build/examples_rclpy_guard_conditions/examples_rclpy_guard_conditions.egg-info/SOURCES.txt'
reading manifest file '../../../../../build/examples_rclpy_guard_conditions/examples_rclpy_guard_conditions.egg-info/SOURCES.txt'
writing manifest file '../../../../../build/examples_rclpy_guard_conditions/examples_rclpy_guard_conditions.egg-info/SOURCES.txt'
running build
running build_py
creating /home/tcr3/ros2_personal/build/examples_rclpy_guard_conditions/build
creating /home/tcr3/ros2_personal/build/examples_rclpy_guard_conditions/build/lib
creating /home/tcr3/ros2_personal/build/examples_rclpy_guard_conditions/build/lib/examples_rclpy_guard_conditions
copying examples_rclpy_guard_conditions/trigger_guard_condition.py -> /home/tcr3/ros2_personal/build/examples_rclpy_guard_conditions/build/lib/examples_rclpy_guard_conditions
copying examples_rclpy_guard_conditions/__init__.py -> /home/tcr3/ros2_personal/build/examples_rclpy_guard_conditions/build/lib/examples_rclpy_guard_conditions
running install
running install_lib
creating /home/tcr3/ros2_personal/install/examples_rclpy_guard_conditions/lib/python3.10/site-packages/examples_rclpy_guard_conditions
copying /home/tcr3/ros2_personal/build/examples_rclpy_guard_conditions/build/lib/examples_rclpy_guard_conditions/trigger_guard_condition.py -> /home/tcr3/ros2_personal/install/examples_rclpy_guard_conditions/lib/python3.10/site-packages/examples_rclpy_guard_conditions
copying /home/tcr3/ros2_personal/build/examples_rclpy_guard_conditions/build/lib/examples_rclpy_guard_conditions/__init__.py -> /home/tcr3/ros2_personal/install/examples_rclpy_guard_conditions/lib/python3.10/site-packages/examples_rclpy_guard_conditions
byte-compiling /home/tcr3/ros2_personal/install/examples_rclpy_guard_conditions/lib/python3.10/site-packages/examples_rclpy_guard_conditions/trigger_guard_condition.py to trigger_guard_condition.cpython-310.pyc
byte-compiling /home/tcr3/ros2_personal/install/examples_rclpy_guard_conditions/lib/python3.10/site-packages/examples_rclpy_guard_conditions/__init__.py to __init__.cpython-310.pyc
running install_data
creating /home/tcr3/ros2_personal/install/examples_rclpy_guard_conditions/share/ament_index
creating /home/tcr3/ros2_personal/install/examples_rclpy_guard_conditions/share/ament_index/resource_index
creating /home/tcr3/ros2_personal/install/examples_rclpy_guard_conditions/share/ament_index/resource_index/packages
copying resource/examples_rclpy_guard_conditions -> /home/tcr3/ros2_personal/install/examples_rclpy_guard_conditions/share/ament_index/resource_index/packages
copying package.xml -> /home/tcr3/ros2_personal/install/examples_rclpy_guard_conditions/share/examples_rclpy_guard_conditions
running install_egg_info
Copying ../../../../../build/examples_rclpy_guard_conditions/examples_rclpy_guard_conditions.egg-info to /home/tcr3/ros2_personal/install/examples_rclpy_guard_conditions/lib/python3.10/site-packages/examples_rclpy_guard_conditions-0.15.0-py3.10.egg-info
running install_scripts
Installing trigger_guard_condition script to /home/tcr3/ros2_personal/install/examples_rclpy_guard_conditions/lib/examples_rclpy_guard_conditions
writing list of installed files to '/home/tcr3/ros2_personal/build/examples_rclpy_guard_conditions/install.log'
