[0.148s] Invoking command in '/home/tcr3/ros2_personal/build/examples_rclcpp_minimal_action_client': CMAKE_PREFIX_PATH=${CMAKE_PREFIX_PATH}:/home/tcr3/ros2_personal/install/launch_testing_examples:/home/tcr3/ros2_personal/install/examples_rclpy_pointcloud_publisher:/home/tcr3/ros2_personal/install/examples_rclpy_minimal_subscriber:/home/tcr3/ros2_personal/install/examples_rclpy_minimal_service:/home/tcr3/ros2_personal/install/examples_rclpy_minimal_publisher:/home/tcr3/ros2_personal/install/examples_rclpy_minimal_client:/home/tcr3/ros2_personal/install/examples_rclpy_minimal_action_server:/home/tcr3/ros2_personal/install/examples_rclpy_minimal_action_client:/home/tcr3/ros2_personal/install/examples_rclpy_guard_conditions:/home/tcr3/ros2_personal/install/examples_rclpy_executors:/opt/ros/humble /usr/bin/cmake --build /home/tcr3/ros2_personal/build/examples_rclcpp_minimal_action_client -- -j4 -l4
[0.433s] [35m[1mConsolidate compiler generated dependencies of target action_client_member_functions[0m
[0.477s] [35m[1mConsolidate compiler generated dependencies of target action_client_not_composable[0m
[0.505s] [35m[1mConsolidate compiler generated dependencies of target action_client_not_composable_with_feedback[0m
[0.510s] [35m[1mConsolidate compiler generated dependencies of target action_client_not_composable_with_cancel[0m
[0.674s] [ 25%] Built target action_client_member_functions
[0.724s] [ 50%] Built target action_client_not_composable_with_feedback
[0.738s] [ 75%] Built target action_client_not_composable
[0.743s] [100%] Built target action_client_not_composable_with_cancel
[0.802s] Invoked command in '/home/tcr3/ros2_personal/build/examples_rclcpp_minimal_action_client' returned '0': CMAKE_PREFIX_PATH=${CMAKE_PREFIX_PATH}:/home/tcr3/ros2_personal/install/launch_testing_examples:/home/tcr3/ros2_personal/install/examples_rclpy_pointcloud_publisher:/home/tcr3/ros2_personal/install/examples_rclpy_minimal_subscriber:/home/tcr3/ros2_personal/install/examples_rclpy_minimal_service:/home/tcr3/ros2_personal/install/examples_rclpy_minimal_publisher:/home/tcr3/ros2_personal/install/examples_rclpy_minimal_client:/home/tcr3/ros2_personal/install/examples_rclpy_minimal_action_server:/home/tcr3/ros2_personal/install/examples_rclpy_minimal_action_client:/home/tcr3/ros2_personal/install/examples_rclpy_guard_conditions:/home/tcr3/ros2_personal/install/examples_rclpy_executors:/opt/ros/humble /usr/bin/cmake --build /home/tcr3/ros2_personal/build/examples_rclcpp_minimal_action_client -- -j4 -l4
[1.052s] Invoking command in '/home/tcr3/ros2_personal/build/examples_rclcpp_minimal_action_client': CMAKE_PREFIX_PATH=${CMAKE_PREFIX_PATH}:/home/tcr3/ros2_personal/install/launch_testing_examples:/home/tcr3/ros2_personal/install/examples_rclpy_pointcloud_publisher:/home/tcr3/ros2_personal/install/examples_rclpy_minimal_subscriber:/home/tcr3/ros2_personal/install/examples_rclpy_minimal_service:/home/tcr3/ros2_personal/install/examples_rclpy_minimal_publisher:/home/tcr3/ros2_personal/install/examples_rclpy_minimal_client:/home/tcr3/ros2_personal/install/examples_rclpy_minimal_action_server:/home/tcr3/ros2_personal/install/examples_rclpy_minimal_action_client:/home/tcr3/ros2_personal/install/examples_rclpy_guard_conditions:/home/tcr3/ros2_personal/install/examples_rclpy_executors:/opt/ros/humble /usr/bin/cmake --install /home/tcr3/ros2_personal/build/examples_rclcpp_minimal_action_client
[1.102s] -- Install configuration: ""
[1.105s] -- Execute custom install script
[1.108s] -- Up-to-date symlink: /home/tcr3/ros2_personal/install/examples_rclcpp_minimal_action_client/lib/examples_rclcpp_minimal_action_client/action_client_member_functions
[1.110s] -- Up-to-date symlink: /home/tcr3/ros2_personal/install/examples_rclcpp_minimal_action_client/lib/examples_rclcpp_minimal_action_client/action_client_not_composable
[1.110s] -- Up-to-date symlink: /home/tcr3/ros2_personal/install/examples_rclcpp_minimal_action_client/lib/examples_rclcpp_minimal_action_client/action_client_not_composable_with_cancel
[1.111s] -- Up-to-date symlink: /home/tcr3/ros2_personal/install/examples_rclcpp_minimal_action_client/lib/examples_rclcpp_minimal_action_client/action_client_not_composable_with_feedback
[1.112s] -- Up-to-date symlink: /home/tcr3/ros2_personal/install/examples_rclcpp_minimal_action_client/share/ament_index/resource_index/package_run_dependencies/examples_rclcpp_minimal_action_client
[1.113s] -- Up-to-date symlink: /home/tcr3/ros2_personal/install/examples_rclcpp_minimal_action_client/share/ament_index/resource_index/parent_prefix_path/examples_rclcpp_minimal_action_client
[1.114s] -- Up-to-date symlink: /home/tcr3/ros2_personal/install/examples_rclcpp_minimal_action_client/share/examples_rclcpp_minimal_action_client/environment/ament_prefix_path.sh
[1.114s] -- Up-to-date symlink: /home/tcr3/ros2_personal/install/examples_rclcpp_minimal_action_client/share/examples_rclcpp_minimal_action_client/environment/ament_prefix_path.dsv
[1.118s] -- Up-to-date symlink: /home/tcr3/ros2_personal/install/examples_rclcpp_minimal_action_client/share/examples_rclcpp_minimal_action_client/environment/path.sh
[1.119s] -- Up-to-date symlink: /home/tcr3/ros2_personal/install/examples_rclcpp_minimal_action_client/share/examples_rclcpp_minimal_action_client/environment/path.dsv
[1.119s] -- Up-to-date symlink: /home/tcr3/ros2_personal/install/examples_rclcpp_minimal_action_client/share/examples_rclcpp_minimal_action_client/local_setup.bash
[1.120s] -- Up-to-date symlink: /home/tcr3/ros2_personal/install/examples_rclcpp_minimal_action_client/share/examples_rclcpp_minimal_action_client/local_setup.sh
[1.120s] -- Up-to-date symlink: /home/tcr3/ros2_personal/install/examples_rclcpp_minimal_action_client/share/examples_rclcpp_minimal_action_client/local_setup.zsh
[1.121s] -- Up-to-date symlink: /home/tcr3/ros2_personal/install/examples_rclcpp_minimal_action_client/share/examples_rclcpp_minimal_action_client/local_setup.dsv
[1.121s] -- Symlinking: /home/tcr3/ros2_personal/install/examples_rclcpp_minimal_action_client/share/examples_rclcpp_minimal_action_client/package.dsv
[1.160s] -- Up-to-date symlink: /home/tcr3/ros2_personal/install/examples_rclcpp_minimal_action_client/share/ament_index/resource_index/packages/examples_rclcpp_minimal_action_client
[1.163s] -- Up-to-date symlink: /home/tcr3/ros2_personal/install/examples_rclcpp_minimal_action_client/share/examples_rclcpp_minimal_action_client/cmake/examples_rclcpp_minimal_action_clientConfig.cmake
[1.164s] -- Up-to-date symlink: /home/tcr3/ros2_personal/install/examples_rclcpp_minimal_action_client/share/examples_rclcpp_minimal_action_client/cmake/examples_rclcpp_minimal_action_clientConfig-version.cmake
[1.165s] -- Up-to-date symlink: /home/tcr3/ros2_personal/install/examples_rclcpp_minimal_action_client/share/examples_rclcpp_minimal_action_client/package.xml
[1.249s] Invoked command in '/home/tcr3/ros2_personal/build/examples_rclcpp_minimal_action_client' returned '0': CMAKE_PREFIX_PATH=${CMAKE_PREFIX_PATH}:/home/tcr3/ros2_personal/install/launch_testing_examples:/home/tcr3/ros2_personal/install/examples_rclpy_pointcloud_publisher:/home/tcr3/ros2_personal/install/examples_rclpy_minimal_subscriber:/home/tcr3/ros2_personal/install/examples_rclpy_minimal_service:/home/tcr3/ros2_personal/install/examples_rclpy_minimal_publisher:/home/tcr3/ros2_personal/install/examples_rclpy_minimal_client:/home/tcr3/ros2_personal/install/examples_rclpy_minimal_action_server:/home/tcr3/ros2_personal/install/examples_rclpy_minimal_action_client:/home/tcr3/ros2_personal/install/examples_rclpy_guard_conditions:/home/tcr3/ros2_personal/install/examples_rclpy_executors:/opt/ros/humble /usr/bin/cmake --install /home/tcr3/ros2_personal/build/examples_rclcpp_minimal_action_client
