[0.339s] Invoking command in '/home/tcr3/ros2_personal/build/examples_rclcpp_minimal_client': CMAKE_PREFIX_PATH=/opt/ros/humble /usr/bin/cmake --build /home/tcr3/ros2_personal/build/examples_rclcpp_minimal_client -- -j4 -l4
[1.000s] [100%] Built target client_main
[1.112s] Invoked command in '/home/tcr3/ros2_personal/build/examples_rclcpp_minimal_client' returned '0': CMAKE_PREFIX_PATH=/opt/ros/humble /usr/bin/cmake --build /home/tcr3/ros2_personal/build/examples_rclcpp_minimal_client -- -j4 -l4
[1.449s] Invoking command in '/home/tcr3/ros2_personal/build/examples_rclcpp_minimal_client': CMAKE_PREFIX_PATH=/opt/ros/humble /usr/bin/cmake --install /home/tcr3/ros2_personal/build/examples_rclcpp_minimal_client
[1.557s] -- Install configuration: ""
[1.563s] -- Up-to-date: /home/tcr3/ros2_personal/install/examples_rclcpp_minimal_client/lib/examples_rclcpp_minimal_client/client_main
[1.569s] -- Up-to-date: /home/tcr3/ros2_personal/install/examples_rclcpp_minimal_client/share/ament_index/resource_index/package_run_dependencies/examples_rclcpp_minimal_client
[1.571s] -- Up-to-date: /home/tcr3/ros2_personal/install/examples_rclcpp_minimal_client/share/ament_index/resource_index/parent_prefix_path/examples_rclcpp_minimal_client
[1.586s] -- Up-to-date: /home/tcr3/ros2_personal/install/examples_rclcpp_minimal_client/share/examples_rclcpp_minimal_client/environment/ament_prefix_path.sh
[1.586s] -- Up-to-date: /home/tcr3/ros2_personal/install/examples_rclcpp_minimal_client/share/examples_rclcpp_minimal_client/environment/ament_prefix_path.dsv
[1.587s] -- Up-to-date: /home/tcr3/ros2_personal/install/examples_rclcpp_minimal_client/share/examples_rclcpp_minimal_client/environment/path.sh
[1.588s] -- Up-to-date: /home/tcr3/ros2_personal/install/examples_rclcpp_minimal_client/share/examples_rclcpp_minimal_client/environment/path.dsv
[1.589s] -- Up-to-date: /home/tcr3/ros2_personal/install/examples_rclcpp_minimal_client/share/examples_rclcpp_minimal_client/local_setup.bash
[1.590s] -- Up-to-date: /home/tcr3/ros2_personal/install/examples_rclcpp_minimal_client/share/examples_rclcpp_minimal_client/local_setup.sh
[1.623s] -- Up-to-date: /home/tcr3/ros2_personal/install/examples_rclcpp_minimal_client/share/examples_rclcpp_minimal_client/local_setup.zsh
[1.628s] -- Up-to-date: /home/tcr3/ros2_personal/install/examples_rclcpp_minimal_client/share/examples_rclcpp_minimal_client/local_setup.dsv
[1.629s] -- Installing: /home/tcr3/ros2_personal/install/examples_rclcpp_minimal_client/share/examples_rclcpp_minimal_client/package.dsv
[1.630s] -- Up-to-date: /home/tcr3/ros2_personal/install/examples_rclcpp_minimal_client/share/ament_index/resource_index/packages/examples_rclcpp_minimal_client
[1.631s] -- Up-to-date: /home/tcr3/ros2_personal/install/examples_rclcpp_minimal_client/share/examples_rclcpp_minimal_client/cmake/examples_rclcpp_minimal_clientConfig.cmake
[1.631s] -- Up-to-date: /home/tcr3/ros2_personal/install/examples_rclcpp_minimal_client/share/examples_rclcpp_minimal_client/cmake/examples_rclcpp_minimal_clientConfig-version.cmake
[1.632s] -- Up-to-date: /home/tcr3/ros2_personal/install/examples_rclcpp_minimal_client/share/examples_rclcpp_minimal_client/package.xml
[1.633s] Invoked command in '/home/tcr3/ros2_personal/build/examples_rclcpp_minimal_client' returned '0': CMAKE_PREFIX_PATH=/opt/ros/humble /usr/bin/cmake --install /home/tcr3/ros2_personal/build/examples_rclcpp_minimal_client
