[0.176s] Invoking command in '/home/tcr3/ros2_personal/build/action_tutorials': CMAKE_PREFIX_PATH=/opt/ros/humble /usr/bin/cmake --build /home/tcr3/ros2_personal/build/action_tutorials -- -j4 -l4
[0.774s] [  3%] Built target action_tutorials__cpp
[1.133s] [  3%] Built target ament_cmake_python_copy_action_tutorials
[1.271s] [35m[1mConsolidate compiler generated dependencies of target action_tutorials__rosidl_typesupport_fastrtps_cpp[0m
[1.443s] [ 12%] Built target action_tutorials__rosidl_typesupport_fastrtps_cpp
[1.548s] [35m[1mConsolidate compiler generated dependencies of target action_tutorials__rosidl_typesupport_introspection_cpp[0m
[1.757s] [ 22%] Built target action_tutorials__rosidl_typesupport_introspection_cpp
[4.532s] running egg_info
[4.543s] writing action_tutorials.egg-info/PKG-INFO
[4.553s] writing dependency_links to action_tutorials.egg-info/dependency_links.txt
[4.558s] writing top-level names to action_tutorials.egg-info/top_level.txt
[4.595s] reading manifest file 'action_tutorials.egg-info/SOURCES.txt'
[4.600s] writing manifest file 'action_tutorials.egg-info/SOURCES.txt'
[4.873s] [ 22%] Built target ament_cmake_python_build_action_tutorials_egg
[5.048s] [35m[1mConsolidate compiler generated dependencies of target action_tutorials__rosidl_typesupport_cpp[0m
[5.332s] [ 32%] Built target action_tutorials__rosidl_typesupport_cpp
[5.474s] [35m[1mConsolidate compiler generated dependencies of target action_tutorials__rosidl_generator_c[0m
[5.824s] [ 41%] Built target action_tutorials__rosidl_generator_c
[6.010s] [35m[1mConsolidate compiler generated dependencies of target action_tutorials__rosidl_typesupport_fastrtps_c[0m
[6.295s] [ 51%] Built target action_tutorials__rosidl_typesupport_fastrtps_c
[6.392s] [35m[1mConsolidate compiler generated dependencies of target action_tutorials__rosidl_typesupport_c[0m
[6.537s] [ 61%] Built target action_tutorials__rosidl_typesupport_c
[6.656s] [35m[1mConsolidate compiler generated dependencies of target action_tutorials__rosidl_typesupport_introspection_c[0m
[6.872s] [ 70%] Built target action_tutorials__rosidl_typesupport_introspection_c
[7.217s] [ 70%] Built target action_tutorials
[7.568s] [ 74%] Built target action_tutorials__py
[7.675s] [35m[1mConsolidate compiler generated dependencies of target action_tutorials__rosidl_generator_py[0m
[7.936s] [ 80%] Built target action_tutorials__rosidl_generator_py
[8.026s] [35m[1mConsolidate compiler generated dependencies of target action_tutorials__rosidl_typesupport_fastrtps_c__pyext[0m
[8.151s] [ 87%] Built target action_tutorials__rosidl_typesupport_fastrtps_c__pyext
[8.238s] [35m[1mConsolidate compiler generated dependencies of target action_tutorials__rosidl_typesupport_c__pyext[0m
[8.334s] [ 93%] Built target action_tutorials__rosidl_typesupport_c__pyext
[8.517s] [35m[1mConsolidate compiler generated dependencies of target action_tutorials__rosidl_typesupport_introspection_c__pyext[0m
[8.778s] [100%] Built target action_tutorials__rosidl_typesupport_introspection_c__pyext
[8.985s] Invoked command in '/home/tcr3/ros2_personal/build/action_tutorials' returned '0': CMAKE_PREFIX_PATH=/opt/ros/humble /usr/bin/cmake --build /home/tcr3/ros2_personal/build/action_tutorials -- -j4 -l4
[9.505s] Invoking command in '/home/tcr3/ros2_personal/build/action_tutorials': CMAKE_PREFIX_PATH=/opt/ros/humble /usr/bin/cmake --install /home/tcr3/ros2_personal/build/action_tutorials
[9.625s] -- Install configuration: ""
[9.627s] -- Up-to-date: /home/tcr3/ros2_personal/install/action_tutorials/share/ament_index/resource_index/rosidl_interfaces/action_tutorials
[9.628s] -- Up-to-date: /home/tcr3/ros2_personal/install/action_tutorials/include/action_tutorials/action_tutorials
[9.629s] -- Up-to-date: /home/tcr3/ros2_personal/install/action_tutorials/include/action_tutorials/action_tutorials/msg
[9.629s] -- Up-to-date: /home/tcr3/ros2_personal/install/action_tutorials/include/action_tutorials/action_tutorials/msg/rosidl_generator_c__visibility_control.h
[9.630s] -- Up-to-date: /home/tcr3/ros2_personal/install/action_tutorials/include/action_tutorials/action_tutorials/action
[9.631s] -- Up-to-date: /home/tcr3/ros2_personal/install/action_tutorials/include/action_tutorials/action_tutorials/action/fibonacci.h
[9.631s] -- Up-to-date: /home/tcr3/ros2_personal/install/action_tutorials/include/action_tutorials/action_tutorials/action/detail
[9.632s] -- Up-to-date: /home/tcr3/ros2_personal/install/action_tutorials/include/action_tutorials/action_tutorials/action/detail/fibonacci__struct.h
[9.635s] -- Up-to-date: /home/tcr3/ros2_personal/install/action_tutorials/include/action_tutorials/action_tutorials/action/detail/fibonacci__type_support.h
[9.645s] -- Up-to-date: /home/tcr3/ros2_personal/install/action_tutorials/include/action_tutorials/action_tutorials/action/detail/fibonacci__functions.h
[9.649s] -- Up-to-date: /home/tcr3/ros2_personal/install/action_tutorials/include/action_tutorials/action_tutorials/action/detail/fibonacci__functions.c
[9.650s] -- Up-to-date: /home/tcr3/ros2_personal/install/action_tutorials/share/action_tutorials/environment/library_path.sh
[9.660s] -- Up-to-date: /home/tcr3/ros2_personal/install/action_tutorials/share/action_tutorials/environment/library_path.dsv
[9.682s] -- Up-to-date: /home/tcr3/ros2_personal/install/action_tutorials/lib/libaction_tutorials__rosidl_generator_c.so
[9.691s] -- Up-to-date: /home/tcr3/ros2_personal/install/action_tutorials/include/action_tutorials/action_tutorials
[9.692s] -- Up-to-date: /home/tcr3/ros2_personal/install/action_tutorials/include/action_tutorials/action_tutorials/msg
[9.693s] -- Up-to-date: /home/tcr3/ros2_personal/install/action_tutorials/include/action_tutorials/action_tutorials/msg/rosidl_typesupport_fastrtps_c__visibility_control.h
[9.700s] -- Up-to-date: /home/tcr3/ros2_personal/install/action_tutorials/include/action_tutorials/action_tutorials/action
[9.701s] -- Up-to-date: /home/tcr3/ros2_personal/install/action_tutorials/include/action_tutorials/action_tutorials/action/detail
[9.703s] -- Up-to-date: /home/tcr3/ros2_personal/install/action_tutorials/include/action_tutorials/action_tutorials/action/detail/fibonacci__rosidl_typesupport_fastrtps_c.h
[9.707s] -- Up-to-date: /home/tcr3/ros2_personal/install/action_tutorials/lib/libaction_tutorials__rosidl_typesupport_fastrtps_c.so
[9.734s] -- Up-to-date: /home/tcr3/ros2_personal/install/action_tutorials/include/action_tutorials/action_tutorials
[9.746s] -- Up-to-date: /home/tcr3/ros2_personal/install/action_tutorials/include/action_tutorials/action_tutorials/msg
[9.748s] -- Up-to-date: /home/tcr3/ros2_personal/install/action_tutorials/include/action_tutorials/action_tutorials/msg/rosidl_typesupport_introspection_c__visibility_control.h
[9.750s] -- Up-to-date: /home/tcr3/ros2_personal/install/action_tutorials/include/action_tutorials/action_tutorials/action
[9.762s] -- Up-to-date: /home/tcr3/ros2_personal/install/action_tutorials/include/action_tutorials/action_tutorials/action/detail
[9.763s] -- Up-to-date: /home/tcr3/ros2_personal/install/action_tutorials/include/action_tutorials/action_tutorials/action/detail/fibonacci__rosidl_typesupport_introspection_c.h
[9.763s] -- Up-to-date: /home/tcr3/ros2_personal/install/action_tutorials/include/action_tutorials/action_tutorials/action/detail/fibonacci__type_support.c
[9.764s] -- Up-to-date: /home/tcr3/ros2_personal/install/action_tutorials/lib/libaction_tutorials__rosidl_typesupport_introspection_c.so
[9.765s] -- Up-to-date: /home/tcr3/ros2_personal/install/action_tutorials/lib/libaction_tutorials__rosidl_typesupport_c.so
[9.768s] -- Up-to-date: /home/tcr3/ros2_personal/install/action_tutorials/include/action_tutorials/action_tutorials
[9.769s] -- Up-to-date: /home/tcr3/ros2_personal/install/action_tutorials/include/action_tutorials/action_tutorials/action
[9.769s] -- Up-to-date: /home/tcr3/ros2_personal/install/action_tutorials/include/action_tutorials/action_tutorials/action/fibonacci.hpp
[9.770s] -- Up-to-date: /home/tcr3/ros2_personal/install/action_tutorials/include/action_tutorials/action_tutorials/action/detail
[9.771s] -- Up-to-date: /home/tcr3/ros2_personal/install/action_tutorials/include/action_tutorials/action_tutorials/action/detail/fibonacci__builder.hpp
[9.772s] -- Up-to-date: /home/tcr3/ros2_personal/install/action_tutorials/include/action_tutorials/action_tutorials/action/detail/fibonacci__traits.hpp
[9.774s] -- Up-to-date: /home/tcr3/ros2_personal/install/action_tutorials/include/action_tutorials/action_tutorials/action/detail/fibonacci__struct.hpp
[9.793s] -- Up-to-date: /home/tcr3/ros2_personal/install/action_tutorials/include/action_tutorials/action_tutorials
[9.795s] -- Up-to-date: /home/tcr3/ros2_personal/install/action_tutorials/include/action_tutorials/action_tutorials/msg
[9.796s] -- Up-to-date: /home/tcr3/ros2_personal/install/action_tutorials/include/action_tutorials/action_tutorials/msg/rosidl_typesupport_fastrtps_cpp__visibility_control.h
[9.797s] -- Up-to-date: /home/tcr3/ros2_personal/install/action_tutorials/include/action_tutorials/action_tutorials/action
[9.798s] -- Up-to-date: /home/tcr3/ros2_personal/install/action_tutorials/include/action_tutorials/action_tutorials/action/detail
[9.799s] -- Up-to-date: /home/tcr3/ros2_personal/install/action_tutorials/include/action_tutorials/action_tutorials/action/detail/fibonacci__rosidl_typesupport_fastrtps_cpp.hpp
[9.829s] -- Up-to-date: /home/tcr3/ros2_personal/install/action_tutorials/include/action_tutorials/action_tutorials/action/detail/dds_fastrtps
[9.831s] -- Up-to-date: /home/tcr3/ros2_personal/install/action_tutorials/lib/libaction_tutorials__rosidl_typesupport_fastrtps_cpp.so
[9.832s] -- Up-to-date: /home/tcr3/ros2_personal/install/action_tutorials/include/action_tutorials/action_tutorials
[9.833s] -- Up-to-date: /home/tcr3/ros2_personal/install/action_tutorials/include/action_tutorials/action_tutorials/action
[9.833s] -- Up-to-date: /home/tcr3/ros2_personal/install/action_tutorials/include/action_tutorials/action_tutorials/action/detail
[9.834s] -- Up-to-date: /home/tcr3/ros2_personal/install/action_tutorials/include/action_tutorials/action_tutorials/action/detail/fibonacci__rosidl_typesupport_introspection_cpp.hpp
[9.835s] -- Up-to-date: /home/tcr3/ros2_personal/install/action_tutorials/include/action_tutorials/action_tutorials/action/detail/fibonacci__type_support.cpp
[9.835s] -- Up-to-date: /home/tcr3/ros2_personal/install/action_tutorials/lib/libaction_tutorials__rosidl_typesupport_introspection_cpp.so
[9.836s] -- Up-to-date: /home/tcr3/ros2_personal/install/action_tutorials/lib/libaction_tutorials__rosidl_typesupport_cpp.so
[9.837s] -- Up-to-date: /home/tcr3/ros2_personal/install/action_tutorials/share/action_tutorials/environment/pythonpath.sh
[9.837s] -- Up-to-date: /home/tcr3/ros2_personal/install/action_tutorials/share/action_tutorials/environment/pythonpath.dsv
[9.839s] -- Up-to-date: /home/tcr3/ros2_personal/install/action_tutorials/local/lib/python3.10/dist-packages/action_tutorials-0.0.0-py3.10.egg-info
[9.845s] -- Installing: /home/tcr3/ros2_personal/install/action_tutorials/local/lib/python3.10/dist-packages/action_tutorials-0.0.0-py3.10.egg-info/PKG-INFO
[9.846s] -- Installing: /home/tcr3/ros2_personal/install/action_tutorials/local/lib/python3.10/dist-packages/action_tutorials-0.0.0-py3.10.egg-info/SOURCES.txt
[9.848s] -- Installing: /home/tcr3/ros2_personal/install/action_tutorials/local/lib/python3.10/dist-packages/action_tutorials-0.0.0-py3.10.egg-info/dependency_links.txt
[9.849s] -- Installing: /home/tcr3/ros2_personal/install/action_tutorials/local/lib/python3.10/dist-packages/action_tutorials-0.0.0-py3.10.egg-info/top_level.txt
[9.850s] -- Up-to-date: /home/tcr3/ros2_personal/install/action_tutorials/local/lib/python3.10/dist-packages/action_tutorials
[9.851s] -- Up-to-date: /home/tcr3/ros2_personal/install/action_tutorials/local/lib/python3.10/dist-packages/action_tutorials/action_tutorials_s__rosidl_typesupport_introspection_c.cpython-310-aarch64-linux-gnu.so
[9.851s] -- Up-to-date: /home/tcr3/ros2_personal/install/action_tutorials/local/lib/python3.10/dist-packages/action_tutorials/_action_tutorials_s.ep.rosidl_typesupport_introspection_c.c
[9.852s] -- Up-to-date: /home/tcr3/ros2_personal/install/action_tutorials/local/lib/python3.10/dist-packages/action_tutorials/_action_tutorials_s.ep.rosidl_typesupport_c.c
[9.852s] -- Up-to-date: /home/tcr3/ros2_personal/install/action_tutorials/local/lib/python3.10/dist-packages/action_tutorials/_action_tutorials_s.ep.rosidl_typesupport_fastrtps_c.c
[9.853s] -- Up-to-date: /home/tcr3/ros2_personal/install/action_tutorials/local/lib/python3.10/dist-packages/action_tutorials/action_tutorials_s__rosidl_typesupport_fastrtps_c.cpython-310-aarch64-linux-gnu.so
[9.856s] -- Up-to-date: /home/tcr3/ros2_personal/install/action_tutorials/local/lib/python3.10/dist-packages/action_tutorials/libaction_tutorials__rosidl_generator_py.so
[9.857s] -- Up-to-date: /home/tcr3/ros2_personal/install/action_tutorials/local/lib/python3.10/dist-packages/action_tutorials/action_tutorials_s__rosidl_typesupport_c.cpython-310-aarch64-linux-gnu.so
[9.858s] -- Up-to-date: /home/tcr3/ros2_personal/install/action_tutorials/local/lib/python3.10/dist-packages/action_tutorials/action
[9.859s] -- Up-to-date: /home/tcr3/ros2_personal/install/action_tutorials/local/lib/python3.10/dist-packages/action_tutorials/action/_fibonacci_s.c
[9.860s] -- Up-to-date: /home/tcr3/ros2_personal/install/action_tutorials/local/lib/python3.10/dist-packages/action_tutorials/action/_fibonacci.py
[9.912s] -- Up-to-date: /home/tcr3/ros2_personal/install/action_tutorials/local/lib/python3.10/dist-packages/action_tutorials/action/__init__.py
[9.913s] -- Up-to-date: /home/tcr3/ros2_personal/install/action_tutorials/local/lib/python3.10/dist-packages/action_tutorials/__init__.py
[10.181s] Listing '/home/tcr3/ros2_personal/install/action_tutorials/local/lib/python3.10/dist-packages/action_tutorials'...
[10.182s] Listing '/home/tcr3/ros2_personal/install/action_tutorials/local/lib/python3.10/dist-packages/action_tutorials/action'...
[10.228s] -- Up-to-date: /home/tcr3/ros2_personal/install/action_tutorials/local/lib/python3.10/dist-packages/action_tutorials/action_tutorials_s__rosidl_typesupport_fastrtps_c.cpython-310-aarch64-linux-gnu.so
[10.233s] -- Up-to-date: /home/tcr3/ros2_personal/install/action_tutorials/local/lib/python3.10/dist-packages/action_tutorials/action_tutorials_s__rosidl_typesupport_introspection_c.cpython-310-aarch64-linux-gnu.so
[10.240s] -- Up-to-date: /home/tcr3/ros2_personal/install/action_tutorials/local/lib/python3.10/dist-packages/action_tutorials/action_tutorials_s__rosidl_typesupport_c.cpython-310-aarch64-linux-gnu.so
[10.245s] -- Up-to-date: /home/tcr3/ros2_personal/install/action_tutorials/lib/libaction_tutorials__rosidl_generator_py.so
[10.248s] -- Up-to-date: /home/tcr3/ros2_personal/install/action_tutorials/share/action_tutorials/action/Fibonacci.idl
[10.249s] -- Up-to-date: /home/tcr3/ros2_personal/install/action_tutorials/share/action_tutorials/action/Fibonacci.action
[10.253s] -- Up-to-date: /home/tcr3/ros2_personal/install/action_tutorials/share/ament_index/resource_index/package_run_dependencies/action_tutorials
[10.254s] -- Up-to-date: /home/tcr3/ros2_personal/install/action_tutorials/share/ament_index/resource_index/parent_prefix_path/action_tutorials
[10.266s] -- Up-to-date: /home/tcr3/ros2_personal/install/action_tutorials/share/action_tutorials/environment/ament_prefix_path.sh
[10.267s] -- Up-to-date: /home/tcr3/ros2_personal/install/action_tutorials/share/action_tutorials/environment/ament_prefix_path.dsv
[10.268s] -- Up-to-date: /home/tcr3/ros2_personal/install/action_tutorials/share/action_tutorials/environment/path.sh
[10.277s] -- Up-to-date: /home/tcr3/ros2_personal/install/action_tutorials/share/action_tutorials/environment/path.dsv
[10.278s] -- Up-to-date: /home/tcr3/ros2_personal/install/action_tutorials/share/action_tutorials/local_setup.bash
[10.280s] -- Up-to-date: /home/tcr3/ros2_personal/install/action_tutorials/share/action_tutorials/local_setup.sh
[10.281s] -- Up-to-date: /home/tcr3/ros2_personal/install/action_tutorials/share/action_tutorials/local_setup.zsh
[10.283s] -- Up-to-date: /home/tcr3/ros2_personal/install/action_tutorials/share/action_tutorials/local_setup.dsv
[10.284s] -- Installing: /home/tcr3/ros2_personal/install/action_tutorials/share/action_tutorials/package.dsv
[10.293s] -- Up-to-date: /home/tcr3/ros2_personal/install/action_tutorials/share/ament_index/resource_index/packages/action_tutorials
[10.294s] -- Up-to-date: /home/tcr3/ros2_personal/install/action_tutorials/share/action_tutorials/cmake/export_action_tutorials__rosidl_generator_cExport.cmake
[10.296s] -- Up-to-date: /home/tcr3/ros2_personal/install/action_tutorials/share/action_tutorials/cmake/export_action_tutorials__rosidl_generator_cExport-noconfig.cmake
[10.299s] -- Up-to-date: /home/tcr3/ros2_personal/install/action_tutorials/share/action_tutorials/cmake/export_action_tutorials__rosidl_typesupport_fastrtps_cExport.cmake
[10.311s] -- Up-to-date: /home/tcr3/ros2_personal/install/action_tutorials/share/action_tutorials/cmake/export_action_tutorials__rosidl_typesupport_fastrtps_cExport-noconfig.cmake
[10.313s] -- Up-to-date: /home/tcr3/ros2_personal/install/action_tutorials/share/action_tutorials/cmake/action_tutorials__rosidl_typesupport_introspection_cExport.cmake
[10.313s] -- Up-to-date: /home/tcr3/ros2_personal/install/action_tutorials/share/action_tutorials/cmake/action_tutorials__rosidl_typesupport_introspection_cExport-noconfig.cmake
[10.314s] -- Up-to-date: /home/tcr3/ros2_personal/install/action_tutorials/share/action_tutorials/cmake/action_tutorials__rosidl_typesupport_cExport.cmake
[10.316s] -- Up-to-date: /home/tcr3/ros2_personal/install/action_tutorials/share/action_tutorials/cmake/action_tutorials__rosidl_typesupport_cExport-noconfig.cmake
[10.317s] -- Up-to-date: /home/tcr3/ros2_personal/install/action_tutorials/share/action_tutorials/cmake/export_action_tutorials__rosidl_generator_cppExport.cmake
[10.339s] -- Up-to-date: /home/tcr3/ros2_personal/install/action_tutorials/share/action_tutorials/cmake/export_action_tutorials__rosidl_typesupport_fastrtps_cppExport.cmake
[10.343s] -- Up-to-date: /home/tcr3/ros2_personal/install/action_tutorials/share/action_tutorials/cmake/export_action_tutorials__rosidl_typesupport_fastrtps_cppExport-noconfig.cmake
[10.351s] -- Up-to-date: /home/tcr3/ros2_personal/install/action_tutorials/share/action_tutorials/cmake/action_tutorials__rosidl_typesupport_introspection_cppExport.cmake
[10.353s] -- Up-to-date: /home/tcr3/ros2_personal/install/action_tutorials/share/action_tutorials/cmake/action_tutorials__rosidl_typesupport_introspection_cppExport-noconfig.cmake
[10.354s] -- Up-to-date: /home/tcr3/ros2_personal/install/action_tutorials/share/action_tutorials/cmake/action_tutorials__rosidl_typesupport_cppExport.cmake
[10.355s] -- Up-to-date: /home/tcr3/ros2_personal/install/action_tutorials/share/action_tutorials/cmake/action_tutorials__rosidl_typesupport_cppExport-noconfig.cmake
[10.355s] -- Up-to-date: /home/tcr3/ros2_personal/install/action_tutorials/share/action_tutorials/cmake/export_action_tutorials__rosidl_generator_pyExport.cmake
[10.356s] -- Up-to-date: /home/tcr3/ros2_personal/install/action_tutorials/share/action_tutorials/cmake/export_action_tutorials__rosidl_generator_pyExport-noconfig.cmake
[10.361s] -- Up-to-date: /home/tcr3/ros2_personal/install/action_tutorials/share/action_tutorials/cmake/rosidl_cmake-extras.cmake
[10.363s] -- Up-to-date: /home/tcr3/ros2_personal/install/action_tutorials/share/action_tutorials/cmake/ament_cmake_export_dependencies-extras.cmake
[10.368s] -- Up-to-date: /home/tcr3/ros2_personal/install/action_tutorials/share/action_tutorials/cmake/ament_cmake_export_include_directories-extras.cmake
[10.376s] -- Up-to-date: /home/tcr3/ros2_personal/install/action_tutorials/share/action_tutorials/cmake/ament_cmake_export_libraries-extras.cmake
[10.377s] -- Up-to-date: /home/tcr3/ros2_personal/install/action_tutorials/share/action_tutorials/cmake/ament_cmake_export_targets-extras.cmake
[10.378s] -- Up-to-date: /home/tcr3/ros2_personal/install/action_tutorials/share/action_tutorials/cmake/rosidl_cmake_export_typesupport_targets-extras.cmake
[10.379s] -- Up-to-date: /home/tcr3/ros2_personal/install/action_tutorials/share/action_tutorials/cmake/rosidl_cmake_export_typesupport_libraries-extras.cmake
[10.380s] -- Up-to-date: /home/tcr3/ros2_personal/install/action_tutorials/share/action_tutorials/cmake/action_tutorialsConfig.cmake
[10.381s] -- Up-to-date: /home/tcr3/ros2_personal/install/action_tutorials/share/action_tutorials/cmake/action_tutorialsConfig-version.cmake
[10.382s] -- Up-to-date: /home/tcr3/ros2_personal/install/action_tutorials/share/action_tutorials/package.xml
