[0.090s] Invoking command in '/home/tcr3/ros2_personal/build/examples_rclcpp_multithreaded_executor': /usr/bin/cmake --build /home/tcr3/ros2_personal/build/examples_rclcpp_multithreaded_executor -- -j4 -l4
[0.461s] [100%] Built target multithreaded_executor
[0.544s] Invoked command in '/home/tcr3/ros2_personal/build/examples_rclcpp_multithreaded_executor' returned '0': /usr/bin/cmake --build /home/tcr3/ros2_personal/build/examples_rclcpp_multithreaded_executor -- -j4 -l4
[0.878s] Invoking command in '/home/tcr3/ros2_personal/build/examples_rclcpp_multithreaded_executor': /usr/bin/cmake --install /home/tcr3/ros2_personal/build/examples_rclcpp_multithreaded_executor
[0.916s] -- Install configuration: ""
[0.920s] -- Up-to-date: /home/tcr3/ros2_personal/install/examples_rclcpp_multithreaded_executor/lib/examples_rclcpp_multithreaded_executor/multithreaded_executor
[0.924s] -- Up-to-date: /home/tcr3/ros2_personal/install/examples_rclcpp_multithreaded_executor/share/ament_index/resource_index/package_run_dependencies/examples_rclcpp_multithreaded_executor
[0.926s] -- Up-to-date: /home/tcr3/ros2_personal/install/examples_rclcpp_multithreaded_executor/share/ament_index/resource_index/parent_prefix_path/examples_rclcpp_multithreaded_executor
[0.929s] -- Up-to-date: /home/tcr3/ros2_personal/install/examples_rclcpp_multithreaded_executor/share/examples_rclcpp_multithreaded_executor/environment/ament_prefix_path.sh
[0.931s] -- Up-to-date: /home/tcr3/ros2_personal/install/examples_rclcpp_multithreaded_executor/share/examples_rclcpp_multithreaded_executor/environment/ament_prefix_path.dsv
[0.934s] -- Up-to-date: /home/tcr3/ros2_personal/install/examples_rclcpp_multithreaded_executor/share/examples_rclcpp_multithreaded_executor/environment/path.sh
[0.937s] -- Up-to-date: /home/tcr3/ros2_personal/install/examples_rclcpp_multithreaded_executor/share/examples_rclcpp_multithreaded_executor/environment/path.dsv
[0.939s] -- Up-to-date: /home/tcr3/ros2_personal/install/examples_rclcpp_multithreaded_executor/share/examples_rclcpp_multithreaded_executor/local_setup.bash
[0.941s] -- Up-to-date: /home/tcr3/ros2_personal/install/examples_rclcpp_multithreaded_executor/share/examples_rclcpp_multithreaded_executor/local_setup.sh
[0.943s] -- Up-to-date: /home/tcr3/ros2_personal/install/examples_rclcpp_multithreaded_executor/share/examples_rclcpp_multithreaded_executor/local_setup.zsh
[0.947s] -- Up-to-date: /home/tcr3/ros2_personal/install/examples_rclcpp_multithreaded_executor/share/examples_rclcpp_multithreaded_executor/local_setup.dsv
[0.951s] -- Installing: /home/tcr3/ros2_personal/install/examples_rclcpp_multithreaded_executor/share/examples_rclcpp_multithreaded_executor/package.dsv
[0.960s] -- Up-to-date: /home/tcr3/ros2_personal/install/examples_rclcpp_multithreaded_executor/share/ament_index/resource_index/packages/examples_rclcpp_multithreaded_executor
[0.961s] -- Up-to-date: /home/tcr3/ros2_personal/install/examples_rclcpp_multithreaded_executor/share/examples_rclcpp_multithreaded_executor/cmake/examples_rclcpp_multithreaded_executorConfig.cmake
[0.961s] -- Up-to-date: /home/tcr3/ros2_personal/install/examples_rclcpp_multithreaded_executor/share/examples_rclcpp_multithreaded_executor/cmake/examples_rclcpp_multithreaded_executorConfig-version.cmake
[0.962s] -- Up-to-date: /home/tcr3/ros2_personal/install/examples_rclcpp_multithreaded_executor/share/examples_rclcpp_multithreaded_executor/package.xml
[0.994s] Invoked command in '/home/tcr3/ros2_personal/build/examples_rclcpp_multithreaded_executor' returned '0': /usr/bin/cmake --install /home/tcr3/ros2_personal/build/examples_rclcpp_multithreaded_executor
