[12.109s] Invoking command in '/home/tcr3/ros2_personal/src/src/examples/rclpy/guard_conditions': PYTHONPATH=/home/tcr3/ros2_personal/install/examples_rclpy_guard_conditions/lib/python3.10/site-packages:${PYTHONPATH} /usr/bin/python3 setup.py egg_info --egg-base ../../../../../build/examples_rclpy_guard_conditions build --build-base /home/tcr3/ros2_personal/build/examples_rclpy_guard_conditions/build install --prefix /home/tcr3/ros2_personal/install/examples_rclpy_guard_conditions --record /home/tcr3/ros2_personal/build/examples_rclpy_guard_conditions/install.log --single-version-externally-managed
[17.312s] running egg_info
[17.332s] writing ../../../../../build/examples_rclpy_guard_conditions/examples_rclpy_guard_conditions.egg-info/PKG-INFO
[17.340s] writing dependency_links to ../../../../../build/examples_rclpy_guard_conditions/examples_rclpy_guard_conditions.egg-info/dependency_links.txt
[17.341s] writing entry points to ../../../../../build/examples_rclpy_guard_conditions/examples_rclpy_guard_conditions.egg-info/entry_points.txt
[17.361s] writing requirements to ../../../../../build/examples_rclpy_guard_conditions/examples_rclpy_guard_conditions.egg-info/requires.txt
[17.363s] writing top-level names to ../../../../../build/examples_rclpy_guard_conditions/examples_rclpy_guard_conditions.egg-info/top_level.txt
[17.435s] reading manifest file '../../../../../build/examples_rclpy_guard_conditions/examples_rclpy_guard_conditions.egg-info/SOURCES.txt'
[17.459s] writing manifest file '../../../../../build/examples_rclpy_guard_conditions/examples_rclpy_guard_conditions.egg-info/SOURCES.txt'
[17.461s] running build
[17.463s] running build_py
[17.467s] running install
[17.468s] /usr/lib/python3/dist-packages/setuptools/command/install.py:34: SetuptoolsDeprecationWarning: setup.py install is deprecated. Use build and pip and other standards-based tools.
[17.469s]   warnings.warn(
[17.491s] running install_lib
[17.532s] running install_data
[17.540s] running install_egg_info
[17.566s] removing '/home/tcr3/ros2_personal/install/examples_rclpy_guard_conditions/lib/python3.10/site-packages/examples_rclpy_guard_conditions-0.15.0-py3.10.egg-info' (and everything under it)
[17.571s] Copying ../../../../../build/examples_rclpy_guard_conditions/examples_rclpy_guard_conditions.egg-info to /home/tcr3/ros2_personal/install/examples_rclpy_guard_conditions/lib/python3.10/site-packages/examples_rclpy_guard_conditions-0.15.0-py3.10.egg-info
[17.633s] running install_scripts
[17.963s] Installing trigger_guard_condition script to /home/tcr3/ros2_personal/install/examples_rclpy_guard_conditions/lib/examples_rclpy_guard_conditions
[17.978s] writing list of installed files to '/home/tcr3/ros2_personal/build/examples_rclpy_guard_conditions/install.log'
[21.369s] Invoked command in '/home/tcr3/ros2_personal/src/src/examples/rclpy/guard_conditions' returned '0': PYTHONPATH=/home/tcr3/ros2_personal/install/examples_rclpy_guard_conditions/lib/python3.10/site-packages:${PYTHONPATH} /usr/bin/python3 setup.py egg_info --egg-base ../../../../../build/examples_rclpy_guard_conditions build --build-base /home/tcr3/ros2_personal/build/examples_rclpy_guard_conditions/build install --prefix /home/tcr3/ros2_personal/install/examples_rclpy_guard_conditions --record /home/tcr3/ros2_personal/build/examples_rclpy_guard_conditions/install.log --single-version-externally-managed
