[5.328s] Invoking command in '/home/tcr3/ros2_personal/src/src/examples/rclpy/topics/pointcloud_publisher': PYTHONPATH=/home/tcr3/ros2_personal/install/examples_rclpy_pointcloud_publisher/lib/python3.10/site-packages: /usr/bin/python3 setup.py egg_info --egg-base ../../../../../../build/examples_rclpy_pointcloud_publisher build --build-base /home/tcr3/ros2_personal/build/examples_rclpy_pointcloud_publisher/build install --prefix /home/tcr3/ros2_personal/install/examples_rclpy_pointcloud_publisher --record /home/tcr3/ros2_personal/build/examples_rclpy_pointcloud_publisher/install.log --single-version-externally-managed
[6.319s] running egg_info
[6.320s] writing ../../../../../../build/examples_rclpy_pointcloud_publisher/examples_rclpy_pointcloud_publisher.egg-info/PKG-INFO
[6.321s] writing dependency_links to ../../../../../../build/examples_rclpy_pointcloud_publisher/examples_rclpy_pointcloud_publisher.egg-info/dependency_links.txt
[6.322s] writing entry points to ../../../../../../build/examples_rclpy_pointcloud_publisher/examples_rclpy_pointcloud_publisher.egg-info/entry_points.txt
[6.324s] writing requirements to ../../../../../../build/examples_rclpy_pointcloud_publisher/examples_rclpy_pointcloud_publisher.egg-info/requires.txt
[6.325s] writing top-level names to ../../../../../../build/examples_rclpy_pointcloud_publisher/examples_rclpy_pointcloud_publisher.egg-info/top_level.txt
[6.333s] reading manifest file '../../../../../../build/examples_rclpy_pointcloud_publisher/examples_rclpy_pointcloud_publisher.egg-info/SOURCES.txt'
[6.338s] writing manifest file '../../../../../../build/examples_rclpy_pointcloud_publisher/examples_rclpy_pointcloud_publisher.egg-info/SOURCES.txt'
[6.339s] running build
[6.340s] running build_py
[6.341s] running install
[6.343s] /usr/lib/python3/dist-packages/setuptools/command/install.py:34: SetuptoolsDeprecationWarning: setup.py install is deprecated. Use build and pip and other standards-based tools.
[6.344s]   warnings.warn(
[6.345s] running install_lib
[6.350s] running install_data
[6.353s] running install_egg_info
[6.361s] removing '/home/tcr3/ros2_personal/install/examples_rclpy_pointcloud_publisher/lib/python3.10/site-packages/examples_rclpy_pointcloud_publisher-0.15.0-py3.10.egg-info' (and everything under it)
[6.364s] Copying ../../../../../../build/examples_rclpy_pointcloud_publisher/examples_rclpy_pointcloud_publisher.egg-info to /home/tcr3/ros2_personal/install/examples_rclpy_pointcloud_publisher/lib/python3.10/site-packages/examples_rclpy_pointcloud_publisher-0.15.0-py3.10.egg-info
[6.374s] running install_scripts
[6.465s] Installing pointcloud_publisher script to /home/tcr3/ros2_personal/install/examples_rclpy_pointcloud_publisher/lib/examples_rclpy_pointcloud_publisher
[6.467s] writing list of installed files to '/home/tcr3/ros2_personal/build/examples_rclpy_pointcloud_publisher/install.log'
[6.618s] Invoked command in '/home/tcr3/ros2_personal/src/src/examples/rclpy/topics/pointcloud_publisher' returned '0': PYTHONPATH=/home/tcr3/ros2_personal/install/examples_rclpy_pointcloud_publisher/lib/python3.10/site-packages: /usr/bin/python3 setup.py egg_info --egg-base ../../../../../../build/examples_rclpy_pointcloud_publisher build --build-base /home/tcr3/ros2_personal/build/examples_rclpy_pointcloud_publisher/build install --prefix /home/tcr3/ros2_personal/install/examples_rclpy_pointcloud_publisher --record /home/tcr3/ros2_personal/build/examples_rclpy_pointcloud_publisher/install.log --single-version-externally-managed
