[8.886s] Invoking command in '/home/tcr3/ros2_personal/src/src/examples/rclpy/services/minimal_service': PYTHONPATH=/home/tcr3/ros2_personal/install/examples_rclpy_minimal_service/lib/python3.10/site-packages:${PYTHONPATH} /usr/bin/python3 setup.py egg_info --egg-base ../../../../../../build/examples_rclpy_minimal_service build --build-base /home/tcr3/ros2_personal/build/examples_rclpy_minimal_service/build install --prefix /home/tcr3/ros2_personal/install/examples_rclpy_minimal_service --record /home/tcr3/ros2_personal/build/examples_rclpy_minimal_service/install.log --single-version-externally-managed
[10.666s] running egg_info
[10.673s] writing ../../../../../../build/examples_rclpy_minimal_service/examples_rclpy_minimal_service.egg-info/PKG-INFO
[10.677s] writing dependency_links to ../../../../../../build/examples_rclpy_minimal_service/examples_rclpy_minimal_service.egg-info/dependency_links.txt
[10.680s] writing entry points to ../../../../../../build/examples_rclpy_minimal_service/examples_rclpy_minimal_service.egg-info/entry_points.txt
[10.683s] writing requirements to ../../../../../../build/examples_rclpy_minimal_service/examples_rclpy_minimal_service.egg-info/requires.txt
[10.685s] writing top-level names to ../../../../../../build/examples_rclpy_minimal_service/examples_rclpy_minimal_service.egg-info/top_level.txt
[10.700s] reading manifest file '../../../../../../build/examples_rclpy_minimal_service/examples_rclpy_minimal_service.egg-info/SOURCES.txt'
[10.708s] writing manifest file '../../../../../../build/examples_rclpy_minimal_service/examples_rclpy_minimal_service.egg-info/SOURCES.txt'
[10.710s] running build
[10.711s] running build_py
[10.714s] running install
[10.716s] /usr/lib/python3/dist-packages/setuptools/command/install.py:34: SetuptoolsDeprecationWarning: setup.py install is deprecated. Use build and pip and other standards-based tools.
[10.717s]   warnings.warn(
[10.719s] running install_lib
[10.728s] running install_data
[10.733s] running install_egg_info
[10.749s] removing '/home/tcr3/ros2_personal/install/examples_rclpy_minimal_service/lib/python3.10/site-packages/examples_rclpy_minimal_service-0.15.0-py3.10.egg-info' (and everything under it)
[10.755s] Copying ../../../../../../build/examples_rclpy_minimal_service/examples_rclpy_minimal_service.egg-info to /home/tcr3/ros2_personal/install/examples_rclpy_minimal_service/lib/python3.10/site-packages/examples_rclpy_minimal_service-0.15.0-py3.10.egg-info
[10.777s] running install_scripts
[10.901s] Installing service script to /home/tcr3/ros2_personal/install/examples_rclpy_minimal_service/lib/examples_rclpy_minimal_service
[10.904s] Installing service_member_function script to /home/tcr3/ros2_personal/install/examples_rclpy_minimal_service/lib/examples_rclpy_minimal_service
[10.909s] writing list of installed files to '/home/tcr3/ros2_personal/build/examples_rclpy_minimal_service/install.log'
[11.118s] Invoked command in '/home/tcr3/ros2_personal/src/src/examples/rclpy/services/minimal_service' returned '0': PYTHONPATH=/home/tcr3/ros2_personal/install/examples_rclpy_minimal_service/lib/python3.10/site-packages:${PYTHONPATH} /usr/bin/python3 setup.py egg_info --egg-base ../../../../../../build/examples_rclpy_minimal_service build --build-base /home/tcr3/ros2_personal/build/examples_rclpy_minimal_service/build install --prefix /home/tcr3/ros2_personal/install/examples_rclpy_minimal_service --record /home/tcr3/ros2_personal/build/examples_rclpy_minimal_service/install.log --single-version-externally-managed
