[5.244s] Invoking command in '/home/tcr3/ros2_personal/src/src/examples/rclpy/topics/pointcloud_publisher': PYTHONPATH=/home/tcr3/ros2_personal/install/examples_rclpy_pointcloud_publisher/lib/python3.10/site-packages:${PYTHONPATH} /usr/bin/python3 setup.py egg_info --egg-base ../../../../../../build/examples_rclpy_pointcloud_publisher build --build-base /home/tcr3/ros2_personal/build/examples_rclpy_pointcloud_publisher/build install --prefix /home/tcr3/ros2_personal/install/examples_rclpy_pointcloud_publisher --record /home/tcr3/ros2_personal/build/examples_rclpy_pointcloud_publisher/install.log --single-version-externally-managed
[7.434s] running egg_info
[7.440s] writing ../../../../../../build/examples_rclpy_pointcloud_publisher/examples_rclpy_pointcloud_publisher.egg-info/PKG-INFO
[7.451s] writing dependency_links to ../../../../../../build/examples_rclpy_pointcloud_publisher/examples_rclpy_pointcloud_publisher.egg-info/dependency_links.txt
[7.452s] writing entry points to ../../../../../../build/examples_rclpy_pointcloud_publisher/examples_rclpy_pointcloud_publisher.egg-info/entry_points.txt
[7.453s] writing requirements to ../../../../../../build/examples_rclpy_pointcloud_publisher/examples_rclpy_pointcloud_publisher.egg-info/requires.txt
[7.470s] writing top-level names to ../../../../../../build/examples_rclpy_pointcloud_publisher/examples_rclpy_pointcloud_publisher.egg-info/top_level.txt
[7.471s] reading manifest file '../../../../../../build/examples_rclpy_pointcloud_publisher/examples_rclpy_pointcloud_publisher.egg-info/SOURCES.txt'
[7.472s] writing manifest file '../../../../../../build/examples_rclpy_pointcloud_publisher/examples_rclpy_pointcloud_publisher.egg-info/SOURCES.txt'
[7.472s] running build
[7.474s] running build_py
[7.477s] running install
[7.479s] /usr/lib/python3/dist-packages/setuptools/command/install.py:34: SetuptoolsDeprecationWarning: setup.py install is deprecated. Use build and pip and other standards-based tools.
[7.481s]   warnings.warn(
[7.483s] running install_lib
[7.490s] running install_data
[7.493s] running install_egg_info
[7.504s] removing '/home/tcr3/ros2_personal/install/examples_rclpy_pointcloud_publisher/lib/python3.10/site-packages/examples_rclpy_pointcloud_publisher-0.15.0-py3.10.egg-info' (and everything under it)
[7.506s] Copying ../../../../../../build/examples_rclpy_pointcloud_publisher/examples_rclpy_pointcloud_publisher.egg-info to /home/tcr3/ros2_personal/install/examples_rclpy_pointcloud_publisher/lib/python3.10/site-packages/examples_rclpy_pointcloud_publisher-0.15.0-py3.10.egg-info
[7.645s] running install_scripts
[7.811s] Installing pointcloud_publisher script to /home/tcr3/ros2_personal/install/examples_rclpy_pointcloud_publisher/lib/examples_rclpy_pointcloud_publisher
[7.813s] writing list of installed files to '/home/tcr3/ros2_personal/build/examples_rclpy_pointcloud_publisher/install.log'
[7.976s] Invoked command in '/home/tcr3/ros2_personal/src/src/examples/rclpy/topics/pointcloud_publisher' returned '0': PYTHONPATH=/home/tcr3/ros2_personal/install/examples_rclpy_pointcloud_publisher/lib/python3.10/site-packages:${PYTHONPATH} /usr/bin/python3 setup.py egg_info --egg-base ../../../../../../build/examples_rclpy_pointcloud_publisher build --build-base /home/tcr3/ros2_personal/build/examples_rclpy_pointcloud_publisher/build install --prefix /home/tcr3/ros2_personal/install/examples_rclpy_pointcloud_publisher --record /home/tcr3/ros2_personal/build/examples_rclpy_pointcloud_publisher/install.log --single-version-externally-managed
