[0.125s] Invoking command in '/home/tcr3/ros2_personal/build/examples_rclcpp_async_client': CMAKE_PREFIX_PATH=/opt/ros/humble /usr/bin/cmake --build /home/tcr3/ros2_personal/build/examples_rclcpp_async_client -- -j4 -l4
[0.557s] [100%] Built target client_main
[0.765s] Invoked command in '/home/tcr3/ros2_personal/build/examples_rclcpp_async_client' returned '0': CMAKE_PREFIX_PATH=/opt/ros/humble /usr/bin/cmake --build /home/tcr3/ros2_personal/build/examples_rclcpp_async_client -- -j4 -l4
[1.258s] Invoking command in '/home/tcr3/ros2_personal/build/examples_rclcpp_async_client': CMAKE_PREFIX_PATH=/opt/ros/humble /usr/bin/cmake --install /home/tcr3/ros2_personal/build/examples_rclcpp_async_client
[1.324s] -- Install configuration: ""
[1.328s] -- Execute custom install script
[1.331s] -- Up-to-date symlink: /home/tcr3/ros2_personal/install/examples_rclcpp_async_client/lib/examples_rclcpp_async_client/client_main
[1.336s] -- Up-to-date symlink: /home/tcr3/ros2_personal/install/examples_rclcpp_async_client/share/ament_index/resource_index/package_run_dependencies/examples_rclcpp_async_client
[1.339s] -- Up-to-date symlink: /home/tcr3/ros2_personal/install/examples_rclcpp_async_client/share/ament_index/resource_index/parent_prefix_path/examples_rclcpp_async_client
[1.342s] -- Up-to-date symlink: /home/tcr3/ros2_personal/install/examples_rclcpp_async_client/share/examples_rclcpp_async_client/environment/ament_prefix_path.sh
[1.345s] -- Up-to-date symlink: /home/tcr3/ros2_personal/install/examples_rclcpp_async_client/share/examples_rclcpp_async_client/environment/ament_prefix_path.dsv
[1.348s] -- Up-to-date symlink: /home/tcr3/ros2_personal/install/examples_rclcpp_async_client/share/examples_rclcpp_async_client/environment/path.sh
[1.351s] -- Up-to-date symlink: /home/tcr3/ros2_personal/install/examples_rclcpp_async_client/share/examples_rclcpp_async_client/environment/path.dsv
[1.353s] -- Up-to-date symlink: /home/tcr3/ros2_personal/install/examples_rclcpp_async_client/share/examples_rclcpp_async_client/local_setup.bash
[1.357s] -- Up-to-date symlink: /home/tcr3/ros2_personal/install/examples_rclcpp_async_client/share/examples_rclcpp_async_client/local_setup.sh
[1.360s] -- Up-to-date symlink: /home/tcr3/ros2_personal/install/examples_rclcpp_async_client/share/examples_rclcpp_async_client/local_setup.zsh
[1.362s] -- Up-to-date symlink: /home/tcr3/ros2_personal/install/examples_rclcpp_async_client/share/examples_rclcpp_async_client/local_setup.dsv
[1.364s] -- Symlinking: /home/tcr3/ros2_personal/install/examples_rclcpp_async_client/share/examples_rclcpp_async_client/package.dsv
[1.436s] -- Up-to-date symlink: /home/tcr3/ros2_personal/install/examples_rclcpp_async_client/share/ament_index/resource_index/packages/examples_rclcpp_async_client
[1.438s] -- Up-to-date symlink: /home/tcr3/ros2_personal/install/examples_rclcpp_async_client/share/examples_rclcpp_async_client/cmake/examples_rclcpp_async_clientConfig.cmake
[1.439s] -- Up-to-date symlink: /home/tcr3/ros2_personal/install/examples_rclcpp_async_client/share/examples_rclcpp_async_client/cmake/examples_rclcpp_async_clientConfig-version.cmake
[1.440s] -- Up-to-date symlink: /home/tcr3/ros2_personal/install/examples_rclcpp_async_client/share/examples_rclcpp_async_client/package.xml
[1.460s] Invoked command in '/home/tcr3/ros2_personal/build/examples_rclcpp_async_client' returned '0': CMAKE_PREFIX_PATH=/opt/ros/humble /usr/bin/cmake --install /home/tcr3/ros2_personal/build/examples_rclcpp_async_client
