[0.077s] Invoking command in '/home/tcr3/ros2_personal/build/examples_rclcpp_async_client': /usr/bin/cmake /home/tcr3/ros2_personal/src/src/examples/rclcpp/services/async_client -DAMENT_CMAKE_SYMLINK_INSTALL=1 -DCMAKE_INSTALL_PREFIX=/home/tcr3/ros2_personal/install/examples_rclcpp_async_client
[0.385s] -- The C compiler identification is GNU 11.2.0
[0.725s] -- The CXX compiler identification is GNU 11.2.0
[0.772s] -- Detecting C compiler ABI info
[1.189s] -- Detecting C compiler ABI info - done
[1.229s] -- Check for working C compiler: /usr/bin/cc - skipped
[1.229s] -- Detecting C compile features
[1.229s] -- Detecting C compile features - done
[1.236s] -- Detecting CXX compiler ABI info
[1.705s] -- Detecting CXX compiler ABI info - done
[1.741s] -- Check for working CXX compiler: /usr/bin/c++ - skipped
[1.743s] -- Detecting CXX compile features
[1.746s] -- Detecting CXX compile features - done
[1.946s] [31mCMake Error at CMakeLists.txt:13 (find_package):
[1.946s]   By not providing "Findament_cmake.cmake" in CMAKE_MODULE_PATH this project
[1.947s]   has asked CMake to find a package configuration file provided by
[1.947s]   "ament_cmake", but CMake did not find one.
[1.948s] 
[1.949s]   Could not find a package configuration file provided by "ament_cmake" with
[1.949s]   any of the following names:
[1.950s] 
[1.950s]     ament_cmakeConfig.cmake
[1.951s]     ament_cmake-config.cmake
[1.951s] 
[1.952s]   Add the installation prefix of "ament_cmake" to CMAKE_PREFIX_PATH or set
[1.952s]   "ament_cmake_DIR" to a directory containing one of the above files.  If
[1.953s]   "ament_cmake" provides a separate development package or SDK, be sure it
[1.954s]   has been installed.
[1.958s] 
[1.959s] [0m
[1.959s] -- Configuring incomplete, errors occurred!
[1.960s] See also "/home/tcr3/ros2_personal/build/examples_rclcpp_async_client/CMakeFiles/CMakeOutput.log".
