[5.552s] Invoking command in '/home/tcr3/ros2_personal/src/src/examples/rclpy/services/minimal_service': PYTHONPATH=/home/tcr3/ros2_personal/install/examples_rclpy_minimal_service/lib/python3.10/site-packages:${PYTHONPATH} /usr/bin/python3 setup.py egg_info --egg-base ../../../../../../build/examples_rclpy_minimal_service build --build-base /home/tcr3/ros2_personal/build/examples_rclpy_minimal_service/build install --prefix /home/tcr3/ros2_personal/install/examples_rclpy_minimal_service --record /home/tcr3/ros2_personal/build/examples_rclpy_minimal_service/install.log --single-version-externally-managed
[6.925s] running egg_info
[6.925s] writing ../../../../../../build/examples_rclpy_minimal_service/examples_rclpy_minimal_service.egg-info/PKG-INFO
[6.926s] writing dependency_links to ../../../../../../build/examples_rclpy_minimal_service/examples_rclpy_minimal_service.egg-info/dependency_links.txt
[6.935s] writing entry points to ../../../../../../build/examples_rclpy_minimal_service/examples_rclpy_minimal_service.egg-info/entry_points.txt
[6.937s] writing requirements to ../../../../../../build/examples_rclpy_minimal_service/examples_rclpy_minimal_service.egg-info/requires.txt
[6.938s] writing top-level names to ../../../../../../build/examples_rclpy_minimal_service/examples_rclpy_minimal_service.egg-info/top_level.txt
[6.940s] reading manifest file '../../../../../../build/examples_rclpy_minimal_service/examples_rclpy_minimal_service.egg-info/SOURCES.txt'
[6.943s] writing manifest file '../../../../../../build/examples_rclpy_minimal_service/examples_rclpy_minimal_service.egg-info/SOURCES.txt'
[6.951s] running build
[6.951s] running build_py
[6.952s] running install
[6.952s] running install_lib
[6.953s] running install_data
[6.954s] running install_egg_info
[6.955s] removing '/home/tcr3/ros2_personal/install/examples_rclpy_minimal_service/lib/python3.10/site-packages/examples_rclpy_minimal_service-0.15.0-py3.10.egg-info' (and everything under it)
[6.955s] Copying ../../../../../../build/examples_rclpy_minimal_service/examples_rclpy_minimal_service.egg-info to /home/tcr3/ros2_personal/install/examples_rclpy_minimal_service/lib/python3.10/site-packages/examples_rclpy_minimal_service-0.15.0-py3.10.egg-info
[6.956s] running install_scripts
[6.956s] /usr/lib/python3/dist-packages/setuptools/command/install.py:34: SetuptoolsDeprecationWarning: setup.py install is deprecated. Use build and pip and other standards-based tools.
[6.957s]   warnings.warn(
[6.986s] Installing service script to /home/tcr3/ros2_personal/install/examples_rclpy_minimal_service/lib/examples_rclpy_minimal_service
[6.987s] Installing service_member_function script to /home/tcr3/ros2_personal/install/examples_rclpy_minimal_service/lib/examples_rclpy_minimal_service
[6.990s] writing list of installed files to '/home/tcr3/ros2_personal/build/examples_rclpy_minimal_service/install.log'
[8.402s] Invoked command in '/home/tcr3/ros2_personal/src/src/examples/rclpy/services/minimal_service' returned '0': PYTHONPATH=/home/tcr3/ros2_personal/install/examples_rclpy_minimal_service/lib/python3.10/site-packages:${PYTHONPATH} /usr/bin/python3 setup.py egg_info --egg-base ../../../../../../build/examples_rclpy_minimal_service build --build-base /home/tcr3/ros2_personal/build/examples_rclpy_minimal_service/build install --prefix /home/tcr3/ros2_personal/install/examples_rclpy_minimal_service --record /home/tcr3/ros2_personal/build/examples_rclpy_minimal_service/install.log --single-version-externally-managed
