[0.223s] Invoking command in '/home/tcr3/ros2_personal/build/examples_rclcpp_wait_set': CMAKE_PREFIX_PATH=${CMAKE_PREFIX_PATH}:/opt/ros/humble:/home/tcr3/ros2_personal/install/my_package:/home/tcr3/ros2_personal/install/launch_testing_examples:/home/tcr3/ros2_personal/install/examples_rclpy_pointcloud_publisher:/home/tcr3/ros2_personal/install/examples_rclpy_minimal_subscriber:/home/tcr3/ros2_personal/install/examples_rclpy_minimal_service:/home/tcr3/ros2_personal/install/examples_rclpy_minimal_publisher:/home/tcr3/ros2_personal/install/examples_rclpy_minimal_client:/home/tcr3/ros2_personal/install/examples_rclpy_minimal_action_server:/home/tcr3/ros2_personal/install/examples_rclpy_minimal_action_client:/home/tcr3/ros2_personal/install/examples_rclpy_guard_conditions:/home/tcr3/ros2_personal/install/examples_rclpy_executors /usr/bin/cmake --build /home/tcr3/ros2_personal/build/examples_rclcpp_wait_set -- -j4 -l4
[0.607s] [  8%] Built target talker
[0.673s] [ 16%] Built target wait_set_listener
[0.680s] [ 25%] Built target wait_set_talker
[0.687s] [ 33%] Built target listener
[0.901s] [ 41%] Built target wait_set
[0.960s] [ 50%] Built target thread_safe_wait_set
[0.975s] [ 58%] Built target static_wait_set
[0.996s] [ 66%] Built target wait_set_topics_and_timer
[1.235s] [ 75%] Built target executor_random_order
[1.241s] [ 83%] Built target wait_set_topics_with_different_rates
[1.254s] [ 91%] Built target wait_set_random_order
[1.260s] [100%] Built target wait_set_composed
[2.212s] Invoked command in '/home/tcr3/ros2_personal/build/examples_rclcpp_wait_set' returned '0': CMAKE_PREFIX_PATH=${CMAKE_PREFIX_PATH}:/opt/ros/humble:/home/tcr3/ros2_personal/install/my_package:/home/tcr3/ros2_personal/install/launch_testing_examples:/home/tcr3/ros2_personal/install/examples_rclpy_pointcloud_publisher:/home/tcr3/ros2_personal/install/examples_rclpy_minimal_subscriber:/home/tcr3/ros2_personal/install/examples_rclpy_minimal_service:/home/tcr3/ros2_personal/install/examples_rclpy_minimal_publisher:/home/tcr3/ros2_personal/install/examples_rclpy_minimal_client:/home/tcr3/ros2_personal/install/examples_rclpy_minimal_action_server:/home/tcr3/ros2_personal/install/examples_rclpy_minimal_action_client:/home/tcr3/ros2_personal/install/examples_rclpy_guard_conditions:/home/tcr3/ros2_personal/install/examples_rclpy_executors /usr/bin/cmake --build /home/tcr3/ros2_personal/build/examples_rclcpp_wait_set -- -j4 -l4
[3.583s] Invoking command in '/home/tcr3/ros2_personal/build/examples_rclcpp_wait_set': CMAKE_PREFIX_PATH=${CMAKE_PREFIX_PATH}:/opt/ros/humble:/home/tcr3/ros2_personal/install/my_package:/home/tcr3/ros2_personal/install/launch_testing_examples:/home/tcr3/ros2_personal/install/examples_rclpy_pointcloud_publisher:/home/tcr3/ros2_personal/install/examples_rclpy_minimal_subscriber:/home/tcr3/ros2_personal/install/examples_rclpy_minimal_service:/home/tcr3/ros2_personal/install/examples_rclpy_minimal_publisher:/home/tcr3/ros2_personal/install/examples_rclpy_minimal_client:/home/tcr3/ros2_personal/install/examples_rclpy_minimal_action_server:/home/tcr3/ros2_personal/install/examples_rclpy_minimal_action_client:/home/tcr3/ros2_personal/install/examples_rclpy_guard_conditions:/home/tcr3/ros2_personal/install/examples_rclpy_executors /usr/bin/cmake --install /home/tcr3/ros2_personal/build/examples_rclcpp_wait_set
[3.638s] -- Install configuration: ""
[3.638s] -- Up-to-date: /home/tcr3/ros2_personal/install/examples_rclcpp_wait_set/lib/examples_rclcpp_wait_set/wait_set_talker
[3.639s] -- Up-to-date: /home/tcr3/ros2_personal/install/examples_rclcpp_wait_set/lib/examples_rclcpp_wait_set/wait_set_listener
[3.640s] -- Up-to-date: /home/tcr3/ros2_personal/install/examples_rclcpp_wait_set/lib/libtalker.so
[3.643s] -- Up-to-date: /home/tcr3/ros2_personal/install/examples_rclcpp_wait_set/lib/liblistener.so
[3.646s] -- Up-to-date: /home/tcr3/ros2_personal/install/examples_rclcpp_wait_set/lib/examples_rclcpp_wait_set/wait_set
[3.650s] -- Up-to-date: /home/tcr3/ros2_personal/install/examples_rclcpp_wait_set/lib/examples_rclcpp_wait_set/static_wait_set
[3.654s] -- Up-to-date: /home/tcr3/ros2_personal/install/examples_rclcpp_wait_set/lib/examples_rclcpp_wait_set/thread_safe_wait_set
[3.659s] -- Up-to-date: /home/tcr3/ros2_personal/install/examples_rclcpp_wait_set/lib/examples_rclcpp_wait_set/wait_set_topics_and_timer
[3.663s] -- Up-to-date: /home/tcr3/ros2_personal/install/examples_rclcpp_wait_set/lib/examples_rclcpp_wait_set/wait_set_random_order
[3.670s] -- Up-to-date: /home/tcr3/ros2_personal/install/examples_rclcpp_wait_set/lib/examples_rclcpp_wait_set/executor_random_order
[3.675s] -- Up-to-date: /home/tcr3/ros2_personal/install/examples_rclcpp_wait_set/lib/examples_rclcpp_wait_set/wait_set_topics_with_different_rates
[3.680s] -- Up-to-date: /home/tcr3/ros2_personal/install/examples_rclcpp_wait_set/lib/examples_rclcpp_wait_set/wait_set_composed
[3.682s] -- Up-to-date: /home/tcr3/ros2_personal/install/examples_rclcpp_wait_set/share/ament_index/resource_index/package_run_dependencies/examples_rclcpp_wait_set
[3.684s] -- Up-to-date: /home/tcr3/ros2_personal/install/examples_rclcpp_wait_set/share/ament_index/resource_index/parent_prefix_path/examples_rclcpp_wait_set
[3.686s] -- Up-to-date: /home/tcr3/ros2_personal/install/examples_rclcpp_wait_set/share/examples_rclcpp_wait_set/environment/ament_prefix_path.sh
[3.687s] -- Up-to-date: /home/tcr3/ros2_personal/install/examples_rclcpp_wait_set/share/examples_rclcpp_wait_set/environment/ament_prefix_path.dsv
[3.690s] -- Up-to-date: /home/tcr3/ros2_personal/install/examples_rclcpp_wait_set/share/examples_rclcpp_wait_set/environment/path.sh
[3.690s] -- Up-to-date: /home/tcr3/ros2_personal/install/examples_rclcpp_wait_set/share/examples_rclcpp_wait_set/environment/path.dsv
[3.691s] -- Up-to-date: /home/tcr3/ros2_personal/install/examples_rclcpp_wait_set/share/examples_rclcpp_wait_set/local_setup.bash
[3.692s] -- Up-to-date: /home/tcr3/ros2_personal/install/examples_rclcpp_wait_set/share/examples_rclcpp_wait_set/local_setup.sh
[3.693s] -- Up-to-date: /home/tcr3/ros2_personal/install/examples_rclcpp_wait_set/share/examples_rclcpp_wait_set/local_setup.zsh
[3.693s] -- Up-to-date: /home/tcr3/ros2_personal/install/examples_rclcpp_wait_set/share/examples_rclcpp_wait_set/local_setup.dsv
[3.694s] -- Installing: /home/tcr3/ros2_personal/install/examples_rclcpp_wait_set/share/examples_rclcpp_wait_set/package.dsv
[3.695s] -- Up-to-date: /home/tcr3/ros2_personal/install/examples_rclcpp_wait_set/share/ament_index/resource_index/packages/examples_rclcpp_wait_set
[3.696s] -- Up-to-date: /home/tcr3/ros2_personal/install/examples_rclcpp_wait_set/share/ament_index/resource_index/rclcpp_components/examples_rclcpp_wait_set
[3.698s] -- Up-to-date: /home/tcr3/ros2_personal/install/examples_rclcpp_wait_set/share/examples_rclcpp_wait_set/cmake/examples_rclcpp_wait_setConfig.cmake
[3.706s] -- Up-to-date: /home/tcr3/ros2_personal/install/examples_rclcpp_wait_set/share/examples_rclcpp_wait_set/cmake/examples_rclcpp_wait_setConfig-version.cmake
[3.723s] -- Up-to-date: /home/tcr3/ros2_personal/install/examples_rclcpp_wait_set/share/examples_rclcpp_wait_set/package.xml
[3.728s] Invoked command in '/home/tcr3/ros2_personal/build/examples_rclcpp_wait_set' returned '0': CMAKE_PREFIX_PATH=${CMAKE_PREFIX_PATH}:/opt/ros/humble:/home/tcr3/ros2_personal/install/my_package:/home/tcr3/ros2_personal/install/launch_testing_examples:/home/tcr3/ros2_personal/install/examples_rclpy_pointcloud_publisher:/home/tcr3/ros2_personal/install/examples_rclpy_minimal_subscriber:/home/tcr3/ros2_personal/install/examples_rclpy_minimal_service:/home/tcr3/ros2_personal/install/examples_rclpy_minimal_publisher:/home/tcr3/ros2_personal/install/examples_rclpy_minimal_client:/home/tcr3/ros2_personal/install/examples_rclpy_minimal_action_server:/home/tcr3/ros2_personal/install/examples_rclpy_minimal_action_client:/home/tcr3/ros2_personal/install/examples_rclpy_guard_conditions:/home/tcr3/ros2_personal/install/examples_rclpy_executors /usr/bin/cmake --install /home/tcr3/ros2_personal/build/examples_rclcpp_wait_set
