[0.089s] Invoking command in '/home/tcr3/ros2_personal/src/build/examples_rclcpp_minimal_action_server': /usr/bin/cmake /home/tcr3/ros2_personal/src/src/examples/rclcpp/actions/minimal_action_server -DAMENT_CMAKE_SYMLINK_INSTALL=1 -DCMAKE_INSTALL_PREFIX=/home/tcr3/ros2_personal/src/install/examples_rclcpp_minimal_action_server
[0.405s] -- The C compiler identification is GNU 11.2.0
[0.740s] -- The CXX compiler identification is GNU 11.2.0
[0.769s] -- Detecting C compiler ABI info
[1.169s] -- Detecting C compiler ABI info - done
[1.196s] -- Check for working C compiler: /usr/bin/cc - skipped
[1.197s] -- Detecting C compile features
[1.199s] -- Detecting C compile features - done
[1.212s] -- Detecting CXX compiler ABI info
[1.669s] -- Detecting CXX compiler ABI info - done
[1.705s] -- Check for working CXX compiler: /usr/bin/c++ - skipped
[1.707s] -- Detecting CXX compile features
[1.710s] -- Detecting CXX compile features - done
[1.866s] [31mCMake Error at CMakeLists.txt:13 (find_package):
[1.867s]   By not providing "Findament_cmake.cmake" in CMAKE_MODULE_PATH this project
[1.868s]   has asked CMake to find a package configuration file provided by
[1.868s]   "ament_cmake", but CMake did not find one.
[1.869s] 
[1.869s]   Could not find a package configuration file provided by "ament_cmake" with
[1.870s]   any of the following names:
[1.870s] 
[1.871s]     ament_cmakeConfig.cmake
[1.872s]     ament_cmake-config.cmake
[1.883s] 
[1.884s]   Add the installation prefix of "ament_cmake" to CMAKE_PREFIX_PATH or set
[1.885s]   "ament_cmake_DIR" to a directory containing one of the above files.  If
[1.897s]   "ament_cmake" provides a separate development package or SDK, be sure it
[1.898s]   has been installed.
[1.899s] 
[1.900s] [0m
[1.901s] -- Configuring incomplete, errors occurred!
[1.903s] See also "/home/tcr3/ros2_personal/src/build/examples_rclcpp_minimal_action_server/CMakeFiles/CMakeOutput.log".
[1.934s] Invoked command in '/home/tcr3/ros2_personal/src/build/examples_rclcpp_minimal_action_server' returned '1': /usr/bin/cmake /home/tcr3/ros2_personal/src/src/examples/rclcpp/actions/minimal_action_server -DAMENT_CMAKE_SYMLINK_INSTALL=1 -DCMAKE_INSTALL_PREFIX=/home/tcr3/ros2_personal/src/install/examples_rclcpp_minimal_action_server
