[0.084s] Invoking command in '/home/tcr3/ros2_personal/build/action_tutorials_interfaces': /usr/bin/cmake /home/tcr3/ros2_personal/src/action_tutorials_interfaces -DCMAKE_INSTALL_PREFIX=/home/tcr3/ros2_personal/install/action_tutorials_interfaces
[0.434s] -- The C compiler identification is GNU 11.2.0
[0.899s] -- The CXX compiler identification is GNU 11.2.0
[0.928s] -- Detecting C compiler ABI info
[1.294s] -- Detecting C compiler ABI info - done
[1.318s] -- Check for working C compiler: /usr/bin/cc - skipped
[1.319s] -- Detecting C compile features
[1.321s] -- Detecting C compile features - done
[1.335s] -- Detecting CXX compiler ABI info
[1.735s] -- Detecting CXX compiler ABI info - done
[1.776s] -- Check for working CXX compiler: /usr/bin/c++ - skipped
[1.777s] -- Detecting CXX compile features
[1.779s] -- Detecting CXX compile features - done
[1.960s] [31mCMake Error at CMakeLists.txt:9 (find_package):
[1.961s]   By not providing "Findament_cmake.cmake" in CMAKE_MODULE_PATH this project
[1.962s]   has asked CMake to find a package configuration file provided by
[1.965s]   "ament_cmake", but CMake did not find one.
[1.965s] 
[1.966s]   Could not find a package configuration file provided by "ament_cmake" with
[1.966s]   any of the following names:
[1.967s] 
[1.969s]     ament_cmakeConfig.cmake
[1.970s]     ament_cmake-config.cmake
[1.970s] 
[1.971s]   Add the installation prefix of "ament_cmake" to CMAKE_PREFIX_PATH or set
[1.972s]   "ament_cmake_DIR" to a directory containing one of the above files.  If
[1.973s]   "ament_cmake" provides a separate development package or SDK, be sure it
[1.974s]   has been installed.
[1.975s] 
[1.977s] [0m
[1.978s] -- Configuring incomplete, errors occurred!
[1.979s] See also "/home/tcr3/ros2_personal/build/action_tutorials_interfaces/CMakeFiles/CMakeOutput.log".
[1.986s] Invoked command in '/home/tcr3/ros2_personal/build/action_tutorials_interfaces' returned '1': /usr/bin/cmake /home/tcr3/ros2_personal/src/action_tutorials_interfaces -DCMAKE_INSTALL_PREFIX=/home/tcr3/ros2_personal/install/action_tutorials_interfaces
