[0.197s] Invoking command in '/home/tcr3/ros2_personal/build/examples_rclcpp_minimal_composition': CMAKE_PREFIX_PATH=${CMAKE_PREFIX_PATH}:/home/tcr3/ros2_personal/install/launch_testing_examples:/home/tcr3/ros2_personal/install/examples_rclpy_pointcloud_publisher:/home/tcr3/ros2_personal/install/examples_rclpy_minimal_subscriber:/home/tcr3/ros2_personal/install/examples_rclpy_minimal_service:/home/tcr3/ros2_personal/install/examples_rclpy_minimal_publisher:/home/tcr3/ros2_personal/install/examples_rclpy_minimal_client:/home/tcr3/ros2_personal/install/examples_rclpy_minimal_action_server:/home/tcr3/ros2_personal/install/examples_rclpy_minimal_action_client:/home/tcr3/ros2_personal/install/examples_rclpy_guard_conditions:/home/tcr3/ros2_personal/install/examples_rclpy_executors:/opt/ros/humble /usr/bin/cmake --build /home/tcr3/ros2_personal/build/examples_rclcpp_minimal_composition -- -j4 -l4
[0.382s] [35m[1mConsolidate compiler generated dependencies of target composition_nodes[0m
[0.500s] [ 33%] Built target composition_nodes
[0.600s] [35m[1mConsolidate compiler generated dependencies of target composition_publisher[0m
[0.633s] [35m[1mConsolidate compiler generated dependencies of target composition_composed[0m
[0.643s] [35m[1mConsolidate compiler generated dependencies of target composition_subscriber[0m
[0.808s] [ 55%] Built target composition_publisher
[0.829s] [ 77%] Built target composition_subscriber
[0.838s] [100%] Built target composition_composed
[0.916s] Invoked command in '/home/tcr3/ros2_personal/build/examples_rclcpp_minimal_composition' returned '0': CMAKE_PREFIX_PATH=${CMAKE_PREFIX_PATH}:/home/tcr3/ros2_personal/install/launch_testing_examples:/home/tcr3/ros2_personal/install/examples_rclpy_pointcloud_publisher:/home/tcr3/ros2_personal/install/examples_rclpy_minimal_subscriber:/home/tcr3/ros2_personal/install/examples_rclpy_minimal_service:/home/tcr3/ros2_personal/install/examples_rclpy_minimal_publisher:/home/tcr3/ros2_personal/install/examples_rclpy_minimal_client:/home/tcr3/ros2_personal/install/examples_rclpy_minimal_action_server:/home/tcr3/ros2_personal/install/examples_rclpy_minimal_action_client:/home/tcr3/ros2_personal/install/examples_rclpy_guard_conditions:/home/tcr3/ros2_personal/install/examples_rclpy_executors:/opt/ros/humble /usr/bin/cmake --build /home/tcr3/ros2_personal/build/examples_rclcpp_minimal_composition -- -j4 -l4
[1.324s] Invoking command in '/home/tcr3/ros2_personal/build/examples_rclcpp_minimal_composition': CMAKE_PREFIX_PATH=${CMAKE_PREFIX_PATH}:/home/tcr3/ros2_personal/install/launch_testing_examples:/home/tcr3/ros2_personal/install/examples_rclpy_pointcloud_publisher:/home/tcr3/ros2_personal/install/examples_rclpy_minimal_subscriber:/home/tcr3/ros2_personal/install/examples_rclpy_minimal_service:/home/tcr3/ros2_personal/install/examples_rclpy_minimal_publisher:/home/tcr3/ros2_personal/install/examples_rclpy_minimal_client:/home/tcr3/ros2_personal/install/examples_rclpy_minimal_action_server:/home/tcr3/ros2_personal/install/examples_rclpy_minimal_action_client:/home/tcr3/ros2_personal/install/examples_rclpy_guard_conditions:/home/tcr3/ros2_personal/install/examples_rclpy_executors:/opt/ros/humble /usr/bin/cmake --install /home/tcr3/ros2_personal/build/examples_rclcpp_minimal_composition
[1.389s] -- Install configuration: ""
[1.390s] -- Up-to-date: /home/tcr3/ros2_personal/install/examples_rclcpp_minimal_composition/share/examples_rclcpp_minimal_composition/environment/library_path.sh
[1.400s] -- Up-to-date: /home/tcr3/ros2_personal/install/examples_rclcpp_minimal_composition/share/examples_rclcpp_minimal_composition/environment/library_path.dsv
[1.403s] -- Up-to-date: /home/tcr3/ros2_personal/install/examples_rclcpp_minimal_composition/lib/libcomposition_nodes.so
[1.403s] -- Up-to-date: /home/tcr3/ros2_personal/install/examples_rclcpp_minimal_composition/lib/examples_rclcpp_minimal_composition/composition_publisher
[1.404s] -- Up-to-date: /home/tcr3/ros2_personal/install/examples_rclcpp_minimal_composition/lib/examples_rclcpp_minimal_composition/composition_subscriber
[1.404s] -- Up-to-date: /home/tcr3/ros2_personal/install/examples_rclcpp_minimal_composition/lib/examples_rclcpp_minimal_composition/composition_composed
[1.404s] -- Up-to-date: /home/tcr3/ros2_personal/install/examples_rclcpp_minimal_composition/share/ament_index/resource_index/package_run_dependencies/examples_rclcpp_minimal_composition
[1.405s] -- Up-to-date: /home/tcr3/ros2_personal/install/examples_rclcpp_minimal_composition/share/ament_index/resource_index/parent_prefix_path/examples_rclcpp_minimal_composition
[1.405s] -- Up-to-date: /home/tcr3/ros2_personal/install/examples_rclcpp_minimal_composition/share/examples_rclcpp_minimal_composition/environment/ament_prefix_path.sh
[1.406s] -- Up-to-date: /home/tcr3/ros2_personal/install/examples_rclcpp_minimal_composition/share/examples_rclcpp_minimal_composition/environment/ament_prefix_path.dsv
[1.406s] -- Up-to-date: /home/tcr3/ros2_personal/install/examples_rclcpp_minimal_composition/share/examples_rclcpp_minimal_composition/environment/path.sh
[1.407s] -- Up-to-date: /home/tcr3/ros2_personal/install/examples_rclcpp_minimal_composition/share/examples_rclcpp_minimal_composition/environment/path.dsv
[1.407s] -- Up-to-date: /home/tcr3/ros2_personal/install/examples_rclcpp_minimal_composition/share/examples_rclcpp_minimal_composition/local_setup.bash
[1.408s] -- Up-to-date: /home/tcr3/ros2_personal/install/examples_rclcpp_minimal_composition/share/examples_rclcpp_minimal_composition/local_setup.sh
[1.409s] -- Up-to-date: /home/tcr3/ros2_personal/install/examples_rclcpp_minimal_composition/share/examples_rclcpp_minimal_composition/local_setup.zsh
[1.409s] -- Up-to-date: /home/tcr3/ros2_personal/install/examples_rclcpp_minimal_composition/share/examples_rclcpp_minimal_composition/local_setup.dsv
[1.409s] -- Installing: /home/tcr3/ros2_personal/install/examples_rclcpp_minimal_composition/share/examples_rclcpp_minimal_composition/package.dsv
[1.410s] -- Up-to-date: /home/tcr3/ros2_personal/install/examples_rclcpp_minimal_composition/share/ament_index/resource_index/packages/examples_rclcpp_minimal_composition
[1.410s] -- Up-to-date: /home/tcr3/ros2_personal/install/examples_rclcpp_minimal_composition/share/examples_rclcpp_minimal_composition/cmake/examples_rclcpp_minimal_compositionConfig.cmake
[1.411s] -- Up-to-date: /home/tcr3/ros2_personal/install/examples_rclcpp_minimal_composition/share/examples_rclcpp_minimal_composition/cmake/examples_rclcpp_minimal_compositionConfig-version.cmake
[1.411s] -- Up-to-date: /home/tcr3/ros2_personal/install/examples_rclcpp_minimal_composition/share/examples_rclcpp_minimal_composition/package.xml
[1.412s] Invoked command in '/home/tcr3/ros2_personal/build/examples_rclcpp_minimal_composition' returned '0': CMAKE_PREFIX_PATH=${CMAKE_PREFIX_PATH}:/home/tcr3/ros2_personal/install/launch_testing_examples:/home/tcr3/ros2_personal/install/examples_rclpy_pointcloud_publisher:/home/tcr3/ros2_personal/install/examples_rclpy_minimal_subscriber:/home/tcr3/ros2_personal/install/examples_rclpy_minimal_service:/home/tcr3/ros2_personal/install/examples_rclpy_minimal_publisher:/home/tcr3/ros2_personal/install/examples_rclpy_minimal_client:/home/tcr3/ros2_personal/install/examples_rclpy_minimal_action_server:/home/tcr3/ros2_personal/install/examples_rclpy_minimal_action_client:/home/tcr3/ros2_personal/install/examples_rclpy_guard_conditions:/home/tcr3/ros2_personal/install/examples_rclpy_executors:/opt/ros/humble /usr/bin/cmake --install /home/tcr3/ros2_personal/build/examples_rclcpp_minimal_composition
