[0.173s] Invoking command in '/home/tcr3/ros2_personal/build/examples_rclcpp_async_client': CMAKE_PREFIX_PATH=${CMAKE_PREFIX_PATH}:/opt/ros/humble:/home/tcr3/ros2_personal/install/my_package:/home/tcr3/ros2_personal/install/launch_testing_examples:/home/tcr3/ros2_personal/install/examples_rclpy_pointcloud_publisher:/home/tcr3/ros2_personal/install/examples_rclpy_minimal_subscriber:/home/tcr3/ros2_personal/install/examples_rclpy_minimal_service:/home/tcr3/ros2_personal/install/examples_rclpy_minimal_publisher:/home/tcr3/ros2_personal/install/examples_rclpy_minimal_client:/home/tcr3/ros2_personal/install/examples_rclpy_minimal_action_server:/home/tcr3/ros2_personal/install/examples_rclpy_minimal_action_client:/home/tcr3/ros2_personal/install/examples_rclpy_guard_conditions:/home/tcr3/ros2_personal/install/examples_rclpy_executors /usr/bin/cmake --build /home/tcr3/ros2_personal/build/examples_rclcpp_async_client -- -j4 -l4
[0.648s] [100%] Built target client_main
[0.739s] Invoked command in '/home/tcr3/ros2_personal/build/examples_rclcpp_async_client' returned '0': CMAKE_PREFIX_PATH=${CMAKE_PREFIX_PATH}:/opt/ros/humble:/home/tcr3/ros2_personal/install/my_package:/home/tcr3/ros2_personal/install/launch_testing_examples:/home/tcr3/ros2_personal/install/examples_rclpy_pointcloud_publisher:/home/tcr3/ros2_personal/install/examples_rclpy_minimal_subscriber:/home/tcr3/ros2_personal/install/examples_rclpy_minimal_service:/home/tcr3/ros2_personal/install/examples_rclpy_minimal_publisher:/home/tcr3/ros2_personal/install/examples_rclpy_minimal_client:/home/tcr3/ros2_personal/install/examples_rclpy_minimal_action_server:/home/tcr3/ros2_personal/install/examples_rclpy_minimal_action_client:/home/tcr3/ros2_personal/install/examples_rclpy_guard_conditions:/home/tcr3/ros2_personal/install/examples_rclpy_executors /usr/bin/cmake --build /home/tcr3/ros2_personal/build/examples_rclcpp_async_client -- -j4 -l4
[1.118s] Invoking command in '/home/tcr3/ros2_personal/build/examples_rclcpp_async_client': CMAKE_PREFIX_PATH=${CMAKE_PREFIX_PATH}:/opt/ros/humble:/home/tcr3/ros2_personal/install/my_package:/home/tcr3/ros2_personal/install/launch_testing_examples:/home/tcr3/ros2_personal/install/examples_rclpy_pointcloud_publisher:/home/tcr3/ros2_personal/install/examples_rclpy_minimal_subscriber:/home/tcr3/ros2_personal/install/examples_rclpy_minimal_service:/home/tcr3/ros2_personal/install/examples_rclpy_minimal_publisher:/home/tcr3/ros2_personal/install/examples_rclpy_minimal_client:/home/tcr3/ros2_personal/install/examples_rclpy_minimal_action_server:/home/tcr3/ros2_personal/install/examples_rclpy_minimal_action_client:/home/tcr3/ros2_personal/install/examples_rclpy_guard_conditions:/home/tcr3/ros2_personal/install/examples_rclpy_executors /usr/bin/cmake --install /home/tcr3/ros2_personal/build/examples_rclcpp_async_client
[1.169s] -- Install configuration: ""
[1.172s] -- Execute custom install script
[1.179s] -- Up-to-date symlink: /home/tcr3/ros2_personal/install/examples_rclcpp_async_client/lib/examples_rclcpp_async_client/client_main
[1.181s] -- Up-to-date symlink: /home/tcr3/ros2_personal/install/examples_rclcpp_async_client/share/ament_index/resource_index/package_run_dependencies/examples_rclcpp_async_client
[1.183s] -- Up-to-date symlink: /home/tcr3/ros2_personal/install/examples_rclcpp_async_client/share/ament_index/resource_index/parent_prefix_path/examples_rclcpp_async_client
[1.185s] -- Up-to-date symlink: /home/tcr3/ros2_personal/install/examples_rclcpp_async_client/share/examples_rclcpp_async_client/environment/ament_prefix_path.sh
[1.187s] -- Up-to-date symlink: /home/tcr3/ros2_personal/install/examples_rclcpp_async_client/share/examples_rclcpp_async_client/environment/ament_prefix_path.dsv
[1.190s] -- Up-to-date symlink: /home/tcr3/ros2_personal/install/examples_rclcpp_async_client/share/examples_rclcpp_async_client/environment/path.sh
[1.191s] -- Up-to-date symlink: /home/tcr3/ros2_personal/install/examples_rclcpp_async_client/share/examples_rclcpp_async_client/environment/path.dsv
[1.192s] -- Up-to-date symlink: /home/tcr3/ros2_personal/install/examples_rclcpp_async_client/share/examples_rclcpp_async_client/local_setup.bash
[1.198s] -- Up-to-date symlink: /home/tcr3/ros2_personal/install/examples_rclcpp_async_client/share/examples_rclcpp_async_client/local_setup.sh
[1.201s] -- Up-to-date symlink: /home/tcr3/ros2_personal/install/examples_rclcpp_async_client/share/examples_rclcpp_async_client/local_setup.zsh
[1.202s] -- Up-to-date symlink: /home/tcr3/ros2_personal/install/examples_rclcpp_async_client/share/examples_rclcpp_async_client/local_setup.dsv
[1.204s] -- Symlinking: /home/tcr3/ros2_personal/install/examples_rclcpp_async_client/share/examples_rclcpp_async_client/package.dsv
[1.277s] -- Up-to-date symlink: /home/tcr3/ros2_personal/install/examples_rclcpp_async_client/share/ament_index/resource_index/packages/examples_rclcpp_async_client
[1.278s] -- Up-to-date symlink: /home/tcr3/ros2_personal/install/examples_rclcpp_async_client/share/examples_rclcpp_async_client/cmake/examples_rclcpp_async_clientConfig.cmake
[1.280s] -- Up-to-date symlink: /home/tcr3/ros2_personal/install/examples_rclcpp_async_client/share/examples_rclcpp_async_client/cmake/examples_rclcpp_async_clientConfig-version.cmake
[1.282s] -- Up-to-date symlink: /home/tcr3/ros2_personal/install/examples_rclcpp_async_client/share/examples_rclcpp_async_client/package.xml
[1.294s] Invoked command in '/home/tcr3/ros2_personal/build/examples_rclcpp_async_client' returned '0': CMAKE_PREFIX_PATH=${CMAKE_PREFIX_PATH}:/opt/ros/humble:/home/tcr3/ros2_personal/install/my_package:/home/tcr3/ros2_personal/install/launch_testing_examples:/home/tcr3/ros2_personal/install/examples_rclpy_pointcloud_publisher:/home/tcr3/ros2_personal/install/examples_rclpy_minimal_subscriber:/home/tcr3/ros2_personal/install/examples_rclpy_minimal_service:/home/tcr3/ros2_personal/install/examples_rclpy_minimal_publisher:/home/tcr3/ros2_personal/install/examples_rclpy_minimal_client:/home/tcr3/ros2_personal/install/examples_rclpy_minimal_action_server:/home/tcr3/ros2_personal/install/examples_rclpy_minimal_action_client:/home/tcr3/ros2_personal/install/examples_rclpy_guard_conditions:/home/tcr3/ros2_personal/install/examples_rclpy_executors /usr/bin/cmake --install /home/tcr3/ros2_personal/build/examples_rclcpp_async_client
