running egg_info
writing ../../../../../../build/examples_rclpy_minimal_client/examples_rclpy_minimal_client.egg-info/PKG-INFO
writing dependency_links to ../../../../../../build/examples_rclpy_minimal_client/examples_rclpy_minimal_client.egg-info/dependency_links.txt
writing entry points to ../../../../../../build/examples_rclpy_minimal_client/examples_rclpy_minimal_client.egg-info/entry_points.txt
writing requirements to ../../../../../../build/examples_rclpy_minimal_client/examples_rclpy_minimal_client.egg-info/requires.txt
writing top-level names to ../../../../../../build/examples_rclpy_minimal_client/examples_rclpy_minimal_client.egg-info/top_level.txt
reading manifest file '../../../../../../build/examples_rclpy_minimal_client/examples_rclpy_minimal_client.egg-info/SOURCES.txt'
writing manifest file '../../../../../../build/examples_rclpy_minimal_client/examples_rclpy_minimal_client.egg-info/SOURCES.txt'
running build
running build_py
running install
/usr/lib/python3/dist-packages/setuptools/command/install.py:34: SetuptoolsDeprecationWarning: setup.py install is deprecated. Use build and pip and other standards-based tools.
  warnings.warn(
running install_lib
running install_data
running install_egg_info
removing '/home/tcr3/ros2_personal/install/examples_rclpy_minimal_client/lib/python3.10/site-packages/examples_rclpy_minimal_client-0.15.0-py3.10.egg-info' (and everything under it)
Copying ../../../../../../build/examples_rclpy_minimal_client/examples_rclpy_minimal_client.egg-info to /home/tcr3/ros2_personal/install/examples_rclpy_minimal_client/lib/python3.10/site-packages/examples_rclpy_minimal_client-0.15.0-py3.10.egg-info
running install_scripts
Installing client script to /home/tcr3/ros2_personal/install/examples_rclpy_minimal_client/lib/examples_rclpy_minimal_client
Installing client_async script to /home/tcr3/ros2_personal/install/examples_rclpy_minimal_client/lib/examples_rclpy_minimal_client
Installing client_async_callback script to /home/tcr3/ros2_personal/install/examples_rclpy_minimal_client/lib/examples_rclpy_minimal_client
Installing client_async_member_function script to /home/tcr3/ros2_personal/install/examples_rclpy_minimal_client/lib/examples_rclpy_minimal_client
writing list of installed files to '/home/tcr3/ros2_personal/build/examples_rclpy_minimal_client/install.log'
