[9.589s] Invoking command in '/home/tcr3/ros2_personal/src/src/examples/rclpy/actions/minimal_action_server': PYTHONPATH=/home/tcr3/ros2_personal/install/examples_rclpy_minimal_action_server/lib/python3.10/site-packages:${PYTHONPATH} /usr/bin/python3 setup.py egg_info --egg-base ../../../../../../build/examples_rclpy_minimal_action_server build --build-base /home/tcr3/ros2_personal/build/examples_rclpy_minimal_action_server/build install --prefix /home/tcr3/ros2_personal/install/examples_rclpy_minimal_action_server --record /home/tcr3/ros2_personal/build/examples_rclpy_minimal_action_server/install.log --single-version-externally-managed
[11.389s] running egg_info
[11.395s] writing ../../../../../../build/examples_rclpy_minimal_action_server/examples_rclpy_minimal_action_server.egg-info/PKG-INFO
[11.398s] writing dependency_links to ../../../../../../build/examples_rclpy_minimal_action_server/examples_rclpy_minimal_action_server.egg-info/dependency_links.txt
[11.402s] writing entry points to ../../../../../../build/examples_rclpy_minimal_action_server/examples_rclpy_minimal_action_server.egg-info/entry_points.txt
[11.406s] writing requirements to ../../../../../../build/examples_rclpy_minimal_action_server/examples_rclpy_minimal_action_server.egg-info/requires.txt
[11.409s] writing top-level names to ../../../../../../build/examples_rclpy_minimal_action_server/examples_rclpy_minimal_action_server.egg-info/top_level.txt
[11.423s] reading manifest file '../../../../../../build/examples_rclpy_minimal_action_server/examples_rclpy_minimal_action_server.egg-info/SOURCES.txt'
[11.431s] writing manifest file '../../../../../../build/examples_rclpy_minimal_action_server/examples_rclpy_minimal_action_server.egg-info/SOURCES.txt'
[11.434s] running build
[11.435s] running build_py
[11.440s] running install
[11.442s] /usr/lib/python3/dist-packages/setuptools/command/install.py:34: SetuptoolsDeprecationWarning: setup.py install is deprecated. Use build and pip and other standards-based tools.
[11.443s]   warnings.warn(
[11.445s] running install_lib
[11.456s] running install_data
[11.459s] running install_egg_info
[11.469s] removing '/home/tcr3/ros2_personal/install/examples_rclpy_minimal_action_server/lib/python3.10/site-packages/examples_rclpy_minimal_action_server-0.15.0-py3.10.egg-info' (and everything under it)
[11.474s] Copying ../../../../../../build/examples_rclpy_minimal_action_server/examples_rclpy_minimal_action_server.egg-info to /home/tcr3/ros2_personal/install/examples_rclpy_minimal_action_server/lib/python3.10/site-packages/examples_rclpy_minimal_action_server-0.15.0-py3.10.egg-info
[11.492s] running install_scripts
[11.610s] Installing server script to /home/tcr3/ros2_personal/install/examples_rclpy_minimal_action_server/lib/examples_rclpy_minimal_action_server
[11.612s] Installing server_defer script to /home/tcr3/ros2_personal/install/examples_rclpy_minimal_action_server/lib/examples_rclpy_minimal_action_server
[11.616s] Installing server_not_composable script to /home/tcr3/ros2_personal/install/examples_rclpy_minimal_action_server/lib/examples_rclpy_minimal_action_server
[11.622s] Installing server_queue_goals script to /home/tcr3/ros2_personal/install/examples_rclpy_minimal_action_server/lib/examples_rclpy_minimal_action_server
[11.629s] Installing server_single_goal script to /home/tcr3/ros2_personal/install/examples_rclpy_minimal_action_server/lib/examples_rclpy_minimal_action_server
[11.633s] writing list of installed files to '/home/tcr3/ros2_personal/build/examples_rclpy_minimal_action_server/install.log'
[11.880s] Invoked command in '/home/tcr3/ros2_personal/src/src/examples/rclpy/actions/minimal_action_server' returned '0': PYTHONPATH=/home/tcr3/ros2_personal/install/examples_rclpy_minimal_action_server/lib/python3.10/site-packages:${PYTHONPATH} /usr/bin/python3 setup.py egg_info --egg-base ../../../../../../build/examples_rclpy_minimal_action_server build --build-base /home/tcr3/ros2_personal/build/examples_rclpy_minimal_action_server/build install --prefix /home/tcr3/ros2_personal/install/examples_rclpy_minimal_action_server --record /home/tcr3/ros2_personal/build/examples_rclpy_minimal_action_server/install.log --single-version-externally-managed
