[0.089s] Invoking command in '/home/tcr3/ros2_personal/build/examples_rclcpp_minimal_composition': CMAKE_PREFIX_PATH=${CMAKE_PREFIX_PATH}:/opt/ros/humble:/home/tcr3/ros2_personal/install/my_package:/home/tcr3/ros2_personal/install/launch_testing_examples:/home/tcr3/ros2_personal/install/examples_rclpy_pointcloud_publisher:/home/tcr3/ros2_personal/install/examples_rclpy_minimal_subscriber:/home/tcr3/ros2_personal/install/examples_rclpy_minimal_service:/home/tcr3/ros2_personal/install/examples_rclpy_minimal_publisher:/home/tcr3/ros2_personal/install/examples_rclpy_minimal_client:/home/tcr3/ros2_personal/install/examples_rclpy_minimal_action_server:/home/tcr3/ros2_personal/install/examples_rclpy_minimal_action_client:/home/tcr3/ros2_personal/install/examples_rclpy_guard_conditions:/home/tcr3/ros2_personal/install/examples_rclpy_executors /usr/bin/cmake --build /home/tcr3/ros2_personal/build/examples_rclcpp_minimal_composition -- -j4 -l4
[0.421s] [ 33%] Built target composition_nodes
[0.652s] [ 55%] Built target composition_publisher
[0.696s] [ 77%] Built target composition_subscriber
[0.708s] [100%] Built target composition_composed
[0.766s] Invoked command in '/home/tcr3/ros2_personal/build/examples_rclcpp_minimal_composition' returned '0': CMAKE_PREFIX_PATH=${CMAKE_PREFIX_PATH}:/opt/ros/humble:/home/tcr3/ros2_personal/install/my_package:/home/tcr3/ros2_personal/install/launch_testing_examples:/home/tcr3/ros2_personal/install/examples_rclpy_pointcloud_publisher:/home/tcr3/ros2_personal/install/examples_rclpy_minimal_subscriber:/home/tcr3/ros2_personal/install/examples_rclpy_minimal_service:/home/tcr3/ros2_personal/install/examples_rclpy_minimal_publisher:/home/tcr3/ros2_personal/install/examples_rclpy_minimal_client:/home/tcr3/ros2_personal/install/examples_rclpy_minimal_action_server:/home/tcr3/ros2_personal/install/examples_rclpy_minimal_action_client:/home/tcr3/ros2_personal/install/examples_rclpy_guard_conditions:/home/tcr3/ros2_personal/install/examples_rclpy_executors /usr/bin/cmake --build /home/tcr3/ros2_personal/build/examples_rclcpp_minimal_composition -- -j4 -l4
[1.104s] Invoking command in '/home/tcr3/ros2_personal/build/examples_rclcpp_minimal_composition': CMAKE_PREFIX_PATH=${CMAKE_PREFIX_PATH}:/opt/ros/humble:/home/tcr3/ros2_personal/install/my_package:/home/tcr3/ros2_personal/install/launch_testing_examples:/home/tcr3/ros2_personal/install/examples_rclpy_pointcloud_publisher:/home/tcr3/ros2_personal/install/examples_rclpy_minimal_subscriber:/home/tcr3/ros2_personal/install/examples_rclpy_minimal_service:/home/tcr3/ros2_personal/install/examples_rclpy_minimal_publisher:/home/tcr3/ros2_personal/install/examples_rclpy_minimal_client:/home/tcr3/ros2_personal/install/examples_rclpy_minimal_action_server:/home/tcr3/ros2_personal/install/examples_rclpy_minimal_action_client:/home/tcr3/ros2_personal/install/examples_rclpy_guard_conditions:/home/tcr3/ros2_personal/install/examples_rclpy_executors /usr/bin/cmake --install /home/tcr3/ros2_personal/build/examples_rclcpp_minimal_composition
[1.149s] -- Install configuration: ""
[1.150s] -- Up-to-date: /home/tcr3/ros2_personal/install/examples_rclcpp_minimal_composition/share/examples_rclcpp_minimal_composition/environment/library_path.sh
[1.151s] -- Up-to-date: /home/tcr3/ros2_personal/install/examples_rclcpp_minimal_composition/share/examples_rclcpp_minimal_composition/environment/library_path.dsv
[1.152s] -- Up-to-date: /home/tcr3/ros2_personal/install/examples_rclcpp_minimal_composition/lib/libcomposition_nodes.so
[1.154s] -- Up-to-date: /home/tcr3/ros2_personal/install/examples_rclcpp_minimal_composition/lib/examples_rclcpp_minimal_composition/composition_publisher
[1.157s] -- Up-to-date: /home/tcr3/ros2_personal/install/examples_rclcpp_minimal_composition/lib/examples_rclcpp_minimal_composition/composition_subscriber
[1.160s] -- Up-to-date: /home/tcr3/ros2_personal/install/examples_rclcpp_minimal_composition/lib/examples_rclcpp_minimal_composition/composition_composed
[1.163s] -- Up-to-date: /home/tcr3/ros2_personal/install/examples_rclcpp_minimal_composition/share/ament_index/resource_index/package_run_dependencies/examples_rclcpp_minimal_composition
[1.164s] -- Up-to-date: /home/tcr3/ros2_personal/install/examples_rclcpp_minimal_composition/share/ament_index/resource_index/parent_prefix_path/examples_rclcpp_minimal_composition
[1.165s] -- Up-to-date: /home/tcr3/ros2_personal/install/examples_rclcpp_minimal_composition/share/examples_rclcpp_minimal_composition/environment/ament_prefix_path.sh
[1.166s] -- Up-to-date: /home/tcr3/ros2_personal/install/examples_rclcpp_minimal_composition/share/examples_rclcpp_minimal_composition/environment/ament_prefix_path.dsv
[1.167s] -- Up-to-date: /home/tcr3/ros2_personal/install/examples_rclcpp_minimal_composition/share/examples_rclcpp_minimal_composition/environment/path.sh
[1.168s] -- Up-to-date: /home/tcr3/ros2_personal/install/examples_rclcpp_minimal_composition/share/examples_rclcpp_minimal_composition/environment/path.dsv
[1.169s] -- Up-to-date: /home/tcr3/ros2_personal/install/examples_rclcpp_minimal_composition/share/examples_rclcpp_minimal_composition/local_setup.bash
[1.169s] -- Up-to-date: /home/tcr3/ros2_personal/install/examples_rclcpp_minimal_composition/share/examples_rclcpp_minimal_composition/local_setup.sh
[1.170s] -- Up-to-date: /home/tcr3/ros2_personal/install/examples_rclcpp_minimal_composition/share/examples_rclcpp_minimal_composition/local_setup.zsh
[1.171s] -- Up-to-date: /home/tcr3/ros2_personal/install/examples_rclcpp_minimal_composition/share/examples_rclcpp_minimal_composition/local_setup.dsv
[1.177s] -- Installing: /home/tcr3/ros2_personal/install/examples_rclcpp_minimal_composition/share/examples_rclcpp_minimal_composition/package.dsv
[1.204s] -- Up-to-date: /home/tcr3/ros2_personal/install/examples_rclcpp_minimal_composition/share/ament_index/resource_index/packages/examples_rclcpp_minimal_composition
[1.205s] -- Up-to-date: /home/tcr3/ros2_personal/install/examples_rclcpp_minimal_composition/share/examples_rclcpp_minimal_composition/cmake/examples_rclcpp_minimal_compositionConfig.cmake
[1.208s] -- Up-to-date: /home/tcr3/ros2_personal/install/examples_rclcpp_minimal_composition/share/examples_rclcpp_minimal_composition/cmake/examples_rclcpp_minimal_compositionConfig-version.cmake
[1.211s] -- Up-to-date: /home/tcr3/ros2_personal/install/examples_rclcpp_minimal_composition/share/examples_rclcpp_minimal_composition/package.xml
[1.213s] Invoked command in '/home/tcr3/ros2_personal/build/examples_rclcpp_minimal_composition' returned '0': CMAKE_PREFIX_PATH=${CMAKE_PREFIX_PATH}:/opt/ros/humble:/home/tcr3/ros2_personal/install/my_package:/home/tcr3/ros2_personal/install/launch_testing_examples:/home/tcr3/ros2_personal/install/examples_rclpy_pointcloud_publisher:/home/tcr3/ros2_personal/install/examples_rclpy_minimal_subscriber:/home/tcr3/ros2_personal/install/examples_rclpy_minimal_service:/home/tcr3/ros2_personal/install/examples_rclpy_minimal_publisher:/home/tcr3/ros2_personal/install/examples_rclpy_minimal_client:/home/tcr3/ros2_personal/install/examples_rclpy_minimal_action_server:/home/tcr3/ros2_personal/install/examples_rclpy_minimal_action_client:/home/tcr3/ros2_personal/install/examples_rclpy_guard_conditions:/home/tcr3/ros2_personal/install/examples_rclpy_executors /usr/bin/cmake --install /home/tcr3/ros2_personal/build/examples_rclcpp_minimal_composition
