[0.146s] Invoking command in '/home/tcr3/ros2_personal/build/action__tutorial_2_pkg': CMAKE_PREFIX_PATH=/opt/ros/humble /usr/bin/cmake /home/tcr3/ros2_personal/src/action__tutorial_2_pkg -DCMAKE_INSTALL_PREFIX=/home/tcr3/ros2_personal/install/action__tutorial_2_pkg
[0.724s] -- The C compiler identification is GNU 11.2.0
[1.328s] -- The CXX compiler identification is GNU 11.2.0
[1.380s] -- Detecting C compiler ABI info
[2.111s] -- Detecting C compiler ABI info - done
[2.161s] -- Check for working C compiler: /usr/bin/cc - skipped
[2.161s] -- Detecting C compile features
[2.165s] -- Detecting C compile features - done
[2.187s] -- Detecting CXX compiler ABI info
[3.089s] -- Detecting CXX compiler ABI info - done
[3.130s] -- Check for working CXX compiler: /usr/bin/c++ - skipped
[3.132s] -- Detecting CXX compile features
[3.134s] -- Detecting CXX compile features - done
[3.161s] -- Found ament_cmake: 1.3.2 (/opt/ros/humble/share/ament_cmake/cmake)
[4.994s] -- Found Python3: /usr/bin/python3.10 (found version "3.10.6") found components: Interpreter 
[6.013s] -- Found ament_lint_auto: 0.12.4 (/opt/ros/humble/share/ament_lint_auto/cmake)
[6.678s] [31mCMake Error at /opt/ros/humble/share/ament_cmake_core/cmake/core/ament_package_xml.cmake:53 (message):
[6.680s]   ament_package_xml() package name 'action__tutorial_2_pkg' in '/package.xml'
[6.682s]   does not match current PROJECT_NAME 'action__tutorial_pkg_2'.  You must
[6.685s]   call project() with the same package name before.
[6.687s] Call Stack (most recent call first):
[6.688s]   /opt/ros/humble/share/ament_lint_auto/cmake/ament_lint_auto_find_test_dependencies.cmake:31 (ament_package_xml)
[6.689s]   CMakeLists.txt:23 (ament_lint_auto_find_test_dependencies)
[6.690s] 
[6.691s] [0m
[6.692s] -- Configuring incomplete, errors occurred!
[6.699s] See also "/home/tcr3/ros2_personal/build/action__tutorial_2_pkg/CMakeFiles/CMakeOutput.log".
[6.824s] Invoked command in '/home/tcr3/ros2_personal/build/action__tutorial_2_pkg' returned '1': CMAKE_PREFIX_PATH=/opt/ros/humble /usr/bin/cmake /home/tcr3/ros2_personal/src/action__tutorial_2_pkg -DCMAKE_INSTALL_PREFIX=/home/tcr3/ros2_personal/install/action__tutorial_2_pkg
