[0.073s] Invoking command in '/home/tcr3/ros2_personal/build/examples_rclcpp_minimal_action_server': CMAKE_PREFIX_PATH=${CMAKE_PREFIX_PATH}:/opt/ros/humble:/home/tcr3/ros2_personal/install/my_package:/home/tcr3/ros2_personal/install/launch_testing_examples:/home/tcr3/ros2_personal/install/examples_rclpy_pointcloud_publisher:/home/tcr3/ros2_personal/install/examples_rclpy_minimal_subscriber:/home/tcr3/ros2_personal/install/examples_rclpy_minimal_service:/home/tcr3/ros2_personal/install/examples_rclpy_minimal_publisher:/home/tcr3/ros2_personal/install/examples_rclpy_minimal_client:/home/tcr3/ros2_personal/install/examples_rclpy_minimal_action_server:/home/tcr3/ros2_personal/install/examples_rclpy_minimal_action_client:/home/tcr3/ros2_personal/install/examples_rclpy_guard_conditions:/home/tcr3/ros2_personal/install/examples_rclpy_executors /usr/bin/cmake --build /home/tcr3/ros2_personal/build/examples_rclcpp_minimal_action_server -- -j4 -l4
[0.437s] [ 50%] Built target action_server_not_composable
[0.456s] [100%] Built target action_server_member_functions
[0.504s] Invoked command in '/home/tcr3/ros2_personal/build/examples_rclcpp_minimal_action_server' returned '0': CMAKE_PREFIX_PATH=${CMAKE_PREFIX_PATH}:/opt/ros/humble:/home/tcr3/ros2_personal/install/my_package:/home/tcr3/ros2_personal/install/launch_testing_examples:/home/tcr3/ros2_personal/install/examples_rclpy_pointcloud_publisher:/home/tcr3/ros2_personal/install/examples_rclpy_minimal_subscriber:/home/tcr3/ros2_personal/install/examples_rclpy_minimal_service:/home/tcr3/ros2_personal/install/examples_rclpy_minimal_publisher:/home/tcr3/ros2_personal/install/examples_rclpy_minimal_client:/home/tcr3/ros2_personal/install/examples_rclpy_minimal_action_server:/home/tcr3/ros2_personal/install/examples_rclpy_minimal_action_client:/home/tcr3/ros2_personal/install/examples_rclpy_guard_conditions:/home/tcr3/ros2_personal/install/examples_rclpy_executors /usr/bin/cmake --build /home/tcr3/ros2_personal/build/examples_rclcpp_minimal_action_server -- -j4 -l4
[0.737s] Invoking command in '/home/tcr3/ros2_personal/build/examples_rclcpp_minimal_action_server': CMAKE_PREFIX_PATH=${CMAKE_PREFIX_PATH}:/opt/ros/humble:/home/tcr3/ros2_personal/install/my_package:/home/tcr3/ros2_personal/install/launch_testing_examples:/home/tcr3/ros2_personal/install/examples_rclpy_pointcloud_publisher:/home/tcr3/ros2_personal/install/examples_rclpy_minimal_subscriber:/home/tcr3/ros2_personal/install/examples_rclpy_minimal_service:/home/tcr3/ros2_personal/install/examples_rclpy_minimal_publisher:/home/tcr3/ros2_personal/install/examples_rclpy_minimal_client:/home/tcr3/ros2_personal/install/examples_rclpy_minimal_action_server:/home/tcr3/ros2_personal/install/examples_rclpy_minimal_action_client:/home/tcr3/ros2_personal/install/examples_rclpy_guard_conditions:/home/tcr3/ros2_personal/install/examples_rclpy_executors /usr/bin/cmake --install /home/tcr3/ros2_personal/build/examples_rclcpp_minimal_action_server
[0.783s] -- Install configuration: ""
[0.788s] -- Execute custom install script
[0.791s] -- Up-to-date symlink: /home/tcr3/ros2_personal/install/examples_rclcpp_minimal_action_server/lib/examples_rclcpp_minimal_action_server/action_server_not_composable
[0.795s] -- Up-to-date symlink: /home/tcr3/ros2_personal/install/examples_rclcpp_minimal_action_server/lib/examples_rclcpp_minimal_action_server/action_server_member_functions
[0.798s] -- Up-to-date symlink: /home/tcr3/ros2_personal/install/examples_rclcpp_minimal_action_server/share/ament_index/resource_index/package_run_dependencies/examples_rclcpp_minimal_action_server
[0.800s] -- Up-to-date symlink: /home/tcr3/ros2_personal/install/examples_rclcpp_minimal_action_server/share/ament_index/resource_index/parent_prefix_path/examples_rclcpp_minimal_action_server
[0.803s] -- Up-to-date symlink: /home/tcr3/ros2_personal/install/examples_rclcpp_minimal_action_server/share/examples_rclcpp_minimal_action_server/environment/ament_prefix_path.sh
[0.806s] -- Up-to-date symlink: /home/tcr3/ros2_personal/install/examples_rclcpp_minimal_action_server/share/examples_rclcpp_minimal_action_server/environment/ament_prefix_path.dsv
[0.808s] -- Up-to-date symlink: /home/tcr3/ros2_personal/install/examples_rclcpp_minimal_action_server/share/examples_rclcpp_minimal_action_server/environment/path.sh
[0.811s] -- Up-to-date symlink: /home/tcr3/ros2_personal/install/examples_rclcpp_minimal_action_server/share/examples_rclcpp_minimal_action_server/environment/path.dsv
[0.814s] -- Up-to-date symlink: /home/tcr3/ros2_personal/install/examples_rclcpp_minimal_action_server/share/examples_rclcpp_minimal_action_server/local_setup.bash
[0.816s] -- Up-to-date symlink: /home/tcr3/ros2_personal/install/examples_rclcpp_minimal_action_server/share/examples_rclcpp_minimal_action_server/local_setup.sh
[0.818s] -- Up-to-date symlink: /home/tcr3/ros2_personal/install/examples_rclcpp_minimal_action_server/share/examples_rclcpp_minimal_action_server/local_setup.zsh
[0.821s] -- Up-to-date symlink: /home/tcr3/ros2_personal/install/examples_rclcpp_minimal_action_server/share/examples_rclcpp_minimal_action_server/local_setup.dsv
[0.823s] -- Symlinking: /home/tcr3/ros2_personal/install/examples_rclcpp_minimal_action_server/share/examples_rclcpp_minimal_action_server/package.dsv
[0.915s] -- Up-to-date symlink: /home/tcr3/ros2_personal/install/examples_rclcpp_minimal_action_server/share/ament_index/resource_index/packages/examples_rclcpp_minimal_action_server
[0.921s] -- Up-to-date symlink: /home/tcr3/ros2_personal/install/examples_rclcpp_minimal_action_server/share/examples_rclcpp_minimal_action_server/cmake/examples_rclcpp_minimal_action_serverConfig.cmake
[0.923s] -- Up-to-date symlink: /home/tcr3/ros2_personal/install/examples_rclcpp_minimal_action_server/share/examples_rclcpp_minimal_action_server/cmake/examples_rclcpp_minimal_action_serverConfig-version.cmake
[0.926s] -- Up-to-date symlink: /home/tcr3/ros2_personal/install/examples_rclcpp_minimal_action_server/share/examples_rclcpp_minimal_action_server/package.xml
[0.963s] Invoked command in '/home/tcr3/ros2_personal/build/examples_rclcpp_minimal_action_server' returned '0': CMAKE_PREFIX_PATH=${CMAKE_PREFIX_PATH}:/opt/ros/humble:/home/tcr3/ros2_personal/install/my_package:/home/tcr3/ros2_personal/install/launch_testing_examples:/home/tcr3/ros2_personal/install/examples_rclpy_pointcloud_publisher:/home/tcr3/ros2_personal/install/examples_rclpy_minimal_subscriber:/home/tcr3/ros2_personal/install/examples_rclpy_minimal_service:/home/tcr3/ros2_personal/install/examples_rclpy_minimal_publisher:/home/tcr3/ros2_personal/install/examples_rclpy_minimal_client:/home/tcr3/ros2_personal/install/examples_rclpy_minimal_action_server:/home/tcr3/ros2_personal/install/examples_rclpy_minimal_action_client:/home/tcr3/ros2_personal/install/examples_rclpy_guard_conditions:/home/tcr3/ros2_personal/install/examples_rclpy_executors /usr/bin/cmake --install /home/tcr3/ros2_personal/build/examples_rclcpp_minimal_action_server
